cudnn(28):ERROR:105: Unable to locate a modulefile for 'cudnn/7.0.4'
19-12-30 18:48:15.789 - INFO: Data: sharp_bicubic - /lustre/home/acct-eezy/eezy/4khdr/data/Dataset/test_540p
19-12-30 18:48:15.790 - INFO: Padding mode: new_info
19-12-30 18:48:15.790 - INFO: Model path: /lustre/home/acct-eezy/eezy/4khdr/codes/experiments/train_EDVR_L_Preload_30000_nobug_ssim_10_LR_1e_5_suzhou_remove_baddata/models/latest_G.pth
19-12-30 18:48:15.790 - INFO: Save images: True
19-12-30 18:48:15.790 - INFO: Flip test: False
19-12-30 18:48:56.685 - INFO: 10852508 :   1 - 00000                     	
19-12-30 18:49:31.359 - INFO: 10852508 :   2 - 00001                     	
19-12-30 18:50:06.040 - INFO: 10852508 :   3 - 00002                     	
19-12-30 18:50:40.705 - INFO: 10852508 :   4 - 00003                     	
19-12-30 18:51:15.365 - INFO: 10852508 :   5 - 00004                     	
19-12-30 18:51:50.037 - INFO: 10852508 :   6 - 00005                     	
19-12-30 18:52:24.680 - INFO: 10852508 :   7 - 00006                     	
19-12-30 18:52:59.307 - INFO: 10852508 :   8 - 00007                     	
19-12-30 18:53:33.945 - INFO: 10852508 :   9 - 00008                     	
19-12-30 18:54:08.573 - INFO: 10852508 :  10 - 00009                     	
19-12-30 18:54:43.203 - INFO: 10852508 :  11 - 00010                     	
19-12-30 18:55:17.828 - INFO: 10852508 :  12 - 00011                     	
19-12-30 18:55:52.496 - INFO: 10852508 :  13 - 00012                     	
19-12-30 18:56:27.123 - INFO: 10852508 :  14 - 00013                     	
19-12-30 18:57:01.743 - INFO: 10852508 :  15 - 00014                     	
19-12-30 18:57:36.376 - INFO: 10852508 :  16 - 00015                     	
19-12-30 18:58:10.999 - INFO: 10852508 :  17 - 00016                     	
19-12-30 18:58:45.632 - INFO: 10852508 :  18 - 00017                     	
19-12-30 18:59:20.272 - INFO: 10852508 :  19 - 00018                     	
19-12-30 18:59:54.903 - INFO: 10852508 :  20 - 00019                     	
19-12-30 19:00:29.525 - INFO: 10852508 :  21 - 00020                     	
19-12-30 19:01:04.150 - INFO: 10852508 :  22 - 00021                     	
19-12-30 19:01:38.776 - INFO: 10852508 :  23 - 00022                     	
19-12-30 19:02:13.393 - INFO: 10852508 :  24 - 00023                     	
19-12-30 19:02:48.015 - INFO: 10852508 :  25 - 00024                     	
19-12-30 19:03:22.640 - INFO: 10852508 :  26 - 00025                     	
19-12-30 19:03:57.261 - INFO: 10852508 :  27 - 00026                     	
19-12-30 19:04:31.886 - INFO: 10852508 :  28 - 00027                     	
19-12-30 19:05:06.489 - INFO: 10852508 :  29 - 00028                     	
19-12-30 19:05:41.101 - INFO: 10852508 :  30 - 00029                     	
19-12-30 19:06:15.715 - INFO: 10852508 :  31 - 00030                     	
19-12-30 19:06:50.325 - INFO: 10852508 :  32 - 00031                     	
19-12-30 19:07:24.942 - INFO: 10852508 :  33 - 00032                     	
19-12-30 19:07:59.554 - INFO: 10852508 :  34 - 00033                     	
19-12-30 19:08:34.164 - INFO: 10852508 :  35 - 00034                     	
19-12-30 19:09:08.777 - INFO: 10852508 :  36 - 00035                     	
19-12-30 19:09:43.393 - INFO: 10852508 :  37 - 00036                     	
19-12-30 19:10:18.005 - INFO: 10852508 :  38 - 00037                     	
19-12-30 19:10:52.617 - INFO: 10852508 :  39 - 00038                     	
19-12-30 19:11:27.232 - INFO: 10852508 :  40 - 00039                     	
19-12-30 19:12:01.851 - INFO: 10852508 :  41 - 00040                     	
19-12-30 19:12:36.463 - INFO: 10852508 :  42 - 00041                     	
19-12-30 19:13:11.075 - INFO: 10852508 :  43 - 00042                     	
19-12-30 19:13:45.697 - INFO: 10852508 :  44 - 00043                     	
19-12-30 19:14:20.311 - INFO: 10852508 :  45 - 00044                     	
19-12-30 19:14:54.930 - INFO: 10852508 :  46 - 00045                     	
19-12-30 19:15:29.542 - INFO: 10852508 :  47 - 00046                     	
19-12-30 19:16:04.148 - INFO: 10852508 :  48 - 00047                     	
19-12-30 19:16:38.765 - INFO: 10852508 :  49 - 00048                     	
19-12-30 19:17:13.384 - INFO: 10852508 :  50 - 00049                     	
19-12-30 19:17:47.999 - INFO: 10852508 :  51 - 00050                     	
19-12-30 19:18:22.620 - INFO: 10852508 :  52 - 00051                     	
19-12-30 19:18:57.214 - INFO: 10852508 :  53 - 00052                     	
19-12-30 19:19:31.795 - INFO: 10852508 :  54 - 00053                     	
19-12-30 19:20:06.384 - INFO: 10852508 :  55 - 00054                     	
19-12-30 19:20:40.964 - INFO: 10852508 :  56 - 00055                     	
19-12-30 19:21:15.552 - INFO: 10852508 :  57 - 00056                     	
19-12-30 19:21:50.159 - INFO: 10852508 :  58 - 00057                     	
19-12-30 19:22:24.751 - INFO: 10852508 :  59 - 00058                     	
19-12-30 19:22:59.339 - INFO: 10852508 :  60 - 00059                     	
19-12-30 19:23:33.928 - INFO: 10852508 :  61 - 00060                     	
19-12-30 19:24:08.523 - INFO: 10852508 :  62 - 00061                     	
19-12-30 19:24:43.113 - INFO: 10852508 :  63 - 00062                     	
19-12-30 19:25:17.710 - INFO: 10852508 :  64 - 00063                     	
19-12-30 19:25:52.308 - INFO: 10852508 :  65 - 00064                     	
19-12-30 19:26:26.894 - INFO: 10852508 :  66 - 00065                     	
19-12-30 19:27:01.484 - INFO: 10852508 :  67 - 00066                     	
19-12-30 19:27:36.066 - INFO: 10852508 :  68 - 00067                     	
19-12-30 19:28:10.654 - INFO: 10852508 :  69 - 00068                     	
19-12-30 19:28:45.237 - INFO: 10852508 :  70 - 00069                     	
19-12-30 19:29:19.822 - INFO: 10852508 :  71 - 00070                     	
19-12-30 19:29:54.419 - INFO: 10852508 :  72 - 00071                     	
19-12-30 19:30:29.003 - INFO: 10852508 :  73 - 00072                     	
19-12-30 19:31:03.593 - INFO: 10852508 :  74 - 00073                     	
19-12-30 19:31:38.196 - INFO: 10852508 :  75 - 00074                     	
19-12-30 19:32:12.794 - INFO: 10852508 :  76 - 00075                     	
19-12-30 19:32:47.383 - INFO: 10852508 :  77 - 00076                     	
19-12-30 19:33:21.981 - INFO: 10852508 :  78 - 00077                     	
19-12-30 19:33:56.577 - INFO: 10852508 :  79 - 00078                     	
19-12-30 19:34:31.179 - INFO: 10852508 :  80 - 00079                     	
19-12-30 19:35:05.775 - INFO: 10852508 :  81 - 00080                     	
19-12-30 19:35:40.370 - INFO: 10852508 :  82 - 00081                     	
19-12-30 19:36:14.968 - INFO: 10852508 :  83 - 00082                     	
19-12-30 19:36:49.572 - INFO: 10852508 :  84 - 00083                     	
19-12-30 19:37:24.171 - INFO: 10852508 :  85 - 00084                     	
19-12-30 19:37:58.771 - INFO: 10852508 :  86 - 00085                     	
19-12-30 19:38:33.372 - INFO: 10852508 :  87 - 00086                     	
19-12-30 19:39:07.973 - INFO: 10852508 :  88 - 00087                     	
19-12-30 19:39:42.581 - INFO: 10852508 :  89 - 00088                     	
19-12-30 19:40:17.191 - INFO: 10852508 :  90 - 00089                     	
19-12-30 19:40:51.792 - INFO: 10852508 :  91 - 00090                     	
19-12-30 19:41:26.392 - INFO: 10852508 :  92 - 00091                     	
19-12-30 19:42:00.997 - INFO: 10852508 :  93 - 00092                     	
19-12-30 19:42:35.596 - INFO: 10852508 :  94 - 00093                     	
19-12-30 19:43:10.190 - INFO: 10852508 :  95 - 00094                     	
19-12-30 19:43:44.798 - INFO: 10852508 :  96 - 00095                     	
19-12-30 19:44:19.392 - INFO: 10852508 :  97 - 00096                     	
19-12-30 19:44:53.996 - INFO: 10852508 :  98 - 00097                     	
19-12-30 19:45:28.607 - INFO: 10852508 :  99 - 00098                     	
19-12-30 19:46:03.213 - INFO: 10852508 : 100 - 00099                     	
19-12-30 19:46:43.115 - INFO: 11314278 :   1 - 00000                     	
19-12-30 19:47:17.692 - INFO: 11314278 :   2 - 00001                     	
19-12-30 19:47:52.263 - INFO: 11314278 :   3 - 00002                     	
19-12-30 19:48:26.845 - INFO: 11314278 :   4 - 00003                     	
19-12-30 19:49:01.418 - INFO: 11314278 :   5 - 00004                     	
19-12-30 19:49:35.990 - INFO: 11314278 :   6 - 00005                     	
19-12-30 19:50:10.562 - INFO: 11314278 :   7 - 00006                     	
19-12-30 19:50:45.146 - INFO: 11314278 :   8 - 00007                     	
19-12-30 19:51:19.718 - INFO: 11314278 :   9 - 00008                     	
19-12-30 19:51:54.297 - INFO: 11314278 :  10 - 00009                     	
19-12-30 19:52:28.876 - INFO: 11314278 :  11 - 00010                     	
19-12-30 19:53:03.449 - INFO: 11314278 :  12 - 00011                     	
19-12-30 19:53:38.451 - INFO: 11314278 :  13 - 00012                     	
19-12-30 19:54:13.055 - INFO: 11314278 :  14 - 00013                     	
19-12-30 19:54:47.629 - INFO: 11314278 :  15 - 00014                     	
19-12-30 19:55:22.202 - INFO: 11314278 :  16 - 00015                     	
19-12-30 19:55:56.781 - INFO: 11314278 :  17 - 00016                     	
19-12-30 19:56:31.359 - INFO: 11314278 :  18 - 00017                     	
19-12-30 19:57:05.936 - INFO: 11314278 :  19 - 00018                     	
19-12-30 19:57:40.511 - INFO: 11314278 :  20 - 00019                     	
19-12-30 19:58:15.088 - INFO: 11314278 :  21 - 00020                     	
19-12-30 19:58:49.661 - INFO: 11314278 :  22 - 00021                     	
19-12-30 19:59:24.244 - INFO: 11314278 :  23 - 00022                     	
19-12-30 19:59:58.818 - INFO: 11314278 :  24 - 00023                     	
19-12-30 20:00:33.402 - INFO: 11314278 :  25 - 00024                     	
19-12-30 20:01:07.991 - INFO: 11314278 :  26 - 00025                     	
19-12-30 20:01:42.568 - INFO: 11314278 :  27 - 00026                     	
19-12-30 20:02:17.153 - INFO: 11314278 :  28 - 00027                     	
19-12-30 20:02:51.728 - INFO: 11314278 :  29 - 00028                     	
19-12-30 20:03:26.306 - INFO: 11314278 :  30 - 00029                     	
19-12-30 20:04:00.884 - INFO: 11314278 :  31 - 00030                     	
19-12-30 20:04:35.456 - INFO: 11314278 :  32 - 00031                     	
19-12-30 20:05:10.030 - INFO: 11314278 :  33 - 00032                     	
19-12-30 20:05:44.607 - INFO: 11314278 :  34 - 00033                     	
19-12-30 20:06:19.179 - INFO: 11314278 :  35 - 00034                     	
19-12-30 20:06:53.752 - INFO: 11314278 :  36 - 00035                     	
19-12-30 20:07:28.327 - INFO: 11314278 :  37 - 00036                     	
19-12-30 20:08:02.903 - INFO: 11314278 :  38 - 00037                     	
19-12-30 20:08:37.477 - INFO: 11314278 :  39 - 00038                     	
19-12-30 20:09:12.062 - INFO: 11314278 :  40 - 00039                     	
19-12-30 20:09:46.648 - INFO: 11314278 :  41 - 00040                     	
19-12-30 20:10:21.230 - INFO: 11314278 :  42 - 00041                     	
19-12-30 20:10:55.807 - INFO: 11314278 :  43 - 00042                     	
19-12-30 20:11:30.386 - INFO: 11314278 :  44 - 00043                     	
19-12-30 20:12:04.962 - INFO: 11314278 :  45 - 00044                     	
19-12-30 20:12:39.552 - INFO: 11314278 :  46 - 00045                     	
19-12-30 20:13:14.129 - INFO: 11314278 :  47 - 00046                     	
19-12-30 20:13:48.709 - INFO: 11314278 :  48 - 00047                     	
19-12-30 20:14:23.288 - INFO: 11314278 :  49 - 00048                     	
19-12-30 20:14:57.866 - INFO: 11314278 :  50 - 00049                     	
19-12-30 20:15:32.448 - INFO: 11314278 :  51 - 00050                     	
19-12-30 20:16:07.030 - INFO: 11314278 :  52 - 00051                     	
19-12-30 20:16:41.613 - INFO: 11314278 :  53 - 00052                     	
19-12-30 20:17:16.200 - INFO: 11314278 :  54 - 00053                     	
19-12-30 20:17:50.784 - INFO: 11314278 :  55 - 00054                     	
19-12-30 20:18:25.368 - INFO: 11314278 :  56 - 00055                     	
19-12-30 20:18:59.953 - INFO: 11314278 :  57 - 00056                     	
19-12-30 20:19:34.527 - INFO: 11314278 :  58 - 00057                     	
19-12-30 20:20:09.108 - INFO: 11314278 :  59 - 00058                     	
19-12-30 20:20:43.689 - INFO: 11314278 :  60 - 00059                     	
19-12-30 20:21:18.261 - INFO: 11314278 :  61 - 00060                     	
19-12-30 20:21:52.838 - INFO: 11314278 :  62 - 00061                     	
19-12-30 20:22:27.422 - INFO: 11314278 :  63 - 00062                     	
19-12-30 20:23:01.991 - INFO: 11314278 :  64 - 00063                     	
19-12-30 20:23:36.555 - INFO: 11314278 :  65 - 00064                     	
19-12-30 20:24:11.138 - INFO: 11314278 :  66 - 00065                     	
19-12-30 20:24:45.707 - INFO: 11314278 :  67 - 00066                     	
19-12-30 20:25:20.277 - INFO: 11314278 :  68 - 00067                     	
19-12-30 20:25:54.845 - INFO: 11314278 :  69 - 00068                     	
19-12-30 20:26:29.417 - INFO: 11314278 :  70 - 00069                     	
19-12-30 20:27:03.984 - INFO: 11314278 :  71 - 00070                     	
19-12-30 20:27:38.556 - INFO: 11314278 :  72 - 00071                     	
19-12-30 20:28:13.131 - INFO: 11314278 :  73 - 00072                     	
19-12-30 20:28:47.706 - INFO: 11314278 :  74 - 00073                     	
19-12-30 20:29:22.281 - INFO: 11314278 :  75 - 00074                     	
19-12-30 20:29:56.849 - INFO: 11314278 :  76 - 00075                     	
19-12-30 20:30:31.420 - INFO: 11314278 :  77 - 00076                     	
19-12-30 20:31:05.988 - INFO: 11314278 :  78 - 00077                     	
19-12-30 20:31:40.557 - INFO: 11314278 :  79 - 00078                     	
19-12-30 20:32:15.133 - INFO: 11314278 :  80 - 00079                     	
19-12-30 20:32:49.722 - INFO: 11314278 :  81 - 00080                     	
19-12-30 20:33:24.287 - INFO: 11314278 :  82 - 00081                     	
19-12-30 20:33:58.884 - INFO: 11314278 :  83 - 00082                     	
19-12-30 20:34:33.453 - INFO: 11314278 :  84 - 00083                     	
19-12-30 20:35:08.033 - INFO: 11314278 :  85 - 00084                     	
19-12-30 20:35:42.597 - INFO: 11314278 :  86 - 00085                     	
19-12-30 20:36:17.170 - INFO: 11314278 :  87 - 00086                     	
19-12-30 20:36:51.762 - INFO: 11314278 :  88 - 00087                     	
19-12-30 20:37:26.327 - INFO: 11314278 :  89 - 00088                     	
19-12-30 20:38:00.900 - INFO: 11314278 :  90 - 00089                     	
19-12-30 20:38:35.473 - INFO: 11314278 :  91 - 00090                     	
19-12-30 20:39:10.049 - INFO: 11314278 :  92 - 00091                     	
19-12-30 20:39:44.625 - INFO: 11314278 :  93 - 00092                     	
19-12-30 20:40:19.203 - INFO: 11314278 :  94 - 00093                     	
19-12-30 20:40:53.774 - INFO: 11314278 :  95 - 00094                     	
19-12-30 20:41:28.359 - INFO: 11314278 :  96 - 00095                     	
19-12-30 20:42:02.931 - INFO: 11314278 :  97 - 00096                     	
19-12-30 20:42:37.512 - INFO: 11314278 :  98 - 00097                     	
19-12-30 20:43:12.095 - INFO: 11314278 :  99 - 00098                     	
19-12-30 20:43:46.677 - INFO: 11314278 : 100 - 00099                     	
19-12-30 20:44:30.441 - INFO: 11559568 :   1 - 00000                     	
19-12-30 20:45:05.121 - INFO: 11559568 :   2 - 00001                     	
19-12-30 20:45:39.803 - INFO: 11559568 :   3 - 00002                     	
19-12-30 20:46:14.493 - INFO: 11559568 :   4 - 00003                     	
19-12-30 20:46:49.191 - INFO: 11559568 :   5 - 00004                     	
19-12-30 20:47:23.874 - INFO: 11559568 :   6 - 00005                     	
19-12-30 20:47:58.555 - INFO: 11559568 :   7 - 00006                     	
19-12-30 20:48:33.231 - INFO: 11559568 :   8 - 00007                     	
19-12-30 20:49:07.905 - INFO: 11559568 :   9 - 00008                     	
19-12-30 20:49:42.587 - INFO: 11559568 :  10 - 00009                     	
19-12-30 20:50:17.273 - INFO: 11559568 :  11 - 00010                     	
19-12-30 20:50:51.962 - INFO: 11559568 :  12 - 00011                     	
19-12-30 20:51:26.646 - INFO: 11559568 :  13 - 00012                     	
19-12-30 20:52:02.001 - INFO: 11559568 :  14 - 00013                     	
19-12-30 20:52:36.780 - INFO: 11559568 :  15 - 00014                     	
19-12-30 20:53:11.462 - INFO: 11559568 :  16 - 00015                     	
19-12-30 20:53:46.134 - INFO: 11559568 :  17 - 00016                     	
19-12-30 20:54:20.804 - INFO: 11559568 :  18 - 00017                     	
19-12-30 20:54:55.470 - INFO: 11559568 :  19 - 00018                     	
19-12-30 20:55:30.137 - INFO: 11559568 :  20 - 00019                     	
19-12-30 20:56:04.808 - INFO: 11559568 :  21 - 00020                     	
19-12-30 20:56:39.480 - INFO: 11559568 :  22 - 00021                     	
19-12-30 20:57:14.152 - INFO: 11559568 :  23 - 00022                     	
19-12-30 20:57:48.834 - INFO: 11559568 :  24 - 00023                     	
19-12-30 20:58:23.518 - INFO: 11559568 :  25 - 00024                     	
19-12-30 20:58:58.208 - INFO: 11559568 :  26 - 00025                     	
19-12-30 20:59:33.319 - INFO: 11559568 :  27 - 00026                     	
19-12-30 21:00:08.108 - INFO: 11559568 :  28 - 00027                     	
19-12-30 21:00:42.786 - INFO: 11559568 :  29 - 00028                     	
19-12-30 21:01:17.467 - INFO: 11559568 :  30 - 00029                     	
19-12-30 21:01:52.148 - INFO: 11559568 :  31 - 00030                     	
19-12-30 21:02:26.886 - INFO: 11559568 :  32 - 00031                     	
19-12-30 21:03:01.623 - INFO: 11559568 :  33 - 00032                     	
19-12-30 21:03:36.353 - INFO: 11559568 :  34 - 00033                     	
19-12-30 21:04:11.078 - INFO: 11559568 :  35 - 00034                     	
19-12-30 21:04:45.812 - INFO: 11559568 :  36 - 00035                     	
19-12-30 21:05:20.537 - INFO: 11559568 :  37 - 00036                     	
19-12-30 21:05:55.270 - INFO: 11559568 :  38 - 00037                     	
19-12-30 21:06:30.001 - INFO: 11559568 :  39 - 00038                     	
19-12-30 21:07:04.730 - INFO: 11559568 :  40 - 00039                     	
19-12-30 21:07:39.451 - INFO: 11559568 :  41 - 00040                     	
19-12-30 21:08:14.184 - INFO: 11559568 :  42 - 00041                     	
19-12-30 21:08:48.911 - INFO: 11559568 :  43 - 00042                     	
19-12-30 21:09:23.642 - INFO: 11559568 :  44 - 00043                     	
19-12-30 21:09:58.377 - INFO: 11559568 :  45 - 00044                     	
19-12-30 21:10:33.095 - INFO: 11559568 :  46 - 00045                     	
19-12-30 21:11:07.819 - INFO: 11559568 :  47 - 00046                     	
19-12-30 21:11:42.569 - INFO: 11559568 :  48 - 00047                     	
19-12-30 21:12:17.293 - INFO: 11559568 :  49 - 00048                     	
19-12-30 21:12:52.014 - INFO: 11559568 :  50 - 00049                     	
19-12-30 21:13:26.735 - INFO: 11559568 :  51 - 00050                     	
19-12-30 21:14:01.458 - INFO: 11559568 :  52 - 00051                     	
19-12-30 21:14:36.204 - INFO: 11559568 :  53 - 00052                     	
19-12-30 21:15:10.948 - INFO: 11559568 :  54 - 00053                     	
19-12-30 21:15:45.683 - INFO: 11559568 :  55 - 00054                     	
19-12-30 21:16:20.412 - INFO: 11559568 :  56 - 00055                     	
19-12-30 21:16:55.129 - INFO: 11559568 :  57 - 00056                     	
19-12-30 21:17:30.077 - INFO: 11559568 :  58 - 00057                     	
19-12-30 21:18:05.514 - INFO: 11559568 :  59 - 00058                     	
19-12-30 21:18:40.234 - INFO: 11559568 :  60 - 00059                     	
19-12-30 21:19:15.065 - INFO: 11559568 :  61 - 00060                     	
19-12-30 21:19:49.785 - INFO: 11559568 :  62 - 00061                     	
19-12-30 21:20:24.506 - INFO: 11559568 :  63 - 00062                     	
19-12-30 21:20:59.124 - INFO: 11559568 :  64 - 00063                     	
19-12-30 21:21:33.729 - INFO: 11559568 :  65 - 00064                     	
19-12-30 21:22:08.338 - INFO: 11559568 :  66 - 00065                     	
19-12-30 21:22:42.945 - INFO: 11559568 :  67 - 00066                     	
19-12-30 21:23:17.554 - INFO: 11559568 :  68 - 00067                     	
19-12-30 21:23:52.163 - INFO: 11559568 :  69 - 00068                     	
19-12-30 21:24:26.767 - INFO: 11559568 :  70 - 00069                     	
19-12-30 21:25:01.374 - INFO: 11559568 :  71 - 00070                     	
19-12-30 21:25:35.974 - INFO: 11559568 :  72 - 00071                     	
19-12-30 21:26:10.586 - INFO: 11559568 :  73 - 00072                     	
19-12-30 21:26:45.202 - INFO: 11559568 :  74 - 00073                     	
19-12-30 21:27:19.812 - INFO: 11559568 :  75 - 00074                     	
19-12-30 21:27:54.619 - INFO: 11559568 :  76 - 00075                     	
19-12-30 21:28:29.228 - INFO: 11559568 :  77 - 00076                     	
19-12-30 21:29:03.847 - INFO: 11559568 :  78 - 00077                     	
19-12-30 21:29:38.460 - INFO: 11559568 :  79 - 00078                     	
19-12-30 21:30:13.135 - INFO: 11559568 :  80 - 00079                     	
19-12-30 21:30:48.042 - INFO: 11559568 :  81 - 00080                     	
19-12-30 21:31:22.645 - INFO: 11559568 :  82 - 00081                     	
19-12-30 21:31:57.246 - INFO: 11559568 :  83 - 00082                     	
19-12-30 21:32:32.064 - INFO: 11559568 :  84 - 00083                     	
19-12-30 21:33:06.674 - INFO: 11559568 :  85 - 00084                     	
19-12-30 21:33:41.277 - INFO: 11559568 :  86 - 00085                     	
19-12-30 21:34:15.889 - INFO: 11559568 :  87 - 00086                     	
19-12-30 21:34:50.493 - INFO: 11559568 :  88 - 00087                     	
19-12-30 21:35:25.097 - INFO: 11559568 :  89 - 00088                     	
19-12-30 21:35:59.691 - INFO: 11559568 :  90 - 00089                     	
19-12-30 21:36:34.292 - INFO: 11559568 :  91 - 00090                     	
19-12-30 21:37:08.890 - INFO: 11559568 :  92 - 00091                     	
19-12-30 21:37:43.475 - INFO: 11559568 :  93 - 00092                     	
19-12-30 21:38:18.067 - INFO: 11559568 :  94 - 00093                     	
19-12-30 21:38:52.670 - INFO: 11559568 :  95 - 00094                     	
19-12-30 21:39:27.270 - INFO: 11559568 :  96 - 00095                     	
19-12-30 21:40:01.858 - INFO: 11559568 :  97 - 00096                     	
19-12-30 21:40:36.452 - INFO: 11559568 :  98 - 00097                     	
19-12-30 21:41:11.049 - INFO: 11559568 :  99 - 00098                     	
19-12-30 21:41:45.641 - INFO: 11559568 : 100 - 00099                     	
19-12-30 21:42:28.963 - INFO: 12868820 :   1 - 00000                     	
19-12-30 21:43:03.596 - INFO: 12868820 :   2 - 00001                     	
19-12-30 21:43:38.230 - INFO: 12868820 :   3 - 00002                     	
19-12-30 21:44:12.867 - INFO: 12868820 :   4 - 00003                     	
19-12-30 21:44:47.505 - INFO: 12868820 :   5 - 00004                     	
19-12-30 21:45:22.143 - INFO: 12868820 :   6 - 00005                     	
19-12-30 21:45:56.776 - INFO: 12868820 :   7 - 00006                     	
19-12-30 21:46:31.409 - INFO: 12868820 :   8 - 00007                     	
19-12-30 21:47:06.045 - INFO: 12868820 :   9 - 00008                     	
19-12-30 21:47:41.131 - INFO: 12868820 :  10 - 00009                     	
19-12-30 21:48:15.760 - INFO: 12868820 :  11 - 00010                     	
19-12-30 21:48:50.397 - INFO: 12868820 :  12 - 00011                     	
19-12-30 21:49:25.020 - INFO: 12868820 :  13 - 00012                     	
19-12-30 21:49:59.655 - INFO: 12868820 :  14 - 00013                     	
19-12-30 21:50:34.305 - INFO: 12868820 :  15 - 00014                     	
19-12-30 21:51:09.304 - INFO: 12868820 :  16 - 00015                     	
19-12-30 21:51:43.940 - INFO: 12868820 :  17 - 00016                     	
19-12-30 21:52:18.580 - INFO: 12868820 :  18 - 00017                     	
19-12-30 21:52:53.223 - INFO: 12868820 :  19 - 00018                     	
19-12-30 21:53:27.857 - INFO: 12868820 :  20 - 00019                     	
19-12-30 21:54:11.371 - INFO: 12868820 :  21 - 00020                     	
19-12-30 21:54:46.014 - INFO: 12868820 :  22 - 00021                     	
19-12-30 21:55:20.648 - INFO: 12868820 :  23 - 00022                     	
19-12-30 21:55:55.291 - INFO: 12868820 :  24 - 00023                     	
19-12-30 21:56:29.934 - INFO: 12868820 :  25 - 00024                     	
19-12-30 21:57:04.576 - INFO: 12868820 :  26 - 00025                     	
19-12-30 21:57:39.216 - INFO: 12868820 :  27 - 00026                     	
19-12-30 21:58:13.857 - INFO: 12868820 :  28 - 00027                     	
19-12-30 21:58:48.499 - INFO: 12868820 :  29 - 00028                     	
19-12-30 21:59:23.148 - INFO: 12868820 :  30 - 00029                     	
19-12-30 21:59:57.788 - INFO: 12868820 :  31 - 00030                     	
19-12-30 22:00:32.460 - INFO: 12868820 :  32 - 00031                     	
19-12-30 22:01:07.097 - INFO: 12868820 :  33 - 00032                     	
19-12-30 22:01:41.744 - INFO: 12868820 :  34 - 00033                     	
19-12-30 22:02:16.394 - INFO: 12868820 :  35 - 00034                     	
19-12-30 22:02:51.040 - INFO: 12868820 :  36 - 00035                     	
19-12-30 22:03:25.687 - INFO: 12868820 :  37 - 00036                     	
19-12-30 22:04:00.339 - INFO: 12868820 :  38 - 00037                     	
19-12-30 22:04:34.979 - INFO: 12868820 :  39 - 00038                     	
19-12-30 22:05:09.636 - INFO: 12868820 :  40 - 00039                     	
19-12-30 22:05:44.310 - INFO: 12868820 :  41 - 00040                     	
19-12-30 22:06:18.979 - INFO: 12868820 :  42 - 00041                     	
19-12-30 22:06:53.647 - INFO: 12868820 :  43 - 00042                     	
19-12-30 22:07:28.310 - INFO: 12868820 :  44 - 00043                     	
19-12-30 22:08:02.954 - INFO: 12868820 :  45 - 00044                     	
19-12-30 22:08:37.600 - INFO: 12868820 :  46 - 00045                     	
19-12-30 22:09:12.232 - INFO: 12868820 :  47 - 00046                     	
19-12-30 22:09:46.871 - INFO: 12868820 :  48 - 00047                     	
19-12-30 22:10:21.529 - INFO: 12868820 :  49 - 00048                     	
19-12-30 22:10:56.169 - INFO: 12868820 :  50 - 00049                     	
19-12-30 22:11:30.813 - INFO: 12868820 :  51 - 00050                     	
19-12-30 22:12:05.458 - INFO: 12868820 :  52 - 00051                     	
19-12-30 22:12:40.098 - INFO: 12868820 :  53 - 00052                     	
19-12-30 22:13:14.750 - INFO: 12868820 :  54 - 00053                     	
19-12-30 22:13:49.398 - INFO: 12868820 :  55 - 00054                     	
19-12-30 22:14:24.042 - INFO: 12868820 :  56 - 00055                     	
19-12-30 22:14:58.690 - INFO: 12868820 :  57 - 00056                     	
19-12-30 22:15:33.334 - INFO: 12868820 :  58 - 00057                     	
19-12-30 22:16:07.979 - INFO: 12868820 :  59 - 00058                     	
19-12-30 22:16:42.632 - INFO: 12868820 :  60 - 00059                     	
19-12-30 22:17:17.271 - INFO: 12868820 :  61 - 00060                     	
19-12-30 22:17:51.922 - INFO: 12868820 :  62 - 00061                     	
19-12-30 22:18:26.570 - INFO: 12868820 :  63 - 00062                     	
19-12-30 22:19:01.236 - INFO: 12868820 :  64 - 00063                     	
19-12-30 22:19:35.874 - INFO: 12868820 :  65 - 00064                     	
19-12-30 22:20:10.523 - INFO: 12868820 :  66 - 00065                     	
19-12-30 22:20:45.166 - INFO: 12868820 :  67 - 00066                     	
19-12-30 22:21:19.814 - INFO: 12868820 :  68 - 00067                     	
19-12-30 22:21:54.456 - INFO: 12868820 :  69 - 00068                     	
19-12-30 22:22:29.107 - INFO: 12868820 :  70 - 00069                     	
19-12-30 22:23:03.747 - INFO: 12868820 :  71 - 00070                     	
19-12-30 22:23:38.391 - INFO: 12868820 :  72 - 00071                     	
19-12-30 22:24:13.035 - INFO: 12868820 :  73 - 00072                     	
19-12-30 22:24:47.688 - INFO: 12868820 :  74 - 00073                     	
19-12-30 22:25:22.336 - INFO: 12868820 :  75 - 00074                     	
19-12-30 22:25:56.982 - INFO: 12868820 :  76 - 00075                     	
19-12-30 22:26:31.623 - INFO: 12868820 :  77 - 00076                     	
19-12-30 22:27:06.267 - INFO: 12868820 :  78 - 00077                     	
19-12-30 22:27:40.917 - INFO: 12868820 :  79 - 00078                     	
19-12-30 22:28:15.565 - INFO: 12868820 :  80 - 00079                     	
19-12-30 22:28:50.207 - INFO: 12868820 :  81 - 00080                     	
19-12-30 22:29:24.850 - INFO: 12868820 :  82 - 00081                     	
19-12-30 22:29:59.494 - INFO: 12868820 :  83 - 00082                     	
19-12-30 22:30:34.135 - INFO: 12868820 :  84 - 00083                     	
19-12-30 22:31:08.773 - INFO: 12868820 :  85 - 00084                     	
19-12-30 22:31:43.418 - INFO: 12868820 :  86 - 00085                     	
19-12-30 22:32:18.059 - INFO: 12868820 :  87 - 00086                     	
19-12-30 22:32:52.692 - INFO: 12868820 :  88 - 00087                     	
19-12-30 22:33:27.331 - INFO: 12868820 :  89 - 00088                     	
19-12-30 22:34:01.964 - INFO: 12868820 :  90 - 00089                     	
19-12-30 22:34:36.599 - INFO: 12868820 :  91 - 00090                     	
19-12-30 22:35:11.238 - INFO: 12868820 :  92 - 00091                     	
19-12-30 22:35:45.865 - INFO: 12868820 :  93 - 00092                     	
19-12-30 22:36:20.496 - INFO: 12868820 :  94 - 00093                     	
19-12-30 22:36:55.128 - INFO: 12868820 :  95 - 00094                     	
19-12-30 22:37:29.748 - INFO: 12868820 :  96 - 00095                     	
19-12-30 22:38:04.347 - INFO: 12868820 :  97 - 00096                     	
19-12-30 22:38:38.946 - INFO: 12868820 :  98 - 00097                     	
19-12-30 22:39:13.540 - INFO: 12868820 :  99 - 00098                     	
19-12-30 22:39:48.146 - INFO: 12868820 : 100 - 00099                     	
19-12-30 22:40:36.796 - INFO: 13142307 :   1 - 00000                     	
19-12-30 22:41:11.361 - INFO: 13142307 :   2 - 00001                     	
19-12-30 22:41:45.942 - INFO: 13142307 :   3 - 00002                     	
19-12-30 22:42:20.566 - INFO: 13142307 :   4 - 00003                     	
19-12-30 22:42:55.137 - INFO: 13142307 :   5 - 00004                     	
19-12-30 22:43:29.721 - INFO: 13142307 :   6 - 00005                     	
19-12-30 22:44:04.295 - INFO: 13142307 :   7 - 00006                     	
19-12-30 22:44:38.876 - INFO: 13142307 :   8 - 00007                     	
19-12-30 22:45:13.453 - INFO: 13142307 :   9 - 00008                     	
19-12-30 22:45:48.017 - INFO: 13142307 :  10 - 00009                     	
19-12-30 22:46:22.586 - INFO: 13142307 :  11 - 00010                     	
19-12-30 22:46:57.151 - INFO: 13142307 :  12 - 00011                     	
19-12-30 22:47:31.728 - INFO: 13142307 :  13 - 00012                     	
19-12-30 22:48:06.302 - INFO: 13142307 :  14 - 00013                     	
19-12-30 22:48:40.890 - INFO: 13142307 :  15 - 00014                     	
19-12-30 22:49:15.470 - INFO: 13142307 :  16 - 00015                     	
19-12-30 22:49:50.057 - INFO: 13142307 :  17 - 00016                     	
19-12-30 22:50:24.638 - INFO: 13142307 :  18 - 00017                     	
19-12-30 22:50:59.277 - INFO: 13142307 :  19 - 00018                     	
19-12-30 22:51:33.861 - INFO: 13142307 :  20 - 00019                     	
19-12-30 22:52:08.460 - INFO: 13142307 :  21 - 00020                     	
19-12-30 22:52:43.048 - INFO: 13142307 :  22 - 00021                     	
19-12-30 22:53:17.646 - INFO: 13142307 :  23 - 00022                     	
19-12-30 22:53:52.243 - INFO: 13142307 :  24 - 00023                     	
19-12-30 22:54:26.925 - INFO: 13142307 :  25 - 00024                     	
19-12-30 22:55:13.088 - INFO: 13142307 :  26 - 00025                     	
19-12-30 22:55:47.684 - INFO: 13142307 :  27 - 00026                     	
19-12-30 22:56:22.279 - INFO: 13142307 :  28 - 00027                     	
19-12-30 22:56:56.886 - INFO: 13142307 :  29 - 00028                     	
19-12-30 22:57:31.491 - INFO: 13142307 :  30 - 00029                     	
19-12-30 22:58:06.076 - INFO: 13142307 :  31 - 00030                     	
19-12-30 22:58:40.673 - INFO: 13142307 :  32 - 00031                     	
19-12-30 22:59:15.270 - INFO: 13142307 :  33 - 00032                     	
19-12-30 22:59:49.870 - INFO: 13142307 :  34 - 00033                     	
19-12-30 23:00:24.514 - INFO: 13142307 :  35 - 00034                     	
19-12-30 23:00:59.112 - INFO: 13142307 :  36 - 00035                     	
19-12-30 23:01:33.702 - INFO: 13142307 :  37 - 00036                     	
19-12-30 23:02:08.296 - INFO: 13142307 :  38 - 00037                     	
19-12-30 23:02:42.892 - INFO: 13142307 :  39 - 00038                     	
19-12-30 23:03:17.497 - INFO: 13142307 :  40 - 00039                     	
19-12-30 23:03:52.097 - INFO: 13142307 :  41 - 00040                     	
19-12-30 23:04:26.697 - INFO: 13142307 :  42 - 00041                     	
19-12-30 23:05:01.296 - INFO: 13142307 :  43 - 00042                     	
19-12-30 23:05:35.894 - INFO: 13142307 :  44 - 00043                     	
19-12-30 23:06:10.492 - INFO: 13142307 :  45 - 00044                     	
19-12-30 23:06:45.103 - INFO: 13142307 :  46 - 00045                     	
19-12-30 23:07:19.714 - INFO: 13142307 :  47 - 00046                     	
19-12-30 23:07:54.345 - INFO: 13142307 :  48 - 00047                     	
19-12-30 23:08:28.940 - INFO: 13142307 :  49 - 00048                     	
19-12-30 23:09:03.537 - INFO: 13142307 :  50 - 00049                     	
19-12-30 23:09:38.143 - INFO: 13142307 :  51 - 00050                     	
19-12-30 23:10:12.771 - INFO: 13142307 :  52 - 00051                     	
19-12-30 23:10:47.374 - INFO: 13142307 :  53 - 00052                     	
19-12-30 23:11:21.973 - INFO: 13142307 :  54 - 00053                     	
19-12-30 23:11:56.564 - INFO: 13142307 :  55 - 00054                     	
19-12-30 23:12:31.166 - INFO: 13142307 :  56 - 00055                     	
19-12-30 23:13:05.778 - INFO: 13142307 :  57 - 00056                     	
19-12-30 23:13:40.380 - INFO: 13142307 :  58 - 00057                     	
19-12-30 23:14:14.986 - INFO: 13142307 :  59 - 00058                     	
19-12-30 23:14:49.595 - INFO: 13142307 :  60 - 00059                     	
19-12-30 23:15:24.200 - INFO: 13142307 :  61 - 00060                     	
19-12-30 23:15:59.393 - INFO: 13142307 :  62 - 00061                     	
19-12-30 23:16:33.992 - INFO: 13142307 :  63 - 00062                     	
19-12-30 23:17:08.598 - INFO: 13142307 :  64 - 00063                     	
19-12-30 23:17:43.198 - INFO: 13142307 :  65 - 00064                     	
19-12-30 23:18:17.806 - INFO: 13142307 :  66 - 00065                     	
19-12-30 23:18:52.420 - INFO: 13142307 :  67 - 00066                     	
19-12-30 23:19:27.013 - INFO: 13142307 :  68 - 00067                     	
19-12-30 23:20:01.610 - INFO: 13142307 :  69 - 00068                     	
19-12-30 23:20:36.208 - INFO: 13142307 :  70 - 00069                     	
19-12-30 23:21:10.794 - INFO: 13142307 :  71 - 00070                     	
19-12-30 23:21:45.391 - INFO: 13142307 :  72 - 00071                     	
19-12-30 23:22:19.986 - INFO: 13142307 :  73 - 00072                     	
19-12-30 23:22:54.573 - INFO: 13142307 :  74 - 00073                     	
19-12-30 23:23:29.166 - INFO: 13142307 :  75 - 00074                     	
19-12-30 23:24:03.760 - INFO: 13142307 :  76 - 00075                     	
19-12-30 23:24:38.347 - INFO: 13142307 :  77 - 00076                     	
19-12-30 23:25:12.933 - INFO: 13142307 :  78 - 00077                     	
19-12-30 23:25:47.522 - INFO: 13142307 :  79 - 00078                     	
19-12-30 23:26:22.116 - INFO: 13142307 :  80 - 00079                     	
19-12-30 23:26:56.728 - INFO: 13142307 :  81 - 00080                     	
19-12-30 23:27:31.316 - INFO: 13142307 :  82 - 00081                     	
19-12-30 23:28:05.904 - INFO: 13142307 :  83 - 00082                     	
19-12-30 23:28:40.500 - INFO: 13142307 :  84 - 00083                     	
19-12-30 23:29:15.089 - INFO: 13142307 :  85 - 00084                     	
19-12-30 23:29:49.685 - INFO: 13142307 :  86 - 00085                     	
19-12-30 23:30:24.282 - INFO: 13142307 :  87 - 00086                     	
19-12-30 23:30:58.873 - INFO: 13142307 :  88 - 00087                     	
19-12-30 23:31:33.460 - INFO: 13142307 :  89 - 00088                     	
19-12-30 23:32:08.049 - INFO: 13142307 :  90 - 00089                     	
19-12-30 23:32:42.642 - INFO: 13142307 :  91 - 00090                     	
19-12-30 23:33:17.243 - INFO: 13142307 :  92 - 00091                     	
19-12-30 23:33:51.836 - INFO: 13142307 :  93 - 00092                     	
19-12-30 23:34:26.435 - INFO: 13142307 :  94 - 00093                     	
19-12-30 23:35:02.755 - INFO: 13142307 :  95 - 00094                     	
19-12-30 23:35:37.348 - INFO: 13142307 :  96 - 00095                     	
19-12-30 23:36:11.937 - INFO: 13142307 :  97 - 00096                     	
19-12-30 23:36:46.536 - INFO: 13142307 :  98 - 00097                     	
19-12-30 23:37:21.121 - INFO: 13142307 :  99 - 00098                     	
19-12-30 23:37:55.708 - INFO: 13142307 : 100 - 00099                     	
19-12-30 23:37:55.708 - INFO: Data: sharp_bicubic - /lustre/home/acct-eezy/eezy/4khdr/data/Dataset/test_540p
19-12-30 23:37:55.708 - INFO: Padding mode: new_info
19-12-30 23:37:55.708 - INFO: Model path: /lustre/home/acct-eezy/eezy/4khdr/codes/experiments/train_EDVR_L_Preload_30000_nobug_ssim_10_LR_1e_5_suzhou_remove_baddata/models/latest_G.pth
19-12-30 23:37:55.708 - INFO: Save images: True
19-12-30 23:37:55.708 - INFO: Flip test: False
