cudnn(28):ERROR:105: Unable to locate a modulefile for 'cudnn/7.0.4'
19-12-30 18:48:18.840 - INFO: Data: sharp_bicubic - /lustre/home/acct-eezy/eezy/4khdr/data/Dataset/test_540p
19-12-30 18:48:18.841 - INFO: Padding mode: new_info
19-12-30 18:48:18.841 - INFO: Model path: /lustre/home/acct-eezy/eezy/4khdr/codes/experiments/train_EDVR_L_Preload_30000_nobug_ssim_10_LR_1e_5_suzhou_remove_baddata/models/latest_G.pth
19-12-30 18:48:18.841 - INFO: Save images: True
19-12-30 18:48:18.841 - INFO: Flip test: False
19-12-30 18:49:06.375 - INFO: 13926303 :   1 - 00000                     	
19-12-30 18:49:41.114 - INFO: 13926303 :   2 - 00001                     	
19-12-30 18:50:15.844 - INFO: 13926303 :   3 - 00002                     	
19-12-30 18:50:50.565 - INFO: 13926303 :   4 - 00003                     	
19-12-30 18:51:25.266 - INFO: 13926303 :   5 - 00004                     	
19-12-30 18:51:59.973 - INFO: 13926303 :   6 - 00005                     	
19-12-30 18:52:34.684 - INFO: 13926303 :   7 - 00006                     	
19-12-30 18:53:09.392 - INFO: 13926303 :   8 - 00007                     	
19-12-30 18:53:44.091 - INFO: 13926303 :   9 - 00008                     	
19-12-30 18:54:18.797 - INFO: 13926303 :  10 - 00009                     	
19-12-30 18:54:53.498 - INFO: 13926303 :  11 - 00010                     	
19-12-30 18:55:28.202 - INFO: 13926303 :  12 - 00011                     	
19-12-30 18:56:02.905 - INFO: 13926303 :  13 - 00012                     	
19-12-30 18:56:37.612 - INFO: 13926303 :  14 - 00013                     	
19-12-30 18:57:12.304 - INFO: 13926303 :  15 - 00014                     	
19-12-30 18:57:47.005 - INFO: 13926303 :  16 - 00015                     	
19-12-30 18:58:21.716 - INFO: 13926303 :  17 - 00016                     	
19-12-30 18:58:56.428 - INFO: 13926303 :  18 - 00017                     	
19-12-30 18:59:31.116 - INFO: 13926303 :  19 - 00018                     	
19-12-30 19:00:05.945 - INFO: 13926303 :  20 - 00019                     	
19-12-30 19:00:40.637 - INFO: 13926303 :  21 - 00020                     	
19-12-30 19:01:15.326 - INFO: 13926303 :  22 - 00021                     	
19-12-30 19:01:50.017 - INFO: 13926303 :  23 - 00022                     	
19-12-30 19:02:24.721 - INFO: 13926303 :  24 - 00023                     	
19-12-30 19:02:59.421 - INFO: 13926303 :  25 - 00024                     	
19-12-30 19:03:34.117 - INFO: 13926303 :  26 - 00025                     	
19-12-30 19:04:08.802 - INFO: 13926303 :  27 - 00026                     	
19-12-30 19:04:43.495 - INFO: 13926303 :  28 - 00027                     	
19-12-30 19:05:18.174 - INFO: 13926303 :  29 - 00028                     	
19-12-30 19:05:52.850 - INFO: 13926303 :  30 - 00029                     	
19-12-30 19:06:27.524 - INFO: 13926303 :  31 - 00030                     	
19-12-30 19:07:02.207 - INFO: 13926303 :  32 - 00031                     	
19-12-30 19:07:36.885 - INFO: 13926303 :  33 - 00032                     	
19-12-30 19:08:11.571 - INFO: 13926303 :  34 - 00033                     	
19-12-30 19:08:46.258 - INFO: 13926303 :  35 - 00034                     	
19-12-30 19:09:20.945 - INFO: 13926303 :  36 - 00035                     	
19-12-30 19:09:55.624 - INFO: 13926303 :  37 - 00036                     	
19-12-30 19:10:30.315 - INFO: 13926303 :  38 - 00037                     	
19-12-30 19:11:04.991 - INFO: 13926303 :  39 - 00038                     	
19-12-30 19:11:39.673 - INFO: 13926303 :  40 - 00039                     	
19-12-30 19:12:14.358 - INFO: 13926303 :  41 - 00040                     	
19-12-30 19:12:49.036 - INFO: 13926303 :  42 - 00041                     	
19-12-30 19:13:23.727 - INFO: 13926303 :  43 - 00042                     	
19-12-30 19:13:58.415 - INFO: 13926303 :  44 - 00043                     	
19-12-30 19:14:33.096 - INFO: 13926303 :  45 - 00044                     	
19-12-30 19:15:07.781 - INFO: 13926303 :  46 - 00045                     	
19-12-30 19:15:42.455 - INFO: 13926303 :  47 - 00046                     	
19-12-30 19:16:17.139 - INFO: 13926303 :  48 - 00047                     	
19-12-30 19:16:51.823 - INFO: 13926303 :  49 - 00048                     	
19-12-30 19:17:26.506 - INFO: 13926303 :  50 - 00049                     	
19-12-30 19:18:01.194 - INFO: 13926303 :  51 - 00050                     	
19-12-30 19:18:35.885 - INFO: 13926303 :  52 - 00051                     	
19-12-30 19:19:10.565 - INFO: 13926303 :  53 - 00052                     	
19-12-30 19:19:45.254 - INFO: 13926303 :  54 - 00053                     	
19-12-30 19:20:19.938 - INFO: 13926303 :  55 - 00054                     	
19-12-30 19:20:54.623 - INFO: 13926303 :  56 - 00055                     	
19-12-30 19:21:29.303 - INFO: 13926303 :  57 - 00056                     	
19-12-30 19:22:03.994 - INFO: 13926303 :  58 - 00057                     	
19-12-30 19:22:38.675 - INFO: 13926303 :  59 - 00058                     	
19-12-30 19:23:13.361 - INFO: 13926303 :  60 - 00059                     	
19-12-30 19:23:48.040 - INFO: 13926303 :  61 - 00060                     	
19-12-30 19:24:22.732 - INFO: 13926303 :  62 - 00061                     	
19-12-30 19:24:57.419 - INFO: 13926303 :  63 - 00062                     	
19-12-30 19:25:32.107 - INFO: 13926303 :  64 - 00063                     	
19-12-30 19:26:06.787 - INFO: 13926303 :  65 - 00064                     	
19-12-30 19:26:41.476 - INFO: 13926303 :  66 - 00065                     	
19-12-30 19:27:16.152 - INFO: 13926303 :  67 - 00066                     	
19-12-30 19:27:50.832 - INFO: 13926303 :  68 - 00067                     	
19-12-30 19:28:25.518 - INFO: 13926303 :  69 - 00068                     	
19-12-30 19:29:00.196 - INFO: 13926303 :  70 - 00069                     	
19-12-30 19:29:34.871 - INFO: 13926303 :  71 - 00070                     	
19-12-30 19:30:09.558 - INFO: 13926303 :  72 - 00071                     	
19-12-30 19:30:44.231 - INFO: 13926303 :  73 - 00072                     	
19-12-30 19:31:18.915 - INFO: 13926303 :  74 - 00073                     	
19-12-30 19:31:53.604 - INFO: 13926303 :  75 - 00074                     	
19-12-30 19:32:28.287 - INFO: 13926303 :  76 - 00075                     	
19-12-30 19:33:02.967 - INFO: 13926303 :  77 - 00076                     	
19-12-30 19:33:37.665 - INFO: 13926303 :  78 - 00077                     	
19-12-30 19:34:12.382 - INFO: 13926303 :  79 - 00078                     	
19-12-30 19:34:47.064 - INFO: 13926303 :  80 - 00079                     	
19-12-30 19:35:21.759 - INFO: 13926303 :  81 - 00080                     	
19-12-30 19:35:56.453 - INFO: 13926303 :  82 - 00081                     	
19-12-30 19:36:31.136 - INFO: 13926303 :  83 - 00082                     	
19-12-30 19:37:05.824 - INFO: 13926303 :  84 - 00083                     	
19-12-30 19:37:40.506 - INFO: 13926303 :  85 - 00084                     	
19-12-30 19:38:15.184 - INFO: 13926303 :  86 - 00085                     	
19-12-30 19:38:49.870 - INFO: 13926303 :  87 - 00086                     	
19-12-30 19:39:24.556 - INFO: 13926303 :  88 - 00087                     	
19-12-30 19:39:59.243 - INFO: 13926303 :  89 - 00088                     	
19-12-30 19:40:33.937 - INFO: 13926303 :  90 - 00089                     	
19-12-30 19:41:08.620 - INFO: 13926303 :  91 - 00090                     	
19-12-30 19:41:43.313 - INFO: 13926303 :  92 - 00091                     	
19-12-30 19:42:18.009 - INFO: 13926303 :  93 - 00092                     	
19-12-30 19:42:52.700 - INFO: 13926303 :  94 - 00093                     	
19-12-30 19:43:27.376 - INFO: 13926303 :  95 - 00094                     	
19-12-30 19:44:02.058 - INFO: 13926303 :  96 - 00095                     	
19-12-30 19:44:36.748 - INFO: 13926303 :  97 - 00096                     	
19-12-30 19:45:11.439 - INFO: 13926303 :  98 - 00097                     	
19-12-30 19:45:46.116 - INFO: 13926303 :  99 - 00098                     	
19-12-30 19:46:20.817 - INFO: 13926303 : 100 - 00099                     	
19-12-30 19:47:01.947 - INFO: 14034945 :   1 - 00000                     	
19-12-30 19:47:36.600 - INFO: 14034945 :   2 - 00001                     	
19-12-30 19:48:11.239 - INFO: 14034945 :   3 - 00002                     	
19-12-30 19:48:45.886 - INFO: 14034945 :   4 - 00003                     	
19-12-30 19:49:20.523 - INFO: 14034945 :   5 - 00004                     	
19-12-30 19:49:55.168 - INFO: 14034945 :   6 - 00005                     	
19-12-30 19:50:29.798 - INFO: 14034945 :   7 - 00006                     	
19-12-30 19:51:04.432 - INFO: 14034945 :   8 - 00007                     	
19-12-30 19:51:39.066 - INFO: 14034945 :   9 - 00008                     	
19-12-30 19:52:13.709 - INFO: 14034945 :  10 - 00009                     	
19-12-30 19:52:48.348 - INFO: 14034945 :  11 - 00010                     	
19-12-30 19:53:22.982 - INFO: 14034945 :  12 - 00011                     	
19-12-30 19:53:57.945 - INFO: 14034945 :  13 - 00012                     	
19-12-30 19:54:32.585 - INFO: 14034945 :  14 - 00013                     	
19-12-30 19:55:07.220 - INFO: 14034945 :  15 - 00014                     	
19-12-30 19:55:41.852 - INFO: 14034945 :  16 - 00015                     	
19-12-30 19:56:16.485 - INFO: 14034945 :  17 - 00016                     	
19-12-30 19:56:51.130 - INFO: 14034945 :  18 - 00017                     	
19-12-30 19:57:25.772 - INFO: 14034945 :  19 - 00018                     	
19-12-30 19:58:00.409 - INFO: 14034945 :  20 - 00019                     	
19-12-30 19:58:35.047 - INFO: 14034945 :  21 - 00020                     	
19-12-30 19:59:09.675 - INFO: 14034945 :  22 - 00021                     	
19-12-30 19:59:44.309 - INFO: 14034945 :  23 - 00022                     	
19-12-30 20:00:18.952 - INFO: 14034945 :  24 - 00023                     	
19-12-30 20:00:53.591 - INFO: 14034945 :  25 - 00024                     	
19-12-30 20:01:28.255 - INFO: 14034945 :  26 - 00025                     	
19-12-30 20:02:02.917 - INFO: 14034945 :  27 - 00026                     	
19-12-30 20:02:37.568 - INFO: 14034945 :  28 - 00027                     	
19-12-30 20:03:12.241 - INFO: 14034945 :  29 - 00028                     	
19-12-30 20:03:46.901 - INFO: 14034945 :  30 - 00029                     	
19-12-30 20:04:21.561 - INFO: 14034945 :  31 - 00030                     	
19-12-30 20:04:56.227 - INFO: 14034945 :  32 - 00031                     	
19-12-30 20:05:30.886 - INFO: 14034945 :  33 - 00032                     	
19-12-30 20:06:05.559 - INFO: 14034945 :  34 - 00033                     	
19-12-30 20:06:40.223 - INFO: 14034945 :  35 - 00034                     	
19-12-30 20:07:14.890 - INFO: 14034945 :  36 - 00035                     	
19-12-30 20:07:49.552 - INFO: 14034945 :  37 - 00036                     	
19-12-30 20:08:24.222 - INFO: 14034945 :  38 - 00037                     	
19-12-30 20:08:58.886 - INFO: 14034945 :  39 - 00038                     	
19-12-30 20:09:33.543 - INFO: 14034945 :  40 - 00039                     	
19-12-30 20:10:08.192 - INFO: 14034945 :  41 - 00040                     	
19-12-30 20:10:42.846 - INFO: 14034945 :  42 - 00041                     	
19-12-30 20:11:17.506 - INFO: 14034945 :  43 - 00042                     	
19-12-30 20:11:52.158 - INFO: 14034945 :  44 - 00043                     	
19-12-30 20:12:26.815 - INFO: 14034945 :  45 - 00044                     	
19-12-30 20:13:01.518 - INFO: 14034945 :  46 - 00045                     	
19-12-30 20:13:36.173 - INFO: 14034945 :  47 - 00046                     	
19-12-30 20:14:10.827 - INFO: 14034945 :  48 - 00047                     	
19-12-30 20:14:45.484 - INFO: 14034945 :  49 - 00048                     	
19-12-30 20:15:20.150 - INFO: 14034945 :  50 - 00049                     	
19-12-30 20:15:54.808 - INFO: 14034945 :  51 - 00050                     	
19-12-30 20:16:29.458 - INFO: 14034945 :  52 - 00051                     	
19-12-30 20:17:04.118 - INFO: 14034945 :  53 - 00052                     	
19-12-30 20:17:38.779 - INFO: 14034945 :  54 - 00053                     	
19-12-30 20:18:13.438 - INFO: 14034945 :  55 - 00054                     	
19-12-30 20:18:48.122 - INFO: 14034945 :  56 - 00055                     	
19-12-30 20:19:22.780 - INFO: 14034945 :  57 - 00056                     	
19-12-30 20:19:57.440 - INFO: 14034945 :  58 - 00057                     	
19-12-30 20:20:32.098 - INFO: 14034945 :  59 - 00058                     	
19-12-30 20:21:06.751 - INFO: 14034945 :  60 - 00059                     	
19-12-30 20:21:41.403 - INFO: 14034945 :  61 - 00060                     	
19-12-30 20:22:16.065 - INFO: 14034945 :  62 - 00061                     	
19-12-30 20:22:50.747 - INFO: 14034945 :  63 - 00062                     	
19-12-30 20:23:25.403 - INFO: 14034945 :  64 - 00063                     	
19-12-30 20:24:00.053 - INFO: 14034945 :  65 - 00064                     	
19-12-30 20:24:34.706 - INFO: 14034945 :  66 - 00065                     	
19-12-30 20:25:09.353 - INFO: 14034945 :  67 - 00066                     	
19-12-30 20:25:44.004 - INFO: 14034945 :  68 - 00067                     	
19-12-30 20:26:18.650 - INFO: 14034945 :  69 - 00068                     	
19-12-30 20:26:53.295 - INFO: 14034945 :  70 - 00069                     	
19-12-30 20:27:27.941 - INFO: 14034945 :  71 - 00070                     	
19-12-30 20:28:02.584 - INFO: 14034945 :  72 - 00071                     	
19-12-30 20:28:37.230 - INFO: 14034945 :  73 - 00072                     	
19-12-30 20:29:11.879 - INFO: 14034945 :  74 - 00073                     	
19-12-30 20:29:46.516 - INFO: 14034945 :  75 - 00074                     	
19-12-30 20:30:21.160 - INFO: 14034945 :  76 - 00075                     	
19-12-30 20:30:55.812 - INFO: 14034945 :  77 - 00076                     	
19-12-30 20:31:30.458 - INFO: 14034945 :  78 - 00077                     	
19-12-30 20:32:05.107 - INFO: 14034945 :  79 - 00078                     	
19-12-30 20:32:39.751 - INFO: 14034945 :  80 - 00079                     	
19-12-30 20:33:14.397 - INFO: 14034945 :  81 - 00080                     	
19-12-30 20:33:49.049 - INFO: 14034945 :  82 - 00081                     	
19-12-30 20:34:23.700 - INFO: 14034945 :  83 - 00082                     	
19-12-30 20:34:58.364 - INFO: 14034945 :  84 - 00083                     	
19-12-30 20:35:33.012 - INFO: 14034945 :  85 - 00084                     	
19-12-30 20:36:07.666 - INFO: 14034945 :  86 - 00085                     	
19-12-30 20:36:42.312 - INFO: 14034945 :  87 - 00086                     	
19-12-30 20:37:16.958 - INFO: 14034945 :  88 - 00087                     	
19-12-30 20:37:51.605 - INFO: 14034945 :  89 - 00088                     	
19-12-30 20:38:26.266 - INFO: 14034945 :  90 - 00089                     	
19-12-30 20:39:00.925 - INFO: 14034945 :  91 - 00090                     	
19-12-30 20:39:35.581 - INFO: 14034945 :  92 - 00091                     	
19-12-30 20:40:10.234 - INFO: 14034945 :  93 - 00092                     	
19-12-30 20:40:44.895 - INFO: 14034945 :  94 - 00093                     	
19-12-30 20:41:19.557 - INFO: 14034945 :  95 - 00094                     	
19-12-30 20:41:54.214 - INFO: 14034945 :  96 - 00095                     	
19-12-30 20:42:28.875 - INFO: 14034945 :  97 - 00096                     	
19-12-30 20:43:03.529 - INFO: 14034945 :  98 - 00097                     	
19-12-30 20:43:38.182 - INFO: 14034945 :  99 - 00098                     	
19-12-30 20:44:12.848 - INFO: 14034945 : 100 - 00099                     	
19-12-30 20:44:55.863 - INFO: 15025004 :   1 - 00000                     	
19-12-30 20:45:30.509 - INFO: 15025004 :   2 - 00001                     	
19-12-30 20:46:05.161 - INFO: 15025004 :   3 - 00002                     	
19-12-30 20:46:39.820 - INFO: 15025004 :   4 - 00003                     	
19-12-30 20:47:14.481 - INFO: 15025004 :   5 - 00004                     	
19-12-30 20:47:49.137 - INFO: 15025004 :   6 - 00005                     	
19-12-30 20:48:23.796 - INFO: 15025004 :   7 - 00006                     	
19-12-30 20:48:58.446 - INFO: 15025004 :   8 - 00007                     	
19-12-30 20:49:33.133 - INFO: 15025004 :   9 - 00008                     	
19-12-30 20:50:07.821 - INFO: 15025004 :  10 - 00009                     	
19-12-30 20:50:42.509 - INFO: 15025004 :  11 - 00010                     	
19-12-30 20:51:17.178 - INFO: 15025004 :  12 - 00011                     	
19-12-30 20:51:51.880 - INFO: 15025004 :  13 - 00012                     	
19-12-30 20:52:26.712 - INFO: 15025004 :  14 - 00013                     	
19-12-30 20:53:01.367 - INFO: 15025004 :  15 - 00014                     	
19-12-30 20:53:36.013 - INFO: 15025004 :  16 - 00015                     	
19-12-30 20:54:10.658 - INFO: 15025004 :  17 - 00016                     	
19-12-30 20:54:45.351 - INFO: 15025004 :  18 - 00017                     	
19-12-30 20:55:20.034 - INFO: 15025004 :  19 - 00018                     	
19-12-30 20:55:54.718 - INFO: 15025004 :  20 - 00019                     	
19-12-30 20:56:29.427 - INFO: 15025004 :  21 - 00020                     	
19-12-30 20:57:04.130 - INFO: 15025004 :  22 - 00021                     	
19-12-30 20:57:38.888 - INFO: 15025004 :  23 - 00022                     	
19-12-30 20:58:13.590 - INFO: 15025004 :  24 - 00023                     	
19-12-30 20:58:48.291 - INFO: 15025004 :  25 - 00024                     	
19-12-30 20:59:23.151 - INFO: 15025004 :  26 - 00025                     	
19-12-30 20:59:58.233 - INFO: 15025004 :  27 - 00026                     	
19-12-30 21:00:32.926 - INFO: 15025004 :  28 - 00027                     	
19-12-30 21:01:08.013 - INFO: 15025004 :  29 - 00028                     	
19-12-30 21:01:42.693 - INFO: 15025004 :  30 - 00029                     	
19-12-30 21:02:17.375 - INFO: 15025004 :  31 - 00030                     	
19-12-30 21:02:52.057 - INFO: 15025004 :  32 - 00031                     	
19-12-30 21:03:26.742 - INFO: 15025004 :  33 - 00032                     	
19-12-30 21:04:01.425 - INFO: 15025004 :  34 - 00033                     	
19-12-30 21:04:36.110 - INFO: 15025004 :  35 - 00034                     	
19-12-30 21:05:10.802 - INFO: 15025004 :  36 - 00035                     	
19-12-30 21:05:45.485 - INFO: 15025004 :  37 - 00036                     	
19-12-30 21:06:20.178 - INFO: 15025004 :  38 - 00037                     	
19-12-30 21:06:54.862 - INFO: 15025004 :  39 - 00038                     	
19-12-30 21:07:29.552 - INFO: 15025004 :  40 - 00039                     	
19-12-30 21:08:04.236 - INFO: 15025004 :  41 - 00040                     	
19-12-30 21:08:38.911 - INFO: 15025004 :  42 - 00041                     	
19-12-30 21:09:13.591 - INFO: 15025004 :  43 - 00042                     	
19-12-30 21:09:48.279 - INFO: 15025004 :  44 - 00043                     	
19-12-30 21:10:22.959 - INFO: 15025004 :  45 - 00044                     	
19-12-30 21:10:57.643 - INFO: 15025004 :  46 - 00045                     	
19-12-30 21:11:32.317 - INFO: 15025004 :  47 - 00046                     	
19-12-30 21:12:06.998 - INFO: 15025004 :  48 - 00047                     	
19-12-30 21:12:41.673 - INFO: 15025004 :  49 - 00048                     	
19-12-30 21:13:16.357 - INFO: 15025004 :  50 - 00049                     	
19-12-30 21:13:51.050 - INFO: 15025004 :  51 - 00050                     	
19-12-30 21:14:26.793 - INFO: 15025004 :  52 - 00051                     	
19-12-30 21:15:01.520 - INFO: 15025004 :  53 - 00052                     	
19-12-30 21:15:36.197 - INFO: 15025004 :  54 - 00053                     	
19-12-30 21:16:10.930 - INFO: 15025004 :  55 - 00054                     	
19-12-30 21:16:45.624 - INFO: 15025004 :  56 - 00055                     	
19-12-30 21:17:20.342 - INFO: 15025004 :  57 - 00056                     	
19-12-30 21:17:55.037 - INFO: 15025004 :  58 - 00057                     	
19-12-30 21:18:29.724 - INFO: 15025004 :  59 - 00058                     	
19-12-30 21:19:04.402 - INFO: 15025004 :  60 - 00059                     	
19-12-30 21:19:39.322 - INFO: 15025004 :  61 - 00060                     	
19-12-30 21:20:14.000 - INFO: 15025004 :  62 - 00061                     	
19-12-30 21:20:48.680 - INFO: 15025004 :  63 - 00062                     	
19-12-30 21:21:23.363 - INFO: 15025004 :  64 - 00063                     	
19-12-30 21:21:58.038 - INFO: 15025004 :  65 - 00064                     	
19-12-30 21:22:32.719 - INFO: 15025004 :  66 - 00065                     	
19-12-30 21:23:07.400 - INFO: 15025004 :  67 - 00066                     	
19-12-30 21:23:42.073 - INFO: 15025004 :  68 - 00067                     	
19-12-30 21:24:16.751 - INFO: 15025004 :  69 - 00068                     	
19-12-30 21:24:51.436 - INFO: 15025004 :  70 - 00069                     	
19-12-30 21:25:26.114 - INFO: 15025004 :  71 - 00070                     	
19-12-30 21:26:00.793 - INFO: 15025004 :  72 - 00071                     	
19-12-30 21:26:35.470 - INFO: 15025004 :  73 - 00072                     	
19-12-30 21:27:10.152 - INFO: 15025004 :  74 - 00073                     	
19-12-30 21:27:44.823 - INFO: 15025004 :  75 - 00074                     	
19-12-30 21:28:19.503 - INFO: 15025004 :  76 - 00075                     	
19-12-30 21:28:54.297 - INFO: 15025004 :  77 - 00076                     	
19-12-30 21:29:28.987 - INFO: 15025004 :  78 - 00077                     	
19-12-30 21:30:03.770 - INFO: 15025004 :  79 - 00078                     	
19-12-30 21:30:38.527 - INFO: 15025004 :  80 - 00079                     	
19-12-30 21:31:13.412 - INFO: 15025004 :  81 - 00080                     	
19-12-30 21:31:48.096 - INFO: 15025004 :  82 - 00081                     	
19-12-30 21:32:23.286 - INFO: 15025004 :  83 - 00082                     	
19-12-30 21:32:57.963 - INFO: 15025004 :  84 - 00083                     	
19-12-30 21:33:32.642 - INFO: 15025004 :  85 - 00084                     	
19-12-30 21:34:07.326 - INFO: 15025004 :  86 - 00085                     	
19-12-30 21:34:41.995 - INFO: 15025004 :  87 - 00086                     	
19-12-30 21:35:16.673 - INFO: 15025004 :  88 - 00087                     	
19-12-30 21:35:51.353 - INFO: 15025004 :  89 - 00088                     	
19-12-30 21:36:26.031 - INFO: 15025004 :  90 - 00089                     	
19-12-30 21:37:00.742 - INFO: 15025004 :  91 - 00090                     	
19-12-30 21:37:35.419 - INFO: 15025004 :  92 - 00091                     	
19-12-30 21:38:10.087 - INFO: 15025004 :  93 - 00092                     	
19-12-30 21:38:44.755 - INFO: 15025004 :  94 - 00093                     	
19-12-30 21:39:19.431 - INFO: 15025004 :  95 - 00094                     	
19-12-30 21:39:54.109 - INFO: 15025004 :  96 - 00095                     	
19-12-30 21:40:28.834 - INFO: 15025004 :  97 - 00096                     	
19-12-30 21:41:03.491 - INFO: 15025004 :  98 - 00097                     	
19-12-30 21:41:38.132 - INFO: 15025004 :  99 - 00098                     	
19-12-30 21:42:12.784 - INFO: 15025004 : 100 - 00099                     	
19-12-30 21:42:56.150 - INFO: 17320781 :   1 - 00000                     	
19-12-30 21:43:30.794 - INFO: 17320781 :   2 - 00001                     	
19-12-30 21:44:05.439 - INFO: 17320781 :   3 - 00002                     	
19-12-30 21:44:40.083 - INFO: 17320781 :   4 - 00003                     	
19-12-30 21:45:14.730 - INFO: 17320781 :   5 - 00004                     	
19-12-30 21:45:49.380 - INFO: 17320781 :   6 - 00005                     	
19-12-30 21:46:24.020 - INFO: 17320781 :   7 - 00006                     	
19-12-30 21:46:58.669 - INFO: 17320781 :   8 - 00007                     	
19-12-30 21:47:33.310 - INFO: 17320781 :   9 - 00008                     	
19-12-30 21:48:07.968 - INFO: 17320781 :  10 - 00009                     	
19-12-30 21:48:42.632 - INFO: 17320781 :  11 - 00010                     	
19-12-30 21:49:17.292 - INFO: 17320781 :  12 - 00011                     	
19-12-30 21:49:51.955 - INFO: 17320781 :  13 - 00012                     	
19-12-30 21:50:26.620 - INFO: 17320781 :  14 - 00013                     	
19-12-30 21:51:01.305 - INFO: 17320781 :  15 - 00014                     	
19-12-30 21:51:35.965 - INFO: 17320781 :  16 - 00015                     	
19-12-30 21:52:10.615 - INFO: 17320781 :  17 - 00016                     	
19-12-30 21:52:45.270 - INFO: 17320781 :  18 - 00017                     	
19-12-30 21:53:19.932 - INFO: 17320781 :  19 - 00018                     	
19-12-30 21:54:02.176 - INFO: 17320781 :  20 - 00019                     	
19-12-30 21:54:36.812 - INFO: 17320781 :  21 - 00020                     	
19-12-30 21:55:11.498 - INFO: 17320781 :  22 - 00021                     	
19-12-30 21:55:46.178 - INFO: 17320781 :  23 - 00022                     	
19-12-30 21:56:20.833 - INFO: 17320781 :  24 - 00023                     	
19-12-30 21:56:55.481 - INFO: 17320781 :  25 - 00024                     	
19-12-30 21:57:30.126 - INFO: 17320781 :  26 - 00025                     	
19-12-30 21:58:04.776 - INFO: 17320781 :  27 - 00026                     	
19-12-30 21:58:39.430 - INFO: 17320781 :  28 - 00027                     	
19-12-30 21:59:14.080 - INFO: 17320781 :  29 - 00028                     	
19-12-30 21:59:48.744 - INFO: 17320781 :  30 - 00029                     	
19-12-30 22:00:23.402 - INFO: 17320781 :  31 - 00030                     	
19-12-30 22:00:58.060 - INFO: 17320781 :  32 - 00031                     	
19-12-30 22:01:32.712 - INFO: 17320781 :  33 - 00032                     	
19-12-30 22:02:07.365 - INFO: 17320781 :  34 - 00033                     	
19-12-30 22:02:42.004 - INFO: 17320781 :  35 - 00034                     	
19-12-30 22:03:16.666 - INFO: 17320781 :  36 - 00035                     	
19-12-30 22:03:51.331 - INFO: 17320781 :  37 - 00036                     	
19-12-30 22:04:25.982 - INFO: 17320781 :  38 - 00037                     	
19-12-30 22:05:00.670 - INFO: 17320781 :  39 - 00038                     	
19-12-30 22:05:35.354 - INFO: 17320781 :  40 - 00039                     	
19-12-30 22:06:10.041 - INFO: 17320781 :  41 - 00040                     	
19-12-30 22:06:44.750 - INFO: 17320781 :  42 - 00041                     	
19-12-30 22:07:19.448 - INFO: 17320781 :  43 - 00042                     	
19-12-30 22:07:54.080 - INFO: 17320781 :  44 - 00043                     	
19-12-30 22:08:28.727 - INFO: 17320781 :  45 - 00044                     	
19-12-30 22:09:03.365 - INFO: 17320781 :  46 - 00045                     	
19-12-30 22:09:38.002 - INFO: 17320781 :  47 - 00046                     	
19-12-30 22:10:12.645 - INFO: 17320781 :  48 - 00047                     	
19-12-30 22:10:47.282 - INFO: 17320781 :  49 - 00048                     	
19-12-30 22:11:21.929 - INFO: 17320781 :  50 - 00049                     	
19-12-30 22:11:56.561 - INFO: 17320781 :  51 - 00050                     	
19-12-30 22:12:31.199 - INFO: 17320781 :  52 - 00051                     	
19-12-30 22:13:05.833 - INFO: 17320781 :  53 - 00052                     	
19-12-30 22:13:40.473 - INFO: 17320781 :  54 - 00053                     	
19-12-30 22:14:15.108 - INFO: 17320781 :  55 - 00054                     	
19-12-30 22:14:49.745 - INFO: 17320781 :  56 - 00055                     	
19-12-30 22:15:24.373 - INFO: 17320781 :  57 - 00056                     	
19-12-30 22:15:59.009 - INFO: 17320781 :  58 - 00057                     	
19-12-30 22:16:33.639 - INFO: 17320781 :  59 - 00058                     	
19-12-30 22:17:08.275 - INFO: 17320781 :  60 - 00059                     	
19-12-30 22:17:42.908 - INFO: 17320781 :  61 - 00060                     	
19-12-30 22:18:17.545 - INFO: 17320781 :  62 - 00061                     	
19-12-30 22:18:52.175 - INFO: 17320781 :  63 - 00062                     	
19-12-30 22:19:26.817 - INFO: 17320781 :  64 - 00063                     	
19-12-30 22:20:01.522 - INFO: 17320781 :  65 - 00064                     	
19-12-30 22:20:36.161 - INFO: 17320781 :  66 - 00065                     	
19-12-30 22:21:10.798 - INFO: 17320781 :  67 - 00066                     	
19-12-30 22:21:45.441 - INFO: 17320781 :  68 - 00067                     	
19-12-30 22:22:20.076 - INFO: 17320781 :  69 - 00068                     	
19-12-30 22:22:54.725 - INFO: 17320781 :  70 - 00069                     	
19-12-30 22:23:29.351 - INFO: 17320781 :  71 - 00070                     	
19-12-30 22:24:03.991 - INFO: 17320781 :  72 - 00071                     	
19-12-30 22:24:38.633 - INFO: 17320781 :  73 - 00072                     	
19-12-30 22:25:13.268 - INFO: 17320781 :  74 - 00073                     	
19-12-30 22:25:47.904 - INFO: 17320781 :  75 - 00074                     	
19-12-30 22:26:22.547 - INFO: 17320781 :  76 - 00075                     	
19-12-30 22:26:57.175 - INFO: 17320781 :  77 - 00076                     	
19-12-30 22:27:31.807 - INFO: 17320781 :  78 - 00077                     	
19-12-30 22:28:06.432 - INFO: 17320781 :  79 - 00078                     	
19-12-30 22:28:41.050 - INFO: 17320781 :  80 - 00079                     	
19-12-30 22:29:15.676 - INFO: 17320781 :  81 - 00080                     	
19-12-30 22:29:50.303 - INFO: 17320781 :  82 - 00081                     	
19-12-30 22:30:24.933 - INFO: 17320781 :  83 - 00082                     	
19-12-30 22:30:59.563 - INFO: 17320781 :  84 - 00083                     	
19-12-30 22:31:34.185 - INFO: 17320781 :  85 - 00084                     	
19-12-30 22:32:08.834 - INFO: 17320781 :  86 - 00085                     	
19-12-30 22:32:43.471 - INFO: 17320781 :  87 - 00086                     	
19-12-30 22:33:18.096 - INFO: 17320781 :  88 - 00087                     	
19-12-30 22:33:52.720 - INFO: 17320781 :  89 - 00088                     	
19-12-30 22:34:27.337 - INFO: 17320781 :  90 - 00089                     	
19-12-30 22:35:01.959 - INFO: 17320781 :  91 - 00090                     	
19-12-30 22:35:36.580 - INFO: 17320781 :  92 - 00091                     	
19-12-30 22:36:11.198 - INFO: 17320781 :  93 - 00092                     	
19-12-30 22:36:45.822 - INFO: 17320781 :  94 - 00093                     	
19-12-30 22:37:20.440 - INFO: 17320781 :  95 - 00094                     	
19-12-30 22:37:55.045 - INFO: 17320781 :  96 - 00095                     	
19-12-30 22:38:29.662 - INFO: 17320781 :  97 - 00096                     	
19-12-30 22:39:04.282 - INFO: 17320781 :  98 - 00097                     	
19-12-30 22:39:38.888 - INFO: 17320781 :  99 - 00098                     	
19-12-30 22:40:13.523 - INFO: 17320781 : 100 - 00099                     	
19-12-30 22:41:03.671 - INFO: 17958496 :   1 - 00000                     	
19-12-30 22:41:38.269 - INFO: 17958496 :   2 - 00001                     	
19-12-30 22:42:12.883 - INFO: 17958496 :   3 - 00002                     	
19-12-30 22:42:47.465 - INFO: 17958496 :   4 - 00003                     	
19-12-30 22:43:22.037 - INFO: 17958496 :   5 - 00004                     	
19-12-30 22:43:56.612 - INFO: 17958496 :   6 - 00005                     	
19-12-30 22:44:31.184 - INFO: 17958496 :   7 - 00006                     	
19-12-30 22:45:05.750 - INFO: 17958496 :   8 - 00007                     	
19-12-30 22:45:40.297 - INFO: 17958496 :   9 - 00008                     	
19-12-30 22:46:14.867 - INFO: 17958496 :  10 - 00009                     	
19-12-30 22:46:49.431 - INFO: 17958496 :  11 - 00010                     	
19-12-30 22:47:24.001 - INFO: 17958496 :  12 - 00011                     	
19-12-30 22:47:58.555 - INFO: 17958496 :  13 - 00012                     	
19-12-30 22:48:33.110 - INFO: 17958496 :  14 - 00013                     	
19-12-30 22:49:07.662 - INFO: 17958496 :  15 - 00014                     	
19-12-30 22:49:42.227 - INFO: 17958496 :  16 - 00015                     	
19-12-30 22:50:16.790 - INFO: 17958496 :  17 - 00016                     	
19-12-30 22:50:51.360 - INFO: 17958496 :  18 - 00017                     	
19-12-30 22:51:25.915 - INFO: 17958496 :  19 - 00018                     	
19-12-30 22:52:00.480 - INFO: 17958496 :  20 - 00019                     	
19-12-30 22:52:35.038 - INFO: 17958496 :  21 - 00020                     	
19-12-30 22:53:09.601 - INFO: 17958496 :  22 - 00021                     	
19-12-30 22:53:44.159 - INFO: 17958496 :  23 - 00022                     	
19-12-30 22:54:18.718 - INFO: 17958496 :  24 - 00023                     	
19-12-30 22:54:57.429 - INFO: 17958496 :  25 - 00024                     	
19-12-30 22:55:32.167 - INFO: 17958496 :  26 - 00025                     	
19-12-30 22:56:06.729 - INFO: 17958496 :  27 - 00026                     	
19-12-30 22:56:41.300 - INFO: 17958496 :  28 - 00027                     	
19-12-30 22:57:15.860 - INFO: 17958496 :  29 - 00028                     	
19-12-30 22:57:50.432 - INFO: 17958496 :  30 - 00029                     	
19-12-30 22:58:24.997 - INFO: 17958496 :  31 - 00030                     	
19-12-30 22:58:59.636 - INFO: 17958496 :  32 - 00031                     	
19-12-30 22:59:34.216 - INFO: 17958496 :  33 - 00032                     	
19-12-30 23:00:08.781 - INFO: 17958496 :  34 - 00033                     	
19-12-30 23:00:43.345 - INFO: 17958496 :  35 - 00034                     	
19-12-30 23:01:17.898 - INFO: 17958496 :  36 - 00035                     	
19-12-30 23:01:52.469 - INFO: 17958496 :  37 - 00036                     	
19-12-30 23:02:27.056 - INFO: 17958496 :  38 - 00037                     	
19-12-30 23:03:01.641 - INFO: 17958496 :  39 - 00038                     	
19-12-30 23:03:36.227 - INFO: 17958496 :  40 - 00039                     	
19-12-30 23:04:10.793 - INFO: 17958496 :  41 - 00040                     	
19-12-30 23:04:45.372 - INFO: 17958496 :  42 - 00041                     	
19-12-30 23:05:19.964 - INFO: 17958496 :  43 - 00042                     	
19-12-30 23:05:54.541 - INFO: 17958496 :  44 - 00043                     	
19-12-30 23:06:29.112 - INFO: 17958496 :  45 - 00044                     	
19-12-30 23:07:03.695 - INFO: 17958496 :  46 - 00045                     	
19-12-30 23:07:38.292 - INFO: 17958496 :  47 - 00046                     	
19-12-30 23:08:12.942 - INFO: 17958496 :  48 - 00047                     	
19-12-30 23:08:47.545 - INFO: 17958496 :  49 - 00048                     	
19-12-30 23:09:22.236 - INFO: 17958496 :  50 - 00049                     	
19-12-30 23:09:56.844 - INFO: 17958496 :  51 - 00050                     	
19-12-30 23:10:31.438 - INFO: 17958496 :  52 - 00051                     	
19-12-30 23:11:06.033 - INFO: 17958496 :  53 - 00052                     	
19-12-30 23:11:40.637 - INFO: 17958496 :  54 - 00053                     	
19-12-30 23:12:15.240 - INFO: 17958496 :  55 - 00054                     	
19-12-30 23:12:49.847 - INFO: 17958496 :  56 - 00055                     	
19-12-30 23:13:24.456 - INFO: 17958496 :  57 - 00056                     	
19-12-30 23:13:59.055 - INFO: 17958496 :  58 - 00057                     	
19-12-30 23:14:33.659 - INFO: 17958496 :  59 - 00058                     	
19-12-30 23:15:08.268 - INFO: 17958496 :  60 - 00059                     	
19-12-30 23:15:44.031 - INFO: 17958496 :  61 - 00060                     	
19-12-30 23:16:18.672 - INFO: 17958496 :  62 - 00061                     	
19-12-30 23:16:53.289 - INFO: 17958496 :  63 - 00062                     	
19-12-30 23:17:27.916 - INFO: 17958496 :  64 - 00063                     	
19-12-30 23:18:02.528 - INFO: 17958496 :  65 - 00064                     	
19-12-30 23:18:37.164 - INFO: 17958496 :  66 - 00065                     	
19-12-30 23:19:11.792 - INFO: 17958496 :  67 - 00066                     	
19-12-30 23:19:46.424 - INFO: 17958496 :  68 - 00067                     	
19-12-30 23:20:21.243 - INFO: 17958496 :  69 - 00068                     	
19-12-30 23:20:55.897 - INFO: 17958496 :  70 - 00069                     	
19-12-30 23:21:30.578 - INFO: 17958496 :  71 - 00070                     	
19-12-30 23:22:05.285 - INFO: 17958496 :  72 - 00071                     	
19-12-30 23:22:39.981 - INFO: 17958496 :  73 - 00072                     	
19-12-30 23:23:14.650 - INFO: 17958496 :  74 - 00073                     	
19-12-30 23:23:49.403 - INFO: 17958496 :  75 - 00074                     	
19-12-30 23:24:24.073 - INFO: 17958496 :  76 - 00075                     	
19-12-30 23:24:58.746 - INFO: 17958496 :  77 - 00076                     	
19-12-30 23:25:33.436 - INFO: 17958496 :  78 - 00077                     	
19-12-30 23:26:08.133 - INFO: 17958496 :  79 - 00078                     	
19-12-30 23:26:42.832 - INFO: 17958496 :  80 - 00079                     	
19-12-30 23:27:17.497 - INFO: 17958496 :  81 - 00080                     	
19-12-30 23:27:52.171 - INFO: 17958496 :  82 - 00081                     	
19-12-30 23:28:26.835 - INFO: 17958496 :  83 - 00082                     	
19-12-30 23:29:01.510 - INFO: 17958496 :  84 - 00083                     	
19-12-30 23:29:36.221 - INFO: 17958496 :  85 - 00084                     	
19-12-30 23:30:10.897 - INFO: 17958496 :  86 - 00085                     	
19-12-30 23:30:45.570 - INFO: 17958496 :  87 - 00086                     	
19-12-30 23:31:20.238 - INFO: 17958496 :  88 - 00087                     	
19-12-30 23:31:54.902 - INFO: 17958496 :  89 - 00088                     	
19-12-30 23:32:29.579 - INFO: 17958496 :  90 - 00089                     	
19-12-30 23:33:04.250 - INFO: 17958496 :  91 - 00090                     	
19-12-30 23:33:38.920 - INFO: 17958496 :  92 - 00091                     	
19-12-30 23:34:13.621 - INFO: 17958496 :  93 - 00092                     	
19-12-30 23:34:48.310 - INFO: 17958496 :  94 - 00093                     	
19-12-30 23:35:22.967 - INFO: 17958496 :  95 - 00094                     	
19-12-30 23:35:57.638 - INFO: 17958496 :  96 - 00095                     	
19-12-30 23:36:32.302 - INFO: 17958496 :  97 - 00096                     	
19-12-30 23:37:06.956 - INFO: 17958496 :  98 - 00097                     	
19-12-30 23:37:41.604 - INFO: 17958496 :  99 - 00098                     	
19-12-30 23:38:16.127 - INFO: 17958496 : 100 - 00099                     	
19-12-30 23:38:16.127 - INFO: Data: sharp_bicubic - /lustre/home/acct-eezy/eezy/4khdr/data/Dataset/test_540p
19-12-30 23:38:16.127 - INFO: Padding mode: new_info
19-12-30 23:38:16.127 - INFO: Model path: /lustre/home/acct-eezy/eezy/4khdr/codes/experiments/train_EDVR_L_Preload_30000_nobug_ssim_10_LR_1e_5_suzhou_remove_baddata/models/latest_G.pth
19-12-30 23:38:16.127 - INFO: Save images: True
19-12-30 23:38:16.127 - INFO: Flip test: False
