OrderedDict([('pretrain_model_G', '/mnt/lustre/shanghai/cmic/home/xyz18/experiments/train_EDVR_L_Preload_30000_nobug_ssim_11_LR_1e_5_suzhou_remove_baddata/models/latest_G.pth'), ('save_path', '/mnt/lustre/shanghai/cmic/home/xyz18/'), ('strict_load', True), ('resume_state', None)])
GPU  1
Evaluate Folders:  20374815
Init pad right/bottom 0 / 0
*****************current image process time 	 42.275715351104736s ******************
Init pad right/bottom 0 / 0
*****************current image process time 	 76.93883657455444s ******************
Init pad right/bottom 0 / 0
*****************current image process time 	 111.56504797935486s ******************
Init pad right/bottom 0 / 0
*****************current image process time 	 146.2046253681183s ******************
Init pad right/bottom 0 / 0
*****************current image process time 	 180.8298761844635s ******************
Init pad right/bottom 0 / 0
*****************current image process time 	 215.4577922821045s ******************
Init pad right/bottom 0 / 0
*****************current image process time 	 250.0889174938202s ******************
Init pad right/bottom 0 / 0
*****************current image process time 	 284.72256898880005s ******************
Init pad right/bottom 0 / 0
*****************current image process time 	 319.34286427497864s ******************
Init pad right/bottom 0 / 0
*****************current image process time 	 353.96437215805054s ******************
Init pad right/bottom 0 / 0
*****************current image process time 	 388.59410405158997s ******************
Init pad right/bottom 0 / 0
*****************current image process time 	 423.21239280700684s ******************
Init pad right/bottom 0 / 0
*****************current image process time 	 457.81603717803955s ******************
Init pad right/bottom 0 / 0
*****************current image process time 	 492.4331338405609s ******************
Init pad right/bottom 0 / 0
*****************current image process time 	 527.0625445842743s ******************
Init pad right/bottom 0 / 0
*****************current image process time 	 561.6733086109161s ******************
Init pad right/bottom 0 / 0
*****************current image process time 	 596.2998394966125s ******************
Init pad right/bottom 0 / 0
*****************current image process time 	 630.9093794822693s ******************
Init pad right/bottom 0 / 0
*****************current image process time 	 665.526284456253s ******************
Init pad right/bottom 0 / 0
*****************current image process time 	 700.1539890766144s ******************
Init pad right/bottom 0 / 0
*****************current image process time 	 734.7628610134125s ******************
Init pad right/bottom 0 / 0
*****************current image process time 	 769.3727600574493s ******************
Init pad right/bottom 0 / 0
*****************current image process time 	 803.9801497459412s ******************
Init pad right/bottom 0 / 0
*****************current image process time 	 838.5863156318665s ******************
Init pad right/bottom 0 / 0
*****************current image process time 	 873.2080783843994s ******************
Init pad right/bottom 0 / 0
*****************current image process time 	 907.8168797492981s ******************
Init pad right/bottom 0 / 0
*****************current image process time 	 942.4133937358856s ******************
Init pad right/bottom 0 / 0
*****************current image process time 	 977.0139377117157s ******************
Init pad right/bottom 0 / 0
*****************current image process time 	 1011.6065967082977s ******************
Init pad right/bottom 0 / 0
*****************current image process time 	 1046.1989257335663s ******************
Init pad right/bottom 0 / 0
*****************current image process time 	 1080.792108297348s ******************
Init pad right/bottom 0 / 0
*****************current image process time 	 1115.3913481235504s ******************
Init pad right/bottom 0 / 0
*****************current image process time 	 1149.9825179576874s ******************
Init pad right/bottom 0 / 0
*****************current image process time 	 1184.572847366333s ******************
Init pad right/bottom 0 / 0
*****************current image process time 	 1219.17027926445s ******************
Init pad right/bottom 0 / 0
*****************current image process time 	 1253.7613370418549s ******************
Init pad right/bottom 0 / 0
*****************current image process time 	 1288.3625373840332s ******************
Init pad right/bottom 0 / 0
*****************current image process time 	 1322.9573640823364s ******************
Init pad right/bottom 0 / 0
*****************current image process time 	 1357.560038805008s ******************
Init pad right/bottom 0 / 0
*****************current image process time 	 1392.1596207618713s ******************
Init pad right/bottom 0 / 0
*****************current image process time 	 1426.754967212677s ******************
Init pad right/bottom 0 / 0
*****************current image process time 	 1461.3570630550385s ******************
Init pad right/bottom 0 / 0
*****************current image process time 	 1495.9595317840576s ******************
Init pad right/bottom 0 / 0
*****************current image process time 	 1530.5614142417908s ******************
Init pad right/bottom 0 / 0
*****************current image process time 	 1565.1743927001953s ******************
Init pad right/bottom 0 / 0
*****************current image process time 	 1599.7754080295563s ******************
Init pad right/bottom 0 / 0
*****************current image process time 	 1634.3798997402191s ******************
Init pad right/bottom 0 / 0
*****************current image process time 	 1668.9854273796082s ******************
Init pad right/bottom 0 / 0
*****************current image process time 	 1703.5834641456604s ******************
Init pad right/bottom 0 / 0
*****************current image process time 	 1738.1996595859528s ******************
Init pad right/bottom 0 / 0
*****************current image process time 	 1772.8073616027832s ******************
Init pad right/bottom 0 / 0
*****************current image process time 	 1807.3921370506287s ******************
Init pad right/bottom 0 / 0
*****************current image process time 	 1841.980177640915s ******************
Init pad right/bottom 0 / 0
*****************current image process time 	 1876.551130771637s ******************
Init pad right/bottom 0 / 0
*****************current image process time 	 1911.1353261470795s ******************
Init pad right/bottom 0 / 0
*****************current image process time 	 1945.7204859256744s ******************
Init pad right/bottom 0 / 0
*****************current image process time 	 1980.295226097107s ******************
Init pad right/bottom 0 / 0
*****************current image process time 	 2014.8695931434631s ******************
Init pad right/bottom 0 / 0
*****************current image process time 	 2049.4392018318176s ******************
Init pad right/bottom 0 / 0
*****************current image process time 	 2084.0150849819183s ******************
Init pad right/bottom 0 / 0
*****************current image process time 	 2118.588011741638s ******************
Init pad right/bottom 0 / 0
*****************current image process time 	 2153.1662740707397s ******************
Init pad right/bottom 0 / 0
*****************current image process time 	 2187.7442984580994s ******************
Init pad right/bottom 0 / 0
*****************current image process time 	 2222.324066877365s ******************
Init pad right/bottom 0 / 0
*****************current image process time 	 2256.8963503837585s ******************
Init pad right/bottom 0 / 0
*****************current image process time 	 2291.469774246216s ******************
Init pad right/bottom 0 / 0
*****************current image process time 	 2326.046009540558s ******************
Init pad right/bottom 0 / 0
*****************current image process time 	 2360.625377893448s ******************
Init pad right/bottom 0 / 0
*****************current image process time 	 2395.215931892395s ******************
Init pad right/bottom 0 / 0
*****************current image process time 	 2429.8110563755035s ******************
Init pad right/bottom 0 / 0
*****************current image process time 	 2464.3875176906586s ******************
Init pad right/bottom 0 / 0
*****************current image process time 	 2498.977029800415s ******************
Init pad right/bottom 0 / 0
*****************current image process time 	 2533.561733484268s ******************
Init pad right/bottom 0 / 0
*****************current image process time 	 2568.1573326587677s ******************
Init pad right/bottom 0 / 0
*****************current image process time 	 2602.7529973983765s ******************
Init pad right/bottom 0 / 0
*****************current image process time 	 2637.345184803009s ******************
Init pad right/bottom 0 / 0
*****************current image process time 	 2671.9460940361023s ******************
Init pad right/bottom 0 / 0
*****************current image process time 	 2706.5326335430145s ******************
Init pad right/bottom 0 / 0
*****************current image process time 	 2741.101976633072s ******************
Init pad right/bottom 0 / 0
*****************current image process time 	 2775.6803658008575s ******************
Init pad right/bottom 0 / 0
*****************current image process time 	 2810.268842458725s ******************
Init pad right/bottom 0 / 0
*****************current image process time 	 2844.856511116028s ******************
Init pad right/bottom 0 / 0
*****************current image process time 	 2879.449859380722s ******************
Init pad right/bottom 0 / 0
*****************current image process time 	 2914.045478105545s ******************
Init pad right/bottom 0 / 0
*****************current image process time 	 2948.649235725403s ******************
Init pad right/bottom 0 / 0
*****************current image process time 	 2983.254289150238s ******************
Init pad right/bottom 0 / 0
*****************current image process time 	 3017.8803594112396s ******************
Init pad right/bottom 0 / 0
*****************current image process time 	 3052.496970176697s ******************
Init pad right/bottom 0 / 0
*****************current image process time 	 3087.126310110092s ******************
Init pad right/bottom 0 / 0
*****************current image process time 	 3121.838646173477s ******************
Init pad right/bottom 0 / 0
*****************current image process time 	 3156.4506804943085s ******************
Init pad right/bottom 0 / 0
*****************current image process time 	 3191.0660185813904s ******************
Init pad right/bottom 0 / 0
*****************current image process time 	 3225.6797456741333s ******************
Init pad right/bottom 0 / 0
*****************current image process time 	 3260.2904992103577s ******************
Init pad right/bottom 0 / 0
*****************current image process time 	 3294.8987362384796s ******************
Init pad right/bottom 0 / 0
*****************current image process time 	 3329.5233011245728s ******************
Init pad right/bottom 0 / 0
*****************current image process time 	 3364.126297235489s ******************
Init pad right/bottom 0 / 0
*****************current image process time 	 3398.727653980255s ******************
Init pad right/bottom 0 / 0
*****************current image process time 	 3433.306242465973s ******************
Init pad right/bottom 0 / 0
*****************current image process time 	 3467.8997304439545s ******************
Evaluate Folders:  22281594
Init pad right/bottom 0 / 0
*****************current image process time 	 3509.0648789405823s ******************
Init pad right/bottom 0 / 0
*****************current image process time 	 3543.714597225189s ******************
Init pad right/bottom 0 / 0
*****************current image process time 	 3578.3623564243317s ******************
Init pad right/bottom 0 / 0
*****************current image process time 	 3613.0038356781006s ******************
Init pad right/bottom 0 / 0
*****************current image process time 	 3647.656205892563s ******************
Init pad right/bottom 0 / 0
*****************current image process time 	 3682.2980806827545s ******************
Init pad right/bottom 0 / 0
*****************current image process time 	 3716.941059112549s ******************
Init pad right/bottom 0 / 0
*****************current image process time 	 3751.5822772979736s ******************
Init pad right/bottom 0 / 0
*****************current image process time 	 3786.231799840927s ******************
Init pad right/bottom 0 / 0
*****************current image process time 	 3820.8788249492645s ******************
Init pad right/bottom 0 / 0
*****************current image process time 	 3855.515486717224s ******************
Init pad right/bottom 0 / 0
*****************current image process time 	 3890.1518983840942s ******************
Init pad right/bottom 0 / 0
*****************current image process time 	 3925.4047586917877s ******************
Init pad right/bottom 0 / 0
*****************current image process time 	 3960.048523426056s ******************
Init pad right/bottom 0 / 0
*****************current image process time 	 3994.698632001877s ******************
Init pad right/bottom 0 / 0
*****************current image process time 	 4029.341696023941s ******************
Init pad right/bottom 0 / 0
*****************current image process time 	 4063.9887039661407s ******************
Init pad right/bottom 0 / 0
*****************current image process time 	 4098.634512662888s ******************
Init pad right/bottom 0 / 0
*****************current image process time 	 4133.270303964615s ******************
Init pad right/bottom 0 / 0
*****************current image process time 	 4167.911273479462s ******************
Init pad right/bottom 0 / 0
*****************current image process time 	 4202.559315443039s ******************
Init pad right/bottom 0 / 0
*****************current image process time 	 4237.203525304794s ******************
Init pad right/bottom 0 / 0
*****************current image process time 	 4271.848301410675s ******************
Init pad right/bottom 0 / 0
*****************current image process time 	 4306.5007147789s ******************
Init pad right/bottom 0 / 0
*****************current image process time 	 4341.1403341293335s ******************
Init pad right/bottom 0 / 0
*****************current image process time 	 4375.780832290649s ******************
Init pad right/bottom 0 / 0
*****************current image process time 	 4410.436138153076s ******************
Init pad right/bottom 0 / 0
*****************current image process time 	 4445.074065208435s ******************
Init pad right/bottom 0 / 0
*****************current image process time 	 4479.718173742294s ******************
Init pad right/bottom 0 / 0
*****************current image process time 	 4514.363876819611s ******************
Init pad right/bottom 0 / 0
*****************current image process time 	 4549.000613927841s ******************
Init pad right/bottom 0 / 0
*****************current image process time 	 4583.640451431274s ******************
Init pad right/bottom 0 / 0
*****************current image process time 	 4618.28489613533s ******************
Init pad right/bottom 0 / 0
*****************current image process time 	 4652.926333427429s ******************
Init pad right/bottom 0 / 0
*****************current image process time 	 4687.561122179031s ******************
Init pad right/bottom 0 / 0
*****************current image process time 	 4722.214835643768s ******************
Init pad right/bottom 0 / 0
*****************current image process time 	 4756.854619264603s ******************
Init pad right/bottom 0 / 0
*****************current image process time 	 4791.494685173035s ******************
Init pad right/bottom 0 / 0
*****************current image process time 	 4826.139895200729s ******************
Init pad right/bottom 0 / 0
*****************current image process time 	 4860.786546468735s ******************
Init pad right/bottom 0 / 0
*****************current image process time 	 4895.428247690201s ******************
Init pad right/bottom 0 / 0
*****************current image process time 	 4930.08007979393s ******************
Init pad right/bottom 0 / 0
*****************current image process time 	 4964.718552350998s ******************
Init pad right/bottom 0 / 0
*****************current image process time 	 4999.362371206284s ******************
Init pad right/bottom 0 / 0
*****************current image process time 	 5033.994271993637s ******************
Init pad right/bottom 0 / 0
*****************current image process time 	 5068.6293404102325s ******************
Init pad right/bottom 0 / 0
*****************current image process time 	 5103.250462055206s ******************
Init pad right/bottom 0 / 0
*****************current image process time 	 5137.874663114548s ******************
Init pad right/bottom 0 / 0
*****************current image process time 	 5172.498420953751s ******************
Init pad right/bottom 0 / 0
*****************current image process time 	 5207.119216442108s ******************
Init pad right/bottom 0 / 0
*****************current image process time 	 5241.736371517181s ******************
Init pad right/bottom 0 / 0
*****************current image process time 	 5276.354495048523s ******************
Init pad right/bottom 0 / 0
*****************current image process time 	 5310.981536626816s ******************
Init pad right/bottom 0 / 0
*****************current image process time 	 5345.605078935623s ******************
Init pad right/bottom 0 / 0
*****************current image process time 	 5380.228745698929s ******************
Init pad right/bottom 0 / 0
*****************current image process time 	 5414.875654697418s ******************
Init pad right/bottom 0 / 0
*****************current image process time 	 5449.495876550674s ******************
Init pad right/bottom 0 / 0
*****************current image process time 	 5484.125068902969s ******************
Init pad right/bottom 0 / 0
*****************current image process time 	 5518.745898723602s ******************
Init pad right/bottom 0 / 0
*****************current image process time 	 5553.371935367584s ******************
Init pad right/bottom 0 / 0
*****************current image process time 	 5587.99112868309s ******************
Init pad right/bottom 0 / 0
*****************current image process time 	 5622.614927768707s ******************
Init pad right/bottom 0 / 0
*****************current image process time 	 5657.231150388718s ******************
Init pad right/bottom 0 / 0
*****************current image process time 	 5691.850293397903s ******************
Init pad right/bottom 0 / 0
*****************current image process time 	 5726.471074819565s ******************
Init pad right/bottom 0 / 0
*****************current image process time 	 5761.1006054878235s ******************
Init pad right/bottom 0 / 0
*****************current image process time 	 5795.722672700882s ******************
Init pad right/bottom 0 / 0
*****************current image process time 	 5830.342123746872s ******************
Init pad right/bottom 0 / 0
*****************current image process time 	 5864.957327842712s ******************
Init pad right/bottom 0 / 0
*****************current image process time 	 5899.583873510361s ******************
Init pad right/bottom 0 / 0
*****************current image process time 	 5934.202259063721s ******************
Init pad right/bottom 0 / 0
*****************current image process time 	 5968.8302273750305s ******************
Init pad right/bottom 0 / 0
*****************current image process time 	 6003.451536178589s ******************
Init pad right/bottom 0 / 0
*****************current image process time 	 6038.071774959564s ******************
Init pad right/bottom 0 / 0
*****************current image process time 	 6072.690118074417s ******************
Init pad right/bottom 0 / 0
*****************current image process time 	 6107.307696819305s ******************
Init pad right/bottom 0 / 0
*****************current image process time 	 6141.929993867874s ******************
Init pad right/bottom 0 / 0
*****************current image process time 	 6176.556913852692s ******************
Init pad right/bottom 0 / 0
*****************current image process time 	 6211.18444442749s ******************
Init pad right/bottom 0 / 0
*****************current image process time 	 6245.8073971271515s ******************
Init pad right/bottom 0 / 0
*****************current image process time 	 6280.430623531342s ******************
Init pad right/bottom 0 / 0
*****************current image process time 	 6315.046458005905s ******************
Init pad right/bottom 0 / 0
*****************current image process time 	 6349.666312456131s ******************
Init pad right/bottom 0 / 0
*****************current image process time 	 6384.29977273941s ******************
Init pad right/bottom 0 / 0
*****************current image process time 	 6418.9206635952s ******************
Init pad right/bottom 0 / 0
*****************current image process time 	 6453.552882909775s ******************
Init pad right/bottom 0 / 0
*****************current image process time 	 6488.173187255859s ******************
Init pad right/bottom 0 / 0
*****************current image process time 	 6522.799680233002s ******************
Init pad right/bottom 0 / 0
*****************current image process time 	 6557.413751363754s ******************
Init pad right/bottom 0 / 0
*****************current image process time 	 6592.0415415763855s ******************
Init pad right/bottom 0 / 0
*****************current image process time 	 6626.66429233551s ******************
Init pad right/bottom 0 / 0
*****************current image process time 	 6661.296406507492s ******************
Init pad right/bottom 0 / 0
*****************current image process time 	 6695.920726299286s ******************
Init pad right/bottom 0 / 0
*****************current image process time 	 6730.551152944565s ******************
Init pad right/bottom 0 / 0
*****************current image process time 	 6765.172563076019s ******************
Init pad right/bottom 0 / 0
*****************current image process time 	 6799.79391002655s ******************
Init pad right/bottom 0 / 0
*****************current image process time 	 6834.419339418411s ******************
Init pad right/bottom 0 / 0
*****************current image process time 	 6869.050307273865s ******************
Init pad right/bottom 0 / 0
*****************current image process time 	 6903.671866893768s ******************
Init pad right/bottom 0 / 0
*****************current image process time 	 6938.3030478954315s ******************
Evaluate Folders:  22766293
Init pad right/bottom 0 / 0
*****************current image process time 	 6980.242518186569s ******************
Init pad right/bottom 0 / 0
*****************current image process time 	 7014.867131233215s ******************
Init pad right/bottom 0 / 0
*****************current image process time 	 7049.499138116837s ******************
Init pad right/bottom 0 / 0
*****************current image process time 	 7084.12157034874s ******************
Init pad right/bottom 0 / 0
*****************current image process time 	 7118.75755238533s ******************
Init pad right/bottom 0 / 0
*****************current image process time 	 7153.3844602108s ******************
Init pad right/bottom 0 / 0
*****************current image process time 	 7188.0111792087555s ******************
Init pad right/bottom 0 / 0
*****************current image process time 	 7222.644486665726s ******************
Init pad right/bottom 0 / 0
*****************current image process time 	 7257.276594400406s ******************
Init pad right/bottom 0 / 0
*****************current image process time 	 7291.912113428116s ******************
Init pad right/bottom 0 / 0
*****************current image process time 	 7326.556268692017s ******************
Init pad right/bottom 0 / 0
*****************current image process time 	 7361.189427614212s ******************
Init pad right/bottom 0 / 0
*****************current image process time 	 7395.823045730591s ******************
Init pad right/bottom 0 / 0
*****************current image process time 	 7430.45783996582s ******************
Init pad right/bottom 0 / 0
*****************current image process time 	 7465.088797569275s ******************
Init pad right/bottom 0 / 0
*****************current image process time 	 7499.741664886475s ******************
Init pad right/bottom 0 / 0
*****************current image process time 	 7534.368543386459s ******************
Init pad right/bottom 0 / 0
*****************current image process time 	 7568.997440576553s ******************
Init pad right/bottom 0 / 0
*****************current image process time 	 7603.6278240680695s ******************
Init pad right/bottom 0 / 0
*****************current image process time 	 7638.266112565994s ******************
Init pad right/bottom 0 / 0
*****************current image process time 	 7672.906508922577s ******************
Init pad right/bottom 0 / 0
*****************current image process time 	 7707.550500631332s ******************
Init pad right/bottom 0 / 0
*****************current image process time 	 7742.1974194049835s ******************
Init pad right/bottom 0 / 0
*****************current image process time 	 7776.87396979332s ******************
Init pad right/bottom 0 / 0
*****************current image process time 	 7811.516171455383s ******************
Init pad right/bottom 0 / 0
*****************current image process time 	 7846.168611288071s ******************
Init pad right/bottom 0 / 0
*****************current image process time 	 7881.079607009888s ******************
Init pad right/bottom 0 / 0
*****************current image process time 	 7915.722534656525s ******************
Init pad right/bottom 0 / 0
*****************current image process time 	 7950.362861156464s ******************
Init pad right/bottom 0 / 0
*****************current image process time 	 7985.193679571152s ******************
Init pad right/bottom 0 / 0
*****************current image process time 	 8019.829154253006s ******************
Init pad right/bottom 0 / 0
*****************current image process time 	 8054.461507797241s ******************
Init pad right/bottom 0 / 0
*****************current image process time 	 8089.096749305725s ******************
Init pad right/bottom 0 / 0
*****************current image process time 	 8123.728317975998s ******************
Init pad right/bottom 0 / 0
*****************current image process time 	 8158.358489990234s ******************
Init pad right/bottom 0 / 0
*****************current image process time 	 8193.002223491669s ******************
Init pad right/bottom 0 / 0
*****************current image process time 	 8227.634428977966s ******************
Init pad right/bottom 0 / 0
*****************current image process time 	 8262.274826049805s ******************
Init pad right/bottom 0 / 0
*****************current image process time 	 8296.91407418251s ******************
Init pad right/bottom 0 / 0
*****************current image process time 	 8331.551738023758s ******************
Init pad right/bottom 0 / 0
*****************current image process time 	 8366.188304185867s ******************
Init pad right/bottom 0 / 0
*****************current image process time 	 8400.83037161827s ******************
Init pad right/bottom 0 / 0
*****************current image process time 	 8435.462300300598s ******************
Init pad right/bottom 0 / 0
*****************current image process time 	 8470.098662376404s ******************
Init pad right/bottom 0 / 0
*****************current image process time 	 8504.735173225403s ******************
Init pad right/bottom 0 / 0
*****************current image process time 	 8539.374034643173s ******************
Init pad right/bottom 0 / 0
*****************current image process time 	 8573.999932527542s ******************
Init pad right/bottom 0 / 0
*****************current image process time 	 8608.633331775665s ******************
Init pad right/bottom 0 / 0
*****************current image process time 	 8643.268779754639s ******************
Init pad right/bottom 0 / 0
*****************current image process time 	 8677.899285793304s ******************
Init pad right/bottom 0 / 0
*****************current image process time 	 8712.534371137619s ******************
Init pad right/bottom 0 / 0
*****************current image process time 	 8747.1607940197s ******************
Init pad right/bottom 0 / 0
*****************current image process time 	 8781.789963006973s ******************
Init pad right/bottom 0 / 0
*****************current image process time 	 8816.427013874054s ******************
Init pad right/bottom 0 / 0
*****************current image process time 	 8851.063025951385s ******************
Init pad right/bottom 0 / 0
*****************current image process time 	 8885.699877738953s ******************
Init pad right/bottom 0 / 0
*****************current image process time 	 8920.337923049927s ******************
Init pad right/bottom 0 / 0
*****************current image process time 	 8954.967693090439s ******************
Init pad right/bottom 0 / 0
*****************current image process time 	 8989.925298452377s ******************
Init pad right/bottom 0 / 0
*****************current image process time 	 9024.560963869095s ******************
Init pad right/bottom 0 / 0
*****************current image process time 	 9060.698346614838s ******************
Init pad right/bottom 0 / 0
*****************current image process time 	 9095.329842567444s ******************
Init pad right/bottom 0 / 0
*****************current image process time 	 9129.958352327347s ******************
Init pad right/bottom 0 / 0
*****************current image process time 	 9164.58699131012s ******************
Init pad right/bottom 0 / 0
*****************current image process time 	 9199.226276636124s ******************
Init pad right/bottom 0 / 0
*****************current image process time 	 9233.867323875427s ******************
Init pad right/bottom 0 / 0
*****************current image process time 	 9268.50698685646s ******************
Init pad right/bottom 0 / 0
*****************current image process time 	 9303.138980388641s ******************
Init pad right/bottom 0 / 0
*****************current image process time 	 9337.771432161331s ******************
Init pad right/bottom 0 / 0
*****************current image process time 	 9372.402174949646s ******************
Init pad right/bottom 0 / 0
*****************current image process time 	 9407.032117128372s ******************
Init pad right/bottom 0 / 0
*****************current image process time 	 9441.662798643112s ******************
Init pad right/bottom 0 / 0
*****************current image process time 	 9476.294934749603s ******************
Init pad right/bottom 0 / 0
*****************current image process time 	 9510.92750453949s ******************
Init pad right/bottom 0 / 0
*****************current image process time 	 9545.559883356094s ******************
Init pad right/bottom 0 / 0
*****************current image process time 	 9580.215912818909s ******************
Init pad right/bottom 0 / 0
*****************current image process time 	 9614.862268447876s ******************
Init pad right/bottom 0 / 0
*****************current image process time 	 9649.51484823227s ******************
Init pad right/bottom 0 / 0
*****************current image process time 	 9684.143416166306s ******************
Init pad right/bottom 0 / 0
*****************current image process time 	 9719.416206121445s ******************
Init pad right/bottom 0 / 0
*****************current image process time 	 9754.186455249786s ******************
Init pad right/bottom 0 / 0
*****************current image process time 	 9788.816842794418s ******************
Init pad right/bottom 0 / 0
*****************current image process time 	 9823.552666425705s ******************
Init pad right/bottom 0 / 0
*****************current image process time 	 9858.19226717949s ******************
Init pad right/bottom 0 / 0
*****************current image process time 	 9892.823009252548s ******************
Init pad right/bottom 0 / 0
*****************current image process time 	 9927.45967245102s ******************
Init pad right/bottom 0 / 0
*****************current image process time 	 9962.090844869614s ******************
Init pad right/bottom 0 / 0
*****************current image process time 	 9996.718840122223s ******************
Init pad right/bottom 0 / 0
*****************current image process time 	 10031.359061956406s ******************
Init pad right/bottom 0 / 0
*****************current image process time 	 10065.987519264221s ******************
Init pad right/bottom 0 / 0
*****************current image process time 	 10100.608936548233s ******************
Init pad right/bottom 0 / 0
*****************current image process time 	 10135.243322610855s ******************
Init pad right/bottom 0 / 0
*****************current image process time 	 10169.865336418152s ******************
Init pad right/bottom 0 / 0
*****************current image process time 	 10204.495091438293s ******************
Init pad right/bottom 0 / 0
*****************current image process time 	 10239.122178316116s ******************
Init pad right/bottom 0 / 0
*****************current image process time 	 10273.746667146683s ******************
Init pad right/bottom 0 / 0
*****************current image process time 	 10308.384510993958s ******************
Init pad right/bottom 0 / 0
*****************current image process time 	 10343.0091650486s ******************
Init pad right/bottom 0 / 0
*****************current image process time 	 10377.645255565643s ******************
Init pad right/bottom 0 / 0
*****************current image process time 	 10412.291888475418s ******************
Evaluate Folders:  23117385
Init pad right/bottom 0 / 0
*****************current image process time 	 10454.036837339401s ******************
Init pad right/bottom 0 / 0
*****************current image process time 	 10488.603791713715s ******************
Init pad right/bottom 0 / 0
*****************current image process time 	 10523.170817136765s ******************
Init pad right/bottom 0 / 0
*****************current image process time 	 10557.737138986588s ******************
Init pad right/bottom 0 / 0
*****************current image process time 	 10592.310870409012s ******************
Init pad right/bottom 0 / 0
*****************current image process time 	 10626.886051654816s ******************
Init pad right/bottom 0 / 0
*****************current image process time 	 10661.461305141449s ******************
Init pad right/bottom 0 / 0
*****************current image process time 	 10696.047397136688s ******************
Init pad right/bottom 0 / 0
*****************current image process time 	 10730.632515907288s ******************
Init pad right/bottom 0 / 0
*****************current image process time 	 10765.232295036316s ******************
Init pad right/bottom 0 / 0
*****************current image process time 	 10799.809755325317s ******************
Init pad right/bottom 0 / 0
*****************current image process time 	 10834.399476766586s ******************
Init pad right/bottom 0 / 0
*****************current image process time 	 10868.993441820145s ******************
Init pad right/bottom 0 / 0
*****************current image process time 	 10903.581136703491s ******************
Init pad right/bottom 0 / 0
*****************current image process time 	 10938.169137954712s ******************
Init pad right/bottom 0 / 0
*****************current image process time 	 10972.763704061508s ******************
Init pad right/bottom 0 / 0
*****************current image process time 	 11007.347746372223s ******************
Init pad right/bottom 0 / 0
*****************current image process time 	 11041.934045791626s ******************
Init pad right/bottom 0 / 0
*****************current image process time 	 11076.520386695862s ******************
Init pad right/bottom 0 / 0
*****************current image process time 	 11111.110482692719s ******************
Init pad right/bottom 0 / 0
*****************current image process time 	 11148.240530490875s ******************
Init pad right/bottom 0 / 0
*****************current image process time 	 11182.832097053528s ******************
Init pad right/bottom 0 / 0
*****************current image process time 	 11217.421264410019s ******************
Init pad right/bottom 0 / 0
*****************current image process time 	 11252.018252849579s ******************
Init pad right/bottom 0 / 0
*****************current image process time 	 11286.609397888184s ******************
Init pad right/bottom 0 / 0
*****************current image process time 	 11321.201736211777s ******************
Init pad right/bottom 0 / 0
*****************current image process time 	 11355.791792154312s ******************
Init pad right/bottom 0 / 0
*****************current image process time 	 11390.388534784317s ******************
Init pad right/bottom 0 / 0
*****************current image process time 	 11425.00461935997s ******************
Init pad right/bottom 0 / 0
*****************current image process time 	 11459.602023124695s ******************
Init pad right/bottom 0 / 0
*****************current image process time 	 11494.200620412827s ******************
Init pad right/bottom 0 / 0
*****************current image process time 	 11528.793736457825s ******************
Init pad right/bottom 0 / 0
*****************current image process time 	 11563.383494377136s ******************
Init pad right/bottom 0 / 0
*****************current image process time 	 11597.978121519089s ******************
Init pad right/bottom 0 / 0
*****************current image process time 	 11632.561694145203s ******************
Init pad right/bottom 0 / 0
*****************current image process time 	 11667.157005786896s ******************
Init pad right/bottom 0 / 0
*****************current image process time 	 11701.75025510788s ******************
Init pad right/bottom 0 / 0
*****************current image process time 	 11736.347450256348s ******************
Init pad right/bottom 0 / 0
*****************current image process time 	 11770.937983751297s ******************
Init pad right/bottom 0 / 0
*****************current image process time 	 11805.549212932587s ******************
Init pad right/bottom 0 / 0
*****************current image process time 	 11840.184005022049s ******************
Init pad right/bottom 0 / 0
*****************current image process time 	 11874.800453186035s ******************
Init pad right/bottom 0 / 0
*****************current image process time 	 11909.411607027054s ******************
Init pad right/bottom 0 / 0
*****************current image process time 	 11944.023507356644s ******************
Init pad right/bottom 0 / 0
*****************current image process time 	 11978.618237733841s ******************
Init pad right/bottom 0 / 0
*****************current image process time 	 12013.214563131332s ******************
Init pad right/bottom 0 / 0
*****************current image process time 	 12047.800994873047s ******************
Init pad right/bottom 0 / 0
*****************current image process time 	 12082.3932056427s ******************
Init pad right/bottom 0 / 0
*****************current image process time 	 12116.987905979156s ******************
Init pad right/bottom 0 / 0
*****************current image process time 	 12151.587398529053s ******************
Init pad right/bottom 0 / 0
*****************current image process time 	 12186.191249608994s ******************
Init pad right/bottom 0 / 0
*****************current image process time 	 12220.757977247238s ******************
Init pad right/bottom 0 / 0
*****************current image process time 	 12255.327441453934s ******************
Init pad right/bottom 0 / 0
*****************current image process time 	 12289.883503198624s ******************
Init pad right/bottom 0 / 0
*****************current image process time 	 12324.445475816727s ******************
Init pad right/bottom 0 / 0
*****************current image process time 	 12359.013108730316s ******************
Init pad right/bottom 0 / 0
*****************current image process time 	 12393.577954530716s ******************
Init pad right/bottom 0 / 0
*****************current image process time 	 12428.144942998886s ******************
Init pad right/bottom 0 / 0
*****************current image process time 	 12462.70588684082s ******************
Init pad right/bottom 0 / 0
*****************current image process time 	 12497.26842880249s ******************
Init pad right/bottom 0 / 0
*****************current image process time 	 12531.829706907272s ******************
Init pad right/bottom 0 / 0
*****************current image process time 	 12566.390108823776s ******************
Init pad right/bottom 0 / 0
*****************current image process time 	 12600.956872224808s ******************
Init pad right/bottom 0 / 0
*****************current image process time 	 12635.528208732605s ******************
Init pad right/bottom 0 / 0
*****************current image process time 	 12670.103328704834s ******************
Init pad right/bottom 0 / 0
*****************current image process time 	 12704.662515640259s ******************
Init pad right/bottom 0 / 0
*****************current image process time 	 12739.217034816742s ******************
Init pad right/bottom 0 / 0
*****************current image process time 	 12773.781456232071s ******************
Init pad right/bottom 0 / 0
*****************current image process time 	 12808.336989402771s ******************
Init pad right/bottom 0 / 0
*****************current image process time 	 12842.884346723557s ******************
Init pad right/bottom 0 / 0
*****************current image process time 	 12877.425644159317s ******************
Init pad right/bottom 0 / 0
*****************current image process time 	 12911.969033002853s ******************
Init pad right/bottom 0 / 0
*****************current image process time 	 12946.505022764206s ******************
Init pad right/bottom 0 / 0
*****************current image process time 	 12981.043479204178s ******************
Init pad right/bottom 0 / 0
*****************current image process time 	 13015.580881118774s ******************
Init pad right/bottom 0 / 0
*****************current image process time 	 13050.114683389664s ******************
Init pad right/bottom 0 / 0
*****************current image process time 	 13084.62950181961s ******************
Init pad right/bottom 0 / 0
*****************current image process time 	 13119.147120952606s ******************
Init pad right/bottom 0 / 0
*****************current image process time 	 13153.674426794052s ******************
Init pad right/bottom 0 / 0
*****************current image process time 	 13188.201534509659s ******************
Init pad right/bottom 0 / 0
*****************current image process time 	 13222.731810569763s ******************
Init pad right/bottom 0 / 0
*****************current image process time 	 13257.2594769001s ******************
Init pad right/bottom 0 / 0
*****************current image process time 	 13291.790106773376s ******************
Init pad right/bottom 0 / 0
*****************current image process time 	 13326.411016464233s ******************
Init pad right/bottom 0 / 0
*****************current image process time 	 13360.99504828453s ******************
Init pad right/bottom 0 / 0
*****************current image process time 	 13395.587154626846s ******************
Init pad right/bottom 0 / 0
*****************current image process time 	 13430.17755150795s ******************
Init pad right/bottom 0 / 0
*****************current image process time 	 13464.775445222855s ******************
Init pad right/bottom 0 / 0
*****************current image process time 	 13499.36244058609s ******************
Init pad right/bottom 0 / 0
*****************current image process time 	 13533.946691989899s ******************
Init pad right/bottom 0 / 0
*****************current image process time 	 13568.535614967346s ******************
Init pad right/bottom 0 / 0
*****************current image process time 	 13603.124688625336s ******************
Init pad right/bottom 0 / 0
*****************current image process time 	 13637.712181568146s ******************
Init pad right/bottom 0 / 0
*****************current image process time 	 13672.294170379639s ******************
Init pad right/bottom 0 / 0
*****************current image process time 	 13706.887388706207s ******************
Init pad right/bottom 0 / 0
*****************current image process time 	 13741.48652625084s ******************
Init pad right/bottom 0 / 0
*****************current image process time 	 13776.075223207474s ******************
Init pad right/bottom 0 / 0
*****************current image process time 	 13810.668807268143s ******************
Init pad right/bottom 0 / 0
*****************current image process time 	 13845.270851373672s ******************
Init pad right/bottom 0 / 0
*****************current image process time 	 13879.860588788986s ******************
Evaluate Folders:  25400824
Init pad right/bottom 0 / 0
*****************current image process time 	 13933.686899662018s ******************
Init pad right/bottom 0 / 0
*****************current image process time 	 13968.260112047195s ******************
Init pad right/bottom 0 / 0
*****************current image process time 	 14002.896356105804s ******************
Init pad right/bottom 0 / 0
*****************current image process time 	 14037.467262506485s ******************
Init pad right/bottom 0 / 0
*****************current image process time 	 14072.0487241745s ******************
Init pad right/bottom 0 / 0
*****************current image process time 	 14106.625319719315s ******************
Init pad right/bottom 0 / 0
*****************current image process time 	 14141.196770429611s ******************
Init pad right/bottom 0 / 0
*****************current image process time 	 14175.773308992386s ******************
Init pad right/bottom 0 / 0
*****************current image process time 	 14210.407943964005s ******************
Init pad right/bottom 0 / 0
*****************current image process time 	 14244.99201130867s ******************
Init pad right/bottom 0 / 0
*****************current image process time 	 14279.567314863205s ******************
Init pad right/bottom 0 / 0
*****************current image process time 	 14314.192222118378s ******************
Init pad right/bottom 0 / 0
*****************current image process time 	 14351.681453466415s ******************
Init pad right/bottom 0 / 0
*****************current image process time 	 14386.261931180954s ******************
Init pad right/bottom 0 / 0
*****************current image process time 	 14420.839896678925s ******************
Init pad right/bottom 0 / 0
*****************current image process time 	 14455.424321889877s ******************
Init pad right/bottom 0 / 0
*****************current image process time 	 14490.008332967758s ******************
Init pad right/bottom 0 / 0
*****************current image process time 	 14524.583192586899s ******************
Init pad right/bottom 0 / 0
*****************current image process time 	 14559.15702867508s ******************
Init pad right/bottom 0 / 0
*****************current image process time 	 14593.730882406235s ******************
Init pad right/bottom 0 / 0
*****************current image process time 	 14628.302304029465s ******************
Init pad right/bottom 0 / 0
*****************current image process time 	 14662.867519378662s ******************
Init pad right/bottom 0 / 0
*****************current image process time 	 14697.440123319626s ******************
Init pad right/bottom 0 / 0
*****************current image process time 	 14732.580261230469s ******************
Init pad right/bottom 0 / 0
*****************current image process time 	 14767.263104200363s ******************
Init pad right/bottom 0 / 0
*****************current image process time 	 14813.295256614685s ******************
Init pad right/bottom 0 / 0
*****************current image process time 	 14847.873611927032s ******************
Init pad right/bottom 0 / 0
*****************current image process time 	 14882.456519126892s ******************
Init pad right/bottom 0 / 0
*****************current image process time 	 14917.022200345993s ******************
Init pad right/bottom 0 / 0
*****************current image process time 	 14951.602402210236s ******************
Init pad right/bottom 0 / 0
*****************current image process time 	 14986.17187166214s ******************
Init pad right/bottom 0 / 0
*****************current image process time 	 15020.757080316544s ******************
Init pad right/bottom 0 / 0
*****************current image process time 	 15055.328178167343s ******************
Init pad right/bottom 0 / 0
*****************current image process time 	 15089.916603326797s ******************
Init pad right/bottom 0 / 0
*****************current image process time 	 15124.487467288971s ******************
Init pad right/bottom 0 / 0
*****************current image process time 	 15159.06498503685s ******************
Init pad right/bottom 0 / 0
*****************current image process time 	 15193.635656356812s ******************
Init pad right/bottom 0 / 0
*****************current image process time 	 15228.204001903534s ******************
Init pad right/bottom 0 / 0
*****************current image process time 	 15262.777209043503s ******************
Init pad right/bottom 0 / 0
*****************current image process time 	 15297.358563184738s ******************
Init pad right/bottom 0 / 0
*****************current image process time 	 15331.93603348732s ******************
Init pad right/bottom 0 / 0
*****************current image process time 	 15366.509158611298s ******************
Init pad right/bottom 0 / 0
*****************current image process time 	 15401.071096420288s ******************
Init pad right/bottom 0 / 0
*****************current image process time 	 15435.637071847916s ******************
Init pad right/bottom 0 / 0
*****************current image process time 	 15470.210916519165s ******************
Init pad right/bottom 0 / 0
*****************current image process time 	 15504.787447452545s ******************
Init pad right/bottom 0 / 0
*****************current image process time 	 15539.359115362167s ******************
Init pad right/bottom 0 / 0
*****************current image process time 	 15574.057640314102s ******************
Init pad right/bottom 0 / 0
*****************current image process time 	 15608.622076511383s ******************
Init pad right/bottom 0 / 0
*****************current image process time 	 15643.237195014954s ******************
Init pad right/bottom 0 / 0
*****************current image process time 	 15677.82608628273s ******************
Init pad right/bottom 0 / 0
*****************current image process time 	 15712.394279718399s ******************
Init pad right/bottom 0 / 0
*****************current image process time 	 15746.962643146515s ******************
Init pad right/bottom 0 / 0
*****************current image process time 	 15781.546422481537s ******************
Init pad right/bottom 0 / 0
*****************current image process time 	 15816.148931741714s ******************
Init pad right/bottom 0 / 0
*****************current image process time 	 15850.71145939827s ******************
Init pad right/bottom 0 / 0
*****************current image process time 	 15885.276598215103s ******************
Init pad right/bottom 0 / 0
*****************current image process time 	 15919.8690803051s ******************
Init pad right/bottom 0 / 0
*****************current image process time 	 15954.433493852615s ******************
Init pad right/bottom 0 / 0
*****************current image process time 	 15989.010349750519s ******************
Init pad right/bottom 0 / 0
*****************current image process time 	 16023.572081565857s ******************
Init pad right/bottom 0 / 0
*****************current image process time 	 16058.19300198555s ******************
Init pad right/bottom 0 / 0
*****************current image process time 	 16092.765620708466s ******************
Init pad right/bottom 0 / 0
*****************current image process time 	 16127.342440605164s ******************
Init pad right/bottom 0 / 0
*****************current image process time 	 16161.916693925858s ******************
Init pad right/bottom 0 / 0
*****************current image process time 	 16196.486511230469s ******************
Init pad right/bottom 0 / 0
*****************current image process time 	 16231.068640947342s ******************
Init pad right/bottom 0 / 0
*****************current image process time 	 16265.645946741104s ******************
Init pad right/bottom 0 / 0
*****************current image process time 	 16300.21983242035s ******************
Init pad right/bottom 0 / 0
*****************current image process time 	 16334.792696714401s ******************
Init pad right/bottom 0 / 0
*****************current image process time 	 16369.36402463913s ******************
Init pad right/bottom 0 / 0
*****************current image process time 	 16403.9520111084s ******************
Init pad right/bottom 0 / 0
*****************current image process time 	 16438.531030654907s ******************
Init pad right/bottom 0 / 0
*****************current image process time 	 16473.108107805252s ******************
Init pad right/bottom 0 / 0
*****************current image process time 	 16507.680030822754s ******************
Init pad right/bottom 0 / 0
*****************current image process time 	 16542.252623796463s ******************
Init pad right/bottom 0 / 0
*****************current image process time 	 16576.82318329811s ******************
Init pad right/bottom 0 / 0
*****************current image process time 	 16611.402611494064s ******************
Init pad right/bottom 0 / 0
*****************current image process time 	 16645.970796346664s ******************
Init pad right/bottom 0 / 0
*****************current image process time 	 16680.54574584961s ******************
Init pad right/bottom 0 / 0
*****************current image process time 	 16715.123567581177s ******************
Init pad right/bottom 0 / 0
*****************current image process time 	 16749.695451259613s ******************
Init pad right/bottom 0 / 0
*****************current image process time 	 16784.26346564293s ******************
Init pad right/bottom 0 / 0
*****************current image process time 	 16818.827543497086s ******************
Init pad right/bottom 0 / 0
*****************current image process time 	 16853.392485141754s ******************
Init pad right/bottom 0 / 0
*****************current image process time 	 16887.95907497406s ******************
Init pad right/bottom 0 / 0
*****************current image process time 	 16922.531521320343s ******************
Init pad right/bottom 0 / 0
*****************current image process time 	 16957.0988676548s ******************
Init pad right/bottom 0 / 0
*****************current image process time 	 16991.66494512558s ******************
Init pad right/bottom 0 / 0
*****************current image process time 	 17026.231589078903s ******************
Init pad right/bottom 0 / 0
*****************current image process time 	 17060.79628634453s ******************
Init pad right/bottom 0 / 0
*****************current image process time 	 17095.36401963234s ******************
Init pad right/bottom 0 / 0
*****************current image process time 	 17129.93666434288s ******************
Init pad right/bottom 0 / 0
*****************current image process time 	 17164.50830936432s ******************
Init pad right/bottom 0 / 0
*****************current image process time 	 17199.642969846725s ******************
Init pad right/bottom 0 / 0
*****************current image process time 	 17234.23387694359s ******************
Init pad right/bottom 0 / 0
*****************current image process time 	 17268.798180818558s ******************
Init pad right/bottom 0 / 0
*****************current image process time 	 17303.36527943611s ******************
Init pad right/bottom 0 / 0
*****************current image process time 	 17337.925400733948s ******************
Init pad right/bottom 0 / 0
*****************current image process time 	 17372.482515096664s ******************
