cudnn(28):ERROR:105: Unable to locate a modulefile for 'cudnn/7.0.4'
19-12-30 18:48:28.113 - INFO: Data: sharp_bicubic - /lustre/home/acct-eezy/eezy/4khdr/data/Dataset/test_540p
19-12-30 18:48:28.115 - INFO: Padding mode: new_info
19-12-30 18:48:28.115 - INFO: Model path: /lustre/home/acct-eezy/eezy/4khdr/codes/experiments/train_EDVR_L_Preload_30000_nobug_ssim_10_LR_1e_5_suzhou_remove_baddata/models/latest_G.pth
19-12-30 18:48:28.115 - INFO: Save images: True
19-12-30 18:48:28.115 - INFO: Flip test: False
19-12-30 18:49:13.578 - INFO: 29145080 :   1 - 00000                     	
19-12-30 18:49:48.238 - INFO: 29145080 :   2 - 00001                     	
19-12-30 18:50:22.883 - INFO: 29145080 :   3 - 00002                     	
19-12-30 18:50:57.514 - INFO: 29145080 :   4 - 00003                     	
19-12-30 18:51:32.154 - INFO: 29145080 :   5 - 00004                     	
19-12-30 18:52:06.785 - INFO: 29145080 :   6 - 00005                     	
19-12-30 18:52:41.398 - INFO: 29145080 :   7 - 00006                     	
19-12-30 18:53:16.014 - INFO: 29145080 :   8 - 00007                     	
19-12-30 18:53:50.619 - INFO: 29145080 :   9 - 00008                     	
19-12-30 18:54:25.221 - INFO: 29145080 :  10 - 00009                     	
19-12-30 18:54:59.825 - INFO: 29145080 :  11 - 00010                     	
19-12-30 18:55:34.430 - INFO: 29145080 :  12 - 00011                     	
19-12-30 18:56:09.035 - INFO: 29145080 :  13 - 00012                     	
19-12-30 18:56:43.647 - INFO: 29145080 :  14 - 00013                     	
19-12-30 18:57:18.251 - INFO: 29145080 :  15 - 00014                     	
19-12-30 18:57:52.861 - INFO: 29145080 :  16 - 00015                     	
19-12-30 18:58:27.480 - INFO: 29145080 :  17 - 00016                     	
19-12-30 18:59:02.090 - INFO: 29145080 :  18 - 00017                     	
19-12-30 18:59:36.690 - INFO: 29145080 :  19 - 00018                     	
19-12-30 19:00:11.302 - INFO: 29145080 :  20 - 00019                     	
19-12-30 19:00:45.901 - INFO: 29145080 :  21 - 00020                     	
19-12-30 19:01:20.513 - INFO: 29145080 :  22 - 00021                     	
19-12-30 19:01:55.126 - INFO: 29145080 :  23 - 00022                     	
19-12-30 19:02:29.722 - INFO: 29145080 :  24 - 00023                     	
19-12-30 19:03:04.318 - INFO: 29145080 :  25 - 00024                     	
19-12-30 19:03:38.916 - INFO: 29145080 :  26 - 00025                     	
19-12-30 19:04:13.510 - INFO: 29145080 :  27 - 00026                     	
19-12-30 19:04:48.112 - INFO: 29145080 :  28 - 00027                     	
19-12-30 19:05:22.706 - INFO: 29145080 :  29 - 00028                     	
19-12-30 19:05:57.299 - INFO: 29145080 :  30 - 00029                     	
19-12-30 19:06:31.896 - INFO: 29145080 :  31 - 00030                     	
19-12-30 19:07:06.497 - INFO: 29145080 :  32 - 00031                     	
19-12-30 19:07:41.095 - INFO: 29145080 :  33 - 00032                     	
19-12-30 19:08:15.696 - INFO: 29145080 :  34 - 00033                     	
19-12-30 19:08:50.289 - INFO: 29145080 :  35 - 00034                     	
19-12-30 19:09:24.895 - INFO: 29145080 :  36 - 00035                     	
19-12-30 19:09:59.506 - INFO: 29145080 :  37 - 00036                     	
19-12-30 19:10:34.107 - INFO: 29145080 :  38 - 00037                     	
19-12-30 19:11:08.718 - INFO: 29145080 :  39 - 00038                     	
19-12-30 19:11:43.328 - INFO: 29145080 :  40 - 00039                     	
19-12-30 19:12:17.930 - INFO: 29145080 :  41 - 00040                     	
19-12-30 19:12:52.541 - INFO: 29145080 :  42 - 00041                     	
19-12-30 19:13:27.146 - INFO: 29145080 :  43 - 00042                     	
19-12-30 19:14:01.748 - INFO: 29145080 :  44 - 00043                     	
19-12-30 19:14:36.346 - INFO: 29145080 :  45 - 00044                     	
19-12-30 19:15:10.953 - INFO: 29145080 :  46 - 00045                     	
19-12-30 19:15:45.558 - INFO: 29145080 :  47 - 00046                     	
19-12-30 19:16:20.168 - INFO: 29145080 :  48 - 00047                     	
19-12-30 19:16:54.780 - INFO: 29145080 :  49 - 00048                     	
19-12-30 19:17:29.386 - INFO: 29145080 :  50 - 00049                     	
19-12-30 19:18:04.007 - INFO: 29145080 :  51 - 00050                     	
19-12-30 19:18:38.624 - INFO: 29145080 :  52 - 00051                     	
19-12-30 19:19:13.231 - INFO: 29145080 :  53 - 00052                     	
19-12-30 19:19:47.854 - INFO: 29145080 :  54 - 00053                     	
19-12-30 19:20:22.468 - INFO: 29145080 :  55 - 00054                     	
19-12-30 19:20:57.081 - INFO: 29145080 :  56 - 00055                     	
19-12-30 19:21:31.686 - INFO: 29145080 :  57 - 00056                     	
19-12-30 19:22:06.307 - INFO: 29145080 :  58 - 00057                     	
19-12-30 19:22:40.915 - INFO: 29145080 :  59 - 00058                     	
19-12-30 19:23:15.538 - INFO: 29145080 :  60 - 00059                     	
19-12-30 19:23:50.158 - INFO: 29145080 :  61 - 00060                     	
19-12-30 19:24:24.781 - INFO: 29145080 :  62 - 00061                     	
19-12-30 19:24:59.402 - INFO: 29145080 :  63 - 00062                     	
19-12-30 19:25:34.022 - INFO: 29145080 :  64 - 00063                     	
19-12-30 19:26:08.643 - INFO: 29145080 :  65 - 00064                     	
19-12-30 19:26:43.272 - INFO: 29145080 :  66 - 00065                     	
19-12-30 19:27:17.889 - INFO: 29145080 :  67 - 00066                     	
19-12-30 19:27:52.513 - INFO: 29145080 :  68 - 00067                     	
19-12-30 19:28:27.133 - INFO: 29145080 :  69 - 00068                     	
19-12-30 19:29:01.747 - INFO: 29145080 :  70 - 00069                     	
19-12-30 19:29:36.365 - INFO: 29145080 :  71 - 00070                     	
19-12-30 19:30:10.988 - INFO: 29145080 :  72 - 00071                     	
19-12-30 19:30:45.608 - INFO: 29145080 :  73 - 00072                     	
19-12-30 19:31:20.232 - INFO: 29145080 :  74 - 00073                     	
19-12-30 19:31:54.845 - INFO: 29145080 :  75 - 00074                     	
19-12-30 19:32:29.468 - INFO: 29145080 :  76 - 00075                     	
19-12-30 19:33:04.092 - INFO: 29145080 :  77 - 00076                     	
19-12-30 19:33:38.717 - INFO: 29145080 :  78 - 00077                     	
19-12-30 19:34:13.342 - INFO: 29145080 :  79 - 00078                     	
19-12-30 19:34:47.967 - INFO: 29145080 :  80 - 00079                     	
19-12-30 19:35:22.591 - INFO: 29145080 :  81 - 00080                     	
19-12-30 19:35:57.216 - INFO: 29145080 :  82 - 00081                     	
19-12-30 19:36:31.827 - INFO: 29145080 :  83 - 00082                     	
19-12-30 19:37:06.451 - INFO: 29145080 :  84 - 00083                     	
19-12-30 19:37:41.067 - INFO: 29145080 :  85 - 00084                     	
19-12-30 19:38:15.685 - INFO: 29145080 :  86 - 00085                     	
19-12-30 19:38:50.308 - INFO: 29145080 :  87 - 00086                     	
19-12-30 19:39:24.919 - INFO: 29145080 :  88 - 00087                     	
19-12-30 19:39:59.540 - INFO: 29145080 :  89 - 00088                     	
19-12-30 19:40:34.168 - INFO: 29145080 :  90 - 00089                     	
19-12-30 19:41:08.787 - INFO: 29145080 :  91 - 00090                     	
19-12-30 19:41:43.414 - INFO: 29145080 :  92 - 00091                     	
19-12-30 19:42:18.038 - INFO: 29145080 :  93 - 00092                     	
19-12-30 19:42:52.675 - INFO: 29145080 :  94 - 00093                     	
19-12-30 19:43:27.293 - INFO: 29145080 :  95 - 00094                     	
19-12-30 19:44:01.917 - INFO: 29145080 :  96 - 00095                     	
19-12-30 19:44:36.523 - INFO: 29145080 :  97 - 00096                     	
19-12-30 19:45:11.132 - INFO: 29145080 :  98 - 00097                     	
19-12-30 19:45:45.754 - INFO: 29145080 :  99 - 00098                     	
19-12-30 19:46:20.370 - INFO: 29145080 : 100 - 00099                     	
19-12-30 19:47:01.353 - INFO: 29265377 :   1 - 00000                     	
19-12-30 19:47:35.924 - INFO: 29265377 :   2 - 00001                     	
19-12-30 19:48:10.481 - INFO: 29265377 :   3 - 00002                     	
19-12-30 19:48:45.040 - INFO: 29265377 :   4 - 00003                     	
19-12-30 19:49:19.597 - INFO: 29265377 :   5 - 00004                     	
19-12-30 19:49:54.163 - INFO: 29265377 :   6 - 00005                     	
19-12-30 19:50:28.740 - INFO: 29265377 :   7 - 00006                     	
19-12-30 19:51:03.310 - INFO: 29265377 :   8 - 00007                     	
19-12-30 19:51:37.872 - INFO: 29265377 :   9 - 00008                     	
19-12-30 19:52:12.444 - INFO: 29265377 :  10 - 00009                     	
19-12-30 19:52:47.014 - INFO: 29265377 :  11 - 00010                     	
19-12-30 19:53:21.585 - INFO: 29265377 :  12 - 00011                     	
19-12-30 19:53:56.880 - INFO: 29265377 :  13 - 00012                     	
19-12-30 19:54:31.455 - INFO: 29265377 :  14 - 00013                     	
19-12-30 19:55:06.023 - INFO: 29265377 :  15 - 00014                     	
19-12-30 19:55:40.597 - INFO: 29265377 :  16 - 00015                     	
19-12-30 19:56:15.166 - INFO: 29265377 :  17 - 00016                     	
19-12-30 19:56:49.769 - INFO: 29265377 :  18 - 00017                     	
19-12-30 19:57:24.347 - INFO: 29265377 :  19 - 00018                     	
19-12-30 19:57:58.925 - INFO: 29265377 :  20 - 00019                     	
19-12-30 19:58:33.503 - INFO: 29265377 :  21 - 00020                     	
19-12-30 19:59:08.084 - INFO: 29265377 :  22 - 00021                     	
19-12-30 19:59:42.659 - INFO: 29265377 :  23 - 00022                     	
19-12-30 20:00:17.244 - INFO: 29265377 :  24 - 00023                     	
19-12-30 20:00:51.819 - INFO: 29265377 :  25 - 00024                     	
19-12-30 20:01:26.410 - INFO: 29265377 :  26 - 00025                     	
19-12-30 20:02:00.992 - INFO: 29265377 :  27 - 00026                     	
19-12-30 20:02:35.692 - INFO: 29265377 :  28 - 00027                     	
19-12-30 20:03:10.270 - INFO: 29265377 :  29 - 00028                     	
19-12-30 20:03:44.854 - INFO: 29265377 :  30 - 00029                     	
19-12-30 20:04:19.428 - INFO: 29265377 :  31 - 00030                     	
19-12-30 20:04:54.010 - INFO: 29265377 :  32 - 00031                     	
19-12-30 20:05:28.590 - INFO: 29265377 :  33 - 00032                     	
19-12-30 20:06:03.168 - INFO: 29265377 :  34 - 00033                     	
19-12-30 20:06:37.749 - INFO: 29265377 :  35 - 00034                     	
19-12-30 20:07:12.336 - INFO: 29265377 :  36 - 00035                     	
19-12-30 20:07:46.912 - INFO: 29265377 :  37 - 00036                     	
19-12-30 20:08:21.499 - INFO: 29265377 :  38 - 00037                     	
19-12-30 20:08:56.077 - INFO: 29265377 :  39 - 00038                     	
19-12-30 20:09:30.653 - INFO: 29265377 :  40 - 00039                     	
19-12-30 20:10:05.229 - INFO: 29265377 :  41 - 00040                     	
19-12-30 20:10:39.807 - INFO: 29265377 :  42 - 00041                     	
19-12-30 20:11:14.387 - INFO: 29265377 :  43 - 00042                     	
19-12-30 20:11:48.966 - INFO: 29265377 :  44 - 00043                     	
19-12-30 20:12:23.542 - INFO: 29265377 :  45 - 00044                     	
19-12-30 20:12:58.120 - INFO: 29265377 :  46 - 00045                     	
19-12-30 20:13:32.693 - INFO: 29265377 :  47 - 00046                     	
19-12-30 20:14:07.276 - INFO: 29265377 :  48 - 00047                     	
19-12-30 20:14:41.836 - INFO: 29265377 :  49 - 00048                     	
19-12-30 20:15:16.406 - INFO: 29265377 :  50 - 00049                     	
19-12-30 20:15:51.172 - INFO: 29265377 :  51 - 00050                     	
19-12-30 20:16:25.745 - INFO: 29265377 :  52 - 00051                     	
19-12-30 20:17:00.321 - INFO: 29265377 :  53 - 00052                     	
19-12-30 20:17:34.900 - INFO: 29265377 :  54 - 00053                     	
19-12-30 20:18:09.473 - INFO: 29265377 :  55 - 00054                     	
19-12-30 20:18:44.036 - INFO: 29265377 :  56 - 00055                     	
19-12-30 20:19:18.592 - INFO: 29265377 :  57 - 00056                     	
19-12-30 20:19:53.151 - INFO: 29265377 :  58 - 00057                     	
19-12-30 20:20:27.709 - INFO: 29265377 :  59 - 00058                     	
19-12-30 20:21:02.258 - INFO: 29265377 :  60 - 00059                     	
19-12-30 20:21:36.818 - INFO: 29265377 :  61 - 00060                     	
19-12-30 20:22:11.365 - INFO: 29265377 :  62 - 00061                     	
19-12-30 20:22:45.908 - INFO: 29265377 :  63 - 00062                     	
19-12-30 20:23:20.459 - INFO: 29265377 :  64 - 00063                     	
19-12-30 20:23:54.996 - INFO: 29265377 :  65 - 00064                     	
19-12-30 20:24:29.547 - INFO: 29265377 :  66 - 00065                     	
19-12-30 20:25:04.095 - INFO: 29265377 :  67 - 00066                     	
19-12-30 20:25:38.644 - INFO: 29265377 :  68 - 00067                     	
19-12-30 20:26:13.187 - INFO: 29265377 :  69 - 00068                     	
19-12-30 20:26:47.737 - INFO: 29265377 :  70 - 00069                     	
19-12-30 20:27:22.285 - INFO: 29265377 :  71 - 00070                     	
19-12-30 20:27:56.835 - INFO: 29265377 :  72 - 00071                     	
19-12-30 20:28:31.425 - INFO: 29265377 :  73 - 00072                     	
19-12-30 20:29:06.298 - INFO: 29265377 :  74 - 00073                     	
19-12-30 20:29:40.859 - INFO: 29265377 :  75 - 00074                     	
19-12-30 20:30:15.438 - INFO: 29265377 :  76 - 00075                     	
19-12-30 20:30:50.000 - INFO: 29265377 :  77 - 00076                     	
19-12-30 20:31:24.573 - INFO: 29265377 :  78 - 00077                     	
19-12-30 20:31:59.146 - INFO: 29265377 :  79 - 00078                     	
19-12-30 20:32:33.713 - INFO: 29265377 :  80 - 00079                     	
19-12-30 20:33:08.276 - INFO: 29265377 :  81 - 00080                     	
19-12-30 20:33:42.852 - INFO: 29265377 :  82 - 00081                     	
19-12-30 20:34:17.416 - INFO: 29265377 :  83 - 00082                     	
19-12-30 20:34:51.983 - INFO: 29265377 :  84 - 00083                     	
19-12-30 20:35:26.555 - INFO: 29265377 :  85 - 00084                     	
19-12-30 20:36:01.212 - INFO: 29265377 :  86 - 00085                     	
19-12-30 20:36:35.793 - INFO: 29265377 :  87 - 00086                     	
19-12-30 20:37:10.362 - INFO: 29265377 :  88 - 00087                     	
19-12-30 20:37:44.931 - INFO: 29265377 :  89 - 00088                     	
19-12-30 20:38:19.519 - INFO: 29265377 :  90 - 00089                     	
19-12-30 20:38:54.102 - INFO: 29265377 :  91 - 00090                     	
19-12-30 20:39:28.694 - INFO: 29265377 :  92 - 00091                     	
19-12-30 20:40:03.275 - INFO: 29265377 :  93 - 00092                     	
19-12-30 20:40:37.859 - INFO: 29265377 :  94 - 00093                     	
19-12-30 20:41:12.458 - INFO: 29265377 :  95 - 00094                     	
19-12-30 20:41:47.054 - INFO: 29265377 :  96 - 00095                     	
19-12-30 20:42:21.635 - INFO: 29265377 :  97 - 00096                     	
19-12-30 20:42:56.233 - INFO: 29265377 :  98 - 00097                     	
19-12-30 20:43:30.812 - INFO: 29265377 :  99 - 00098                     	
19-12-30 20:44:05.395 - INFO: 29265377 : 100 - 00099                     	
19-12-30 20:44:47.844 - INFO: 29631165 :   1 - 00000                     	
19-12-30 20:45:22.394 - INFO: 29631165 :   2 - 00001                     	
19-12-30 20:45:56.935 - INFO: 29631165 :   3 - 00002                     	
19-12-30 20:46:31.490 - INFO: 29631165 :   4 - 00003                     	
19-12-30 20:47:06.029 - INFO: 29631165 :   5 - 00004                     	
19-12-30 20:47:40.586 - INFO: 29631165 :   6 - 00005                     	
19-12-30 20:48:15.132 - INFO: 29631165 :   7 - 00006                     	
19-12-30 20:48:49.686 - INFO: 29631165 :   8 - 00007                     	
19-12-30 20:49:24.247 - INFO: 29631165 :   9 - 00008                     	
19-12-30 20:49:58.821 - INFO: 29631165 :  10 - 00009                     	
19-12-30 20:50:33.383 - INFO: 29631165 :  11 - 00010                     	
19-12-30 20:51:07.942 - INFO: 29631165 :  12 - 00011                     	
19-12-30 20:51:42.511 - INFO: 29631165 :  13 - 00012                     	
19-12-30 20:52:17.070 - INFO: 29631165 :  14 - 00013                     	
19-12-30 20:52:51.630 - INFO: 29631165 :  15 - 00014                     	
19-12-30 20:53:26.201 - INFO: 29631165 :  16 - 00015                     	
19-12-30 20:54:00.746 - INFO: 29631165 :  17 - 00016                     	
19-12-30 20:54:35.317 - INFO: 29631165 :  18 - 00017                     	
19-12-30 20:55:09.882 - INFO: 29631165 :  19 - 00018                     	
19-12-30 20:55:44.454 - INFO: 29631165 :  20 - 00019                     	
19-12-30 20:56:19.016 - INFO: 29631165 :  21 - 00020                     	
19-12-30 20:56:53.584 - INFO: 29631165 :  22 - 00021                     	
19-12-30 20:57:28.168 - INFO: 29631165 :  23 - 00022                     	
19-12-30 20:58:02.749 - INFO: 29631165 :  24 - 00023                     	
19-12-30 20:58:37.316 - INFO: 29631165 :  25 - 00024                     	
19-12-30 20:59:11.923 - INFO: 29631165 :  26 - 00025                     	
19-12-30 20:59:46.618 - INFO: 29631165 :  27 - 00026                     	
19-12-30 21:00:21.177 - INFO: 29631165 :  28 - 00027                     	
19-12-30 21:00:55.755 - INFO: 29631165 :  29 - 00028                     	
19-12-30 21:01:30.508 - INFO: 29631165 :  30 - 00029                     	
19-12-30 21:02:05.066 - INFO: 29631165 :  31 - 00030                     	
19-12-30 21:02:39.657 - INFO: 29631165 :  32 - 00031                     	
19-12-30 21:03:14.239 - INFO: 29631165 :  33 - 00032                     	
19-12-30 21:03:48.814 - INFO: 29631165 :  34 - 00033                     	
19-12-30 21:04:23.403 - INFO: 29631165 :  35 - 00034                     	
19-12-30 21:04:57.990 - INFO: 29631165 :  36 - 00035                     	
19-12-30 21:05:32.571 - INFO: 29631165 :  37 - 00036                     	
19-12-30 21:06:07.150 - INFO: 29631165 :  38 - 00037                     	
19-12-30 21:06:41.737 - INFO: 29631165 :  39 - 00038                     	
19-12-30 21:07:16.376 - INFO: 29631165 :  40 - 00039                     	
19-12-30 21:07:50.965 - INFO: 29631165 :  41 - 00040                     	
19-12-30 21:08:25.544 - INFO: 29631165 :  42 - 00041                     	
19-12-30 21:09:00.141 - INFO: 29631165 :  43 - 00042                     	
19-12-30 21:09:34.734 - INFO: 29631165 :  44 - 00043                     	
19-12-30 21:10:09.315 - INFO: 29631165 :  45 - 00044                     	
19-12-30 21:10:43.913 - INFO: 29631165 :  46 - 00045                     	
19-12-30 21:11:18.493 - INFO: 29631165 :  47 - 00046                     	
19-12-30 21:11:53.079 - INFO: 29631165 :  48 - 00047                     	
19-12-30 21:12:27.668 - INFO: 29631165 :  49 - 00048                     	
19-12-30 21:13:02.254 - INFO: 29631165 :  50 - 00049                     	
19-12-30 21:13:36.833 - INFO: 29631165 :  51 - 00050                     	
19-12-30 21:14:11.425 - INFO: 29631165 :  52 - 00051                     	
19-12-30 21:14:46.013 - INFO: 29631165 :  53 - 00052                     	
19-12-30 21:15:20.624 - INFO: 29631165 :  54 - 00053                     	
19-12-30 21:15:55.181 - INFO: 29631165 :  55 - 00054                     	
19-12-30 21:16:29.751 - INFO: 29631165 :  56 - 00055                     	
19-12-30 21:17:04.325 - INFO: 29631165 :  57 - 00056                     	
19-12-30 21:17:39.128 - INFO: 29631165 :  58 - 00057                     	
19-12-30 21:18:13.948 - INFO: 29631165 :  59 - 00058                     	
19-12-30 21:18:48.525 - INFO: 29631165 :  60 - 00059                     	
19-12-30 21:19:23.770 - INFO: 29631165 :  61 - 00060                     	
19-12-30 21:19:58.381 - INFO: 29631165 :  62 - 00061                     	
19-12-30 21:20:32.963 - INFO: 29631165 :  63 - 00062                     	
19-12-30 21:21:07.568 - INFO: 29631165 :  64 - 00063                     	
19-12-30 21:21:42.153 - INFO: 29631165 :  65 - 00064                     	
19-12-30 21:22:16.735 - INFO: 29631165 :  66 - 00065                     	
19-12-30 21:22:51.329 - INFO: 29631165 :  67 - 00066                     	
19-12-30 21:23:25.926 - INFO: 29631165 :  68 - 00067                     	
19-12-30 21:24:00.506 - INFO: 29631165 :  69 - 00068                     	
19-12-30 21:24:35.100 - INFO: 29631165 :  70 - 00069                     	
19-12-30 21:25:09.657 - INFO: 29631165 :  71 - 00070                     	
19-12-30 21:25:44.226 - INFO: 29631165 :  72 - 00071                     	
19-12-30 21:26:18.790 - INFO: 29631165 :  73 - 00072                     	
19-12-30 21:26:53.378 - INFO: 29631165 :  74 - 00073                     	
19-12-30 21:27:27.945 - INFO: 29631165 :  75 - 00074                     	
19-12-30 21:28:02.548 - INFO: 29631165 :  76 - 00075                     	
19-12-30 21:28:37.130 - INFO: 29631165 :  77 - 00076                     	
19-12-30 21:29:11.734 - INFO: 29631165 :  78 - 00077                     	
19-12-30 21:29:46.320 - INFO: 29631165 :  79 - 00078                     	
19-12-30 21:30:20.950 - INFO: 29631165 :  80 - 00079                     	
19-12-30 21:30:55.842 - INFO: 29631165 :  81 - 00080                     	
19-12-30 21:31:30.434 - INFO: 29631165 :  82 - 00081                     	
19-12-30 21:32:05.114 - INFO: 29631165 :  83 - 00082                     	
19-12-30 21:32:39.717 - INFO: 29631165 :  84 - 00083                     	
19-12-30 21:33:14.293 - INFO: 29631165 :  85 - 00084                     	
19-12-30 21:33:48.887 - INFO: 29631165 :  86 - 00085                     	
19-12-30 21:34:23.475 - INFO: 29631165 :  87 - 00086                     	
19-12-30 21:34:58.067 - INFO: 29631165 :  88 - 00087                     	
19-12-30 21:35:32.652 - INFO: 29631165 :  89 - 00088                     	
19-12-30 21:36:07.252 - INFO: 29631165 :  90 - 00089                     	
19-12-30 21:36:41.832 - INFO: 29631165 :  91 - 00090                     	
19-12-30 21:37:16.418 - INFO: 29631165 :  92 - 00091                     	
19-12-30 21:37:51.004 - INFO: 29631165 :  93 - 00092                     	
19-12-30 21:38:25.590 - INFO: 29631165 :  94 - 00093                     	
19-12-30 21:39:00.169 - INFO: 29631165 :  95 - 00094                     	
19-12-30 21:39:34.762 - INFO: 29631165 :  96 - 00095                     	
19-12-30 21:40:09.352 - INFO: 29631165 :  97 - 00096                     	
19-12-30 21:40:43.930 - INFO: 29631165 :  98 - 00097                     	
19-12-30 21:41:18.534 - INFO: 29631165 :  99 - 00098                     	
19-12-30 21:41:53.142 - INFO: 29631165 : 100 - 00099                     	
19-12-30 21:42:37.197 - INFO: 30129795 :   1 - 00000                     	
19-12-30 21:43:11.839 - INFO: 30129795 :   2 - 00001                     	
19-12-30 21:43:46.463 - INFO: 30129795 :   3 - 00002                     	
19-12-30 21:44:21.104 - INFO: 30129795 :   4 - 00003                     	
19-12-30 21:44:55.703 - INFO: 30129795 :   5 - 00004                     	
19-12-30 21:45:30.472 - INFO: 30129795 :   6 - 00005                     	
19-12-30 21:46:05.062 - INFO: 30129795 :   7 - 00006                     	
19-12-30 21:46:39.648 - INFO: 30129795 :   8 - 00007                     	
19-12-30 21:47:14.231 - INFO: 30129795 :   9 - 00008                     	
19-12-30 21:47:48.838 - INFO: 30129795 :  10 - 00009                     	
19-12-30 21:48:23.408 - INFO: 30129795 :  11 - 00010                     	
19-12-30 21:48:58.002 - INFO: 30129795 :  12 - 00011                     	
19-12-30 21:49:32.591 - INFO: 30129795 :  13 - 00012                     	
19-12-30 21:50:07.180 - INFO: 30129795 :  14 - 00013                     	
19-12-30 21:50:41.767 - INFO: 30129795 :  15 - 00014                     	
19-12-30 21:51:16.388 - INFO: 30129795 :  16 - 00015                     	
19-12-30 21:51:51.055 - INFO: 30129795 :  17 - 00016                     	
19-12-30 21:52:25.641 - INFO: 30129795 :  18 - 00017                     	
19-12-30 21:53:00.220 - INFO: 30129795 :  19 - 00018                     	
19-12-30 21:53:34.812 - INFO: 30129795 :  20 - 00019                     	
19-12-30 21:54:14.384 - INFO: 30129795 :  21 - 00020                     	
19-12-30 21:54:48.986 - INFO: 30129795 :  22 - 00021                     	
19-12-30 21:55:23.573 - INFO: 30129795 :  23 - 00022                     	
19-12-30 21:55:58.175 - INFO: 30129795 :  24 - 00023                     	
19-12-30 21:56:32.774 - INFO: 30129795 :  25 - 00024                     	
19-12-30 21:57:07.365 - INFO: 30129795 :  26 - 00025                     	
19-12-30 21:57:41.952 - INFO: 30129795 :  27 - 00026                     	
19-12-30 21:58:16.570 - INFO: 30129795 :  28 - 00027                     	
19-12-30 21:58:51.154 - INFO: 30129795 :  29 - 00028                     	
19-12-30 21:59:25.759 - INFO: 30129795 :  30 - 00029                     	
19-12-30 22:00:00.351 - INFO: 30129795 :  31 - 00030                     	
19-12-30 22:00:34.947 - INFO: 30129795 :  32 - 00031                     	
19-12-30 22:01:09.541 - INFO: 30129795 :  33 - 00032                     	
19-12-30 22:01:44.129 - INFO: 30129795 :  34 - 00033                     	
19-12-30 22:02:18.711 - INFO: 30129795 :  35 - 00034                     	
19-12-30 22:02:53.312 - INFO: 30129795 :  36 - 00035                     	
19-12-30 22:03:27.912 - INFO: 30129795 :  37 - 00036                     	
19-12-30 22:04:02.505 - INFO: 30129795 :  38 - 00037                     	
19-12-30 22:04:37.097 - INFO: 30129795 :  39 - 00038                     	
19-12-30 22:05:11.715 - INFO: 30129795 :  40 - 00039                     	
19-12-30 22:05:46.326 - INFO: 30129795 :  41 - 00040                     	
19-12-30 22:06:20.937 - INFO: 30129795 :  42 - 00041                     	
19-12-30 22:06:55.559 - INFO: 30129795 :  43 - 00042                     	
19-12-30 22:07:30.166 - INFO: 30129795 :  44 - 00043                     	
19-12-30 22:08:04.768 - INFO: 30129795 :  45 - 00044                     	
19-12-30 22:08:39.427 - INFO: 30129795 :  46 - 00045                     	
19-12-30 22:09:14.082 - INFO: 30129795 :  47 - 00046                     	
19-12-30 22:09:48.728 - INFO: 30129795 :  48 - 00047                     	
19-12-30 22:10:23.381 - INFO: 30129795 :  49 - 00048                     	
19-12-30 22:10:58.032 - INFO: 30129795 :  50 - 00049                     	
19-12-30 22:11:32.674 - INFO: 30129795 :  51 - 00050                     	
19-12-30 22:12:07.321 - INFO: 30129795 :  52 - 00051                     	
19-12-30 22:12:41.957 - INFO: 30129795 :  53 - 00052                     	
19-12-30 22:13:16.611 - INFO: 30129795 :  54 - 00053                     	
19-12-30 22:13:51.245 - INFO: 30129795 :  55 - 00054                     	
19-12-30 22:14:25.889 - INFO: 30129795 :  56 - 00055                     	
19-12-30 22:15:00.531 - INFO: 30129795 :  57 - 00056                     	
19-12-30 22:15:35.163 - INFO: 30129795 :  58 - 00057                     	
19-12-30 22:16:09.798 - INFO: 30129795 :  59 - 00058                     	
19-12-30 22:16:44.442 - INFO: 30129795 :  60 - 00059                     	
19-12-30 22:17:19.091 - INFO: 30129795 :  61 - 00060                     	
19-12-30 22:17:53.730 - INFO: 30129795 :  62 - 00061                     	
19-12-30 22:18:28.383 - INFO: 30129795 :  63 - 00062                     	
19-12-30 22:19:03.026 - INFO: 30129795 :  64 - 00063                     	
19-12-30 22:19:37.695 - INFO: 30129795 :  65 - 00064                     	
19-12-30 22:20:12.352 - INFO: 30129795 :  66 - 00065                     	
19-12-30 22:20:47.016 - INFO: 30129795 :  67 - 00066                     	
19-12-30 22:21:21.677 - INFO: 30129795 :  68 - 00067                     	
19-12-30 22:21:56.346 - INFO: 30129795 :  69 - 00068                     	
19-12-30 22:22:31.009 - INFO: 30129795 :  70 - 00069                     	
19-12-30 22:23:05.680 - INFO: 30129795 :  71 - 00070                     	
19-12-30 22:23:40.349 - INFO: 30129795 :  72 - 00071                     	
19-12-30 22:24:15.015 - INFO: 30129795 :  73 - 00072                     	
19-12-30 22:24:49.689 - INFO: 30129795 :  74 - 00073                     	
19-12-30 22:25:24.347 - INFO: 30129795 :  75 - 00074                     	
19-12-30 22:25:59.022 - INFO: 30129795 :  76 - 00075                     	
19-12-30 22:26:33.689 - INFO: 30129795 :  77 - 00076                     	
19-12-30 22:27:08.360 - INFO: 30129795 :  78 - 00077                     	
19-12-30 22:27:43.028 - INFO: 30129795 :  79 - 00078                     	
19-12-30 22:28:17.700 - INFO: 30129795 :  80 - 00079                     	
19-12-30 22:28:52.361 - INFO: 30129795 :  81 - 00080                     	
19-12-30 22:29:27.024 - INFO: 30129795 :  82 - 00081                     	
19-12-30 22:30:01.693 - INFO: 30129795 :  83 - 00082                     	
19-12-30 22:30:36.361 - INFO: 30129795 :  84 - 00083                     	
19-12-30 22:31:11.019 - INFO: 30129795 :  85 - 00084                     	
19-12-30 22:31:45.692 - INFO: 30129795 :  86 - 00085                     	
19-12-30 22:32:20.351 - INFO: 30129795 :  87 - 00086                     	
19-12-30 22:32:55.017 - INFO: 30129795 :  88 - 00087                     	
19-12-30 22:33:29.678 - INFO: 30129795 :  89 - 00088                     	
19-12-30 22:34:04.344 - INFO: 30129795 :  90 - 00089                     	
19-12-30 22:34:39.007 - INFO: 30129795 :  91 - 00090                     	
19-12-30 22:35:13.667 - INFO: 30129795 :  92 - 00091                     	
19-12-30 22:35:48.323 - INFO: 30129795 :  93 - 00092                     	
19-12-30 22:36:22.990 - INFO: 30129795 :  94 - 00093                     	
19-12-30 22:36:57.557 - INFO: 30129795 :  95 - 00094                     	
19-12-30 22:37:32.122 - INFO: 30129795 :  96 - 00095                     	
19-12-30 22:38:06.670 - INFO: 30129795 :  97 - 00096                     	
19-12-30 22:38:41.232 - INFO: 30129795 :  98 - 00097                     	
19-12-30 22:39:15.785 - INFO: 30129795 :  99 - 00098                     	
19-12-30 22:39:50.347 - INFO: 30129795 : 100 - 00099                     	
19-12-30 22:40:40.322 - INFO: 30498888 :   1 - 00000                     	
19-12-30 22:41:14.866 - INFO: 30498888 :   2 - 00001                     	
19-12-30 22:41:49.412 - INFO: 30498888 :   3 - 00002                     	
19-12-30 22:42:23.970 - INFO: 30498888 :   4 - 00003                     	
19-12-30 22:42:58.526 - INFO: 30498888 :   5 - 00004                     	
19-12-30 22:43:33.072 - INFO: 30498888 :   6 - 00005                     	
19-12-30 22:44:07.631 - INFO: 30498888 :   7 - 00006                     	
19-12-30 22:44:42.187 - INFO: 30498888 :   8 - 00007                     	
19-12-30 22:45:16.741 - INFO: 30498888 :   9 - 00008                     	
19-12-30 22:45:51.309 - INFO: 30498888 :  10 - 00009                     	
19-12-30 22:46:25.858 - INFO: 30498888 :  11 - 00010                     	
19-12-30 22:47:00.403 - INFO: 30498888 :  12 - 00011                     	
19-12-30 22:47:37.873 - INFO: 30498888 :  13 - 00012                     	
19-12-30 22:48:12.447 - INFO: 30498888 :  14 - 00013                     	
19-12-30 22:48:47.001 - INFO: 30498888 :  15 - 00014                     	
19-12-30 22:49:21.575 - INFO: 30498888 :  16 - 00015                     	
19-12-30 22:49:56.158 - INFO: 30498888 :  17 - 00016                     	
19-12-30 22:50:30.751 - INFO: 30498888 :  18 - 00017                     	
19-12-30 22:51:05.316 - INFO: 30498888 :  19 - 00018                     	
19-12-30 22:51:39.889 - INFO: 30498888 :  20 - 00019                     	
19-12-30 22:52:14.431 - INFO: 30498888 :  21 - 00020                     	
19-12-30 22:52:49.350 - INFO: 30498888 :  22 - 00021                     	
19-12-30 22:53:23.901 - INFO: 30498888 :  23 - 00022                     	
19-12-30 22:53:58.428 - INFO: 30498888 :  24 - 00023                     	
19-12-30 22:54:33.163 - INFO: 30498888 :  25 - 00024                     	
19-12-30 22:55:19.255 - INFO: 30498888 :  26 - 00025                     	
19-12-30 22:55:53.783 - INFO: 30498888 :  27 - 00026                     	
19-12-30 22:56:28.351 - INFO: 30498888 :  28 - 00027                     	
19-12-30 22:57:02.896 - INFO: 30498888 :  29 - 00028                     	
19-12-30 22:57:37.435 - INFO: 30498888 :  30 - 00029                     	
19-12-30 22:58:12.003 - INFO: 30498888 :  31 - 00030                     	
19-12-30 22:58:46.570 - INFO: 30498888 :  32 - 00031                     	
19-12-30 22:59:21.120 - INFO: 30498888 :  33 - 00032                     	
19-12-30 22:59:55.703 - INFO: 30498888 :  34 - 00033                     	
19-12-30 23:00:30.243 - INFO: 30498888 :  35 - 00034                     	
19-12-30 23:01:04.796 - INFO: 30498888 :  36 - 00035                     	
19-12-30 23:01:39.363 - INFO: 30498888 :  37 - 00036                     	
19-12-30 23:02:13.898 - INFO: 30498888 :  38 - 00037                     	
19-12-30 23:02:48.462 - INFO: 30498888 :  39 - 00038                     	
19-12-30 23:03:23.016 - INFO: 30498888 :  40 - 00039                     	
19-12-30 23:03:57.579 - INFO: 30498888 :  41 - 00040                     	
19-12-30 23:04:32.141 - INFO: 30498888 :  42 - 00041                     	
19-12-30 23:05:06.679 - INFO: 30498888 :  43 - 00042                     	
19-12-30 23:05:41.235 - INFO: 30498888 :  44 - 00043                     	
19-12-30 23:06:15.793 - INFO: 30498888 :  45 - 00044                     	
19-12-30 23:06:50.331 - INFO: 30498888 :  46 - 00045                     	
19-12-30 23:07:24.893 - INFO: 30498888 :  47 - 00046                     	
19-12-30 23:07:59.447 - INFO: 30498888 :  48 - 00047                     	
19-12-30 23:08:33.976 - INFO: 30498888 :  49 - 00048                     	
19-12-30 23:09:08.560 - INFO: 30498888 :  50 - 00049                     	
19-12-30 23:09:43.109 - INFO: 30498888 :  51 - 00050                     	
19-12-30 23:10:17.662 - INFO: 30498888 :  52 - 00051                     	
19-12-30 23:10:52.262 - INFO: 30498888 :  53 - 00052                     	
19-12-30 23:11:26.795 - INFO: 30498888 :  54 - 00053                     	
19-12-30 23:12:01.359 - INFO: 30498888 :  55 - 00054                     	
19-12-30 23:12:35.913 - INFO: 30498888 :  56 - 00055                     	
19-12-30 23:13:10.449 - INFO: 30498888 :  57 - 00056                     	
19-12-30 23:13:45.005 - INFO: 30498888 :  58 - 00057                     	
19-12-30 23:14:19.530 - INFO: 30498888 :  59 - 00058                     	
19-12-30 23:14:54.085 - INFO: 30498888 :  60 - 00059                     	
19-12-30 23:15:28.626 - INFO: 30498888 :  61 - 00060                     	
19-12-30 23:16:03.303 - INFO: 30498888 :  62 - 00061                     	
19-12-30 23:16:37.828 - INFO: 30498888 :  63 - 00062                     	
19-12-30 23:17:12.436 - INFO: 30498888 :  64 - 00063                     	
19-12-30 23:17:46.968 - INFO: 30498888 :  65 - 00064                     	
19-12-30 23:18:21.489 - INFO: 30498888 :  66 - 00065                     	
19-12-30 23:18:56.012 - INFO: 30498888 :  67 - 00066                     	
19-12-30 23:19:30.538 - INFO: 30498888 :  68 - 00067                     	
19-12-30 23:20:05.085 - INFO: 30498888 :  69 - 00068                     	
19-12-30 23:20:39.615 - INFO: 30498888 :  70 - 00069                     	
19-12-30 23:21:14.121 - INFO: 30498888 :  71 - 00070                     	
19-12-30 23:21:48.657 - INFO: 30498888 :  72 - 00071                     	
19-12-30 23:22:23.172 - INFO: 30498888 :  73 - 00072                     	
19-12-30 23:22:57.717 - INFO: 30498888 :  74 - 00073                     	
19-12-30 23:23:32.243 - INFO: 30498888 :  75 - 00074                     	
19-12-30 23:24:06.781 - INFO: 30498888 :  76 - 00075                     	
19-12-30 23:24:41.311 - INFO: 30498888 :  77 - 00076                     	
19-12-30 23:25:15.897 - INFO: 30498888 :  78 - 00077                     	
19-12-30 23:25:50.427 - INFO: 30498888 :  79 - 00078                     	
19-12-30 23:26:24.936 - INFO: 30498888 :  80 - 00079                     	
19-12-30 23:26:59.491 - INFO: 30498888 :  81 - 00080                     	
19-12-30 23:27:34.025 - INFO: 30498888 :  82 - 00081                     	
19-12-30 23:28:08.597 - INFO: 30498888 :  83 - 00082                     	
19-12-30 23:28:43.156 - INFO: 30498888 :  84 - 00083                     	
19-12-30 23:29:17.693 - INFO: 30498888 :  85 - 00084                     	
19-12-30 23:29:52.241 - INFO: 30498888 :  86 - 00085                     	
19-12-30 23:30:26.804 - INFO: 30498888 :  87 - 00086                     	
19-12-30 23:31:01.364 - INFO: 30498888 :  88 - 00087                     	
19-12-30 23:31:35.965 - INFO: 30498888 :  89 - 00088                     	
19-12-30 23:32:10.531 - INFO: 30498888 :  90 - 00089                     	
19-12-30 23:32:45.087 - INFO: 30498888 :  91 - 00090                     	
19-12-30 23:33:19.678 - INFO: 30498888 :  92 - 00091                     	
19-12-30 23:33:54.254 - INFO: 30498888 :  93 - 00092                     	
19-12-30 23:34:28.819 - INFO: 30498888 :  94 - 00093                     	
19-12-30 23:35:03.377 - INFO: 30498888 :  95 - 00094                     	
19-12-30 23:35:37.971 - INFO: 30498888 :  96 - 00095                     	
19-12-30 23:36:12.537 - INFO: 30498888 :  97 - 00096                     	
19-12-30 23:36:47.122 - INFO: 30498888 :  98 - 00097                     	
19-12-30 23:37:21.667 - INFO: 30498888 :  99 - 00098                     	
19-12-30 23:37:56.231 - INFO: 30498888 : 100 - 00099                     	
19-12-30 23:37:56.232 - INFO: Data: sharp_bicubic - /lustre/home/acct-eezy/eezy/4khdr/data/Dataset/test_540p
19-12-30 23:37:56.232 - INFO: Padding mode: new_info
19-12-30 23:37:56.232 - INFO: Model path: /lustre/home/acct-eezy/eezy/4khdr/codes/experiments/train_EDVR_L_Preload_30000_nobug_ssim_10_LR_1e_5_suzhou_remove_baddata/models/latest_G.pth
19-12-30 23:37:56.232 - INFO: Save images: True
19-12-30 23:37:56.232 - INFO: Flip test: False
