cudnn(28):ERROR:105: Unable to locate a modulefile for 'cudnn/7.0.4'
19-12-30 18:49:07.254 - INFO: Data: sharp_bicubic - /lustre/home/acct-eezy/eezy/4khdr/data/Dataset/test_540p
19-12-30 18:49:07.255 - INFO: Padding mode: new_info
19-12-30 18:49:07.255 - INFO: Model path: /lustre/home/acct-eezy/eezy/4khdr/codes/experiments/train_EDVR_L_Preload_30000_nobug_ssim_10_LR_1e_5_suzhou_remove_baddata/models/latest_G.pth
19-12-30 18:49:07.255 - INFO: Save images: True
19-12-30 18:49:07.255 - INFO: Flip test: False
19-12-30 18:49:52.452 - INFO: 35613628 :   1 - 00000                     	
19-12-30 18:50:24.674 - INFO: 35613628 :   2 - 00001                     	
19-12-30 18:50:56.997 - INFO: 35613628 :   3 - 00002                     	
19-12-30 18:51:29.373 - INFO: 35613628 :   4 - 00003                     	
19-12-30 18:52:01.715 - INFO: 35613628 :   5 - 00004                     	
19-12-30 18:52:34.075 - INFO: 35613628 :   6 - 00005                     	
19-12-30 18:53:06.553 - INFO: 35613628 :   7 - 00006                     	
19-12-30 18:53:38.994 - INFO: 35613628 :   8 - 00007                     	
19-12-30 18:54:11.374 - INFO: 35613628 :   9 - 00008                     	
19-12-30 18:54:43.700 - INFO: 35613628 :  10 - 00009                     	
19-12-30 18:55:16.018 - INFO: 35613628 :  11 - 00010                     	
19-12-30 18:55:48.492 - INFO: 35613628 :  12 - 00011                     	
19-12-30 18:56:20.846 - INFO: 35613628 :  13 - 00012                     	
19-12-30 18:56:53.425 - INFO: 35613628 :  14 - 00013                     	
19-12-30 18:57:25.903 - INFO: 35613628 :  15 - 00014                     	
19-12-30 18:57:58.372 - INFO: 35613628 :  16 - 00015                     	
19-12-30 18:58:30.920 - INFO: 35613628 :  17 - 00016                     	
19-12-30 18:59:03.613 - INFO: 35613628 :  18 - 00017                     	
19-12-30 18:59:36.184 - INFO: 35613628 :  19 - 00018                     	
19-12-30 19:00:08.796 - INFO: 35613628 :  20 - 00019                     	
19-12-30 19:00:41.351 - INFO: 35613628 :  21 - 00020                     	
19-12-30 19:01:14.190 - INFO: 35613628 :  22 - 00021                     	
19-12-30 19:01:46.785 - INFO: 35613628 :  23 - 00022                     	
19-12-30 19:02:19.695 - INFO: 35613628 :  24 - 00023                     	
19-12-30 19:02:52.590 - INFO: 35613628 :  25 - 00024                     	
19-12-30 19:03:25.630 - INFO: 35613628 :  26 - 00025                     	
19-12-30 19:03:58.693 - INFO: 35613628 :  27 - 00026                     	
19-12-30 19:04:31.879 - INFO: 35613628 :  28 - 00027                     	
19-12-30 19:05:05.063 - INFO: 35613628 :  29 - 00028                     	
19-12-30 19:05:38.500 - INFO: 35613628 :  30 - 00029                     	
19-12-30 19:06:11.678 - INFO: 35613628 :  31 - 00030                     	
19-12-30 19:06:45.207 - INFO: 35613628 :  32 - 00031                     	
19-12-30 19:07:18.709 - INFO: 35613628 :  33 - 00032                     	
19-12-30 19:07:52.060 - INFO: 35613628 :  34 - 00033                     	
19-12-30 19:08:25.332 - INFO: 35613628 :  35 - 00034                     	
19-12-30 19:08:58.979 - INFO: 35613628 :  36 - 00035                     	
19-12-30 19:09:32.432 - INFO: 35613628 :  37 - 00036                     	
19-12-30 19:10:06.066 - INFO: 35613628 :  38 - 00037                     	
19-12-30 19:10:39.390 - INFO: 35613628 :  39 - 00038                     	
19-12-30 19:11:12.703 - INFO: 35613628 :  40 - 00039                     	
19-12-30 19:11:45.772 - INFO: 35613628 :  41 - 00040                     	
19-12-30 19:12:18.939 - INFO: 35613628 :  42 - 00041                     	
19-12-30 19:12:51.772 - INFO: 35613628 :  43 - 00042                     	
19-12-30 19:13:24.819 - INFO: 35613628 :  44 - 00043                     	
19-12-30 19:13:57.483 - INFO: 35613628 :  45 - 00044                     	
19-12-30 19:14:30.239 - INFO: 35613628 :  46 - 00045                     	
19-12-30 19:15:02.763 - INFO: 35613628 :  47 - 00046                     	
19-12-30 19:15:35.419 - INFO: 35613628 :  48 - 00047                     	
19-12-30 19:16:07.815 - INFO: 35613628 :  49 - 00048                     	
19-12-30 19:16:40.363 - INFO: 35613628 :  50 - 00049                     	
19-12-30 19:17:12.711 - INFO: 35613628 :  51 - 00050                     	
19-12-30 19:17:45.152 - INFO: 35613628 :  52 - 00051                     	
19-12-30 19:18:17.427 - INFO: 35613628 :  53 - 00052                     	
19-12-30 19:18:49.961 - INFO: 35613628 :  54 - 00053                     	
19-12-30 19:19:22.208 - INFO: 35613628 :  55 - 00054                     	
19-12-30 19:19:54.622 - INFO: 35613628 :  56 - 00055                     	
19-12-30 19:20:26.833 - INFO: 35613628 :  57 - 00056                     	
19-12-30 19:20:59.190 - INFO: 35613628 :  58 - 00057                     	
19-12-30 19:21:31.402 - INFO: 35613628 :  59 - 00058                     	
19-12-30 19:22:03.759 - INFO: 35613628 :  60 - 00059                     	
19-12-30 19:22:35.926 - INFO: 35613628 :  61 - 00060                     	
19-12-30 19:23:08.284 - INFO: 35613628 :  62 - 00061                     	
19-12-30 19:23:40.437 - INFO: 35613628 :  63 - 00062                     	
19-12-30 19:24:12.747 - INFO: 35613628 :  64 - 00063                     	
19-12-30 19:24:44.889 - INFO: 35613628 :  65 - 00064                     	
19-12-30 19:25:17.141 - INFO: 35613628 :  66 - 00065                     	
19-12-30 19:25:49.253 - INFO: 35613628 :  67 - 00066                     	
19-12-30 19:26:21.494 - INFO: 35613628 :  68 - 00067                     	
19-12-30 19:26:53.614 - INFO: 35613628 :  69 - 00068                     	
19-12-30 19:27:25.913 - INFO: 35613628 :  70 - 00069                     	
19-12-30 19:27:58.056 - INFO: 35613628 :  71 - 00070                     	
19-12-30 19:28:30.416 - INFO: 35613628 :  72 - 00071                     	
19-12-30 19:29:02.650 - INFO: 35613628 :  73 - 00072                     	
19-12-30 19:29:35.095 - INFO: 35613628 :  74 - 00073                     	
19-12-30 19:30:07.345 - INFO: 35613628 :  75 - 00074                     	
19-12-30 19:30:39.824 - INFO: 35613628 :  76 - 00075                     	
19-12-30 19:31:12.134 - INFO: 35613628 :  77 - 00076                     	
19-12-30 19:31:44.670 - INFO: 35613628 :  78 - 00077                     	
19-12-30 19:32:17.059 - INFO: 35613628 :  79 - 00078                     	
19-12-30 19:32:49.633 - INFO: 35613628 :  80 - 00079                     	
19-12-30 19:33:22.128 - INFO: 35613628 :  81 - 00080                     	
19-12-30 19:33:54.557 - INFO: 35613628 :  82 - 00081                     	
19-12-30 19:34:27.178 - INFO: 35613628 :  83 - 00082                     	
19-12-30 19:34:59.827 - INFO: 35613628 :  84 - 00083                     	
19-12-30 19:35:32.395 - INFO: 35613628 :  85 - 00084                     	
19-12-30 19:36:05.231 - INFO: 35613628 :  86 - 00085                     	
19-12-30 19:36:37.966 - INFO: 35613628 :  87 - 00086                     	
19-12-30 19:37:10.855 - INFO: 35613628 :  88 - 00087                     	
19-12-30 19:37:44.027 - INFO: 35613628 :  89 - 00088                     	
19-12-30 19:38:17.195 - INFO: 35613628 :  90 - 00089                     	
19-12-30 19:38:50.453 - INFO: 35613628 :  91 - 00090                     	
19-12-30 19:39:23.491 - INFO: 35613628 :  92 - 00091                     	
19-12-30 19:39:56.898 - INFO: 35613628 :  93 - 00092                     	
19-12-30 19:40:30.248 - INFO: 35613628 :  94 - 00093                     	
19-12-30 19:41:03.689 - INFO: 35613628 :  95 - 00094                     	
19-12-30 19:41:37.163 - INFO: 35613628 :  96 - 00095                     	
19-12-30 19:42:10.749 - INFO: 35613628 :  97 - 00096                     	
19-12-30 19:42:44.093 - INFO: 35613628 :  98 - 00097                     	
19-12-30 19:43:16.646 - INFO: 35613628 :  99 - 00098                     	
19-12-30 19:43:49.547 - INFO: 35613628 : 100 - 00099                     	
19-12-30 19:44:28.876 - INFO: 36016831 :   1 - 00000                     	
19-12-30 19:45:02.035 - INFO: 36016831 :   2 - 00001                     	
19-12-30 19:45:34.898 - INFO: 36016831 :   3 - 00002                     	
19-12-30 19:46:07.596 - INFO: 36016831 :   4 - 00003                     	
19-12-30 19:46:40.385 - INFO: 36016831 :   5 - 00004                     	
19-12-30 19:47:12.873 - INFO: 36016831 :   6 - 00005                     	
19-12-30 19:47:45.381 - INFO: 36016831 :   7 - 00006                     	
19-12-30 19:48:17.674 - INFO: 36016831 :   8 - 00007                     	
19-12-30 19:48:50.066 - INFO: 36016831 :   9 - 00008                     	
19-12-30 19:49:22.171 - INFO: 36016831 :  10 - 00009                     	
19-12-30 19:49:54.371 - INFO: 36016831 :  11 - 00010                     	
19-12-30 19:50:26.388 - INFO: 36016831 :  12 - 00011                     	
19-12-30 19:50:58.490 - INFO: 36016831 :  13 - 00012                     	
19-12-30 19:51:30.493 - INFO: 36016831 :  14 - 00013                     	
19-12-30 19:52:02.567 - INFO: 36016831 :  15 - 00014                     	
19-12-30 19:52:34.565 - INFO: 36016831 :  16 - 00015                     	
19-12-30 19:53:06.547 - INFO: 36016831 :  17 - 00016                     	
19-12-30 19:53:38.788 - INFO: 36016831 :  18 - 00017                     	
19-12-30 19:54:10.832 - INFO: 36016831 :  19 - 00018                     	
19-12-30 19:54:43.161 - INFO: 36016831 :  20 - 00019                     	
19-12-30 19:55:15.330 - INFO: 36016831 :  21 - 00020                     	
19-12-30 19:55:47.786 - INFO: 36016831 :  22 - 00021                     	
19-12-30 19:56:20.118 - INFO: 36016831 :  23 - 00022                     	
19-12-30 19:56:52.750 - INFO: 36016831 :  24 - 00023                     	
19-12-30 19:57:25.201 - INFO: 36016831 :  25 - 00024                     	
19-12-30 19:57:57.795 - INFO: 36016831 :  26 - 00025                     	
19-12-30 19:58:30.432 - INFO: 36016831 :  27 - 00026                     	
19-12-30 19:59:03.228 - INFO: 36016831 :  28 - 00027                     	
19-12-30 19:59:36.069 - INFO: 36016831 :  29 - 00028                     	
19-12-30 20:00:08.936 - INFO: 36016831 :  30 - 00029                     	
19-12-30 20:00:41.897 - INFO: 36016831 :  31 - 00030                     	
19-12-30 20:01:15.236 - INFO: 36016831 :  32 - 00031                     	
19-12-30 20:01:47.983 - INFO: 36016831 :  33 - 00032                     	
19-12-30 20:02:21.118 - INFO: 36016831 :  34 - 00033                     	
19-12-30 20:02:53.824 - INFO: 36016831 :  35 - 00034                     	
19-12-30 20:03:26.875 - INFO: 36016831 :  36 - 00035                     	
19-12-30 20:03:59.982 - INFO: 36016831 :  37 - 00036                     	
19-12-30 20:04:33.154 - INFO: 36016831 :  38 - 00037                     	
19-12-30 20:05:06.105 - INFO: 36016831 :  39 - 00038                     	
19-12-30 20:05:39.163 - INFO: 36016831 :  40 - 00039                     	
19-12-30 20:06:11.841 - INFO: 36016831 :  41 - 00040                     	
19-12-30 20:06:44.435 - INFO: 36016831 :  42 - 00041                     	
19-12-30 20:07:16.956 - INFO: 36016831 :  43 - 00042                     	
19-12-30 20:07:49.415 - INFO: 36016831 :  44 - 00043                     	
19-12-30 20:08:21.614 - INFO: 36016831 :  45 - 00044                     	
19-12-30 20:08:53.905 - INFO: 36016831 :  46 - 00045                     	
19-12-30 20:09:26.096 - INFO: 36016831 :  47 - 00046                     	
19-12-30 20:09:58.343 - INFO: 36016831 :  48 - 00047                     	
19-12-30 20:10:30.423 - INFO: 36016831 :  49 - 00048                     	
19-12-30 20:11:02.643 - INFO: 36016831 :  50 - 00049                     	
19-12-30 20:11:34.672 - INFO: 36016831 :  51 - 00050                     	
19-12-30 20:12:06.926 - INFO: 36016831 :  52 - 00051                     	
19-12-30 20:12:39.097 - INFO: 36016831 :  53 - 00052                     	
19-12-30 20:13:11.295 - INFO: 36016831 :  54 - 00053                     	
19-12-30 20:13:43.484 - INFO: 36016831 :  55 - 00054                     	
19-12-30 20:14:15.905 - INFO: 36016831 :  56 - 00055                     	
19-12-30 20:14:48.238 - INFO: 36016831 :  57 - 00056                     	
19-12-30 20:15:20.935 - INFO: 36016831 :  58 - 00057                     	
19-12-30 20:15:53.495 - INFO: 36016831 :  59 - 00058                     	
19-12-30 20:16:26.354 - INFO: 36016831 :  60 - 00059                     	
19-12-30 20:16:58.999 - INFO: 36016831 :  61 - 00060                     	
19-12-30 20:17:31.883 - INFO: 36016831 :  62 - 00061                     	
19-12-30 20:18:04.682 - INFO: 36016831 :  63 - 00062                     	
19-12-30 20:18:37.864 - INFO: 36016831 :  64 - 00063                     	
19-12-30 20:19:11.109 - INFO: 36016831 :  65 - 00064                     	
19-12-30 20:19:44.219 - INFO: 36016831 :  66 - 00065                     	
19-12-30 20:20:17.392 - INFO: 36016831 :  67 - 00066                     	
19-12-30 20:20:50.593 - INFO: 36016831 :  68 - 00067                     	
19-12-30 20:21:23.690 - INFO: 36016831 :  69 - 00068                     	
19-12-30 20:21:56.898 - INFO: 36016831 :  70 - 00069                     	
19-12-30 20:22:29.949 - INFO: 36016831 :  71 - 00070                     	
19-12-30 20:23:03.123 - INFO: 36016831 :  72 - 00071                     	
19-12-30 20:23:36.386 - INFO: 36016831 :  73 - 00072                     	
19-12-30 20:24:09.650 - INFO: 36016831 :  74 - 00073                     	
19-12-30 20:24:42.440 - INFO: 36016831 :  75 - 00074                     	
19-12-30 20:25:15.231 - INFO: 36016831 :  76 - 00075                     	
19-12-30 20:25:47.710 - INFO: 36016831 :  77 - 00076                     	
19-12-30 20:26:20.310 - INFO: 36016831 :  78 - 00077                     	
19-12-30 20:26:52.700 - INFO: 36016831 :  79 - 00078                     	
19-12-30 20:27:25.182 - INFO: 36016831 :  80 - 00079                     	
19-12-30 20:27:57.436 - INFO: 36016831 :  81 - 00080                     	
19-12-30 20:28:29.686 - INFO: 36016831 :  82 - 00081                     	
19-12-30 20:29:01.830 - INFO: 36016831 :  83 - 00082                     	
19-12-30 20:29:34.144 - INFO: 36016831 :  84 - 00083                     	
19-12-30 20:30:06.315 - INFO: 36016831 :  85 - 00084                     	
19-12-30 20:30:38.666 - INFO: 36016831 :  86 - 00085                     	
19-12-30 20:31:10.932 - INFO: 36016831 :  87 - 00086                     	
19-12-30 20:31:43.349 - INFO: 36016831 :  88 - 00087                     	
19-12-30 20:32:15.709 - INFO: 36016831 :  89 - 00088                     	
19-12-30 20:32:48.187 - INFO: 36016831 :  90 - 00089                     	
19-12-30 20:33:20.652 - INFO: 36016831 :  91 - 00090                     	
19-12-30 20:33:53.771 - INFO: 36016831 :  92 - 00091                     	
19-12-30 20:34:26.515 - INFO: 36016831 :  93 - 00092                     	
19-12-30 20:34:59.624 - INFO: 36016831 :  94 - 00093                     	
19-12-30 20:35:32.685 - INFO: 36016831 :  95 - 00094                     	
19-12-30 20:36:05.036 - INFO: 36016831 :  96 - 00095                     	
19-12-30 20:36:37.271 - INFO: 36016831 :  97 - 00096                     	
19-12-30 20:37:09.731 - INFO: 36016831 :  98 - 00097                     	
19-12-30 20:37:42.122 - INFO: 36016831 :  99 - 00098                     	
19-12-30 20:38:14.663 - INFO: 36016831 : 100 - 00099                     	
19-12-30 20:38:57.603 - INFO: 37113101 :   1 - 00000                     	
19-12-30 20:39:30.984 - INFO: 37113101 :   2 - 00001                     	
19-12-30 20:40:04.065 - INFO: 37113101 :   3 - 00002                     	
19-12-30 20:40:37.224 - INFO: 37113101 :   4 - 00003                     	
19-12-30 20:41:10.170 - INFO: 37113101 :   5 - 00004                     	
19-12-30 20:41:43.347 - INFO: 37113101 :   6 - 00005                     	
19-12-30 20:42:16.075 - INFO: 37113101 :   7 - 00006                     	
19-12-30 20:42:49.069 - INFO: 37113101 :   8 - 00007                     	
19-12-30 20:43:21.959 - INFO: 37113101 :   9 - 00008                     	
19-12-30 20:43:54.930 - INFO: 37113101 :  10 - 00009                     	
19-12-30 20:44:27.559 - INFO: 37113101 :  11 - 00010                     	
19-12-30 20:45:00.125 - INFO: 37113101 :  12 - 00011                     	
19-12-30 20:45:32.626 - INFO: 37113101 :  13 - 00012                     	
19-12-30 20:46:05.221 - INFO: 37113101 :  14 - 00013                     	
19-12-30 20:46:37.582 - INFO: 37113101 :  15 - 00014                     	
19-12-30 20:47:09.874 - INFO: 37113101 :  16 - 00015                     	
19-12-30 20:47:42.085 - INFO: 37113101 :  17 - 00016                     	
19-12-30 20:48:14.418 - INFO: 37113101 :  18 - 00017                     	
19-12-30 20:48:46.573 - INFO: 37113101 :  19 - 00018                     	
19-12-30 20:49:18.830 - INFO: 37113101 :  20 - 00019                     	
19-12-30 20:49:51.046 - INFO: 37113101 :  21 - 00020                     	
19-12-30 20:50:23.263 - INFO: 37113101 :  22 - 00021                     	
19-12-30 20:50:55.416 - INFO: 37113101 :  23 - 00022                     	
19-12-30 20:51:27.746 - INFO: 37113101 :  24 - 00023                     	
19-12-30 20:51:59.910 - INFO: 37113101 :  25 - 00024                     	
19-12-30 20:52:32.312 - INFO: 37113101 :  26 - 00025                     	
19-12-30 20:53:04.574 - INFO: 37113101 :  27 - 00026                     	
19-12-30 20:53:36.955 - INFO: 37113101 :  28 - 00027                     	
19-12-30 20:54:09.345 - INFO: 37113101 :  29 - 00028                     	
19-12-30 20:54:41.956 - INFO: 37113101 :  30 - 00029                     	
19-12-30 20:55:14.475 - INFO: 37113101 :  31 - 00030                     	
19-12-30 20:55:47.271 - INFO: 37113101 :  32 - 00031                     	
19-12-30 20:56:19.810 - INFO: 37113101 :  33 - 00032                     	
19-12-30 20:56:52.545 - INFO: 37113101 :  34 - 00033                     	
19-12-30 20:57:25.217 - INFO: 37113101 :  35 - 00034                     	
19-12-30 20:57:58.125 - INFO: 37113101 :  36 - 00035                     	
19-12-30 20:58:30.792 - INFO: 37113101 :  37 - 00036                     	
19-12-30 20:59:03.543 - INFO: 37113101 :  38 - 00037                     	
19-12-30 20:59:36.261 - INFO: 37113101 :  39 - 00038                     	
19-12-30 21:00:09.064 - INFO: 37113101 :  40 - 00039                     	
19-12-30 21:00:41.613 - INFO: 37113101 :  41 - 00040                     	
19-12-30 21:01:14.307 - INFO: 37113101 :  42 - 00041                     	
19-12-30 21:01:46.909 - INFO: 37113101 :  43 - 00042                     	
19-12-30 21:02:19.734 - INFO: 37113101 :  44 - 00043                     	
19-12-30 21:02:52.443 - INFO: 37113101 :  45 - 00044                     	
19-12-30 21:03:25.425 - INFO: 37113101 :  46 - 00045                     	
19-12-30 21:03:58.745 - INFO: 37113101 :  47 - 00046                     	
19-12-30 21:04:32.261 - INFO: 37113101 :  48 - 00047                     	
19-12-30 21:05:05.692 - INFO: 37113101 :  49 - 00048                     	
19-12-30 21:05:39.164 - INFO: 37113101 :  50 - 00049                     	
19-12-30 21:06:12.410 - INFO: 37113101 :  51 - 00050                     	
19-12-30 21:06:45.675 - INFO: 37113101 :  52 - 00051                     	
19-12-30 21:07:18.582 - INFO: 37113101 :  53 - 00052                     	
19-12-30 21:07:51.283 - INFO: 37113101 :  54 - 00053                     	
19-12-30 21:08:23.884 - INFO: 37113101 :  55 - 00054                     	
19-12-30 21:08:56.814 - INFO: 37113101 :  56 - 00055                     	
19-12-30 21:09:29.222 - INFO: 37113101 :  57 - 00056                     	
19-12-30 21:10:01.732 - INFO: 37113101 :  58 - 00057                     	
19-12-30 21:10:34.014 - INFO: 37113101 :  59 - 00058                     	
19-12-30 21:11:06.438 - INFO: 37113101 :  60 - 00059                     	
19-12-30 21:11:38.627 - INFO: 37113101 :  61 - 00060                     	
19-12-30 21:12:10.984 - INFO: 37113101 :  62 - 00061                     	
19-12-30 21:12:43.145 - INFO: 37113101 :  63 - 00062                     	
19-12-30 21:13:15.431 - INFO: 37113101 :  64 - 00063                     	
19-12-30 21:13:47.608 - INFO: 37113101 :  65 - 00064                     	
19-12-30 21:14:20.103 - INFO: 37113101 :  66 - 00065                     	
19-12-30 21:14:52.381 - INFO: 37113101 :  67 - 00066                     	
19-12-30 21:15:24.871 - INFO: 37113101 :  68 - 00067                     	
19-12-30 21:15:57.253 - INFO: 37113101 :  69 - 00068                     	
19-12-30 21:16:29.958 - INFO: 37113101 :  70 - 00069                     	
19-12-30 21:17:02.453 - INFO: 37113101 :  71 - 00070                     	
19-12-30 21:17:35.228 - INFO: 37113101 :  72 - 00071                     	
19-12-30 21:18:07.899 - INFO: 37113101 :  73 - 00072                     	
19-12-30 21:18:40.772 - INFO: 37113101 :  74 - 00073                     	
19-12-30 21:19:13.434 - INFO: 37113101 :  75 - 00074                     	
19-12-30 21:19:46.538 - INFO: 37113101 :  76 - 00075                     	
19-12-30 21:20:19.208 - INFO: 37113101 :  77 - 00076                     	
19-12-30 21:20:51.967 - INFO: 37113101 :  78 - 00077                     	
19-12-30 21:21:24.547 - INFO: 37113101 :  79 - 00078                     	
19-12-30 21:21:57.477 - INFO: 37113101 :  80 - 00079                     	
19-12-30 21:22:30.592 - INFO: 37113101 :  81 - 00080                     	
19-12-30 21:23:04.075 - INFO: 37113101 :  82 - 00081                     	
19-12-30 21:23:37.489 - INFO: 37113101 :  83 - 00082                     	
19-12-30 21:24:10.840 - INFO: 37113101 :  84 - 00083                     	
19-12-30 21:24:44.222 - INFO: 37113101 :  85 - 00084                     	
19-12-30 21:25:17.614 - INFO: 37113101 :  86 - 00085                     	
19-12-30 21:25:50.862 - INFO: 37113101 :  87 - 00086                     	
19-12-30 21:26:24.010 - INFO: 37113101 :  88 - 00087                     	
19-12-30 21:26:56.948 - INFO: 37113101 :  89 - 00088                     	
19-12-30 21:27:29.732 - INFO: 37113101 :  90 - 00089                     	
19-12-30 21:28:02.390 - INFO: 37113101 :  91 - 00090                     	
19-12-30 21:28:35.179 - INFO: 37113101 :  92 - 00091                     	
19-12-30 21:29:07.553 - INFO: 37113101 :  93 - 00092                     	
19-12-30 21:29:40.957 - INFO: 37113101 :  94 - 00093                     	
19-12-30 21:30:14.256 - INFO: 37113101 :  95 - 00094                     	
19-12-30 21:30:47.611 - INFO: 37113101 :  96 - 00095                     	
19-12-30 21:31:20.783 - INFO: 37113101 :  97 - 00096                     	
19-12-30 21:31:53.740 - INFO: 37113101 :  98 - 00097                     	
19-12-30 21:32:26.487 - INFO: 37113101 :  99 - 00098                     	
19-12-30 21:32:59.294 - INFO: 37113101 : 100 - 00099                     	
19-12-30 21:33:42.564 - INFO: 38091961 :   1 - 00000                     	
19-12-30 21:34:15.337 - INFO: 38091961 :   2 - 00001                     	
19-12-30 21:34:47.949 - INFO: 38091961 :   3 - 00002                     	
19-12-30 21:35:20.658 - INFO: 38091961 :   4 - 00003                     	
19-12-30 21:35:53.379 - INFO: 38091961 :   5 - 00004                     	
19-12-30 21:36:26.079 - INFO: 38091961 :   6 - 00005                     	
19-12-30 21:36:58.873 - INFO: 38091961 :   7 - 00006                     	
19-12-30 21:37:31.908 - INFO: 38091961 :   8 - 00007                     	
19-12-30 21:38:05.267 - INFO: 38091961 :   9 - 00008                     	
19-12-30 21:38:38.517 - INFO: 38091961 :  10 - 00009                     	
19-12-30 21:39:11.881 - INFO: 38091961 :  11 - 00010                     	
19-12-30 21:39:45.286 - INFO: 38091961 :  12 - 00011                     	
19-12-30 21:40:18.428 - INFO: 38091961 :  13 - 00012                     	
19-12-30 21:40:51.479 - INFO: 38091961 :  14 - 00013                     	
19-12-30 21:41:24.341 - INFO: 38091961 :  15 - 00014                     	
19-12-30 21:41:57.148 - INFO: 38091961 :  16 - 00015                     	
19-12-30 21:42:29.771 - INFO: 38091961 :  17 - 00016                     	
19-12-30 21:43:02.386 - INFO: 38091961 :  18 - 00017                     	
19-12-30 21:43:34.719 - INFO: 38091961 :  19 - 00018                     	
19-12-30 21:44:07.218 - INFO: 38091961 :  20 - 00019                     	
19-12-30 21:44:39.455 - INFO: 38091961 :  21 - 00020                     	
19-12-30 21:45:11.770 - INFO: 38091961 :  22 - 00021                     	
19-12-30 21:45:43.920 - INFO: 38091961 :  23 - 00022                     	
19-12-30 21:46:16.115 - INFO: 38091961 :  24 - 00023                     	
19-12-30 21:46:48.339 - INFO: 38091961 :  25 - 00024                     	
19-12-30 21:47:20.731 - INFO: 38091961 :  26 - 00025                     	
19-12-30 21:47:52.988 - INFO: 38091961 :  27 - 00026                     	
19-12-30 21:48:25.523 - INFO: 38091961 :  28 - 00027                     	
19-12-30 21:48:57.847 - INFO: 38091961 :  29 - 00028                     	
19-12-30 21:49:30.426 - INFO: 38091961 :  30 - 00029                     	
19-12-30 21:50:02.928 - INFO: 38091961 :  31 - 00030                     	
19-12-30 21:50:35.544 - INFO: 38091961 :  32 - 00031                     	
19-12-30 21:51:08.036 - INFO: 38091961 :  33 - 00032                     	
19-12-30 21:51:40.831 - INFO: 38091961 :  34 - 00033                     	
19-12-30 21:52:13.726 - INFO: 38091961 :  35 - 00034                     	
19-12-30 21:52:46.709 - INFO: 38091961 :  36 - 00035                     	
19-12-30 21:53:19.488 - INFO: 38091961 :  37 - 00036                     	
19-12-30 21:53:52.480 - INFO: 38091961 :  38 - 00037                     	
19-12-30 21:54:25.588 - INFO: 38091961 :  39 - 00038                     	
19-12-30 21:54:58.442 - INFO: 38091961 :  40 - 00039                     	
19-12-30 21:55:31.584 - INFO: 38091961 :  41 - 00040                     	
19-12-30 21:56:04.784 - INFO: 38091961 :  42 - 00041                     	
19-12-30 21:56:38.116 - INFO: 38091961 :  43 - 00042                     	
19-12-30 21:57:11.738 - INFO: 38091961 :  44 - 00043                     	
19-12-30 21:57:45.101 - INFO: 38091961 :  45 - 00044                     	
19-12-30 21:58:18.329 - INFO: 38091961 :  46 - 00045                     	
19-12-30 21:58:51.290 - INFO: 38091961 :  47 - 00046                     	
19-12-30 21:59:24.248 - INFO: 38091961 :  48 - 00047                     	
19-12-30 21:59:56.820 - INFO: 38091961 :  49 - 00048                     	
19-12-30 22:00:29.369 - INFO: 38091961 :  50 - 00049                     	
19-12-30 22:01:01.725 - INFO: 38091961 :  51 - 00050                     	
19-12-30 22:01:34.227 - INFO: 38091961 :  52 - 00051                     	
19-12-30 22:02:06.467 - INFO: 38091961 :  53 - 00052                     	
19-12-30 22:02:38.827 - INFO: 38091961 :  54 - 00053                     	
19-12-30 22:03:11.004 - INFO: 38091961 :  55 - 00054                     	
19-12-30 22:03:43.290 - INFO: 38091961 :  56 - 00055                     	
19-12-30 22:04:16.617 - INFO: 38091961 :  57 - 00056                     	
19-12-30 22:04:48.890 - INFO: 38091961 :  58 - 00057                     	
19-12-30 22:05:21.102 - INFO: 38091961 :  59 - 00058                     	
19-12-30 22:05:53.588 - INFO: 38091961 :  60 - 00059                     	
19-12-30 22:06:25.875 - INFO: 38091961 :  61 - 00060                     	
19-12-30 22:06:58.485 - INFO: 38091961 :  62 - 00061                     	
19-12-30 22:07:30.994 - INFO: 38091961 :  63 - 00062                     	
19-12-30 22:08:03.711 - INFO: 38091961 :  64 - 00063                     	
19-12-30 22:08:36.405 - INFO: 38091961 :  65 - 00064                     	
19-12-30 22:09:09.338 - INFO: 38091961 :  66 - 00065                     	
19-12-30 22:09:42.173 - INFO: 38091961 :  67 - 00066                     	
19-12-30 22:10:15.325 - INFO: 38091961 :  68 - 00067                     	
19-12-30 22:10:48.322 - INFO: 38091961 :  69 - 00068                     	
19-12-30 22:11:21.659 - INFO: 38091961 :  70 - 00069                     	
19-12-30 22:11:54.587 - INFO: 38091961 :  71 - 00070                     	
19-12-30 22:12:27.804 - INFO: 38091961 :  72 - 00071                     	
19-12-30 22:13:00.769 - INFO: 38091961 :  73 - 00072                     	
19-12-30 22:13:33.864 - INFO: 38091961 :  74 - 00073                     	
19-12-30 22:14:07.114 - INFO: 38091961 :  75 - 00074                     	
19-12-30 22:14:40.533 - INFO: 38091961 :  76 - 00075                     	
19-12-30 22:15:13.772 - INFO: 38091961 :  77 - 00076                     	
19-12-30 22:15:46.951 - INFO: 38091961 :  78 - 00077                     	
19-12-30 22:16:19.851 - INFO: 38091961 :  79 - 00078                     	
19-12-30 22:16:52.746 - INFO: 38091961 :  80 - 00079                     	
19-12-30 22:17:25.358 - INFO: 38091961 :  81 - 00080                     	
19-12-30 22:17:58.063 - INFO: 38091961 :  82 - 00081                     	
19-12-30 22:18:30.553 - INFO: 38091961 :  83 - 00082                     	
19-12-30 22:19:03.012 - INFO: 38091961 :  84 - 00083                     	
19-12-30 22:19:35.288 - INFO: 38091961 :  85 - 00084                     	
19-12-30 22:20:07.633 - INFO: 38091961 :  86 - 00085                     	
19-12-30 22:20:39.816 - INFO: 38091961 :  87 - 00086                     	
19-12-30 22:21:12.254 - INFO: 38091961 :  88 - 00087                     	
19-12-30 22:21:44.580 - INFO: 38091961 :  89 - 00088                     	
19-12-30 22:22:16.822 - INFO: 38091961 :  90 - 00089                     	
19-12-30 22:22:49.917 - INFO: 38091961 :  91 - 00090                     	
19-12-30 22:23:23.013 - INFO: 38091961 :  92 - 00091                     	
19-12-30 22:23:55.734 - INFO: 38091961 :  93 - 00092                     	
19-12-30 22:24:28.553 - INFO: 38091961 :  94 - 00093                     	
19-12-30 22:25:01.127 - INFO: 38091961 :  95 - 00094                     	
19-12-30 22:25:33.615 - INFO: 38091961 :  96 - 00095                     	
19-12-30 22:26:05.963 - INFO: 38091961 :  97 - 00096                     	
19-12-30 22:26:38.317 - INFO: 38091961 :  98 - 00097                     	
19-12-30 22:27:10.560 - INFO: 38091961 :  99 - 00098                     	
19-12-30 22:27:42.928 - INFO: 38091961 : 100 - 00099                     	
19-12-30 22:28:25.886 - INFO: 38961163 :   1 - 00000                     	
19-12-30 22:28:58.637 - INFO: 38961163 :   2 - 00001                     	
19-12-30 22:29:31.473 - INFO: 38961163 :   3 - 00002                     	
19-12-30 22:30:04.431 - INFO: 38961163 :   4 - 00003                     	
19-12-30 22:30:37.361 - INFO: 38961163 :   5 - 00004                     	
19-12-30 22:31:10.338 - INFO: 38961163 :   6 - 00005                     	
19-12-30 22:31:43.217 - INFO: 38961163 :   7 - 00006                     	
19-12-30 22:32:16.520 - INFO: 38961163 :   8 - 00007                     	
19-12-30 22:32:49.734 - INFO: 38961163 :   9 - 00008                     	
19-12-30 22:33:23.087 - INFO: 38961163 :  10 - 00009                     	
19-12-30 22:33:56.065 - INFO: 38961163 :  11 - 00010                     	
19-12-30 22:34:29.219 - INFO: 38961163 :  12 - 00011                     	
19-12-30 22:35:01.982 - INFO: 38961163 :  13 - 00012                     	
19-12-30 22:35:34.782 - INFO: 38961163 :  14 - 00013                     	
19-12-30 22:36:07.353 - INFO: 38961163 :  15 - 00014                     	
19-12-30 22:36:40.021 - INFO: 38961163 :  16 - 00015                     	
19-12-30 22:37:12.432 - INFO: 38961163 :  17 - 00016                     	
19-12-30 22:37:44.820 - INFO: 38961163 :  18 - 00017                     	
19-12-30 22:38:17.075 - INFO: 38961163 :  19 - 00018                     	
19-12-30 22:38:49.446 - INFO: 38961163 :  20 - 00019                     	
19-12-30 22:39:21.646 - INFO: 38961163 :  21 - 00020                     	
19-12-30 22:39:53.864 - INFO: 38961163 :  22 - 00021                     	
19-12-30 22:40:26.008 - INFO: 38961163 :  23 - 00022                     	
19-12-30 22:40:58.304 - INFO: 38961163 :  24 - 00023                     	
19-12-30 22:41:30.447 - INFO: 38961163 :  25 - 00024                     	
19-12-30 22:42:02.781 - INFO: 38961163 :  26 - 00025                     	
19-12-30 22:42:34.961 - INFO: 38961163 :  27 - 00026                     	
19-12-30 22:43:07.414 - INFO: 38961163 :  28 - 00027                     	
19-12-30 22:43:39.742 - INFO: 38961163 :  29 - 00028                     	
19-12-30 22:44:12.223 - INFO: 38961163 :  30 - 00029                     	
19-12-30 22:44:44.628 - INFO: 38961163 :  31 - 00030                     	
19-12-30 22:45:17.236 - INFO: 38961163 :  32 - 00031                     	
19-12-30 22:45:49.656 - INFO: 38961163 :  33 - 00032                     	
19-12-30 22:46:22.266 - INFO: 38961163 :  34 - 00033                     	
19-12-30 22:46:54.926 - INFO: 38961163 :  35 - 00034                     	
19-12-30 22:47:27.861 - INFO: 38961163 :  36 - 00035                     	
19-12-30 22:48:00.573 - INFO: 38961163 :  37 - 00036                     	
19-12-30 22:48:33.341 - INFO: 38961163 :  38 - 00037                     	
19-12-30 22:49:06.197 - INFO: 38961163 :  39 - 00038                     	
19-12-30 22:49:39.103 - INFO: 38961163 :  40 - 00039                     	
19-12-30 22:50:11.892 - INFO: 38961163 :  41 - 00040                     	
19-12-30 22:50:44.960 - INFO: 38961163 :  42 - 00041                     	
19-12-30 22:51:17.963 - INFO: 38961163 :  43 - 00042                     	
19-12-30 22:51:51.013 - INFO: 38961163 :  44 - 00043                     	
19-12-30 22:52:24.301 - INFO: 38961163 :  45 - 00044                     	
19-12-30 22:52:58.087 - INFO: 38961163 :  46 - 00045                     	
19-12-30 22:53:31.401 - INFO: 38961163 :  47 - 00046                     	
19-12-30 22:54:04.734 - INFO: 38961163 :  48 - 00047                     	
19-12-30 22:54:37.765 - INFO: 38961163 :  49 - 00048                     	
19-12-30 22:55:10.810 - INFO: 38961163 :  50 - 00049                     	
19-12-30 22:55:43.562 - INFO: 38961163 :  51 - 00050                     	
19-12-30 22:56:16.205 - INFO: 38961163 :  52 - 00051                     	
19-12-30 22:56:48.749 - INFO: 38961163 :  53 - 00052                     	
19-12-30 22:57:23.757 - INFO: 38961163 :  54 - 00053                     	
19-12-30 22:57:55.968 - INFO: 38961163 :  55 - 00054                     	
19-12-30 22:58:28.206 - INFO: 38961163 :  56 - 00055                     	
19-12-30 22:59:00.367 - INFO: 38961163 :  57 - 00056                     	
19-12-30 22:59:32.766 - INFO: 38961163 :  58 - 00057                     	
19-12-30 23:00:05.019 - INFO: 38961163 :  59 - 00058                     	
19-12-30 23:00:37.511 - INFO: 38961163 :  60 - 00059                     	
19-12-30 23:01:09.878 - INFO: 38961163 :  61 - 00060                     	
19-12-30 23:01:42.338 - INFO: 38961163 :  62 - 00061                     	
19-12-30 23:02:14.763 - INFO: 38961163 :  63 - 00062                     	
19-12-30 23:02:47.425 - INFO: 38961163 :  64 - 00063                     	
19-12-30 23:03:19.981 - INFO: 38961163 :  65 - 00064                     	
19-12-30 23:03:52.647 - INFO: 38961163 :  66 - 00065                     	
19-12-30 23:04:25.302 - INFO: 38961163 :  67 - 00066                     	
19-12-30 23:04:58.056 - INFO: 38961163 :  68 - 00067                     	
19-12-30 23:05:30.803 - INFO: 38961163 :  69 - 00068                     	
19-12-30 23:06:03.967 - INFO: 38961163 :  70 - 00069                     	
19-12-30 23:06:36.980 - INFO: 38961163 :  71 - 00070                     	
19-12-30 23:07:09.996 - INFO: 38961163 :  72 - 00071                     	
19-12-30 23:07:42.874 - INFO: 38961163 :  73 - 00072                     	
19-12-30 23:08:15.825 - INFO: 38961163 :  74 - 00073                     	
19-12-30 23:08:48.829 - INFO: 38961163 :  75 - 00074                     	
19-12-30 23:09:21.894 - INFO: 38961163 :  76 - 00075                     	
19-12-30 23:09:56.692 - INFO: 38961163 :  77 - 00076                     	
19-12-30 23:10:30.175 - INFO: 38961163 :  78 - 00077                     	
19-12-30 23:11:03.625 - INFO: 38961163 :  79 - 00078                     	
19-12-30 23:11:37.041 - INFO: 38961163 :  80 - 00079                     	
19-12-30 23:12:10.201 - INFO: 38961163 :  81 - 00080                     	
19-12-30 23:12:43.106 - INFO: 38961163 :  82 - 00081                     	
19-12-30 23:13:15.905 - INFO: 38961163 :  83 - 00082                     	
19-12-30 23:13:48.792 - INFO: 38961163 :  84 - 00083                     	
19-12-30 23:14:21.462 - INFO: 38961163 :  85 - 00084                     	
19-12-30 23:14:54.054 - INFO: 38961163 :  86 - 00085                     	
19-12-30 23:15:26.477 - INFO: 38961163 :  87 - 00086                     	
19-12-30 23:15:59.400 - INFO: 38961163 :  88 - 00087                     	
19-12-30 23:16:30.178 - INFO: 38961163 :  89 - 00088                     	
19-12-30 23:17:00.766 - INFO: 38961163 :  90 - 00089                     	
19-12-30 23:17:31.281 - INFO: 38961163 :  91 - 00090                     	
19-12-30 23:18:01.811 - INFO: 38961163 :  92 - 00091                     	
19-12-30 23:18:32.453 - INFO: 38961163 :  93 - 00092                     	
19-12-30 23:19:03.024 - INFO: 38961163 :  94 - 00093                     	
19-12-30 23:19:33.536 - INFO: 38961163 :  95 - 00094                     	
19-12-30 23:20:04.059 - INFO: 38961163 :  96 - 00095                     	
19-12-30 23:20:34.569 - INFO: 38961163 :  97 - 00096                     	
19-12-30 23:21:05.116 - INFO: 38961163 :  98 - 00097                     	
19-12-30 23:21:35.611 - INFO: 38961163 :  99 - 00098                     	
19-12-30 23:22:06.165 - INFO: 38961163 : 100 - 00099                     	
19-12-30 23:22:06.165 - INFO: Data: sharp_bicubic - /lustre/home/acct-eezy/eezy/4khdr/data/Dataset/test_540p
19-12-30 23:22:06.165 - INFO: Padding mode: new_info
19-12-30 23:22:06.165 - INFO: Model path: /lustre/home/acct-eezy/eezy/4khdr/codes/experiments/train_EDVR_L_Preload_30000_nobug_ssim_10_LR_1e_5_suzhou_remove_baddata/models/latest_G.pth
19-12-30 23:22:06.165 - INFO: Save images: True
19-12-30 23:22:06.165 - INFO: Flip test: False
