cudnn(28):ERROR:105: Unable to locate a modulefile for 'cudnn/7.0.4'
19-12-30 18:48:22.146 - INFO: Data: sharp_bicubic - /lustre/home/acct-eezy/eezy/4khdr/data/Dataset/test_540p
19-12-30 18:48:22.147 - INFO: Padding mode: new_info
19-12-30 18:48:22.147 - INFO: Model path: /lustre/home/acct-eezy/eezy/4khdr/codes/experiments/train_EDVR_L_Preload_30000_nobug_ssim_10_LR_1e_5_suzhou_remove_baddata/models/latest_G.pth
19-12-30 18:48:22.148 - INFO: Save images: True
19-12-30 18:48:22.148 - INFO: Flip test: False
19-12-30 18:49:08.412 - INFO: 20374815 :   1 - 00000                     	
19-12-30 18:49:43.075 - INFO: 20374815 :   2 - 00001                     	
19-12-30 18:50:17.701 - INFO: 20374815 :   3 - 00002                     	
19-12-30 18:50:52.340 - INFO: 20374815 :   4 - 00003                     	
19-12-30 18:51:26.966 - INFO: 20374815 :   5 - 00004                     	
19-12-30 18:52:01.594 - INFO: 20374815 :   6 - 00005                     	
19-12-30 18:52:36.225 - INFO: 20374815 :   7 - 00006                     	
19-12-30 18:53:10.858 - INFO: 20374815 :   8 - 00007                     	
19-12-30 18:53:45.479 - INFO: 20374815 :   9 - 00008                     	
19-12-30 18:54:20.100 - INFO: 20374815 :  10 - 00009                     	
19-12-30 18:54:54.730 - INFO: 20374815 :  11 - 00010                     	
19-12-30 18:55:29.348 - INFO: 20374815 :  12 - 00011                     	
19-12-30 18:56:03.952 - INFO: 20374815 :  13 - 00012                     	
19-12-30 18:56:38.569 - INFO: 20374815 :  14 - 00013                     	
19-12-30 18:57:13.198 - INFO: 20374815 :  15 - 00014                     	
19-12-30 18:57:47.809 - INFO: 20374815 :  16 - 00015                     	
19-12-30 18:58:22.436 - INFO: 20374815 :  17 - 00016                     	
19-12-30 18:58:57.045 - INFO: 20374815 :  18 - 00017                     	
19-12-30 18:59:31.662 - INFO: 20374815 :  19 - 00018                     	
19-12-30 19:00:06.290 - INFO: 20374815 :  20 - 00019                     	
19-12-30 19:00:40.899 - INFO: 20374815 :  21 - 00020                     	
19-12-30 19:01:15.508 - INFO: 20374815 :  22 - 00021                     	
19-12-30 19:01:50.116 - INFO: 20374815 :  23 - 00022                     	
19-12-30 19:02:24.722 - INFO: 20374815 :  24 - 00023                     	
19-12-30 19:02:59.344 - INFO: 20374815 :  25 - 00024                     	
19-12-30 19:03:33.953 - INFO: 20374815 :  26 - 00025                     	
19-12-30 19:04:08.549 - INFO: 20374815 :  27 - 00026                     	
19-12-30 19:04:43.150 - INFO: 20374815 :  28 - 00027                     	
19-12-30 19:05:17.742 - INFO: 20374815 :  29 - 00028                     	
19-12-30 19:05:52.335 - INFO: 20374815 :  30 - 00029                     	
19-12-30 19:06:26.928 - INFO: 20374815 :  31 - 00030                     	
19-12-30 19:07:01.527 - INFO: 20374815 :  32 - 00031                     	
19-12-30 19:07:36.118 - INFO: 20374815 :  33 - 00032                     	
19-12-30 19:08:10.709 - INFO: 20374815 :  34 - 00033                     	
19-12-30 19:08:45.306 - INFO: 20374815 :  35 - 00034                     	
19-12-30 19:09:19.897 - INFO: 20374815 :  36 - 00035                     	
19-12-30 19:09:54.498 - INFO: 20374815 :  37 - 00036                     	
19-12-30 19:10:29.093 - INFO: 20374815 :  38 - 00037                     	
19-12-30 19:11:03.696 - INFO: 20374815 :  39 - 00038                     	
19-12-30 19:11:38.295 - INFO: 20374815 :  40 - 00039                     	
19-12-30 19:12:12.891 - INFO: 20374815 :  41 - 00040                     	
19-12-30 19:12:47.493 - INFO: 20374815 :  42 - 00041                     	
19-12-30 19:13:22.095 - INFO: 20374815 :  43 - 00042                     	
19-12-30 19:13:56.697 - INFO: 20374815 :  44 - 00043                     	
19-12-30 19:14:31.310 - INFO: 20374815 :  45 - 00044                     	
19-12-30 19:15:05.911 - INFO: 20374815 :  46 - 00045                     	
19-12-30 19:15:40.516 - INFO: 20374815 :  47 - 00046                     	
19-12-30 19:16:15.121 - INFO: 20374815 :  48 - 00047                     	
19-12-30 19:16:49.719 - INFO: 20374815 :  49 - 00048                     	
19-12-30 19:17:24.335 - INFO: 20374815 :  50 - 00049                     	
19-12-30 19:17:58.943 - INFO: 20374815 :  51 - 00050                     	
19-12-30 19:18:33.528 - INFO: 20374815 :  52 - 00051                     	
19-12-30 19:19:08.116 - INFO: 20374815 :  53 - 00052                     	
19-12-30 19:19:42.687 - INFO: 20374815 :  54 - 00053                     	
19-12-30 19:20:17.271 - INFO: 20374815 :  55 - 00054                     	
19-12-30 19:20:51.856 - INFO: 20374815 :  56 - 00055                     	
19-12-30 19:21:26.431 - INFO: 20374815 :  57 - 00056                     	
19-12-30 19:22:01.005 - INFO: 20374815 :  58 - 00057                     	
19-12-30 19:22:35.575 - INFO: 20374815 :  59 - 00058                     	
19-12-30 19:23:10.151 - INFO: 20374815 :  60 - 00059                     	
19-12-30 19:23:44.724 - INFO: 20374815 :  61 - 00060                     	
19-12-30 19:24:19.302 - INFO: 20374815 :  62 - 00061                     	
19-12-30 19:24:53.880 - INFO: 20374815 :  63 - 00062                     	
19-12-30 19:25:28.460 - INFO: 20374815 :  64 - 00063                     	
19-12-30 19:26:03.032 - INFO: 20374815 :  65 - 00064                     	
19-12-30 19:26:37.605 - INFO: 20374815 :  66 - 00065                     	
19-12-30 19:27:12.182 - INFO: 20374815 :  67 - 00066                     	
19-12-30 19:27:46.761 - INFO: 20374815 :  68 - 00067                     	
19-12-30 19:28:21.352 - INFO: 20374815 :  69 - 00068                     	
19-12-30 19:28:55.947 - INFO: 20374815 :  70 - 00069                     	
19-12-30 19:29:30.523 - INFO: 20374815 :  71 - 00070                     	
19-12-30 19:30:05.113 - INFO: 20374815 :  72 - 00071                     	
19-12-30 19:30:39.698 - INFO: 20374815 :  73 - 00072                     	
19-12-30 19:31:14.293 - INFO: 20374815 :  74 - 00073                     	
19-12-30 19:31:48.889 - INFO: 20374815 :  75 - 00074                     	
19-12-30 19:32:23.481 - INFO: 20374815 :  76 - 00075                     	
19-12-30 19:32:58.082 - INFO: 20374815 :  77 - 00076                     	
19-12-30 19:33:32.668 - INFO: 20374815 :  78 - 00077                     	
19-12-30 19:34:07.238 - INFO: 20374815 :  79 - 00078                     	
19-12-30 19:34:41.816 - INFO: 20374815 :  80 - 00079                     	
19-12-30 19:35:16.405 - INFO: 20374815 :  81 - 00080                     	
19-12-30 19:35:50.992 - INFO: 20374815 :  82 - 00081                     	
19-12-30 19:36:25.586 - INFO: 20374815 :  83 - 00082                     	
19-12-30 19:37:00.181 - INFO: 20374815 :  84 - 00083                     	
19-12-30 19:37:34.785 - INFO: 20374815 :  85 - 00084                     	
19-12-30 19:38:09.390 - INFO: 20374815 :  86 - 00085                     	
19-12-30 19:38:44.016 - INFO: 20374815 :  87 - 00086                     	
19-12-30 19:39:18.633 - INFO: 20374815 :  88 - 00087                     	
19-12-30 19:39:53.262 - INFO: 20374815 :  89 - 00088                     	
19-12-30 19:40:27.974 - INFO: 20374815 :  90 - 00089                     	
19-12-30 19:41:02.586 - INFO: 20374815 :  91 - 00090                     	
19-12-30 19:41:37.202 - INFO: 20374815 :  92 - 00091                     	
19-12-30 19:42:11.816 - INFO: 20374815 :  93 - 00092                     	
19-12-30 19:42:46.426 - INFO: 20374815 :  94 - 00093                     	
19-12-30 19:43:21.034 - INFO: 20374815 :  95 - 00094                     	
19-12-30 19:43:55.659 - INFO: 20374815 :  96 - 00095                     	
19-12-30 19:44:30.262 - INFO: 20374815 :  97 - 00096                     	
19-12-30 19:45:04.863 - INFO: 20374815 :  98 - 00097                     	
19-12-30 19:45:39.442 - INFO: 20374815 :  99 - 00098                     	
19-12-30 19:46:14.036 - INFO: 20374815 : 100 - 00099                     	
19-12-30 19:46:55.201 - INFO: 22281594 :   1 - 00000                     	
19-12-30 19:47:29.850 - INFO: 22281594 :   2 - 00001                     	
19-12-30 19:48:04.498 - INFO: 22281594 :   3 - 00002                     	
19-12-30 19:48:39.140 - INFO: 22281594 :   4 - 00003                     	
19-12-30 19:49:13.792 - INFO: 22281594 :   5 - 00004                     	
19-12-30 19:49:48.434 - INFO: 22281594 :   6 - 00005                     	
19-12-30 19:50:23.077 - INFO: 22281594 :   7 - 00006                     	
19-12-30 19:50:57.718 - INFO: 22281594 :   8 - 00007                     	
19-12-30 19:51:32.368 - INFO: 22281594 :   9 - 00008                     	
19-12-30 19:52:07.015 - INFO: 22281594 :  10 - 00009                     	
19-12-30 19:52:41.651 - INFO: 22281594 :  11 - 00010                     	
19-12-30 19:53:16.288 - INFO: 22281594 :  12 - 00011                     	
19-12-30 19:53:51.541 - INFO: 22281594 :  13 - 00012                     	
19-12-30 19:54:26.184 - INFO: 22281594 :  14 - 00013                     	
19-12-30 19:55:00.834 - INFO: 22281594 :  15 - 00014                     	
19-12-30 19:55:35.477 - INFO: 22281594 :  16 - 00015                     	
19-12-30 19:56:10.124 - INFO: 22281594 :  17 - 00016                     	
19-12-30 19:56:44.770 - INFO: 22281594 :  18 - 00017                     	
19-12-30 19:57:19.406 - INFO: 22281594 :  19 - 00018                     	
19-12-30 19:57:54.047 - INFO: 22281594 :  20 - 00019                     	
19-12-30 19:58:28.695 - INFO: 22281594 :  21 - 00020                     	
19-12-30 19:59:03.339 - INFO: 22281594 :  22 - 00021                     	
19-12-30 19:59:37.984 - INFO: 22281594 :  23 - 00022                     	
19-12-30 20:00:12.636 - INFO: 22281594 :  24 - 00023                     	
19-12-30 20:00:47.276 - INFO: 22281594 :  25 - 00024                     	
19-12-30 20:01:21.917 - INFO: 22281594 :  26 - 00025                     	
19-12-30 20:01:56.572 - INFO: 22281594 :  27 - 00026                     	
19-12-30 20:02:31.210 - INFO: 22281594 :  28 - 00027                     	
19-12-30 20:03:05.854 - INFO: 22281594 :  29 - 00028                     	
19-12-30 20:03:40.500 - INFO: 22281594 :  30 - 00029                     	
19-12-30 20:04:15.136 - INFO: 22281594 :  31 - 00030                     	
19-12-30 20:04:49.776 - INFO: 22281594 :  32 - 00031                     	
19-12-30 20:05:24.421 - INFO: 22281594 :  33 - 00032                     	
19-12-30 20:05:59.062 - INFO: 22281594 :  34 - 00033                     	
19-12-30 20:06:33.697 - INFO: 22281594 :  35 - 00034                     	
19-12-30 20:07:08.351 - INFO: 22281594 :  36 - 00035                     	
19-12-30 20:07:42.990 - INFO: 22281594 :  37 - 00036                     	
19-12-30 20:08:17.630 - INFO: 22281594 :  38 - 00037                     	
19-12-30 20:08:52.276 - INFO: 22281594 :  39 - 00038                     	
19-12-30 20:09:26.922 - INFO: 22281594 :  40 - 00039                     	
19-12-30 20:10:01.564 - INFO: 22281594 :  41 - 00040                     	
19-12-30 20:10:36.216 - INFO: 22281594 :  42 - 00041                     	
19-12-30 20:11:10.854 - INFO: 22281594 :  43 - 00042                     	
19-12-30 20:11:45.498 - INFO: 22281594 :  44 - 00043                     	
19-12-30 20:12:20.130 - INFO: 22281594 :  45 - 00044                     	
19-12-30 20:12:54.765 - INFO: 22281594 :  46 - 00045                     	
19-12-30 20:13:29.386 - INFO: 22281594 :  47 - 00046                     	
19-12-30 20:14:04.010 - INFO: 22281594 :  48 - 00047                     	
19-12-30 20:14:38.634 - INFO: 22281594 :  49 - 00048                     	
19-12-30 20:15:13.255 - INFO: 22281594 :  50 - 00049                     	
19-12-30 20:15:47.872 - INFO: 22281594 :  51 - 00050                     	
19-12-30 20:16:22.490 - INFO: 22281594 :  52 - 00051                     	
19-12-30 20:16:57.117 - INFO: 22281594 :  53 - 00052                     	
19-12-30 20:17:31.741 - INFO: 22281594 :  54 - 00053                     	
19-12-30 20:18:06.365 - INFO: 22281594 :  55 - 00054                     	
19-12-30 20:18:41.011 - INFO: 22281594 :  56 - 00055                     	
19-12-30 20:19:15.632 - INFO: 22281594 :  57 - 00056                     	
19-12-30 20:19:50.261 - INFO: 22281594 :  58 - 00057                     	
19-12-30 20:20:24.882 - INFO: 22281594 :  59 - 00058                     	
19-12-30 20:20:59.508 - INFO: 22281594 :  60 - 00059                     	
19-12-30 20:21:34.127 - INFO: 22281594 :  61 - 00060                     	
19-12-30 20:22:08.751 - INFO: 22281594 :  62 - 00061                     	
19-12-30 20:22:43.367 - INFO: 22281594 :  63 - 00062                     	
19-12-30 20:23:17.986 - INFO: 22281594 :  64 - 00063                     	
19-12-30 20:23:52.607 - INFO: 22281594 :  65 - 00064                     	
19-12-30 20:24:27.236 - INFO: 22281594 :  66 - 00065                     	
19-12-30 20:25:01.858 - INFO: 22281594 :  67 - 00066                     	
19-12-30 20:25:36.478 - INFO: 22281594 :  68 - 00067                     	
19-12-30 20:26:11.093 - INFO: 22281594 :  69 - 00068                     	
19-12-30 20:26:45.720 - INFO: 22281594 :  70 - 00069                     	
19-12-30 20:27:20.338 - INFO: 22281594 :  71 - 00070                     	
19-12-30 20:27:54.966 - INFO: 22281594 :  72 - 00071                     	
19-12-30 20:28:29.587 - INFO: 22281594 :  73 - 00072                     	
19-12-30 20:29:04.207 - INFO: 22281594 :  74 - 00073                     	
19-12-30 20:29:38.826 - INFO: 22281594 :  75 - 00074                     	
19-12-30 20:30:13.443 - INFO: 22281594 :  76 - 00075                     	
19-12-30 20:30:48.066 - INFO: 22281594 :  77 - 00076                     	
19-12-30 20:31:22.693 - INFO: 22281594 :  78 - 00077                     	
19-12-30 20:31:57.320 - INFO: 22281594 :  79 - 00078                     	
19-12-30 20:32:31.943 - INFO: 22281594 :  80 - 00079                     	
19-12-30 20:33:06.566 - INFO: 22281594 :  81 - 00080                     	
19-12-30 20:33:41.182 - INFO: 22281594 :  82 - 00081                     	
19-12-30 20:34:15.802 - INFO: 22281594 :  83 - 00082                     	
19-12-30 20:34:50.436 - INFO: 22281594 :  84 - 00083                     	
19-12-30 20:35:25.056 - INFO: 22281594 :  85 - 00084                     	
19-12-30 20:35:59.689 - INFO: 22281594 :  86 - 00085                     	
19-12-30 20:36:34.309 - INFO: 22281594 :  87 - 00086                     	
19-12-30 20:37:08.935 - INFO: 22281594 :  88 - 00087                     	
19-12-30 20:37:43.549 - INFO: 22281594 :  89 - 00088                     	
19-12-30 20:38:18.177 - INFO: 22281594 :  90 - 00089                     	
19-12-30 20:38:52.800 - INFO: 22281594 :  91 - 00090                     	
19-12-30 20:39:27.432 - INFO: 22281594 :  92 - 00091                     	
19-12-30 20:40:02.057 - INFO: 22281594 :  93 - 00092                     	
19-12-30 20:40:36.687 - INFO: 22281594 :  94 - 00093                     	
19-12-30 20:41:11.308 - INFO: 22281594 :  95 - 00094                     	
19-12-30 20:41:45.930 - INFO: 22281594 :  96 - 00095                     	
19-12-30 20:42:20.555 - INFO: 22281594 :  97 - 00096                     	
19-12-30 20:42:55.186 - INFO: 22281594 :  98 - 00097                     	
19-12-30 20:43:29.808 - INFO: 22281594 :  99 - 00098                     	
19-12-30 20:44:04.439 - INFO: 22281594 : 100 - 00099                     	
19-12-30 20:44:46.378 - INFO: 22766293 :   1 - 00000                     	
19-12-30 20:45:21.003 - INFO: 22766293 :   2 - 00001                     	
19-12-30 20:45:55.635 - INFO: 22766293 :   3 - 00002                     	
19-12-30 20:46:30.257 - INFO: 22766293 :   4 - 00003                     	
19-12-30 20:47:04.893 - INFO: 22766293 :   5 - 00004                     	
19-12-30 20:47:39.520 - INFO: 22766293 :   6 - 00005                     	
19-12-30 20:48:14.147 - INFO: 22766293 :   7 - 00006                     	
19-12-30 20:48:48.780 - INFO: 22766293 :   8 - 00007                     	
19-12-30 20:49:23.412 - INFO: 22766293 :   9 - 00008                     	
19-12-30 20:49:58.048 - INFO: 22766293 :  10 - 00009                     	
19-12-30 20:50:32.692 - INFO: 22766293 :  11 - 00010                     	
19-12-30 20:51:07.325 - INFO: 22766293 :  12 - 00011                     	
19-12-30 20:51:41.959 - INFO: 22766293 :  13 - 00012                     	
19-12-30 20:52:16.594 - INFO: 22766293 :  14 - 00013                     	
19-12-30 20:52:51.225 - INFO: 22766293 :  15 - 00014                     	
19-12-30 20:53:25.877 - INFO: 22766293 :  16 - 00015                     	
19-12-30 20:54:00.504 - INFO: 22766293 :  17 - 00016                     	
19-12-30 20:54:35.133 - INFO: 22766293 :  18 - 00017                     	
19-12-30 20:55:09.764 - INFO: 22766293 :  19 - 00018                     	
19-12-30 20:55:44.402 - INFO: 22766293 :  20 - 00019                     	
19-12-30 20:56:19.042 - INFO: 22766293 :  21 - 00020                     	
19-12-30 20:56:53.686 - INFO: 22766293 :  22 - 00021                     	
19-12-30 20:57:28.333 - INFO: 22766293 :  23 - 00022                     	
19-12-30 20:58:03.010 - INFO: 22766293 :  24 - 00023                     	
19-12-30 20:58:37.652 - INFO: 22766293 :  25 - 00024                     	
19-12-30 20:59:12.304 - INFO: 22766293 :  26 - 00025                     	
19-12-30 20:59:47.215 - INFO: 22766293 :  27 - 00026                     	
19-12-30 21:00:21.858 - INFO: 22766293 :  28 - 00027                     	
19-12-30 21:00:56.499 - INFO: 22766293 :  29 - 00028                     	
19-12-30 21:01:31.329 - INFO: 22766293 :  30 - 00029                     	
19-12-30 21:02:05.965 - INFO: 22766293 :  31 - 00030                     	
19-12-30 21:02:40.597 - INFO: 22766293 :  32 - 00031                     	
19-12-30 21:03:15.233 - INFO: 22766293 :  33 - 00032                     	
19-12-30 21:03:49.864 - INFO: 22766293 :  34 - 00033                     	
19-12-30 21:04:24.494 - INFO: 22766293 :  35 - 00034                     	
19-12-30 21:04:59.138 - INFO: 22766293 :  36 - 00035                     	
19-12-30 21:05:33.770 - INFO: 22766293 :  37 - 00036                     	
19-12-30 21:06:08.411 - INFO: 22766293 :  38 - 00037                     	
19-12-30 21:06:43.050 - INFO: 22766293 :  39 - 00038                     	
19-12-30 21:07:17.687 - INFO: 22766293 :  40 - 00039                     	
19-12-30 21:07:52.324 - INFO: 22766293 :  41 - 00040                     	
19-12-30 21:08:26.966 - INFO: 22766293 :  42 - 00041                     	
19-12-30 21:09:01.598 - INFO: 22766293 :  43 - 00042                     	
19-12-30 21:09:36.234 - INFO: 22766293 :  44 - 00043                     	
19-12-30 21:10:10.871 - INFO: 22766293 :  45 - 00044                     	
19-12-30 21:10:45.510 - INFO: 22766293 :  46 - 00045                     	
19-12-30 21:11:20.136 - INFO: 22766293 :  47 - 00046                     	
19-12-30 21:11:54.769 - INFO: 22766293 :  48 - 00047                     	
19-12-30 21:12:29.405 - INFO: 22766293 :  49 - 00048                     	
19-12-30 21:13:04.035 - INFO: 22766293 :  50 - 00049                     	
19-12-30 21:13:38.670 - INFO: 22766293 :  51 - 00050                     	
19-12-30 21:14:13.296 - INFO: 22766293 :  52 - 00051                     	
19-12-30 21:14:47.926 - INFO: 22766293 :  53 - 00052                     	
19-12-30 21:15:22.563 - INFO: 22766293 :  54 - 00053                     	
19-12-30 21:15:57.199 - INFO: 22766293 :  55 - 00054                     	
19-12-30 21:16:31.836 - INFO: 22766293 :  56 - 00055                     	
19-12-30 21:17:06.474 - INFO: 22766293 :  57 - 00056                     	
19-12-30 21:17:41.103 - INFO: 22766293 :  58 - 00057                     	
19-12-30 21:18:16.061 - INFO: 22766293 :  59 - 00058                     	
19-12-30 21:18:50.697 - INFO: 22766293 :  60 - 00059                     	
19-12-30 21:19:26.834 - INFO: 22766293 :  61 - 00060                     	
19-12-30 21:20:01.466 - INFO: 22766293 :  62 - 00061                     	
19-12-30 21:20:36.094 - INFO: 22766293 :  63 - 00062                     	
19-12-30 21:21:10.723 - INFO: 22766293 :  64 - 00063                     	
19-12-30 21:21:45.362 - INFO: 22766293 :  65 - 00064                     	
19-12-30 21:22:20.003 - INFO: 22766293 :  66 - 00065                     	
19-12-30 21:22:54.643 - INFO: 22766293 :  67 - 00066                     	
19-12-30 21:23:29.275 - INFO: 22766293 :  68 - 00067                     	
19-12-30 21:24:03.907 - INFO: 22766293 :  69 - 00068                     	
19-12-30 21:24:38.538 - INFO: 22766293 :  70 - 00069                     	
19-12-30 21:25:13.168 - INFO: 22766293 :  71 - 00070                     	
19-12-30 21:25:47.799 - INFO: 22766293 :  72 - 00071                     	
19-12-30 21:26:22.431 - INFO: 22766293 :  73 - 00072                     	
19-12-30 21:26:57.063 - INFO: 22766293 :  74 - 00073                     	
19-12-30 21:27:31.696 - INFO: 22766293 :  75 - 00074                     	
19-12-30 21:28:06.352 - INFO: 22766293 :  76 - 00075                     	
19-12-30 21:28:40.998 - INFO: 22766293 :  77 - 00076                     	
19-12-30 21:29:15.651 - INFO: 22766293 :  78 - 00077                     	
19-12-30 21:29:50.279 - INFO: 22766293 :  79 - 00078                     	
19-12-30 21:30:25.552 - INFO: 22766293 :  80 - 00079                     	
19-12-30 21:31:00.322 - INFO: 22766293 :  81 - 00080                     	
19-12-30 21:31:34.953 - INFO: 22766293 :  82 - 00081                     	
19-12-30 21:32:09.688 - INFO: 22766293 :  83 - 00082                     	
19-12-30 21:32:44.328 - INFO: 22766293 :  84 - 00083                     	
19-12-30 21:33:18.959 - INFO: 22766293 :  85 - 00084                     	
19-12-30 21:33:53.595 - INFO: 22766293 :  86 - 00085                     	
19-12-30 21:34:28.227 - INFO: 22766293 :  87 - 00086                     	
19-12-30 21:35:02.855 - INFO: 22766293 :  88 - 00087                     	
19-12-30 21:35:37.495 - INFO: 22766293 :  89 - 00088                     	
19-12-30 21:36:12.123 - INFO: 22766293 :  90 - 00089                     	
19-12-30 21:36:46.745 - INFO: 22766293 :  91 - 00090                     	
19-12-30 21:37:21.379 - INFO: 22766293 :  92 - 00091                     	
19-12-30 21:37:56.001 - INFO: 22766293 :  93 - 00092                     	
19-12-30 21:38:30.631 - INFO: 22766293 :  94 - 00093                     	
19-12-30 21:39:05.258 - INFO: 22766293 :  95 - 00094                     	
19-12-30 21:39:39.882 - INFO: 22766293 :  96 - 00095                     	
19-12-30 21:40:14.520 - INFO: 22766293 :  97 - 00096                     	
19-12-30 21:40:49.145 - INFO: 22766293 :  98 - 00097                     	
19-12-30 21:41:23.781 - INFO: 22766293 :  99 - 00098                     	
19-12-30 21:41:58.428 - INFO: 22766293 : 100 - 00099                     	
19-12-30 21:42:40.173 - INFO: 23117385 :   1 - 00000                     	
19-12-30 21:43:14.740 - INFO: 23117385 :   2 - 00001                     	
19-12-30 21:43:49.307 - INFO: 23117385 :   3 - 00002                     	
19-12-30 21:44:23.873 - INFO: 23117385 :   4 - 00003                     	
19-12-30 21:44:58.447 - INFO: 23117385 :   5 - 00004                     	
19-12-30 21:45:33.022 - INFO: 23117385 :   6 - 00005                     	
19-12-30 21:46:07.597 - INFO: 23117385 :   7 - 00006                     	
19-12-30 21:46:42.183 - INFO: 23117385 :   8 - 00007                     	
19-12-30 21:47:16.768 - INFO: 23117385 :   9 - 00008                     	
19-12-30 21:47:51.368 - INFO: 23117385 :  10 - 00009                     	
19-12-30 21:48:25.945 - INFO: 23117385 :  11 - 00010                     	
19-12-30 21:49:00.535 - INFO: 23117385 :  12 - 00011                     	
19-12-30 21:49:35.129 - INFO: 23117385 :  13 - 00012                     	
19-12-30 21:50:09.717 - INFO: 23117385 :  14 - 00013                     	
19-12-30 21:50:44.305 - INFO: 23117385 :  15 - 00014                     	
19-12-30 21:51:18.899 - INFO: 23117385 :  16 - 00015                     	
19-12-30 21:51:53.484 - INFO: 23117385 :  17 - 00016                     	
19-12-30 21:52:28.070 - INFO: 23117385 :  18 - 00017                     	
19-12-30 21:53:02.656 - INFO: 23117385 :  19 - 00018                     	
19-12-30 21:53:37.246 - INFO: 23117385 :  20 - 00019                     	
19-12-30 21:54:14.376 - INFO: 23117385 :  21 - 00020                     	
19-12-30 21:54:48.968 - INFO: 23117385 :  22 - 00021                     	
19-12-30 21:55:23.557 - INFO: 23117385 :  23 - 00022                     	
19-12-30 21:55:58.154 - INFO: 23117385 :  24 - 00023                     	
19-12-30 21:56:32.745 - INFO: 23117385 :  25 - 00024                     	
19-12-30 21:57:07.337 - INFO: 23117385 :  26 - 00025                     	
19-12-30 21:57:41.928 - INFO: 23117385 :  27 - 00026                     	
19-12-30 21:58:16.524 - INFO: 23117385 :  28 - 00027                     	
19-12-30 21:58:51.140 - INFO: 23117385 :  29 - 00028                     	
19-12-30 21:59:25.738 - INFO: 23117385 :  30 - 00029                     	
19-12-30 22:00:00.336 - INFO: 23117385 :  31 - 00030                     	
19-12-30 22:00:34.929 - INFO: 23117385 :  32 - 00031                     	
19-12-30 22:01:09.519 - INFO: 23117385 :  33 - 00032                     	
19-12-30 22:01:44.114 - INFO: 23117385 :  34 - 00033                     	
19-12-30 22:02:18.697 - INFO: 23117385 :  35 - 00034                     	
19-12-30 22:02:53.293 - INFO: 23117385 :  36 - 00035                     	
19-12-30 22:03:27.886 - INFO: 23117385 :  37 - 00036                     	
19-12-30 22:04:02.483 - INFO: 23117385 :  38 - 00037                     	
19-12-30 22:04:37.074 - INFO: 23117385 :  39 - 00038                     	
19-12-30 22:05:11.685 - INFO: 23117385 :  40 - 00039                     	
19-12-30 22:05:46.320 - INFO: 23117385 :  41 - 00040                     	
19-12-30 22:06:20.936 - INFO: 23117385 :  42 - 00041                     	
19-12-30 22:06:55.547 - INFO: 23117385 :  43 - 00042                     	
19-12-30 22:07:30.159 - INFO: 23117385 :  44 - 00043                     	
19-12-30 22:08:04.754 - INFO: 23117385 :  45 - 00044                     	
19-12-30 22:08:39.350 - INFO: 23117385 :  46 - 00045                     	
19-12-30 22:09:13.937 - INFO: 23117385 :  47 - 00046                     	
19-12-30 22:09:48.529 - INFO: 23117385 :  48 - 00047                     	
19-12-30 22:10:23.124 - INFO: 23117385 :  49 - 00048                     	
19-12-30 22:10:57.723 - INFO: 23117385 :  50 - 00049                     	
19-12-30 22:11:32.327 - INFO: 23117385 :  51 - 00050                     	
19-12-30 22:12:06.894 - INFO: 23117385 :  52 - 00051                     	
19-12-30 22:12:41.463 - INFO: 23117385 :  53 - 00052                     	
19-12-30 22:13:16.019 - INFO: 23117385 :  54 - 00053                     	
19-12-30 22:13:50.581 - INFO: 23117385 :  55 - 00054                     	
19-12-30 22:14:25.149 - INFO: 23117385 :  56 - 00055                     	
19-12-30 22:14:59.714 - INFO: 23117385 :  57 - 00056                     	
19-12-30 22:15:34.281 - INFO: 23117385 :  58 - 00057                     	
19-12-30 22:16:08.842 - INFO: 23117385 :  59 - 00058                     	
19-12-30 22:16:43.404 - INFO: 23117385 :  60 - 00059                     	
19-12-30 22:17:17.965 - INFO: 23117385 :  61 - 00060                     	
19-12-30 22:17:52.526 - INFO: 23117385 :  62 - 00061                     	
19-12-30 22:18:27.093 - INFO: 23117385 :  63 - 00062                     	
19-12-30 22:19:01.664 - INFO: 23117385 :  64 - 00063                     	
19-12-30 22:19:36.239 - INFO: 23117385 :  65 - 00064                     	
19-12-30 22:20:10.798 - INFO: 23117385 :  66 - 00065                     	
19-12-30 22:20:45.353 - INFO: 23117385 :  67 - 00066                     	
19-12-30 22:21:19.917 - INFO: 23117385 :  68 - 00067                     	
19-12-30 22:21:54.473 - INFO: 23117385 :  69 - 00068                     	
19-12-30 22:22:29.020 - INFO: 23117385 :  70 - 00069                     	
19-12-30 22:23:03.561 - INFO: 23117385 :  71 - 00070                     	
19-12-30 22:23:38.105 - INFO: 23117385 :  72 - 00071                     	
19-12-30 22:24:12.641 - INFO: 23117385 :  73 - 00072                     	
19-12-30 22:24:47.179 - INFO: 23117385 :  74 - 00073                     	
19-12-30 22:25:21.717 - INFO: 23117385 :  75 - 00074                     	
19-12-30 22:25:56.250 - INFO: 23117385 :  76 - 00075                     	
19-12-30 22:26:30.765 - INFO: 23117385 :  77 - 00076                     	
19-12-30 22:27:05.283 - INFO: 23117385 :  78 - 00077                     	
19-12-30 22:27:39.810 - INFO: 23117385 :  79 - 00078                     	
19-12-30 22:28:14.337 - INFO: 23117385 :  80 - 00079                     	
19-12-30 22:28:48.868 - INFO: 23117385 :  81 - 00080                     	
19-12-30 22:29:23.395 - INFO: 23117385 :  82 - 00081                     	
19-12-30 22:29:57.926 - INFO: 23117385 :  83 - 00082                     	
19-12-30 22:30:32.547 - INFO: 23117385 :  84 - 00083                     	
19-12-30 22:31:07.131 - INFO: 23117385 :  85 - 00084                     	
19-12-30 22:31:41.723 - INFO: 23117385 :  86 - 00085                     	
19-12-30 22:32:16.313 - INFO: 23117385 :  87 - 00086                     	
19-12-30 22:32:50.911 - INFO: 23117385 :  88 - 00087                     	
19-12-30 22:33:25.498 - INFO: 23117385 :  89 - 00088                     	
19-12-30 22:34:00.082 - INFO: 23117385 :  90 - 00089                     	
19-12-30 22:34:34.671 - INFO: 23117385 :  91 - 00090                     	
19-12-30 22:35:09.260 - INFO: 23117385 :  92 - 00091                     	
19-12-30 22:35:43.848 - INFO: 23117385 :  93 - 00092                     	
19-12-30 22:36:18.430 - INFO: 23117385 :  94 - 00093                     	
19-12-30 22:36:53.023 - INFO: 23117385 :  95 - 00094                     	
19-12-30 22:37:27.622 - INFO: 23117385 :  96 - 00095                     	
19-12-30 22:38:02.211 - INFO: 23117385 :  97 - 00096                     	
19-12-30 22:38:36.805 - INFO: 23117385 :  98 - 00097                     	
19-12-30 22:39:11.407 - INFO: 23117385 :  99 - 00098                     	
19-12-30 22:39:45.996 - INFO: 23117385 : 100 - 00099                     	
19-12-30 22:40:39.823 - INFO: 25400824 :   1 - 00000                     	
19-12-30 22:41:14.396 - INFO: 25400824 :   2 - 00001                     	
19-12-30 22:41:49.032 - INFO: 25400824 :   3 - 00002                     	
19-12-30 22:42:23.603 - INFO: 25400824 :   4 - 00003                     	
19-12-30 22:42:58.185 - INFO: 25400824 :   5 - 00004                     	
19-12-30 22:43:32.761 - INFO: 25400824 :   6 - 00005                     	
19-12-30 22:44:07.332 - INFO: 25400824 :   7 - 00006                     	
19-12-30 22:44:41.909 - INFO: 25400824 :   8 - 00007                     	
19-12-30 22:45:16.544 - INFO: 25400824 :   9 - 00008                     	
19-12-30 22:45:51.128 - INFO: 25400824 :  10 - 00009                     	
19-12-30 22:46:25.703 - INFO: 25400824 :  11 - 00010                     	
19-12-30 22:47:00.328 - INFO: 25400824 :  12 - 00011                     	
19-12-30 22:47:37.817 - INFO: 25400824 :  13 - 00012                     	
19-12-30 22:48:12.398 - INFO: 25400824 :  14 - 00013                     	
19-12-30 22:48:46.976 - INFO: 25400824 :  15 - 00014                     	
19-12-30 22:49:21.560 - INFO: 25400824 :  16 - 00015                     	
19-12-30 22:49:56.144 - INFO: 25400824 :  17 - 00016                     	
19-12-30 22:50:30.719 - INFO: 25400824 :  18 - 00017                     	
19-12-30 22:51:05.293 - INFO: 25400824 :  19 - 00018                     	
19-12-30 22:51:39.867 - INFO: 25400824 :  20 - 00019                     	
19-12-30 22:52:14.438 - INFO: 25400824 :  21 - 00020                     	
19-12-30 22:52:49.003 - INFO: 25400824 :  22 - 00021                     	
19-12-30 22:53:23.576 - INFO: 25400824 :  23 - 00022                     	
19-12-30 22:53:58.716 - INFO: 25400824 :  24 - 00023                     	
19-12-30 22:54:33.399 - INFO: 25400824 :  25 - 00024                     	
19-12-30 22:55:19.431 - INFO: 25400824 :  26 - 00025                     	
19-12-30 22:55:54.009 - INFO: 25400824 :  27 - 00026                     	
19-12-30 22:56:28.592 - INFO: 25400824 :  28 - 00027                     	
19-12-30 22:57:03.158 - INFO: 25400824 :  29 - 00028                     	
19-12-30 22:57:37.738 - INFO: 25400824 :  30 - 00029                     	
19-12-30 22:58:12.308 - INFO: 25400824 :  31 - 00030                     	
19-12-30 22:58:46.893 - INFO: 25400824 :  32 - 00031                     	
19-12-30 22:59:21.464 - INFO: 25400824 :  33 - 00032                     	
19-12-30 22:59:56.052 - INFO: 25400824 :  34 - 00033                     	
19-12-30 23:00:30.623 - INFO: 25400824 :  35 - 00034                     	
19-12-30 23:01:05.201 - INFO: 25400824 :  36 - 00035                     	
19-12-30 23:01:39.771 - INFO: 25400824 :  37 - 00036                     	
19-12-30 23:02:14.340 - INFO: 25400824 :  38 - 00037                     	
19-12-30 23:02:48.913 - INFO: 25400824 :  39 - 00038                     	
19-12-30 23:03:23.494 - INFO: 25400824 :  40 - 00039                     	
19-12-30 23:03:58.072 - INFO: 25400824 :  41 - 00040                     	
19-12-30 23:04:32.645 - INFO: 25400824 :  42 - 00041                     	
19-12-30 23:05:07.207 - INFO: 25400824 :  43 - 00042                     	
19-12-30 23:05:41.773 - INFO: 25400824 :  44 - 00043                     	
19-12-30 23:06:16.347 - INFO: 25400824 :  45 - 00044                     	
19-12-30 23:06:50.923 - INFO: 25400824 :  46 - 00045                     	
19-12-30 23:07:25.495 - INFO: 25400824 :  47 - 00046                     	
19-12-30 23:08:00.193 - INFO: 25400824 :  48 - 00047                     	
19-12-30 23:08:34.758 - INFO: 25400824 :  49 - 00048                     	
19-12-30 23:09:09.373 - INFO: 25400824 :  50 - 00049                     	
19-12-30 23:09:43.962 - INFO: 25400824 :  51 - 00050                     	
19-12-30 23:10:18.530 - INFO: 25400824 :  52 - 00051                     	
19-12-30 23:10:53.098 - INFO: 25400824 :  53 - 00052                     	
19-12-30 23:11:27.682 - INFO: 25400824 :  54 - 00053                     	
19-12-30 23:12:02.285 - INFO: 25400824 :  55 - 00054                     	
19-12-30 23:12:36.847 - INFO: 25400824 :  56 - 00055                     	
19-12-30 23:13:11.412 - INFO: 25400824 :  57 - 00056                     	
19-12-30 23:13:46.005 - INFO: 25400824 :  58 - 00057                     	
19-12-30 23:14:20.569 - INFO: 25400824 :  59 - 00058                     	
19-12-30 23:14:55.146 - INFO: 25400824 :  60 - 00059                     	
19-12-30 23:15:29.708 - INFO: 25400824 :  61 - 00060                     	
19-12-30 23:16:04.329 - INFO: 25400824 :  62 - 00061                     	
19-12-30 23:16:38.901 - INFO: 25400824 :  63 - 00062                     	
19-12-30 23:17:13.478 - INFO: 25400824 :  64 - 00063                     	
19-12-30 23:17:48.052 - INFO: 25400824 :  65 - 00064                     	
19-12-30 23:18:22.622 - INFO: 25400824 :  66 - 00065                     	
19-12-30 23:18:57.204 - INFO: 25400824 :  67 - 00066                     	
19-12-30 23:19:31.782 - INFO: 25400824 :  68 - 00067                     	
19-12-30 23:20:06.356 - INFO: 25400824 :  69 - 00068                     	
19-12-30 23:20:40.928 - INFO: 25400824 :  70 - 00069                     	
19-12-30 23:21:15.500 - INFO: 25400824 :  71 - 00070                     	
19-12-30 23:21:50.088 - INFO: 25400824 :  72 - 00071                     	
19-12-30 23:22:24.667 - INFO: 25400824 :  73 - 00072                     	
19-12-30 23:22:59.244 - INFO: 25400824 :  74 - 00073                     	
19-12-30 23:23:33.816 - INFO: 25400824 :  75 - 00074                     	
19-12-30 23:24:08.388 - INFO: 25400824 :  76 - 00075                     	
19-12-30 23:24:42.959 - INFO: 25400824 :  77 - 00076                     	
19-12-30 23:25:17.538 - INFO: 25400824 :  78 - 00077                     	
19-12-30 23:25:52.107 - INFO: 25400824 :  79 - 00078                     	
19-12-30 23:26:26.681 - INFO: 25400824 :  80 - 00079                     	
19-12-30 23:27:01.259 - INFO: 25400824 :  81 - 00080                     	
19-12-30 23:27:35.831 - INFO: 25400824 :  82 - 00081                     	
19-12-30 23:28:10.399 - INFO: 25400824 :  83 - 00082                     	
19-12-30 23:28:44.963 - INFO: 25400824 :  84 - 00083                     	
19-12-30 23:29:19.528 - INFO: 25400824 :  85 - 00084                     	
19-12-30 23:29:54.095 - INFO: 25400824 :  86 - 00085                     	
19-12-30 23:30:28.667 - INFO: 25400824 :  87 - 00086                     	
19-12-30 23:31:03.235 - INFO: 25400824 :  88 - 00087                     	
19-12-30 23:31:37.801 - INFO: 25400824 :  89 - 00088                     	
19-12-30 23:32:12.367 - INFO: 25400824 :  90 - 00089                     	
19-12-30 23:32:46.932 - INFO: 25400824 :  91 - 00090                     	
19-12-30 23:33:21.500 - INFO: 25400824 :  92 - 00091                     	
19-12-30 23:33:56.072 - INFO: 25400824 :  93 - 00092                     	
19-12-30 23:34:30.644 - INFO: 25400824 :  94 - 00093                     	
19-12-30 23:35:05.779 - INFO: 25400824 :  95 - 00094                     	
19-12-30 23:35:40.370 - INFO: 25400824 :  96 - 00095                     	
19-12-30 23:36:14.934 - INFO: 25400824 :  97 - 00096                     	
19-12-30 23:36:49.501 - INFO: 25400824 :  98 - 00097                     	
19-12-30 23:37:24.061 - INFO: 25400824 :  99 - 00098                     	
19-12-30 23:37:58.618 - INFO: 25400824 : 100 - 00099                     	
19-12-30 23:37:58.619 - INFO: Data: sharp_bicubic - /lustre/home/acct-eezy/eezy/4khdr/data/Dataset/test_540p
19-12-30 23:37:58.619 - INFO: Padding mode: new_info
19-12-30 23:37:58.619 - INFO: Model path: /lustre/home/acct-eezy/eezy/4khdr/codes/experiments/train_EDVR_L_Preload_30000_nobug_ssim_10_LR_1e_5_suzhou_remove_baddata/models/latest_G.pth
19-12-30 23:37:58.619 - INFO: Save images: True
19-12-30 23:37:58.619 - INFO: Flip test: False
