OrderedDict([('pretrain_model_G', '/mnt/lustre/shanghai/cmic/home/xyz18/experiments/train_EDVR_L_Preload_30000_nobug_ssim_11_LR_1e_5_suzhou_remove_baddata/models/latest_G.pth'), ('save_path', '/mnt/lustre/shanghai/cmic/home/xyz18/'), ('strict_load', True), ('resume_state', None)])
GPU  1
Evaluate Folders:  26919337
Init pad right/bottom 0 / 0
*****************current image process time 	 42.17597436904907s ******************
Init pad right/bottom 0 / 0
*****************current image process time 	 76.94603729248047s ******************
Init pad right/bottom 0 / 0
*****************current image process time 	 111.70264029502869s ******************
Init pad right/bottom 0 / 0
*****************current image process time 	 146.41713738441467s ******************
Init pad right/bottom 0 / 0
*****************current image process time 	 181.1323516368866s ******************
Init pad right/bottom 0 / 0
*****************current image process time 	 215.86725163459778s ******************
Init pad right/bottom 0 / 0
*****************current image process time 	 250.5644404888153s ******************
Init pad right/bottom 0 / 0
*****************current image process time 	 285.28311347961426s ******************
Init pad right/bottom 0 / 0
*****************current image process time 	 319.9786639213562s ******************
Init pad right/bottom 0 / 0
*****************current image process time 	 354.68179726600647s ******************
Init pad right/bottom 0 / 0
*****************current image process time 	 389.37925004959106s ******************
Init pad right/bottom 0 / 0
*****************current image process time 	 424.07588386535645s ******************
Init pad right/bottom 0 / 0
*****************current image process time 	 458.7483332157135s ******************
Init pad right/bottom 0 / 0
*****************current image process time 	 493.42885756492615s ******************
Init pad right/bottom 0 / 0
*****************current image process time 	 528.1211431026459s ******************
Init pad right/bottom 0 / 0
*****************current image process time 	 562.8201062679291s ******************
Init pad right/bottom 0 / 0
*****************current image process time 	 597.5154325962067s ******************
Init pad right/bottom 0 / 0
*****************current image process time 	 632.1998865604401s ******************
Init pad right/bottom 0 / 0
*****************current image process time 	 666.8850939273834s ******************
Init pad right/bottom 0 / 0
*****************current image process time 	 701.5635559558868s ******************
Init pad right/bottom 0 / 0
*****************current image process time 	 736.2411153316498s ******************
Init pad right/bottom 0 / 0
*****************current image process time 	 770.9137556552887s ******************
Init pad right/bottom 0 / 0
*****************current image process time 	 805.5849089622498s ******************
Init pad right/bottom 0 / 0
*****************current image process time 	 840.2588045597076s ******************
Init pad right/bottom 0 / 0
*****************current image process time 	 874.9242031574249s ******************
Init pad right/bottom 0 / 0
*****************current image process time 	 909.5932450294495s ******************
Init pad right/bottom 0 / 0
*****************current image process time 	 944.2570827007294s ******************
Init pad right/bottom 0 / 0
*****************current image process time 	 978.9177927970886s ******************
Init pad right/bottom 0 / 0
*****************current image process time 	 1014.1547684669495s ******************
Init pad right/bottom 0 / 0
*****************current image process time 	 1048.8005912303925s ******************
Init pad right/bottom 0 / 0
*****************current image process time 	 1083.449297428131s ******************
Init pad right/bottom 0 / 0
*****************current image process time 	 1118.1020245552063s ******************
Init pad right/bottom 0 / 0
*****************current image process time 	 1152.755199432373s ******************
Init pad right/bottom 0 / 0
*****************current image process time 	 1187.4147412776947s ******************
Init pad right/bottom 0 / 0
*****************current image process time 	 1222.0620684623718s ******************
Init pad right/bottom 0 / 0
*****************current image process time 	 1256.7558760643005s ******************
Init pad right/bottom 0 / 0
*****************current image process time 	 1291.4080173969269s ******************
Init pad right/bottom 0 / 0
*****************current image process time 	 1326.0655643939972s ******************
Init pad right/bottom 0 / 0
*****************current image process time 	 1360.715523481369s ******************
Init pad right/bottom 0 / 0
*****************current image process time 	 1395.367692232132s ******************
Init pad right/bottom 0 / 0
*****************current image process time 	 1430.0253009796143s ******************
Init pad right/bottom 0 / 0
*****************current image process time 	 1464.678880929947s ******************
Init pad right/bottom 0 / 0
*****************current image process time 	 1499.3353686332703s ******************
Init pad right/bottom 0 / 0
*****************current image process time 	 1533.997817516327s ******************
Init pad right/bottom 0 / 0
*****************current image process time 	 1568.6476774215698s ******************
Init pad right/bottom 0 / 0
*****************current image process time 	 1603.303614616394s ******************
Init pad right/bottom 0 / 0
*****************current image process time 	 1637.9606099128723s ******************
Init pad right/bottom 0 / 0
*****************current image process time 	 1672.61012840271s ******************
Init pad right/bottom 0 / 0
*****************current image process time 	 1707.2639214992523s ******************
Init pad right/bottom 0 / 0
*****************current image process time 	 1741.9246835708618s ******************
Init pad right/bottom 0 / 0
*****************current image process time 	 1776.5710096359253s ******************
Init pad right/bottom 0 / 0
*****************current image process time 	 1811.2210295200348s ******************
Init pad right/bottom 0 / 0
*****************current image process time 	 1845.8764252662659s ******************
Init pad right/bottom 0 / 0
*****************current image process time 	 1880.52779006958s ******************
Init pad right/bottom 0 / 0
*****************current image process time 	 1915.181913614273s ******************
Init pad right/bottom 0 / 0
*****************current image process time 	 1949.8319420814514s ******************
Init pad right/bottom 0 / 0
*****************current image process time 	 1984.4944784641266s ******************
Init pad right/bottom 0 / 0
*****************current image process time 	 2019.147099494934s ******************
Init pad right/bottom 0 / 0
*****************current image process time 	 2053.7915110588074s ******************
Init pad right/bottom 0 / 0
*****************current image process time 	 2088.4418499469757s ******************
Init pad right/bottom 0 / 0
*****************current image process time 	 2123.0806679725647s ******************
Init pad right/bottom 0 / 0
*****************current image process time 	 2157.7370462417603s ******************
Init pad right/bottom 0 / 0
*****************current image process time 	 2192.389558315277s ******************
Init pad right/bottom 0 / 0
*****************current image process time 	 2227.0368597507477s ******************
Init pad right/bottom 0 / 0
*****************current image process time 	 2261.693578004837s ******************
Init pad right/bottom 0 / 0
*****************current image process time 	 2296.351329803467s ******************
Init pad right/bottom 0 / 0
*****************current image process time 	 2330.9936833381653s ******************
Init pad right/bottom 0 / 0
*****************current image process time 	 2365.6402649879456s ******************
Init pad right/bottom 0 / 0
*****************current image process time 	 2400.288545846939s ******************
Init pad right/bottom 0 / 0
*****************current image process time 	 2434.9359798431396s ******************
Init pad right/bottom 0 / 0
*****************current image process time 	 2469.583163022995s ******************
Init pad right/bottom 0 / 0
*****************current image process time 	 2504.2269446849823s ******************
Init pad right/bottom 0 / 0
*****************current image process time 	 2538.866576194763s ******************
Init pad right/bottom 0 / 0
*****************current image process time 	 2573.5123901367188s ******************
Init pad right/bottom 0 / 0
*****************current image process time 	 2608.1682476997375s ******************
Init pad right/bottom 0 / 0
*****************current image process time 	 2642.813845396042s ******************
Init pad right/bottom 0 / 0
*****************current image process time 	 2677.448454141617s ******************
Init pad right/bottom 0 / 0
*****************current image process time 	 2712.083073616028s ******************
Init pad right/bottom 0 / 0
*****************current image process time 	 2746.7145068645477s ******************
Init pad right/bottom 0 / 0
*****************current image process time 	 2781.3528792858124s ******************
Init pad right/bottom 0 / 0
*****************current image process time 	 2815.9882051944733s ******************
Init pad right/bottom 0 / 0
*****************current image process time 	 2850.638386964798s ******************
Init pad right/bottom 0 / 0
*****************current image process time 	 2885.2822966575623s ******************
Init pad right/bottom 0 / 0
*****************current image process time 	 2919.9243800640106s ******************
Init pad right/bottom 0 / 0
*****************current image process time 	 2954.555162668228s ******************
Init pad right/bottom 0 / 0
*****************current image process time 	 2989.1935410499573s ******************
Init pad right/bottom 0 / 0
*****************current image process time 	 3023.8350625038147s ******************
Init pad right/bottom 0 / 0
*****************current image process time 	 3058.4713854789734s ******************
Init pad right/bottom 0 / 0
*****************current image process time 	 3093.1122727394104s ******************
Init pad right/bottom 0 / 0
*****************current image process time 	 3127.7560346126556s ******************
Init pad right/bottom 0 / 0
*****************current image process time 	 3162.3989968299866s ******************
Init pad right/bottom 0 / 0
*****************current image process time 	 3197.0410816669464s ******************
Init pad right/bottom 0 / 0
*****************current image process time 	 3231.670672416687s ******************
Init pad right/bottom 0 / 0
*****************current image process time 	 3266.317334651947s ******************
Init pad right/bottom 0 / 0
*****************current image process time 	 3300.9641802310944s ******************
Init pad right/bottom 0 / 0
*****************current image process time 	 3335.6072311401367s ******************
Init pad right/bottom 0 / 0
*****************current image process time 	 3370.254415988922s ******************
Init pad right/bottom 0 / 0
*****************current image process time 	 3404.88263463974s ******************
Init pad right/bottom 0 / 0
*****************current image process time 	 3439.5075192451477s ******************
Init pad right/bottom 0 / 0
*****************current image process time 	 3474.141807794571s ******************
Evaluate Folders:  28025405
Init pad right/bottom 0 / 0
*****************current image process time 	 3515.5708351135254s ******************
Init pad right/bottom 0 / 0
*****************current image process time 	 3550.1910939216614s ******************
Init pad right/bottom 0 / 0
*****************current image process time 	 3584.819819688797s ******************
Init pad right/bottom 0 / 0
*****************current image process time 	 3619.4495553970337s ******************
Init pad right/bottom 0 / 0
*****************current image process time 	 3654.0603926181793s ******************
Init pad right/bottom 0 / 0
*****************current image process time 	 3688.677707672119s ******************
Init pad right/bottom 0 / 0
*****************current image process time 	 3723.2712936401367s ******************
Init pad right/bottom 0 / 0
*****************current image process time 	 3757.887524843216s ******************
Init pad right/bottom 0 / 0
*****************current image process time 	 3792.5232634544373s ******************
Init pad right/bottom 0 / 0
*****************current image process time 	 3827.1382262706757s ******************
Init pad right/bottom 0 / 0
*****************current image process time 	 3861.7605550289154s ******************
Init pad right/bottom 0 / 0
*****************current image process time 	 3896.3746480941772s ******************
Init pad right/bottom 0 / 0
*****************current image process time 	 3931.590286254883s ******************
Init pad right/bottom 0 / 0
*****************current image process time 	 3966.2056624889374s ******************
Init pad right/bottom 0 / 0
*****************current image process time 	 4000.8010351657867s ******************
Init pad right/bottom 0 / 0
*****************current image process time 	 4035.430994272232s ******************
Init pad right/bottom 0 / 0
*****************current image process time 	 4070.028507232666s ******************
Init pad right/bottom 0 / 0
*****************current image process time 	 4104.648485183716s ******************
Init pad right/bottom 0 / 0
*****************current image process time 	 4139.266911268234s ******************
Init pad right/bottom 0 / 0
*****************current image process time 	 4173.87664437294s ******************
Init pad right/bottom 0 / 0
*****************current image process time 	 4208.495346069336s ******************
Init pad right/bottom 0 / 0
*****************current image process time 	 4243.101776123047s ******************
Init pad right/bottom 0 / 0
*****************current image process time 	 4277.720633983612s ******************
Init pad right/bottom 0 / 0
*****************current image process time 	 4312.35205578804s ******************
Init pad right/bottom 0 / 0
*****************current image process time 	 4346.960037231445s ******************
Init pad right/bottom 0 / 0
*****************current image process time 	 4381.578212738037s ******************
Init pad right/bottom 0 / 0
*****************current image process time 	 4416.196996927261s ******************
Init pad right/bottom 0 / 0
*****************current image process time 	 4450.81550526619s ******************
Init pad right/bottom 0 / 0
*****************current image process time 	 4485.439804315567s ******************
Init pad right/bottom 0 / 0
*****************current image process time 	 4520.05544924736s ******************
Init pad right/bottom 0 / 0
*****************current image process time 	 4554.681048870087s ******************
Init pad right/bottom 0 / 0
*****************current image process time 	 4589.3065638542175s ******************
Init pad right/bottom 0 / 0
*****************current image process time 	 4623.936361551285s ******************
Init pad right/bottom 0 / 0
*****************current image process time 	 4658.569197893143s ******************
Init pad right/bottom 0 / 0
*****************current image process time 	 4693.189308166504s ******************
Init pad right/bottom 0 / 0
*****************current image process time 	 4727.816912651062s ******************
Init pad right/bottom 0 / 0
*****************current image process time 	 4762.456104278564s ******************
Init pad right/bottom 0 / 0
*****************current image process time 	 4797.090129375458s ******************
Init pad right/bottom 0 / 0
*****************current image process time 	 4831.696332216263s ******************
Init pad right/bottom 0 / 0
*****************current image process time 	 4866.3206782341s ******************
Init pad right/bottom 0 / 0
*****************current image process time 	 4900.935160398483s ******************
Init pad right/bottom 0 / 0
*****************current image process time 	 4935.553642749786s ******************
Init pad right/bottom 0 / 0
*****************current image process time 	 4970.181617975235s ******************
Init pad right/bottom 0 / 0
*****************current image process time 	 5004.808697462082s ******************
Init pad right/bottom 0 / 0
*****************current image process time 	 5039.430486917496s ******************
Init pad right/bottom 0 / 0
*****************current image process time 	 5074.061128616333s ******************
Init pad right/bottom 0 / 0
*****************current image process time 	 5108.682031869888s ******************
Init pad right/bottom 0 / 0
*****************current image process time 	 5143.30219244957s ******************
Init pad right/bottom 0 / 0
*****************current image process time 	 5177.920955896378s ******************
Init pad right/bottom 0 / 0
*****************current image process time 	 5212.552533149719s ******************
Init pad right/bottom 0 / 0
*****************current image process time 	 5247.162007808685s ******************
Init pad right/bottom 0 / 0
*****************current image process time 	 5281.7800323963165s ******************
Init pad right/bottom 0 / 0
*****************current image process time 	 5316.401604890823s ******************
Init pad right/bottom 0 / 0
*****************current image process time 	 5351.017776012421s ******************
Init pad right/bottom 0 / 0
*****************current image process time 	 5385.641283988953s ******************
Init pad right/bottom 0 / 0
*****************current image process time 	 5420.292506933212s ******************
Init pad right/bottom 0 / 0
*****************current image process time 	 5454.9215705394745s ******************
Init pad right/bottom 0 / 0
*****************current image process time 	 5490.124848127365s ******************
Init pad right/bottom 0 / 0
*****************current image process time 	 5524.750919103622s ******************
Init pad right/bottom 0 / 0
*****************current image process time 	 5559.378771543503s ******************
Init pad right/bottom 0 / 0
*****************current image process time 	 5594.021622657776s ******************
Init pad right/bottom 0 / 0
*****************current image process time 	 5628.649121284485s ******************
Init pad right/bottom 0 / 0
*****************current image process time 	 5663.280823230743s ******************
Init pad right/bottom 0 / 0
*****************current image process time 	 5697.924493551254s ******************
Init pad right/bottom 0 / 0
*****************current image process time 	 5732.5669593811035s ******************
Init pad right/bottom 0 / 0
*****************current image process time 	 5767.203001737595s ******************
Init pad right/bottom 0 / 0
*****************current image process time 	 5801.8469414711s ******************
Init pad right/bottom 0 / 0
*****************current image process time 	 5836.476861000061s ******************
Init pad right/bottom 0 / 0
*****************current image process time 	 5871.113054990768s ******************
Init pad right/bottom 0 / 0
*****************current image process time 	 5905.775137424469s ******************
Init pad right/bottom 0 / 0
*****************current image process time 	 5940.409893512726s ******************
Init pad right/bottom 0 / 0
*****************current image process time 	 5975.04487156868s ******************
Init pad right/bottom 0 / 0
*****************current image process time 	 6009.694276094437s ******************
Init pad right/bottom 0 / 0
*****************current image process time 	 6044.336456537247s ******************
Init pad right/bottom 0 / 0
*****************current image process time 	 6078.96199965477s ******************
Init pad right/bottom 0 / 0
*****************current image process time 	 6113.600976467133s ******************
Init pad right/bottom 0 / 0
*****************current image process time 	 6148.24142241478s ******************
Init pad right/bottom 0 / 0
*****************current image process time 	 6182.883196353912s ******************
Init pad right/bottom 0 / 0
*****************current image process time 	 6217.534153223038s ******************
Init pad right/bottom 0 / 0
*****************current image process time 	 6252.173287153244s ******************
Init pad right/bottom 0 / 0
*****************current image process time 	 6286.808760166168s ******************
Init pad right/bottom 0 / 0
*****************current image process time 	 6321.468247652054s ******************
Init pad right/bottom 0 / 0
*****************current image process time 	 6356.116387844086s ******************
Init pad right/bottom 0 / 0
*****************current image process time 	 6390.756644487381s ******************
Init pad right/bottom 0 / 0
*****************current image process time 	 6425.4108374118805s ******************
Init pad right/bottom 0 / 0
*****************current image process time 	 6460.06334733963s ******************
Init pad right/bottom 0 / 0
*****************current image process time 	 6494.703588008881s ******************
Init pad right/bottom 0 / 0
*****************current image process time 	 6529.36314034462s ******************
Init pad right/bottom 0 / 0
*****************current image process time 	 6564.011463165283s ******************
Init pad right/bottom 0 / 0
*****************current image process time 	 6598.674057483673s ******************
Init pad right/bottom 0 / 0
*****************current image process time 	 6633.332612514496s ******************
Init pad right/bottom 0 / 0
*****************current image process time 	 6667.981803655624s ******************
Init pad right/bottom 0 / 0
*****************current image process time 	 6702.6342034339905s ******************
Init pad right/bottom 0 / 0
*****************current image process time 	 6737.290389299393s ******************
Init pad right/bottom 0 / 0
*****************current image process time 	 6771.93850684166s ******************
Init pad right/bottom 0 / 0
*****************current image process time 	 6806.576335668564s ******************
Init pad right/bottom 0 / 0
*****************current image process time 	 6841.240903139114s ******************
Init pad right/bottom 0 / 0
*****************current image process time 	 6875.9325177669525s ******************
Init pad right/bottom 0 / 0
*****************current image process time 	 6910.576561450958s ******************
Init pad right/bottom 0 / 0
*****************current image process time 	 6945.2303857803345s ******************
Evaluate Folders:  28567641
Init pad right/bottom 0 / 0
*****************current image process time 	 6987.5625557899475s ******************
Init pad right/bottom 0 / 0
*****************current image process time 	 7022.108628034592s ******************
Init pad right/bottom 0 / 0
*****************current image process time 	 7056.66576218605s ******************
Init pad right/bottom 0 / 0
*****************current image process time 	 7091.205532312393s ******************
Init pad right/bottom 0 / 0
*****************current image process time 	 7125.749941110611s ******************
Init pad right/bottom 0 / 0
*****************current image process time 	 7160.331775426865s ******************
Init pad right/bottom 0 / 0
*****************current image process time 	 7194.885968446732s ******************
Init pad right/bottom 0 / 0
*****************current image process time 	 7229.428903341293s ******************
Init pad right/bottom 0 / 0
*****************current image process time 	 7264.019417285919s ******************
Init pad right/bottom 0 / 0
*****************current image process time 	 7298.578836917877s ******************
Init pad right/bottom 0 / 0
*****************current image process time 	 7333.114829301834s ******************
Init pad right/bottom 0 / 0
*****************current image process time 	 7367.690155744553s ******************
Init pad right/bottom 0 / 0
*****************current image process time 	 7402.363683462143s ******************
Init pad right/bottom 0 / 0
*****************current image process time 	 7437.177406549454s ******************
Init pad right/bottom 0 / 0
*****************current image process time 	 7471.729105949402s ******************
Init pad right/bottom 0 / 0
*****************current image process time 	 7506.301446676254s ******************
Init pad right/bottom 0 / 0
*****************current image process time 	 7540.861882209778s ******************
Init pad right/bottom 0 / 0
*****************current image process time 	 7575.436030626297s ******************
Init pad right/bottom 0 / 0
*****************current image process time 	 7609.974979877472s ******************
Init pad right/bottom 0 / 0
*****************current image process time 	 7644.522159099579s ******************
Init pad right/bottom 0 / 0
*****************current image process time 	 7679.083282470703s ******************
Init pad right/bottom 0 / 0
*****************current image process time 	 7713.723927736282s ******************
Init pad right/bottom 0 / 0
*****************current image process time 	 7748.2775411605835s ******************
Init pad right/bottom 0 / 0
*****************current image process time 	 7782.846272945404s ******************
Init pad right/bottom 0 / 0
*****************current image process time 	 7817.393201589584s ******************
Init pad right/bottom 0 / 0
*****************current image process time 	 7852.141340017319s ******************
Init pad right/bottom 0 / 0
*****************current image process time 	 7886.955635547638s ******************
Init pad right/bottom 0 / 0
*****************current image process time 	 7921.508010864258s ******************
Init pad right/bottom 0 / 0
*****************current image process time 	 7956.2009563446045s ******************
Init pad right/bottom 0 / 0
*****************current image process time 	 7990.761806726456s ******************
Init pad right/bottom 0 / 0
*****************current image process time 	 8025.297203063965s ******************
Init pad right/bottom 0 / 0
*****************current image process time 	 8059.876413345337s ******************
Init pad right/bottom 0 / 0
*****************current image process time 	 8094.43833565712s ******************
Init pad right/bottom 0 / 0
*****************current image process time 	 8128.985010623932s ******************
Init pad right/bottom 0 / 0
*****************current image process time 	 8163.555610895157s ******************
Init pad right/bottom 0 / 0
*****************current image process time 	 8198.121042490005s ******************
Init pad right/bottom 0 / 0
*****************current image process time 	 8232.660466909409s ******************
Init pad right/bottom 0 / 0
*****************current image process time 	 8267.225433588028s ******************
Init pad right/bottom 0 / 0
*****************current image process time 	 8301.77475142479s ******************
Init pad right/bottom 0 / 0
*****************current image process time 	 8336.335738897324s ******************
Init pad right/bottom 0 / 0
*****************current image process time 	 8370.894852876663s ******************
Init pad right/bottom 0 / 0
*****************current image process time 	 8405.456456899643s ******************
Init pad right/bottom 0 / 0
*****************current image process time 	 8440.018409013748s ******************
Init pad right/bottom 0 / 0
*****************current image process time 	 8474.566306829453s ******************
Init pad right/bottom 0 / 0
*****************current image process time 	 8509.128540277481s ******************
Init pad right/bottom 0 / 0
*****************current image process time 	 8543.690789222717s ******************
Init pad right/bottom 0 / 0
*****************current image process time 	 8578.236026525497s ******************
Init pad right/bottom 0 / 0
*****************current image process time 	 8612.807899713516s ******************
Init pad right/bottom 0 / 0
*****************current image process time 	 8647.352703094482s ******************
Init pad right/bottom 0 / 0
*****************current image process time 	 8681.900330781937s ******************
Init pad right/bottom 0 / 0
*****************current image process time 	 8716.473991394043s ******************
Init pad right/bottom 0 / 0
*****************current image process time 	 8751.739107847214s ******************
Init pad right/bottom 0 / 0
*****************current image process time 	 8786.29984498024s ******************
Init pad right/bottom 0 / 0
*****************current image process time 	 8820.890429496765s ******************
Init pad right/bottom 0 / 0
*****************current image process time 	 8855.450189352036s ******************
Init pad right/bottom 0 / 0
*****************current image process time 	 8890.00474023819s ******************
Init pad right/bottom 0 / 0
*****************current image process time 	 8924.643237829208s ******************
Init pad right/bottom 0 / 0
*****************current image process time 	 8959.45954656601s ******************
Init pad right/bottom 0 / 0
*****************current image process time 	 8994.020967721939s ******************
Init pad right/bottom 0 / 0
*****************current image process time 	 9028.58623290062s ******************
Init pad right/bottom 0 / 0
*****************current image process time 	 9064.086664676666s ******************
Init pad right/bottom 0 / 0
*****************current image process time 	 9098.643350839615s ******************
Init pad right/bottom 0 / 0
*****************current image process time 	 9133.211989879608s ******************
Init pad right/bottom 0 / 0
*****************current image process time 	 9167.832317590714s ******************
Init pad right/bottom 0 / 0
*****************current image process time 	 9202.373460769653s ******************
Init pad right/bottom 0 / 0
*****************current image process time 	 9236.947608232498s ******************
Init pad right/bottom 0 / 0
*****************current image process time 	 9271.506281614304s ******************
Init pad right/bottom 0 / 0
*****************current image process time 	 9306.06246137619s ******************
Init pad right/bottom 0 / 0
*****************current image process time 	 9340.620736122131s ******************
Init pad right/bottom 0 / 0
*****************current image process time 	 9375.186177015305s ******************
Init pad right/bottom 0 / 0
*****************current image process time 	 9409.742713212967s ******************
Init pad right/bottom 0 / 0
*****************current image process time 	 9444.333713054657s ******************
Init pad right/bottom 0 / 0
*****************current image process time 	 9478.886843681335s ******************
Init pad right/bottom 0 / 0
*****************current image process time 	 9513.447417974472s ******************
Init pad right/bottom 0 / 0
*****************current image process time 	 9548.02302646637s ******************
Init pad right/bottom 0 / 0
*****************current image process time 	 9582.591096401215s ******************
Init pad right/bottom 0 / 0
*****************current image process time 	 9617.146709442139s ******************
Init pad right/bottom 0 / 0
*****************current image process time 	 9651.733993768692s ******************
Init pad right/bottom 0 / 0
*****************current image process time 	 9686.30286359787s ******************
Init pad right/bottom 0 / 0
*****************current image process time 	 9720.86078453064s ******************
Init pad right/bottom 0 / 0
*****************current image process time 	 9755.661531448364s ******************
Init pad right/bottom 0 / 0
*****************current image process time 	 9790.227643489838s ******************
Init pad right/bottom 0 / 0
*****************current image process time 	 9825.158424377441s ******************
Init pad right/bottom 0 / 0
*****************current image process time 	 9859.748057365417s ******************
Init pad right/bottom 0 / 0
*****************current image process time 	 9894.314727544785s ******************
Init pad right/bottom 0 / 0
*****************current image process time 	 9928.876501560211s ******************
Init pad right/bottom 0 / 0
*****************current image process time 	 9963.46125459671s ******************
Init pad right/bottom 0 / 0
*****************current image process time 	 9998.052660703659s ******************
Init pad right/bottom 0 / 0
*****************current image process time 	 10032.606263399124s ******************
Init pad right/bottom 0 / 0
*****************current image process time 	 10067.181725502014s ******************
Init pad right/bottom 0 / 0
*****************current image process time 	 10101.756398200989s ******************
Init pad right/bottom 0 / 0
*****************current image process time 	 10136.337565660477s ******************
Init pad right/bottom 0 / 0
*****************current image process time 	 10170.909311532974s ******************
Init pad right/bottom 0 / 0
*****************current image process time 	 10205.483847856522s ******************
Init pad right/bottom 0 / 0
*****************current image process time 	 10240.028214216232s ******************
Init pad right/bottom 0 / 0
*****************current image process time 	 10274.604363679886s ******************
Init pad right/bottom 0 / 0
*****************current image process time 	 10309.18761253357s ******************
Init pad right/bottom 0 / 0
*****************current image process time 	 10343.7504093647s ******************
Init pad right/bottom 0 / 0
*****************current image process time 	 10378.320902824402s ******************
Init pad right/bottom 0 / 0
*****************current image process time 	 10412.901706695557s ******************
Evaluate Folders:  28639958
Init pad right/bottom 0 / 0
*****************current image process time 	 10456.360125541687s ******************
Init pad right/bottom 0 / 0
*****************current image process time 	 10490.939255714417s ******************
Init pad right/bottom 0 / 0
*****************current image process time 	 10525.493948459625s ******************
Init pad right/bottom 0 / 0
*****************current image process time 	 10560.075704336166s ******************
Init pad right/bottom 0 / 0
*****************current image process time 	 10594.649579048157s ******************
Init pad right/bottom 0 / 0
*****************current image process time 	 10629.20040678978s ******************
Init pad right/bottom 0 / 0
*****************current image process time 	 10663.793484687805s ******************
Init pad right/bottom 0 / 0
*****************current image process time 	 10698.369683980942s ******************
Init pad right/bottom 0 / 0
*****************current image process time 	 10732.91001701355s ******************
Init pad right/bottom 0 / 0
*****************current image process time 	 10767.507439136505s ******************
Init pad right/bottom 0 / 0
*****************current image process time 	 10802.065546989441s ******************
Init pad right/bottom 0 / 0
*****************current image process time 	 10836.635104894638s ******************
Init pad right/bottom 0 / 0
*****************current image process time 	 10871.216320514679s ******************
Init pad right/bottom 0 / 0
*****************current image process time 	 10905.783984661102s ******************
Init pad right/bottom 0 / 0
*****************current image process time 	 10940.378183603287s ******************
Init pad right/bottom 0 / 0
*****************current image process time 	 10975.180971622467s ******************
Init pad right/bottom 0 / 0
*****************current image process time 	 11009.741201400757s ******************
Init pad right/bottom 0 / 0
*****************current image process time 	 11044.310510396957s ******************
Init pad right/bottom 0 / 0
*****************current image process time 	 11078.891092777252s ******************
Init pad right/bottom 0 / 0
*****************current image process time 	 11113.457430124283s ******************
Init pad right/bottom 0 / 0
*****************current image process time 	 11148.557448863983s ******************
Init pad right/bottom 0 / 0
*****************current image process time 	 11183.09206533432s ******************
Init pad right/bottom 0 / 0
*****************current image process time 	 11217.612785816193s ******************
Init pad right/bottom 0 / 0
*****************current image process time 	 11252.153633594513s ******************
Init pad right/bottom 0 / 0
*****************current image process time 	 11286.709417581558s ******************
Init pad right/bottom 0 / 0
*****************current image process time 	 11321.229417324066s ******************
Init pad right/bottom 0 / 0
*****************current image process time 	 11355.77625799179s ******************
Init pad right/bottom 0 / 0
*****************current image process time 	 11390.318405866623s ******************
Init pad right/bottom 0 / 0
*****************current image process time 	 11424.921142339706s ******************
Init pad right/bottom 0 / 0
*****************current image process time 	 11459.479768037796s ******************
Init pad right/bottom 0 / 0
*****************current image process time 	 11494.021634578705s ******************
Init pad right/bottom 0 / 0
*****************current image process time 	 11528.549311161041s ******************
Init pad right/bottom 0 / 0
*****************current image process time 	 11563.099409341812s ******************
Init pad right/bottom 0 / 0
*****************current image process time 	 11597.631033182144s ******************
Init pad right/bottom 0 / 0
*****************current image process time 	 11632.172895908356s ******************
Init pad right/bottom 0 / 0
*****************current image process time 	 11666.72438955307s ******************
Init pad right/bottom 0 / 0
*****************current image process time 	 11701.241995573044s ******************
Init pad right/bottom 0 / 0
*****************current image process time 	 11735.793256998062s ******************
Init pad right/bottom 0 / 0
*****************current image process time 	 11770.328616857529s ******************
Init pad right/bottom 0 / 0
*****************current image process time 	 11804.867150068283s ******************
Init pad right/bottom 0 / 0
*****************current image process time 	 11839.443548679352s ******************
Init pad right/bottom 0 / 0
*****************current image process time 	 11874.007003307343s ******************
Init pad right/bottom 0 / 0
*****************current image process time 	 11908.54210281372s ******************
Init pad right/bottom 0 / 0
*****************current image process time 	 11943.086062192917s ******************
Init pad right/bottom 0 / 0
*****************current image process time 	 11977.596630096436s ******************
Init pad right/bottom 0 / 0
*****************current image process time 	 12012.13388633728s ******************
Init pad right/bottom 0 / 0
*****************current image process time 	 12046.668907642365s ******************
Init pad right/bottom 0 / 0
*****************current image process time 	 12081.173647880554s ******************
Init pad right/bottom 0 / 0
*****************current image process time 	 12115.717406749725s ******************
Init pad right/bottom 0 / 0
*****************current image process time 	 12150.258046865463s ******************
Init pad right/bottom 0 / 0
*****************current image process time 	 12184.769835710526s ******************
Init pad right/bottom 0 / 0
*****************current image process time 	 12219.30953669548s ******************
Init pad right/bottom 0 / 0
*****************current image process time 	 12253.836595773697s ******************
Init pad right/bottom 0 / 0
*****************current image process time 	 12288.366416931152s ******************
Init pad right/bottom 0 / 0
*****************current image process time 	 12322.930417060852s ******************
Init pad right/bottom 0 / 0
*****************current image process time 	 12357.479251623154s ******************
Init pad right/bottom 0 / 0
*****************current image process time 	 12392.002257585526s ******************
Init pad right/bottom 0 / 0
*****************current image process time 	 12426.549415111542s ******************
Init pad right/bottom 0 / 0
*****************current image process time 	 12461.075516223907s ******************
Init pad right/bottom 0 / 0
*****************current image process time 	 12495.620333194733s ******************
Init pad right/bottom 0 / 0
*****************current image process time 	 12530.172075510025s ******************
Init pad right/bottom 0 / 0
*****************current image process time 	 12564.715488910675s ******************
Init pad right/bottom 0 / 0
*****************current image process time 	 12599.257585287094s ******************
Init pad right/bottom 0 / 0
*****************current image process time 	 12633.801109790802s ******************
Init pad right/bottom 0 / 0
*****************current image process time 	 12668.333562374115s ******************
Init pad right/bottom 0 / 0
*****************current image process time 	 12702.845628738403s ******************
Init pad right/bottom 0 / 0
*****************current image process time 	 12737.392750263214s ******************
Init pad right/bottom 0 / 0
*****************current image process time 	 12771.930295944214s ******************
Init pad right/bottom 0 / 0
*****************current image process time 	 12806.451214313507s ******************
Init pad right/bottom 0 / 0
*****************current image process time 	 12841.036880731583s ******************
Init pad right/bottom 0 / 0
*****************current image process time 	 12875.581775188446s ******************
Init pad right/bottom 0 / 0
*****************current image process time 	 12910.109221935272s ******************
Init pad right/bottom 0 / 0
*****************current image process time 	 12944.666603326797s ******************
Init pad right/bottom 0 / 0
*****************current image process time 	 12979.230981111526s ******************
Init pad right/bottom 0 / 0
*****************current image process time 	 13013.761785268784s ******************
Init pad right/bottom 0 / 0
*****************current image process time 	 13048.347210168839s ******************
Init pad right/bottom 0 / 0
*****************current image process time 	 13082.90876197815s ******************
Init pad right/bottom 0 / 0
*****************current image process time 	 13117.45146536827s ******************
Init pad right/bottom 0 / 0
*****************current image process time 	 13152.02834224701s ******************
Init pad right/bottom 0 / 0
*****************current image process time 	 13186.575157880783s ******************
Init pad right/bottom 0 / 0
*****************current image process time 	 13221.125808238983s ******************
Init pad right/bottom 0 / 0
*****************current image process time 	 13255.71169757843s ******************
Init pad right/bottom 0 / 0
*****************current image process time 	 13290.26703953743s ******************
Init pad right/bottom 0 / 0
*****************current image process time 	 13324.793439865112s ******************
Init pad right/bottom 0 / 0
*****************current image process time 	 13359.35085105896s ******************
Init pad right/bottom 0 / 0
*****************current image process time 	 13393.911226272583s ******************
Init pad right/bottom 0 / 0
*****************current image process time 	 13428.452473640442s ******************
Init pad right/bottom 0 / 0
*****************current image process time 	 13463.029069662094s ******************
Init pad right/bottom 0 / 0
*****************current image process time 	 13497.58383345604s ******************
Init pad right/bottom 0 / 0
*****************current image process time 	 13532.114649772644s ******************
Init pad right/bottom 0 / 0
*****************current image process time 	 13566.675464868546s ******************
Init pad right/bottom 0 / 0
*****************current image process time 	 13601.232133865356s ******************
Init pad right/bottom 0 / 0
*****************current image process time 	 13635.85192489624s ******************
Init pad right/bottom 0 / 0
*****************current image process time 	 13670.422670125961s ******************
Init pad right/bottom 0 / 0
*****************current image process time 	 13704.98022699356s ******************
Init pad right/bottom 0 / 0
*****************current image process time 	 13739.51724076271s ******************
Init pad right/bottom 0 / 0
*****************current image process time 	 13774.07969379425s ******************
Init pad right/bottom 0 / 0
*****************current image process time 	 13808.639937639236s ******************
Init pad right/bottom 0 / 0
*****************current image process time 	 13843.167182922363s ******************
Init pad right/bottom 0 / 0
*****************current image process time 	 13877.784710884094s ******************
Evaluate Folders:  29069089
Init pad right/bottom 0 / 0
*****************current image process time 	 13934.312678575516s ******************
Init pad right/bottom 0 / 0
*****************current image process time 	 13968.793191194534s ******************
Init pad right/bottom 0 / 0
*****************current image process time 	 14003.3154296875s ******************
Init pad right/bottom 0 / 0
*****************current image process time 	 14037.818999290466s ******************
Init pad right/bottom 0 / 0
*****************current image process time 	 14072.308582782745s ******************
Init pad right/bottom 0 / 0
*****************current image process time 	 14106.830587148666s ******************
Init pad right/bottom 0 / 0
*****************current image process time 	 14141.332320690155s ******************
Init pad right/bottom 0 / 0
*****************current image process time 	 14175.809090852737s ******************
Init pad right/bottom 0 / 0
*****************current image process time 	 14210.341780424118s ******************
Init pad right/bottom 0 / 0
*****************current image process time 	 14244.857607603073s ******************
Init pad right/bottom 0 / 0
*****************current image process time 	 14279.331100940704s ******************
Init pad right/bottom 0 / 0
*****************current image process time 	 14313.86780500412s ******************
Init pad right/bottom 0 / 0
*****************current image process time 	 14348.994062662125s ******************
Init pad right/bottom 0 / 0
*****************current image process time 	 14383.485364675522s ******************
Init pad right/bottom 0 / 0
*****************current image process time 	 14418.003570318222s ******************
Init pad right/bottom 0 / 0
*****************current image process time 	 14452.569814920425s ******************
Init pad right/bottom 0 / 0
*****************current image process time 	 14487.02767586708s ******************
Init pad right/bottom 0 / 0
*****************current image process time 	 14521.548829317093s ******************
Init pad right/bottom 0 / 0
*****************current image process time 	 14556.024780035019s ******************
Init pad right/bottom 0 / 0
*****************current image process time 	 14590.536034345627s ******************
Init pad right/bottom 0 / 0
*****************current image process time 	 14625.066034078598s ******************
Init pad right/bottom 0 / 0
*****************current image process time 	 14659.565793514252s ******************
Init pad right/bottom 0 / 0
*****************current image process time 	 14694.514825344086s ******************
Init pad right/bottom 0 / 0
*****************current image process time 	 14729.051128864288s ******************
Init pad right/bottom 0 / 0
*****************current image process time 	 14763.550039291382s ******************
Init pad right/bottom 0 / 0
*****************current image process time 	 14809.803359508514s ******************
Init pad right/bottom 0 / 0
*****************current image process time 	 14844.37166428566s ******************
Init pad right/bottom 0 / 0
*****************current image process time 	 14878.89258646965s ******************
Init pad right/bottom 0 / 0
*****************current image process time 	 14913.416371822357s ******************
Init pad right/bottom 0 / 0
*****************current image process time 	 14947.959440469742s ******************
Init pad right/bottom 0 / 0
*****************current image process time 	 14982.461380243301s ******************
Init pad right/bottom 0 / 0
*****************current image process time 	 15016.98177742958s ******************
Init pad right/bottom 0 / 0
*****************current image process time 	 15051.508466243744s ******************
Init pad right/bottom 0 / 0
*****************current image process time 	 15086.00997543335s ******************
Init pad right/bottom 0 / 0
*****************current image process time 	 15120.541583538055s ******************
Init pad right/bottom 0 / 0
*****************current image process time 	 15155.044290542603s ******************
Init pad right/bottom 0 / 0
*****************current image process time 	 15189.565046310425s ******************
Init pad right/bottom 0 / 0
*****************current image process time 	 15224.107332229614s ******************
Init pad right/bottom 0 / 0
*****************current image process time 	 15258.601074934006s ******************
Init pad right/bottom 0 / 0
*****************current image process time 	 15293.15082859993s ******************
Init pad right/bottom 0 / 0
*****************current image process time 	 15327.685304403305s ******************
Init pad right/bottom 0 / 0
*****************current image process time 	 15362.203268527985s ******************
Init pad right/bottom 0 / 0
*****************current image process time 	 15396.748587608337s ******************
Init pad right/bottom 0 / 0
*****************current image process time 	 15432.140455245972s ******************
Init pad right/bottom 0 / 0
*****************current image process time 	 15466.631983280182s ******************
Init pad right/bottom 0 / 0
*****************current image process time 	 15501.179503917694s ******************
Init pad right/bottom 0 / 0
*****************current image process time 	 15535.71135020256s ******************
Init pad right/bottom 0 / 0
*****************current image process time 	 15570.204098701477s ******************
Init pad right/bottom 0 / 0
*****************current image process time 	 15604.737861156464s ******************
Init pad right/bottom 0 / 0
*****************current image process time 	 15639.238707780838s ******************
Init pad right/bottom 0 / 0
*****************current image process time 	 15673.773969173431s ******************
Init pad right/bottom 0 / 0
*****************current image process time 	 15708.302928686142s ******************
Init pad right/bottom 0 / 0
*****************current image process time 	 15742.793610334396s ******************
Init pad right/bottom 0 / 0
*****************current image process time 	 15777.323812961578s ******************
Init pad right/bottom 0 / 0
*****************current image process time 	 15811.826168775558s ******************
Init pad right/bottom 0 / 0
*****************current image process time 	 15846.344969034195s ******************
Init pad right/bottom 0 / 0
*****************current image process time 	 15880.871023893356s ******************
Init pad right/bottom 0 / 0
*****************current image process time 	 15915.383853912354s ******************
Init pad right/bottom 0 / 0
*****************current image process time 	 15949.887315750122s ******************
Init pad right/bottom 0 / 0
*****************current image process time 	 15984.423552036285s ******************
Init pad right/bottom 0 / 0
*****************current image process time 	 16018.932175636292s ******************
Init pad right/bottom 0 / 0
*****************current image process time 	 16053.494328737259s ******************
Init pad right/bottom 0 / 0
*****************current image process time 	 16088.011227369308s ******************
Init pad right/bottom 0 / 0
*****************current image process time 	 16122.508246183395s ******************
Init pad right/bottom 0 / 0
*****************current image process time 	 16157.010119915009s ******************
Init pad right/bottom 0 / 0
*****************current image process time 	 16191.52471113205s ******************
Init pad right/bottom 0 / 0
*****************current image process time 	 16225.99820280075s ******************
Init pad right/bottom 0 / 0
*****************current image process time 	 16260.520995616913s ******************
Init pad right/bottom 0 / 0
*****************current image process time 	 16295.038630008698s ******************
Init pad right/bottom 0 / 0
*****************current image process time 	 16329.52874326706s ******************
Init pad right/bottom 0 / 0
*****************current image process time 	 16364.05052947998s ******************
Init pad right/bottom 0 / 0
*****************current image process time 	 16398.569457530975s ******************
Init pad right/bottom 0 / 0
*****************current image process time 	 16433.04314136505s ******************
Init pad right/bottom 0 / 0
*****************current image process time 	 16467.574123620987s ******************
Init pad right/bottom 0 / 0
*****************current image process time 	 16502.05689907074s ******************
Init pad right/bottom 0 / 0
*****************current image process time 	 16536.697940587997s ******************
Init pad right/bottom 0 / 0
*****************current image process time 	 16571.21015048027s ******************
Init pad right/bottom 0 / 0
*****************current image process time 	 16605.69662284851s ******************
Init pad right/bottom 0 / 0
*****************current image process time 	 16640.24352312088s ******************
Init pad right/bottom 0 / 0
*****************current image process time 	 16674.75663614273s ******************
Init pad right/bottom 0 / 0
*****************current image process time 	 16709.235264778137s ******************
Init pad right/bottom 0 / 0
*****************current image process time 	 16743.782330989838s ******************
Init pad right/bottom 0 / 0
*****************current image process time 	 16778.31138277054s ******************
Init pad right/bottom 0 / 0
*****************current image process time 	 16812.821763515472s ******************
Init pad right/bottom 0 / 0
*****************current image process time 	 16847.341841220856s ******************
Init pad right/bottom 0 / 0
*****************current image process time 	 16881.857945919037s ******************
Init pad right/bottom 0 / 0
*****************current image process time 	 16916.33446931839s ******************
Init pad right/bottom 0 / 0
*****************current image process time 	 16950.8657040596s ******************
Init pad right/bottom 0 / 0
*****************current image process time 	 16985.34875369072s ******************
Init pad right/bottom 0 / 0
*****************current image process time 	 17019.94568681717s ******************
Init pad right/bottom 0 / 0
*****************current image process time 	 17054.468751192093s ******************
Init pad right/bottom 0 / 0
*****************current image process time 	 17088.969645023346s ******************
Init pad right/bottom 0 / 0
*****************current image process time 	 17123.49768447876s ******************
Init pad right/bottom 0 / 0
*****************current image process time 	 17158.011075496674s ******************
Init pad right/bottom 0 / 0
*****************current image process time 	 17193.883010149002s ******************
Init pad right/bottom 0 / 0
*****************current image process time 	 17228.400554418564s ******************
Init pad right/bottom 0 / 0
*****************current image process time 	 17262.909715652466s ******************
Init pad right/bottom 0 / 0
*****************current image process time 	 17297.396923065186s ******************
Init pad right/bottom 0 / 0
*****************current image process time 	 17331.924921274185s ******************
Init pad right/bottom 0 / 0
*****************current image process time 	 17366.445870399475s ******************
