cudnn(28):ERROR:105: Unable to locate a modulefile for 'cudnn/7.0.4'
19-12-30 18:48:24.996 - INFO: Data: sharp_bicubic - /lustre/home/acct-eezy/eezy/4khdr/data/Dataset/test_540p
19-12-30 18:48:24.997 - INFO: Padding mode: new_info
19-12-30 18:48:24.998 - INFO: Model path: /lustre/home/acct-eezy/eezy/4khdr/codes/experiments/train_EDVR_L_Preload_30000_nobug_ssim_10_LR_1e_5_suzhou_remove_baddata/models/latest_G.pth
19-12-30 18:48:24.998 - INFO: Save images: True
19-12-30 18:48:24.998 - INFO: Flip test: False
19-12-30 18:49:11.026 - INFO: 26919337 :   1 - 00000                     	
19-12-30 18:49:45.796 - INFO: 26919337 :   2 - 00001                     	
19-12-30 18:50:20.553 - INFO: 26919337 :   3 - 00002                     	
19-12-30 18:50:55.267 - INFO: 26919337 :   4 - 00003                     	
19-12-30 18:51:29.983 - INFO: 26919337 :   5 - 00004                     	
19-12-30 18:52:04.718 - INFO: 26919337 :   6 - 00005                     	
19-12-30 18:52:39.415 - INFO: 26919337 :   7 - 00006                     	
19-12-30 18:53:14.134 - INFO: 26919337 :   8 - 00007                     	
19-12-30 18:53:48.829 - INFO: 26919337 :   9 - 00008                     	
19-12-30 18:54:23.532 - INFO: 26919337 :  10 - 00009                     	
19-12-30 18:54:58.230 - INFO: 26919337 :  11 - 00010                     	
19-12-30 18:55:32.926 - INFO: 26919337 :  12 - 00011                     	
19-12-30 18:56:07.599 - INFO: 26919337 :  13 - 00012                     	
19-12-30 18:56:42.279 - INFO: 26919337 :  14 - 00013                     	
19-12-30 18:57:16.972 - INFO: 26919337 :  15 - 00014                     	
19-12-30 18:57:51.671 - INFO: 26919337 :  16 - 00015                     	
19-12-30 18:58:26.366 - INFO: 26919337 :  17 - 00016                     	
19-12-30 18:59:01.050 - INFO: 26919337 :  18 - 00017                     	
19-12-30 18:59:35.735 - INFO: 26919337 :  19 - 00018                     	
19-12-30 19:00:10.414 - INFO: 26919337 :  20 - 00019                     	
19-12-30 19:00:45.092 - INFO: 26919337 :  21 - 00020                     	
19-12-30 19:01:19.764 - INFO: 26919337 :  22 - 00021                     	
19-12-30 19:01:54.435 - INFO: 26919337 :  23 - 00022                     	
19-12-30 19:02:29.109 - INFO: 26919337 :  24 - 00023                     	
19-12-30 19:03:03.775 - INFO: 26919337 :  25 - 00024                     	
19-12-30 19:03:38.444 - INFO: 26919337 :  26 - 00025                     	
19-12-30 19:04:13.107 - INFO: 26919337 :  27 - 00026                     	
19-12-30 19:04:47.768 - INFO: 26919337 :  28 - 00027                     	
19-12-30 19:05:23.005 - INFO: 26919337 :  29 - 00028                     	
19-12-30 19:05:57.651 - INFO: 26919337 :  30 - 00029                     	
19-12-30 19:06:32.300 - INFO: 26919337 :  31 - 00030                     	
19-12-30 19:07:06.952 - INFO: 26919337 :  32 - 00031                     	
19-12-30 19:07:41.606 - INFO: 26919337 :  33 - 00032                     	
19-12-30 19:08:16.265 - INFO: 26919337 :  34 - 00033                     	
19-12-30 19:08:50.912 - INFO: 26919337 :  35 - 00034                     	
19-12-30 19:09:25.606 - INFO: 26919337 :  36 - 00035                     	
19-12-30 19:10:00.258 - INFO: 26919337 :  37 - 00036                     	
19-12-30 19:10:34.916 - INFO: 26919337 :  38 - 00037                     	
19-12-30 19:11:09.566 - INFO: 26919337 :  39 - 00038                     	
19-12-30 19:11:44.218 - INFO: 26919337 :  40 - 00039                     	
19-12-30 19:12:18.876 - INFO: 26919337 :  41 - 00040                     	
19-12-30 19:12:53.529 - INFO: 26919337 :  42 - 00041                     	
19-12-30 19:13:28.186 - INFO: 26919337 :  43 - 00042                     	
19-12-30 19:14:02.848 - INFO: 26919337 :  44 - 00043                     	
19-12-30 19:14:37.498 - INFO: 26919337 :  45 - 00044                     	
19-12-30 19:15:12.154 - INFO: 26919337 :  46 - 00045                     	
19-12-30 19:15:46.811 - INFO: 26919337 :  47 - 00046                     	
19-12-30 19:16:21.461 - INFO: 26919337 :  48 - 00047                     	
19-12-30 19:16:56.114 - INFO: 26919337 :  49 - 00048                     	
19-12-30 19:17:30.775 - INFO: 26919337 :  50 - 00049                     	
19-12-30 19:18:05.421 - INFO: 26919337 :  51 - 00050                     	
19-12-30 19:18:40.071 - INFO: 26919337 :  52 - 00051                     	
19-12-30 19:19:14.727 - INFO: 26919337 :  53 - 00052                     	
19-12-30 19:19:49.378 - INFO: 26919337 :  54 - 00053                     	
19-12-30 19:20:24.032 - INFO: 26919337 :  55 - 00054                     	
19-12-30 19:20:58.682 - INFO: 26919337 :  56 - 00055                     	
19-12-30 19:21:33.345 - INFO: 26919337 :  57 - 00056                     	
19-12-30 19:22:07.997 - INFO: 26919337 :  58 - 00057                     	
19-12-30 19:22:42.642 - INFO: 26919337 :  59 - 00058                     	
19-12-30 19:23:17.292 - INFO: 26919337 :  60 - 00059                     	
19-12-30 19:23:51.931 - INFO: 26919337 :  61 - 00060                     	
19-12-30 19:24:26.587 - INFO: 26919337 :  62 - 00061                     	
19-12-30 19:25:01.240 - INFO: 26919337 :  63 - 00062                     	
19-12-30 19:25:35.887 - INFO: 26919337 :  64 - 00063                     	
19-12-30 19:26:10.544 - INFO: 26919337 :  65 - 00064                     	
19-12-30 19:26:45.202 - INFO: 26919337 :  66 - 00065                     	
19-12-30 19:27:19.844 - INFO: 26919337 :  67 - 00066                     	
19-12-30 19:27:54.491 - INFO: 26919337 :  68 - 00067                     	
19-12-30 19:28:29.139 - INFO: 26919337 :  69 - 00068                     	
19-12-30 19:29:03.786 - INFO: 26919337 :  70 - 00069                     	
19-12-30 19:29:38.434 - INFO: 26919337 :  71 - 00070                     	
19-12-30 19:30:13.077 - INFO: 26919337 :  72 - 00071                     	
19-12-30 19:30:47.717 - INFO: 26919337 :  73 - 00072                     	
19-12-30 19:31:22.363 - INFO: 26919337 :  74 - 00073                     	
19-12-30 19:31:57.019 - INFO: 26919337 :  75 - 00074                     	
19-12-30 19:32:31.664 - INFO: 26919337 :  76 - 00075                     	
19-12-30 19:33:06.299 - INFO: 26919337 :  77 - 00076                     	
19-12-30 19:33:40.934 - INFO: 26919337 :  78 - 00077                     	
19-12-30 19:34:15.565 - INFO: 26919337 :  79 - 00078                     	
19-12-30 19:34:50.203 - INFO: 26919337 :  80 - 00079                     	
19-12-30 19:35:24.839 - INFO: 26919337 :  81 - 00080                     	
19-12-30 19:35:59.489 - INFO: 26919337 :  82 - 00081                     	
19-12-30 19:36:34.133 - INFO: 26919337 :  83 - 00082                     	
19-12-30 19:37:08.775 - INFO: 26919337 :  84 - 00083                     	
19-12-30 19:37:43.406 - INFO: 26919337 :  85 - 00084                     	
19-12-30 19:38:18.044 - INFO: 26919337 :  86 - 00085                     	
19-12-30 19:38:52.685 - INFO: 26919337 :  87 - 00086                     	
19-12-30 19:39:27.322 - INFO: 26919337 :  88 - 00087                     	
19-12-30 19:40:01.963 - INFO: 26919337 :  89 - 00088                     	
19-12-30 19:40:36.606 - INFO: 26919337 :  90 - 00089                     	
19-12-30 19:41:11.249 - INFO: 26919337 :  91 - 00090                     	
19-12-30 19:41:45.891 - INFO: 26919337 :  92 - 00091                     	
19-12-30 19:42:20.521 - INFO: 26919337 :  93 - 00092                     	
19-12-30 19:42:55.168 - INFO: 26919337 :  94 - 00093                     	
19-12-30 19:43:29.815 - INFO: 26919337 :  95 - 00094                     	
19-12-30 19:44:04.458 - INFO: 26919337 :  96 - 00095                     	
19-12-30 19:44:39.105 - INFO: 26919337 :  97 - 00096                     	
19-12-30 19:45:13.733 - INFO: 26919337 :  98 - 00097                     	
19-12-30 19:45:48.358 - INFO: 26919337 :  99 - 00098                     	
19-12-30 19:46:22.992 - INFO: 26919337 : 100 - 00099                     	
19-12-30 19:47:04.421 - INFO: 28025405 :   1 - 00000                     	
19-12-30 19:47:39.042 - INFO: 28025405 :   2 - 00001                     	
19-12-30 19:48:13.670 - INFO: 28025405 :   3 - 00002                     	
19-12-30 19:48:48.300 - INFO: 28025405 :   4 - 00003                     	
19-12-30 19:49:22.911 - INFO: 28025405 :   5 - 00004                     	
19-12-30 19:49:57.528 - INFO: 28025405 :   6 - 00005                     	
19-12-30 19:50:32.122 - INFO: 28025405 :   7 - 00006                     	
19-12-30 19:51:06.738 - INFO: 28025405 :   8 - 00007                     	
19-12-30 19:51:41.374 - INFO: 28025405 :   9 - 00008                     	
19-12-30 19:52:15.989 - INFO: 28025405 :  10 - 00009                     	
19-12-30 19:52:50.611 - INFO: 28025405 :  11 - 00010                     	
19-12-30 19:53:25.225 - INFO: 28025405 :  12 - 00011                     	
19-12-30 19:54:00.441 - INFO: 28025405 :  13 - 00012                     	
19-12-30 19:54:35.056 - INFO: 28025405 :  14 - 00013                     	
19-12-30 19:55:09.651 - INFO: 28025405 :  15 - 00014                     	
19-12-30 19:55:44.281 - INFO: 28025405 :  16 - 00015                     	
19-12-30 19:56:18.879 - INFO: 28025405 :  17 - 00016                     	
19-12-30 19:56:53.499 - INFO: 28025405 :  18 - 00017                     	
19-12-30 19:57:28.117 - INFO: 28025405 :  19 - 00018                     	
19-12-30 19:58:02.727 - INFO: 28025405 :  20 - 00019                     	
19-12-30 19:58:37.346 - INFO: 28025405 :  21 - 00020                     	
19-12-30 19:59:11.952 - INFO: 28025405 :  22 - 00021                     	
19-12-30 19:59:46.571 - INFO: 28025405 :  23 - 00022                     	
19-12-30 20:00:21.202 - INFO: 28025405 :  24 - 00023                     	
19-12-30 20:00:55.810 - INFO: 28025405 :  25 - 00024                     	
19-12-30 20:01:30.429 - INFO: 28025405 :  26 - 00025                     	
19-12-30 20:02:05.047 - INFO: 28025405 :  27 - 00026                     	
19-12-30 20:02:39.666 - INFO: 28025405 :  28 - 00027                     	
19-12-30 20:03:14.290 - INFO: 28025405 :  29 - 00028                     	
19-12-30 20:03:48.906 - INFO: 28025405 :  30 - 00029                     	
19-12-30 20:04:23.531 - INFO: 28025405 :  31 - 00030                     	
19-12-30 20:04:58.157 - INFO: 28025405 :  32 - 00031                     	
19-12-30 20:05:32.787 - INFO: 28025405 :  33 - 00032                     	
19-12-30 20:06:07.420 - INFO: 28025405 :  34 - 00033                     	
19-12-30 20:06:42.040 - INFO: 28025405 :  35 - 00034                     	
19-12-30 20:07:16.667 - INFO: 28025405 :  36 - 00035                     	
19-12-30 20:07:51.307 - INFO: 28025405 :  37 - 00036                     	
19-12-30 20:08:25.941 - INFO: 28025405 :  38 - 00037                     	
19-12-30 20:09:00.547 - INFO: 28025405 :  39 - 00038                     	
19-12-30 20:09:35.171 - INFO: 28025405 :  40 - 00039                     	
19-12-30 20:10:09.785 - INFO: 28025405 :  41 - 00040                     	
19-12-30 20:10:44.404 - INFO: 28025405 :  42 - 00041                     	
19-12-30 20:11:19.032 - INFO: 28025405 :  43 - 00042                     	
19-12-30 20:11:53.659 - INFO: 28025405 :  44 - 00043                     	
19-12-30 20:12:28.281 - INFO: 28025405 :  45 - 00044                     	
19-12-30 20:13:02.912 - INFO: 28025405 :  46 - 00045                     	
19-12-30 20:13:37.532 - INFO: 28025405 :  47 - 00046                     	
19-12-30 20:14:12.153 - INFO: 28025405 :  48 - 00047                     	
19-12-30 20:14:46.771 - INFO: 28025405 :  49 - 00048                     	
19-12-30 20:15:21.403 - INFO: 28025405 :  50 - 00049                     	
19-12-30 20:15:56.012 - INFO: 28025405 :  51 - 00050                     	
19-12-30 20:16:30.630 - INFO: 28025405 :  52 - 00051                     	
19-12-30 20:17:05.252 - INFO: 28025405 :  53 - 00052                     	
19-12-30 20:17:39.868 - INFO: 28025405 :  54 - 00053                     	
19-12-30 20:18:14.492 - INFO: 28025405 :  55 - 00054                     	
19-12-30 20:18:49.143 - INFO: 28025405 :  56 - 00055                     	
19-12-30 20:19:23.772 - INFO: 28025405 :  57 - 00056                     	
19-12-30 20:19:58.975 - INFO: 28025405 :  58 - 00057                     	
19-12-30 20:20:33.601 - INFO: 28025405 :  59 - 00058                     	
19-12-30 20:21:08.229 - INFO: 28025405 :  60 - 00059                     	
19-12-30 20:21:42.872 - INFO: 28025405 :  61 - 00060                     	
19-12-30 20:22:17.500 - INFO: 28025405 :  62 - 00061                     	
19-12-30 20:22:52.131 - INFO: 28025405 :  63 - 00062                     	
19-12-30 20:23:26.775 - INFO: 28025405 :  64 - 00063                     	
19-12-30 20:24:01.417 - INFO: 28025405 :  65 - 00064                     	
19-12-30 20:24:36.053 - INFO: 28025405 :  66 - 00065                     	
19-12-30 20:25:10.697 - INFO: 28025405 :  67 - 00066                     	
19-12-30 20:25:45.327 - INFO: 28025405 :  68 - 00067                     	
19-12-30 20:26:19.963 - INFO: 28025405 :  69 - 00068                     	
19-12-30 20:26:54.626 - INFO: 28025405 :  70 - 00069                     	
19-12-30 20:27:29.260 - INFO: 28025405 :  71 - 00070                     	
19-12-30 20:28:03.895 - INFO: 28025405 :  72 - 00071                     	
19-12-30 20:28:38.545 - INFO: 28025405 :  73 - 00072                     	
19-12-30 20:29:13.187 - INFO: 28025405 :  74 - 00073                     	
19-12-30 20:29:47.812 - INFO: 28025405 :  75 - 00074                     	
19-12-30 20:30:22.451 - INFO: 28025405 :  76 - 00075                     	
19-12-30 20:30:57.092 - INFO: 28025405 :  77 - 00076                     	
19-12-30 20:31:31.734 - INFO: 28025405 :  78 - 00077                     	
19-12-30 20:32:06.385 - INFO: 28025405 :  79 - 00078                     	
19-12-30 20:32:41.024 - INFO: 28025405 :  80 - 00079                     	
19-12-30 20:33:15.659 - INFO: 28025405 :  81 - 00080                     	
19-12-30 20:33:50.319 - INFO: 28025405 :  82 - 00081                     	
19-12-30 20:34:24.967 - INFO: 28025405 :  83 - 00082                     	
19-12-30 20:34:59.607 - INFO: 28025405 :  84 - 00083                     	
19-12-30 20:35:34.261 - INFO: 28025405 :  85 - 00084                     	
19-12-30 20:36:08.914 - INFO: 28025405 :  86 - 00085                     	
19-12-30 20:36:43.554 - INFO: 28025405 :  87 - 00086                     	
19-12-30 20:37:18.214 - INFO: 28025405 :  88 - 00087                     	
19-12-30 20:37:52.862 - INFO: 28025405 :  89 - 00088                     	
19-12-30 20:38:27.524 - INFO: 28025405 :  90 - 00089                     	
19-12-30 20:39:02.183 - INFO: 28025405 :  91 - 00090                     	
19-12-30 20:39:36.832 - INFO: 28025405 :  92 - 00091                     	
19-12-30 20:40:11.485 - INFO: 28025405 :  93 - 00092                     	
19-12-30 20:40:46.141 - INFO: 28025405 :  94 - 00093                     	
19-12-30 20:41:20.789 - INFO: 28025405 :  95 - 00094                     	
19-12-30 20:41:55.427 - INFO: 28025405 :  96 - 00095                     	
19-12-30 20:42:30.091 - INFO: 28025405 :  97 - 00096                     	
19-12-30 20:43:04.783 - INFO: 28025405 :  98 - 00097                     	
19-12-30 20:43:39.427 - INFO: 28025405 :  99 - 00098                     	
19-12-30 20:44:14.081 - INFO: 28025405 : 100 - 00099                     	
19-12-30 20:44:56.413 - INFO: 28567641 :   1 - 00000                     	
19-12-30 20:45:30.959 - INFO: 28567641 :   2 - 00001                     	
19-12-30 20:46:05.516 - INFO: 28567641 :   3 - 00002                     	
19-12-30 20:46:40.056 - INFO: 28567641 :   4 - 00003                     	
19-12-30 20:47:14.600 - INFO: 28567641 :   5 - 00004                     	
19-12-30 20:47:49.182 - INFO: 28567641 :   6 - 00005                     	
19-12-30 20:48:23.736 - INFO: 28567641 :   7 - 00006                     	
19-12-30 20:48:58.279 - INFO: 28567641 :   8 - 00007                     	
19-12-30 20:49:32.870 - INFO: 28567641 :   9 - 00008                     	
19-12-30 20:50:07.429 - INFO: 28567641 :  10 - 00009                     	
19-12-30 20:50:41.965 - INFO: 28567641 :  11 - 00010                     	
19-12-30 20:51:16.541 - INFO: 28567641 :  12 - 00011                     	
19-12-30 20:51:51.214 - INFO: 28567641 :  13 - 00012                     	
19-12-30 20:52:26.028 - INFO: 28567641 :  14 - 00013                     	
19-12-30 20:53:00.580 - INFO: 28567641 :  15 - 00014                     	
19-12-30 20:53:35.152 - INFO: 28567641 :  16 - 00015                     	
19-12-30 20:54:09.712 - INFO: 28567641 :  17 - 00016                     	
19-12-30 20:54:44.286 - INFO: 28567641 :  18 - 00017                     	
19-12-30 20:55:18.825 - INFO: 28567641 :  19 - 00018                     	
19-12-30 20:55:53.373 - INFO: 28567641 :  20 - 00019                     	
19-12-30 20:56:27.934 - INFO: 28567641 :  21 - 00020                     	
19-12-30 20:57:02.574 - INFO: 28567641 :  22 - 00021                     	
19-12-30 20:57:37.128 - INFO: 28567641 :  23 - 00022                     	
19-12-30 20:58:11.697 - INFO: 28567641 :  24 - 00023                     	
19-12-30 20:58:46.244 - INFO: 28567641 :  25 - 00024                     	
19-12-30 20:59:20.992 - INFO: 28567641 :  26 - 00025                     	
19-12-30 20:59:55.806 - INFO: 28567641 :  27 - 00026                     	
19-12-30 21:00:30.358 - INFO: 28567641 :  28 - 00027                     	
19-12-30 21:01:05.051 - INFO: 28567641 :  29 - 00028                     	
19-12-30 21:01:39.612 - INFO: 28567641 :  30 - 00029                     	
19-12-30 21:02:14.148 - INFO: 28567641 :  31 - 00030                     	
19-12-30 21:02:48.727 - INFO: 28567641 :  32 - 00031                     	
19-12-30 21:03:23.289 - INFO: 28567641 :  33 - 00032                     	
19-12-30 21:03:57.835 - INFO: 28567641 :  34 - 00033                     	
19-12-30 21:04:32.406 - INFO: 28567641 :  35 - 00034                     	
19-12-30 21:05:06.971 - INFO: 28567641 :  36 - 00035                     	
19-12-30 21:05:41.511 - INFO: 28567641 :  37 - 00036                     	
19-12-30 21:06:16.076 - INFO: 28567641 :  38 - 00037                     	
19-12-30 21:06:50.625 - INFO: 28567641 :  39 - 00038                     	
19-12-30 21:07:25.186 - INFO: 28567641 :  40 - 00039                     	
19-12-30 21:07:59.745 - INFO: 28567641 :  41 - 00040                     	
19-12-30 21:08:34.307 - INFO: 28567641 :  42 - 00041                     	
19-12-30 21:09:08.869 - INFO: 28567641 :  43 - 00042                     	
19-12-30 21:09:43.417 - INFO: 28567641 :  44 - 00043                     	
19-12-30 21:10:17.979 - INFO: 28567641 :  45 - 00044                     	
19-12-30 21:10:52.541 - INFO: 28567641 :  46 - 00045                     	
19-12-30 21:11:27.086 - INFO: 28567641 :  47 - 00046                     	
19-12-30 21:12:01.658 - INFO: 28567641 :  48 - 00047                     	
19-12-30 21:12:36.203 - INFO: 28567641 :  49 - 00048                     	
19-12-30 21:13:10.751 - INFO: 28567641 :  50 - 00049                     	
19-12-30 21:13:45.324 - INFO: 28567641 :  51 - 00050                     	
19-12-30 21:14:20.590 - INFO: 28567641 :  52 - 00051                     	
19-12-30 21:14:55.150 - INFO: 28567641 :  53 - 00052                     	
19-12-30 21:15:29.741 - INFO: 28567641 :  54 - 00053                     	
19-12-30 21:16:04.301 - INFO: 28567641 :  55 - 00054                     	
19-12-30 21:16:38.855 - INFO: 28567641 :  56 - 00055                     	
19-12-30 21:17:13.494 - INFO: 28567641 :  57 - 00056                     	
19-12-30 21:17:48.310 - INFO: 28567641 :  58 - 00057                     	
19-12-30 21:18:22.871 - INFO: 28567641 :  59 - 00058                     	
19-12-30 21:18:57.437 - INFO: 28567641 :  60 - 00059                     	
19-12-30 21:19:32.937 - INFO: 28567641 :  61 - 00060                     	
19-12-30 21:20:07.494 - INFO: 28567641 :  62 - 00061                     	
19-12-30 21:20:42.062 - INFO: 28567641 :  63 - 00062                     	
19-12-30 21:21:16.683 - INFO: 28567641 :  64 - 00063                     	
19-12-30 21:21:51.224 - INFO: 28567641 :  65 - 00064                     	
19-12-30 21:22:25.798 - INFO: 28567641 :  66 - 00065                     	
19-12-30 21:23:00.357 - INFO: 28567641 :  67 - 00066                     	
19-12-30 21:23:34.913 - INFO: 28567641 :  68 - 00067                     	
19-12-30 21:24:09.471 - INFO: 28567641 :  69 - 00068                     	
19-12-30 21:24:44.037 - INFO: 28567641 :  70 - 00069                     	
19-12-30 21:25:18.593 - INFO: 28567641 :  71 - 00070                     	
19-12-30 21:25:53.184 - INFO: 28567641 :  72 - 00071                     	
19-12-30 21:26:27.737 - INFO: 28567641 :  73 - 00072                     	
19-12-30 21:27:02.298 - INFO: 28567641 :  74 - 00073                     	
19-12-30 21:27:36.873 - INFO: 28567641 :  75 - 00074                     	
19-12-30 21:28:11.442 - INFO: 28567641 :  76 - 00075                     	
19-12-30 21:28:45.997 - INFO: 28567641 :  77 - 00076                     	
19-12-30 21:29:20.584 - INFO: 28567641 :  78 - 00077                     	
19-12-30 21:29:55.153 - INFO: 28567641 :  79 - 00078                     	
19-12-30 21:30:29.711 - INFO: 28567641 :  80 - 00079                     	
19-12-30 21:31:04.512 - INFO: 28567641 :  81 - 00080                     	
19-12-30 21:31:39.078 - INFO: 28567641 :  82 - 00081                     	
19-12-30 21:32:14.009 - INFO: 28567641 :  83 - 00082                     	
19-12-30 21:32:48.598 - INFO: 28567641 :  84 - 00083                     	
19-12-30 21:33:23.165 - INFO: 28567641 :  85 - 00084                     	
19-12-30 21:33:57.727 - INFO: 28567641 :  86 - 00085                     	
19-12-30 21:34:32.312 - INFO: 28567641 :  87 - 00086                     	
19-12-30 21:35:06.903 - INFO: 28567641 :  88 - 00087                     	
19-12-30 21:35:41.457 - INFO: 28567641 :  89 - 00088                     	
19-12-30 21:36:16.032 - INFO: 28567641 :  90 - 00089                     	
19-12-30 21:36:50.607 - INFO: 28567641 :  91 - 00090                     	
19-12-30 21:37:25.188 - INFO: 28567641 :  92 - 00091                     	
19-12-30 21:37:59.760 - INFO: 28567641 :  93 - 00092                     	
19-12-30 21:38:34.334 - INFO: 28567641 :  94 - 00093                     	
19-12-30 21:39:08.879 - INFO: 28567641 :  95 - 00094                     	
19-12-30 21:39:43.455 - INFO: 28567641 :  96 - 00095                     	
19-12-30 21:40:18.038 - INFO: 28567641 :  97 - 00096                     	
19-12-30 21:40:52.601 - INFO: 28567641 :  98 - 00097                     	
19-12-30 21:41:27.171 - INFO: 28567641 :  99 - 00098                     	
19-12-30 21:42:01.752 - INFO: 28567641 : 100 - 00099                     	
19-12-30 21:42:45.210 - INFO: 28639958 :   1 - 00000                     	
19-12-30 21:43:19.790 - INFO: 28639958 :   2 - 00001                     	
19-12-30 21:43:54.344 - INFO: 28639958 :   3 - 00002                     	
19-12-30 21:44:28.926 - INFO: 28639958 :   4 - 00003                     	
19-12-30 21:45:03.500 - INFO: 28639958 :   5 - 00004                     	
19-12-30 21:45:38.051 - INFO: 28639958 :   6 - 00005                     	
19-12-30 21:46:12.644 - INFO: 28639958 :   7 - 00006                     	
19-12-30 21:46:47.220 - INFO: 28639958 :   8 - 00007                     	
19-12-30 21:47:21.760 - INFO: 28639958 :   9 - 00008                     	
19-12-30 21:47:56.358 - INFO: 28639958 :  10 - 00009                     	
19-12-30 21:48:30.916 - INFO: 28639958 :  11 - 00010                     	
19-12-30 21:49:05.486 - INFO: 28639958 :  12 - 00011                     	
19-12-30 21:49:40.067 - INFO: 28639958 :  13 - 00012                     	
19-12-30 21:50:14.634 - INFO: 28639958 :  14 - 00013                     	
19-12-30 21:50:49.229 - INFO: 28639958 :  15 - 00014                     	
19-12-30 21:51:24.031 - INFO: 28639958 :  16 - 00015                     	
19-12-30 21:51:58.592 - INFO: 28639958 :  17 - 00016                     	
19-12-30 21:52:33.161 - INFO: 28639958 :  18 - 00017                     	
19-12-30 21:53:07.742 - INFO: 28639958 :  19 - 00018                     	
19-12-30 21:53:42.308 - INFO: 28639958 :  20 - 00019                     	
19-12-30 21:54:17.408 - INFO: 28639958 :  21 - 00020                     	
19-12-30 21:54:51.942 - INFO: 28639958 :  22 - 00021                     	
19-12-30 21:55:26.463 - INFO: 28639958 :  23 - 00022                     	
19-12-30 21:56:01.004 - INFO: 28639958 :  24 - 00023                     	
19-12-30 21:56:35.560 - INFO: 28639958 :  25 - 00024                     	
19-12-30 21:57:10.080 - INFO: 28639958 :  26 - 00025                     	
19-12-30 21:57:44.627 - INFO: 28639958 :  27 - 00026                     	
19-12-30 21:58:19.169 - INFO: 28639958 :  28 - 00027                     	
19-12-30 21:58:53.771 - INFO: 28639958 :  29 - 00028                     	
19-12-30 21:59:28.330 - INFO: 28639958 :  30 - 00029                     	
19-12-30 22:00:02.872 - INFO: 28639958 :  31 - 00030                     	
19-12-30 22:00:37.400 - INFO: 28639958 :  32 - 00031                     	
19-12-30 22:01:11.950 - INFO: 28639958 :  33 - 00032                     	
19-12-30 22:01:46.481 - INFO: 28639958 :  34 - 00033                     	
19-12-30 22:02:21.023 - INFO: 28639958 :  35 - 00034                     	
19-12-30 22:02:55.575 - INFO: 28639958 :  36 - 00035                     	
19-12-30 22:03:30.092 - INFO: 28639958 :  37 - 00036                     	
19-12-30 22:04:04.644 - INFO: 28639958 :  38 - 00037                     	
19-12-30 22:04:39.179 - INFO: 28639958 :  39 - 00038                     	
19-12-30 22:05:13.718 - INFO: 28639958 :  40 - 00039                     	
19-12-30 22:05:48.294 - INFO: 28639958 :  41 - 00040                     	
19-12-30 22:06:22.857 - INFO: 28639958 :  42 - 00041                     	
19-12-30 22:06:57.392 - INFO: 28639958 :  43 - 00042                     	
19-12-30 22:07:31.936 - INFO: 28639958 :  44 - 00043                     	
19-12-30 22:08:06.447 - INFO: 28639958 :  45 - 00044                     	
19-12-30 22:08:40.984 - INFO: 28639958 :  46 - 00045                     	
19-12-30 22:09:15.519 - INFO: 28639958 :  47 - 00046                     	
19-12-30 22:09:50.024 - INFO: 28639958 :  48 - 00047                     	
19-12-30 22:10:24.568 - INFO: 28639958 :  49 - 00048                     	
19-12-30 22:10:59.108 - INFO: 28639958 :  50 - 00049                     	
19-12-30 22:11:33.620 - INFO: 28639958 :  51 - 00050                     	
19-12-30 22:12:08.160 - INFO: 28639958 :  52 - 00051                     	
19-12-30 22:12:42.687 - INFO: 28639958 :  53 - 00052                     	
19-12-30 22:13:17.217 - INFO: 28639958 :  54 - 00053                     	
19-12-30 22:13:51.781 - INFO: 28639958 :  55 - 00054                     	
19-12-30 22:14:26.330 - INFO: 28639958 :  56 - 00055                     	
19-12-30 22:15:00.853 - INFO: 28639958 :  57 - 00056                     	
19-12-30 22:15:35.400 - INFO: 28639958 :  58 - 00057                     	
19-12-30 22:16:09.926 - INFO: 28639958 :  59 - 00058                     	
19-12-30 22:16:44.471 - INFO: 28639958 :  60 - 00059                     	
19-12-30 22:17:19.022 - INFO: 28639958 :  61 - 00060                     	
19-12-30 22:17:53.566 - INFO: 28639958 :  62 - 00061                     	
19-12-30 22:18:28.108 - INFO: 28639958 :  63 - 00062                     	
19-12-30 22:19:02.652 - INFO: 28639958 :  64 - 00063                     	
19-12-30 22:19:37.184 - INFO: 28639958 :  65 - 00064                     	
19-12-30 22:20:11.696 - INFO: 28639958 :  66 - 00065                     	
19-12-30 22:20:46.243 - INFO: 28639958 :  67 - 00066                     	
19-12-30 22:21:20.781 - INFO: 28639958 :  68 - 00067                     	
19-12-30 22:21:55.302 - INFO: 28639958 :  69 - 00068                     	
19-12-30 22:22:29.887 - INFO: 28639958 :  70 - 00069                     	
19-12-30 22:23:04.432 - INFO: 28639958 :  71 - 00070                     	
19-12-30 22:23:38.960 - INFO: 28639958 :  72 - 00071                     	
19-12-30 22:24:13.517 - INFO: 28639958 :  73 - 00072                     	
19-12-30 22:24:48.081 - INFO: 28639958 :  74 - 00073                     	
19-12-30 22:25:22.612 - INFO: 28639958 :  75 - 00074                     	
19-12-30 22:25:57.198 - INFO: 28639958 :  76 - 00075                     	
19-12-30 22:26:31.759 - INFO: 28639958 :  77 - 00076                     	
19-12-30 22:27:06.302 - INFO: 28639958 :  78 - 00077                     	
19-12-30 22:27:40.879 - INFO: 28639958 :  79 - 00078                     	
19-12-30 22:28:15.426 - INFO: 28639958 :  80 - 00079                     	
19-12-30 22:28:49.976 - INFO: 28639958 :  81 - 00080                     	
19-12-30 22:29:24.562 - INFO: 28639958 :  82 - 00081                     	
19-12-30 22:29:59.117 - INFO: 28639958 :  83 - 00082                     	
19-12-30 22:30:33.644 - INFO: 28639958 :  84 - 00083                     	
19-12-30 22:31:08.201 - INFO: 28639958 :  85 - 00084                     	
19-12-30 22:31:42.762 - INFO: 28639958 :  86 - 00085                     	
19-12-30 22:32:17.303 - INFO: 28639958 :  87 - 00086                     	
19-12-30 22:32:51.879 - INFO: 28639958 :  88 - 00087                     	
19-12-30 22:33:26.434 - INFO: 28639958 :  89 - 00088                     	
19-12-30 22:34:00.965 - INFO: 28639958 :  90 - 00089                     	
19-12-30 22:34:35.526 - INFO: 28639958 :  91 - 00090                     	
19-12-30 22:35:10.083 - INFO: 28639958 :  92 - 00091                     	
19-12-30 22:35:44.702 - INFO: 28639958 :  93 - 00092                     	
19-12-30 22:36:19.273 - INFO: 28639958 :  94 - 00093                     	
19-12-30 22:36:53.831 - INFO: 28639958 :  95 - 00094                     	
19-12-30 22:37:28.368 - INFO: 28639958 :  96 - 00095                     	
19-12-30 22:38:02.930 - INFO: 28639958 :  97 - 00096                     	
19-12-30 22:38:37.490 - INFO: 28639958 :  98 - 00097                     	
19-12-30 22:39:12.018 - INFO: 28639958 :  99 - 00098                     	
19-12-30 22:39:46.635 - INFO: 28639958 : 100 - 00099                     	
19-12-30 22:40:43.163 - INFO: 29069089 :   1 - 00000                     	
19-12-30 22:41:17.644 - INFO: 29069089 :   2 - 00001                     	
19-12-30 22:41:52.166 - INFO: 29069089 :   3 - 00002                     	
19-12-30 22:42:26.669 - INFO: 29069089 :   4 - 00003                     	
19-12-30 22:43:01.159 - INFO: 29069089 :   5 - 00004                     	
19-12-30 22:43:35.681 - INFO: 29069089 :   6 - 00005                     	
19-12-30 22:44:10.183 - INFO: 29069089 :   7 - 00006                     	
19-12-30 22:44:44.659 - INFO: 29069089 :   8 - 00007                     	
19-12-30 22:45:19.192 - INFO: 29069089 :   9 - 00008                     	
19-12-30 22:45:53.708 - INFO: 29069089 :  10 - 00009                     	
19-12-30 22:46:28.181 - INFO: 29069089 :  11 - 00010                     	
19-12-30 22:47:02.718 - INFO: 29069089 :  12 - 00011                     	
19-12-30 22:47:37.844 - INFO: 29069089 :  13 - 00012                     	
19-12-30 22:48:12.336 - INFO: 29069089 :  14 - 00013                     	
19-12-30 22:48:46.854 - INFO: 29069089 :  15 - 00014                     	
19-12-30 22:49:21.420 - INFO: 29069089 :  16 - 00015                     	
19-12-30 22:49:55.878 - INFO: 29069089 :  17 - 00016                     	
19-12-30 22:50:30.399 - INFO: 29069089 :  18 - 00017                     	
19-12-30 22:51:04.875 - INFO: 29069089 :  19 - 00018                     	
19-12-30 22:51:39.386 - INFO: 29069089 :  20 - 00019                     	
19-12-30 22:52:13.916 - INFO: 29069089 :  21 - 00020                     	
19-12-30 22:52:48.416 - INFO: 29069089 :  22 - 00021                     	
19-12-30 22:53:23.365 - INFO: 29069089 :  23 - 00022                     	
19-12-30 22:53:57.902 - INFO: 29069089 :  24 - 00023                     	
19-12-30 22:54:32.400 - INFO: 29069089 :  25 - 00024                     	
19-12-30 22:55:18.654 - INFO: 29069089 :  26 - 00025                     	
19-12-30 22:55:53.222 - INFO: 29069089 :  27 - 00026                     	
19-12-30 22:56:27.743 - INFO: 29069089 :  28 - 00027                     	
19-12-30 22:57:02.267 - INFO: 29069089 :  29 - 00028                     	
19-12-30 22:57:36.810 - INFO: 29069089 :  30 - 00029                     	
19-12-30 22:58:11.312 - INFO: 29069089 :  31 - 00030                     	
19-12-30 22:58:45.832 - INFO: 29069089 :  32 - 00031                     	
19-12-30 22:59:20.359 - INFO: 29069089 :  33 - 00032                     	
19-12-30 22:59:54.860 - INFO: 29069089 :  34 - 00033                     	
19-12-30 23:00:29.392 - INFO: 29069089 :  35 - 00034                     	
19-12-30 23:01:03.895 - INFO: 29069089 :  36 - 00035                     	
19-12-30 23:01:38.415 - INFO: 29069089 :  37 - 00036                     	
19-12-30 23:02:12.958 - INFO: 29069089 :  38 - 00037                     	
19-12-30 23:02:47.451 - INFO: 29069089 :  39 - 00038                     	
19-12-30 23:03:22.001 - INFO: 29069089 :  40 - 00039                     	
19-12-30 23:03:56.536 - INFO: 29069089 :  41 - 00040                     	
19-12-30 23:04:31.054 - INFO: 29069089 :  42 - 00041                     	
19-12-30 23:05:05.599 - INFO: 29069089 :  43 - 00042                     	
19-12-30 23:05:40.991 - INFO: 29069089 :  44 - 00043                     	
19-12-30 23:06:15.482 - INFO: 29069089 :  45 - 00044                     	
19-12-30 23:06:50.030 - INFO: 29069089 :  46 - 00045                     	
19-12-30 23:07:24.562 - INFO: 29069089 :  47 - 00046                     	
19-12-30 23:07:59.054 - INFO: 29069089 :  48 - 00047                     	
19-12-30 23:08:33.588 - INFO: 29069089 :  49 - 00048                     	
19-12-30 23:09:08.089 - INFO: 29069089 :  50 - 00049                     	
19-12-30 23:09:42.624 - INFO: 29069089 :  51 - 00050                     	
19-12-30 23:10:17.153 - INFO: 29069089 :  52 - 00051                     	
19-12-30 23:10:51.644 - INFO: 29069089 :  53 - 00052                     	
19-12-30 23:11:26.174 - INFO: 29069089 :  54 - 00053                     	
19-12-30 23:12:00.677 - INFO: 29069089 :  55 - 00054                     	
19-12-30 23:12:35.195 - INFO: 29069089 :  56 - 00055                     	
19-12-30 23:13:09.721 - INFO: 29069089 :  57 - 00056                     	
19-12-30 23:13:44.234 - INFO: 29069089 :  58 - 00057                     	
19-12-30 23:14:18.738 - INFO: 29069089 :  59 - 00058                     	
19-12-30 23:14:53.274 - INFO: 29069089 :  60 - 00059                     	
19-12-30 23:15:27.783 - INFO: 29069089 :  61 - 00060                     	
19-12-30 23:16:02.345 - INFO: 29069089 :  62 - 00061                     	
19-12-30 23:16:36.862 - INFO: 29069089 :  63 - 00062                     	
19-12-30 23:17:11.359 - INFO: 29069089 :  64 - 00063                     	
19-12-30 23:17:45.861 - INFO: 29069089 :  65 - 00064                     	
19-12-30 23:18:20.375 - INFO: 29069089 :  66 - 00065                     	
19-12-30 23:18:54.849 - INFO: 29069089 :  67 - 00066                     	
19-12-30 23:19:29.371 - INFO: 29069089 :  68 - 00067                     	
19-12-30 23:20:03.889 - INFO: 29069089 :  69 - 00068                     	
19-12-30 23:20:38.379 - INFO: 29069089 :  70 - 00069                     	
19-12-30 23:21:12.901 - INFO: 29069089 :  71 - 00070                     	
19-12-30 23:21:47.420 - INFO: 29069089 :  72 - 00071                     	
19-12-30 23:22:21.894 - INFO: 29069089 :  73 - 00072                     	
19-12-30 23:22:56.425 - INFO: 29069089 :  74 - 00073                     	
19-12-30 23:23:30.907 - INFO: 29069089 :  75 - 00074                     	
19-12-30 23:24:05.548 - INFO: 29069089 :  76 - 00075                     	
19-12-30 23:24:40.061 - INFO: 29069089 :  77 - 00076                     	
19-12-30 23:25:14.547 - INFO: 29069089 :  78 - 00077                     	
19-12-30 23:25:49.094 - INFO: 29069089 :  79 - 00078                     	
19-12-30 23:26:23.607 - INFO: 29069089 :  80 - 00079                     	
19-12-30 23:26:58.086 - INFO: 29069089 :  81 - 00080                     	
19-12-30 23:27:32.633 - INFO: 29069089 :  82 - 00081                     	
19-12-30 23:28:07.162 - INFO: 29069089 :  83 - 00082                     	
19-12-30 23:28:41.672 - INFO: 29069089 :  84 - 00083                     	
19-12-30 23:29:16.192 - INFO: 29069089 :  85 - 00084                     	
19-12-30 23:29:50.708 - INFO: 29069089 :  86 - 00085                     	
19-12-30 23:30:25.185 - INFO: 29069089 :  87 - 00086                     	
19-12-30 23:30:59.716 - INFO: 29069089 :  88 - 00087                     	
19-12-30 23:31:34.199 - INFO: 29069089 :  89 - 00088                     	
19-12-30 23:32:08.796 - INFO: 29069089 :  90 - 00089                     	
19-12-30 23:32:43.319 - INFO: 29069089 :  91 - 00090                     	
19-12-30 23:33:17.820 - INFO: 29069089 :  92 - 00091                     	
19-12-30 23:33:52.348 - INFO: 29069089 :  93 - 00092                     	
19-12-30 23:34:26.862 - INFO: 29069089 :  94 - 00093                     	
19-12-30 23:35:02.733 - INFO: 29069089 :  95 - 00094                     	
19-12-30 23:35:37.251 - INFO: 29069089 :  96 - 00095                     	
19-12-30 23:36:11.760 - INFO: 29069089 :  97 - 00096                     	
19-12-30 23:36:46.247 - INFO: 29069089 :  98 - 00097                     	
19-12-30 23:37:20.775 - INFO: 29069089 :  99 - 00098                     	
19-12-30 23:37:55.296 - INFO: 29069089 : 100 - 00099                     	
19-12-30 23:37:55.296 - INFO: Data: sharp_bicubic - /lustre/home/acct-eezy/eezy/4khdr/data/Dataset/test_540p
19-12-30 23:37:55.296 - INFO: Padding mode: new_info
19-12-30 23:37:55.297 - INFO: Model path: /lustre/home/acct-eezy/eezy/4khdr/codes/experiments/train_EDVR_L_Preload_30000_nobug_ssim_10_LR_1e_5_suzhou_remove_baddata/models/latest_G.pth
19-12-30 23:37:55.318 - INFO: Save images: True
19-12-30 23:37:55.318 - INFO: Flip test: False
