cudnn(28):ERROR:105: Unable to locate a modulefile for 'cudnn/7.0.4'
19-12-30 18:48:31.154 - INFO: Data: sharp_bicubic - /lustre/home/acct-eezy/eezy/4khdr/data/Dataset/test_540p
19-12-30 18:48:31.155 - INFO: Padding mode: new_info
19-12-30 18:48:31.155 - INFO: Model path: /lustre/home/acct-eezy/eezy/4khdr/codes/experiments/train_EDVR_L_Preload_30000_nobug_ssim_10_LR_1e_5_suzhou_remove_baddata/models/latest_G.pth
19-12-30 18:48:31.155 - INFO: Save images: True
19-12-30 18:48:31.156 - INFO: Flip test: False
19-12-30 18:49:18.312 - INFO: 31566126 :   1 - 00000                     	
19-12-30 18:49:53.412 - INFO: 31566126 :   2 - 00001                     	
19-12-30 18:50:28.515 - INFO: 31566126 :   3 - 00002                     	
19-12-30 18:51:03.595 - INFO: 31566126 :   4 - 00003                     	
19-12-30 18:51:38.725 - INFO: 31566126 :   5 - 00004                     	
19-12-30 18:52:13.830 - INFO: 31566126 :   6 - 00005                     	
19-12-30 18:52:48.952 - INFO: 31566126 :   7 - 00006                     	
19-12-30 18:53:24.088 - INFO: 31566126 :   8 - 00007                     	
19-12-30 18:53:59.249 - INFO: 31566126 :   9 - 00008                     	
19-12-30 18:54:34.419 - INFO: 31566126 :  10 - 00009                     	
19-12-30 18:55:09.587 - INFO: 31566126 :  11 - 00010                     	
19-12-30 18:55:44.756 - INFO: 31566126 :  12 - 00011                     	
19-12-30 18:56:19.900 - INFO: 31566126 :  13 - 00012                     	
19-12-30 18:56:55.041 - INFO: 31566126 :  14 - 00013                     	
19-12-30 18:57:30.216 - INFO: 31566126 :  15 - 00014                     	
19-12-30 18:58:05.378 - INFO: 31566126 :  16 - 00015                     	
19-12-30 18:58:40.542 - INFO: 31566126 :  17 - 00016                     	
19-12-30 18:59:15.767 - INFO: 31566126 :  18 - 00017                     	
19-12-30 18:59:50.946 - INFO: 31566126 :  19 - 00018                     	
19-12-30 19:00:26.083 - INFO: 31566126 :  20 - 00019                     	
19-12-30 19:01:01.228 - INFO: 31566126 :  21 - 00020                     	
19-12-30 19:01:36.421 - INFO: 31566126 :  22 - 00021                     	
19-12-30 19:02:11.569 - INFO: 31566126 :  23 - 00022                     	
19-12-30 19:02:46.717 - INFO: 31566126 :  24 - 00023                     	
19-12-30 19:03:21.871 - INFO: 31566126 :  25 - 00024                     	
19-12-30 19:03:57.027 - INFO: 31566126 :  26 - 00025                     	
19-12-30 19:04:32.200 - INFO: 31566126 :  27 - 00026                     	
19-12-30 19:05:07.371 - INFO: 31566126 :  28 - 00027                     	
19-12-30 19:05:42.534 - INFO: 31566126 :  29 - 00028                     	
19-12-30 19:06:17.717 - INFO: 31566126 :  30 - 00029                     	
19-12-30 19:06:52.857 - INFO: 31566126 :  31 - 00030                     	
19-12-30 19:07:28.004 - INFO: 31566126 :  32 - 00031                     	
19-12-30 19:08:03.165 - INFO: 31566126 :  33 - 00032                     	
19-12-30 19:08:38.340 - INFO: 31566126 :  34 - 00033                     	
19-12-30 19:09:13.535 - INFO: 31566126 :  35 - 00034                     	
19-12-30 19:09:48.771 - INFO: 31566126 :  36 - 00035                     	
19-12-30 19:10:23.921 - INFO: 31566126 :  37 - 00036                     	
19-12-30 19:10:59.098 - INFO: 31566126 :  38 - 00037                     	
19-12-30 19:11:34.248 - INFO: 31566126 :  39 - 00038                     	
19-12-30 19:12:09.375 - INFO: 31566126 :  40 - 00039                     	
19-12-30 19:12:44.489 - INFO: 31566126 :  41 - 00040                     	
19-12-30 19:13:19.576 - INFO: 31566126 :  42 - 00041                     	
19-12-30 19:13:54.637 - INFO: 31566126 :  43 - 00042                     	
19-12-30 19:14:29.704 - INFO: 31566126 :  44 - 00043                     	
19-12-30 19:15:04.723 - INFO: 31566126 :  45 - 00044                     	
19-12-30 19:15:39.735 - INFO: 31566126 :  46 - 00045                     	
19-12-30 19:16:14.738 - INFO: 31566126 :  47 - 00046                     	
19-12-30 19:16:49.704 - INFO: 31566126 :  48 - 00047                     	
19-12-30 19:17:24.669 - INFO: 31566126 :  49 - 00048                     	
19-12-30 19:17:59.629 - INFO: 31566126 :  50 - 00049                     	
19-12-30 19:18:34.568 - INFO: 31566126 :  51 - 00050                     	
19-12-30 19:19:09.481 - INFO: 31566126 :  52 - 00051                     	
19-12-30 19:19:44.382 - INFO: 31566126 :  53 - 00052                     	
19-12-30 19:20:19.302 - INFO: 31566126 :  54 - 00053                     	
19-12-30 19:20:54.170 - INFO: 31566126 :  55 - 00054                     	
19-12-30 19:21:29.030 - INFO: 31566126 :  56 - 00055                     	
19-12-30 19:22:03.886 - INFO: 31566126 :  57 - 00056                     	
19-12-30 19:22:38.741 - INFO: 31566126 :  58 - 00057                     	
19-12-30 19:23:13.567 - INFO: 31566126 :  59 - 00058                     	
19-12-30 19:23:48.383 - INFO: 31566126 :  60 - 00059                     	
19-12-30 19:24:23.191 - INFO: 31566126 :  61 - 00060                     	
19-12-30 19:24:58.019 - INFO: 31566126 :  62 - 00061                     	
19-12-30 19:25:32.829 - INFO: 31566126 :  63 - 00062                     	
19-12-30 19:26:07.620 - INFO: 31566126 :  64 - 00063                     	
19-12-30 19:26:42.410 - INFO: 31566126 :  65 - 00064                     	
19-12-30 19:27:17.212 - INFO: 31566126 :  66 - 00065                     	
19-12-30 19:27:51.950 - INFO: 31566126 :  67 - 00066                     	
19-12-30 19:28:26.693 - INFO: 31566126 :  68 - 00067                     	
19-12-30 19:29:01.430 - INFO: 31566126 :  69 - 00068                     	
19-12-30 19:29:36.163 - INFO: 31566126 :  70 - 00069                     	
19-12-30 19:30:10.888 - INFO: 31566126 :  71 - 00070                     	
19-12-30 19:30:45.624 - INFO: 31566126 :  72 - 00071                     	
19-12-30 19:31:20.353 - INFO: 31566126 :  73 - 00072                     	
19-12-30 19:31:55.071 - INFO: 31566126 :  74 - 00073                     	
19-12-30 19:32:29.776 - INFO: 31566126 :  75 - 00074                     	
19-12-30 19:33:04.479 - INFO: 31566126 :  76 - 00075                     	
19-12-30 19:33:39.183 - INFO: 31566126 :  77 - 00076                     	
19-12-30 19:34:13.915 - INFO: 31566126 :  78 - 00077                     	
19-12-30 19:34:48.615 - INFO: 31566126 :  79 - 00078                     	
19-12-30 19:35:23.314 - INFO: 31566126 :  80 - 00079                     	
19-12-30 19:35:57.998 - INFO: 31566126 :  81 - 00080                     	
19-12-30 19:36:32.703 - INFO: 31566126 :  82 - 00081                     	
19-12-30 19:37:07.379 - INFO: 31566126 :  83 - 00082                     	
19-12-30 19:37:42.059 - INFO: 31566126 :  84 - 00083                     	
19-12-30 19:38:16.736 - INFO: 31566126 :  85 - 00084                     	
19-12-30 19:38:51.409 - INFO: 31566126 :  86 - 00085                     	
19-12-30 19:39:26.080 - INFO: 31566126 :  87 - 00086                     	
19-12-30 19:40:00.759 - INFO: 31566126 :  88 - 00087                     	
19-12-30 19:40:35.411 - INFO: 31566126 :  89 - 00088                     	
19-12-30 19:41:10.073 - INFO: 31566126 :  90 - 00089                     	
19-12-30 19:41:44.738 - INFO: 31566126 :  91 - 00090                     	
19-12-30 19:42:19.413 - INFO: 31566126 :  92 - 00091                     	
19-12-30 19:42:54.087 - INFO: 31566126 :  93 - 00092                     	
19-12-30 19:43:28.746 - INFO: 31566126 :  94 - 00093                     	
19-12-30 19:44:03.418 - INFO: 31566126 :  95 - 00094                     	
19-12-30 19:44:38.091 - INFO: 31566126 :  96 - 00095                     	
19-12-30 19:45:12.741 - INFO: 31566126 :  97 - 00096                     	
19-12-30 19:45:47.396 - INFO: 31566126 :  98 - 00097                     	
19-12-30 19:46:22.049 - INFO: 31566126 :  99 - 00098                     	
19-12-30 19:46:57.014 - INFO: 31566126 : 100 - 00099                     	
19-12-30 19:47:38.842 - INFO: 32084868 :   1 - 00000                     	
19-12-30 19:48:13.534 - INFO: 32084868 :   2 - 00001                     	
19-12-30 19:48:48.232 - INFO: 32084868 :   3 - 00002                     	
19-12-30 19:49:22.921 - INFO: 32084868 :   4 - 00003                     	
19-12-30 19:49:57.596 - INFO: 32084868 :   5 - 00004                     	
19-12-30 19:50:32.261 - INFO: 32084868 :   6 - 00005                     	
19-12-30 19:51:06.940 - INFO: 32084868 :   7 - 00006                     	
19-12-30 19:51:41.608 - INFO: 32084868 :   8 - 00007                     	
19-12-30 19:52:16.274 - INFO: 32084868 :   9 - 00008                     	
19-12-30 19:52:50.949 - INFO: 32084868 :  10 - 00009                     	
19-12-30 19:53:25.627 - INFO: 32084868 :  11 - 00010                     	
19-12-30 19:54:00.747 - INFO: 32084868 :  12 - 00011                     	
19-12-30 19:54:35.424 - INFO: 32084868 :  13 - 00012                     	
19-12-30 19:55:10.102 - INFO: 32084868 :  14 - 00013                     	
19-12-30 19:55:44.775 - INFO: 32084868 :  15 - 00014                     	
19-12-30 19:56:19.453 - INFO: 32084868 :  16 - 00015                     	
19-12-30 19:56:54.138 - INFO: 32084868 :  17 - 00016                     	
19-12-30 19:57:28.818 - INFO: 32084868 :  18 - 00017                     	
19-12-30 19:58:03.506 - INFO: 32084868 :  19 - 00018                     	
19-12-30 19:58:38.202 - INFO: 32084868 :  20 - 00019                     	
19-12-30 19:59:12.890 - INFO: 32084868 :  21 - 00020                     	
19-12-30 19:59:47.591 - INFO: 32084868 :  22 - 00021                     	
19-12-30 20:00:22.307 - INFO: 32084868 :  23 - 00022                     	
19-12-30 20:00:57.025 - INFO: 32084868 :  24 - 00023                     	
19-12-30 20:01:31.749 - INFO: 32084868 :  25 - 00024                     	
19-12-30 20:02:06.474 - INFO: 32084868 :  26 - 00025                     	
19-12-30 20:02:41.208 - INFO: 32084868 :  27 - 00026                     	
19-12-30 20:03:15.935 - INFO: 32084868 :  28 - 00027                     	
19-12-30 20:03:50.672 - INFO: 32084868 :  29 - 00028                     	
19-12-30 20:04:25.420 - INFO: 32084868 :  30 - 00029                     	
19-12-30 20:05:00.193 - INFO: 32084868 :  31 - 00030                     	
19-12-30 20:05:34.964 - INFO: 32084868 :  32 - 00031                     	
19-12-30 20:06:09.736 - INFO: 32084868 :  33 - 00032                     	
19-12-30 20:06:44.520 - INFO: 32084868 :  34 - 00033                     	
19-12-30 20:07:19.311 - INFO: 32084868 :  35 - 00034                     	
19-12-30 20:07:54.106 - INFO: 32084868 :  36 - 00035                     	
19-12-30 20:08:28.908 - INFO: 32084868 :  37 - 00036                     	
19-12-30 20:09:03.723 - INFO: 32084868 :  38 - 00037                     	
19-12-30 20:09:38.538 - INFO: 32084868 :  39 - 00038                     	
19-12-30 20:10:13.400 - INFO: 32084868 :  40 - 00039                     	
19-12-30 20:10:48.256 - INFO: 32084868 :  41 - 00040                     	
19-12-30 20:11:23.130 - INFO: 32084868 :  42 - 00041                     	
19-12-30 20:11:58.005 - INFO: 32084868 :  43 - 00042                     	
19-12-30 20:12:32.907 - INFO: 32084868 :  44 - 00043                     	
19-12-30 20:13:07.822 - INFO: 32084868 :  45 - 00044                     	
19-12-30 20:13:42.760 - INFO: 32084868 :  46 - 00045                     	
19-12-30 20:14:17.706 - INFO: 32084868 :  47 - 00046                     	
19-12-30 20:14:52.670 - INFO: 32084868 :  48 - 00047                     	
19-12-30 20:15:27.645 - INFO: 32084868 :  49 - 00048                     	
19-12-30 20:16:02.643 - INFO: 32084868 :  50 - 00049                     	
19-12-30 20:16:37.672 - INFO: 32084868 :  51 - 00050                     	
19-12-30 20:17:12.708 - INFO: 32084868 :  52 - 00051                     	
19-12-30 20:17:47.785 - INFO: 32084868 :  53 - 00052                     	
19-12-30 20:18:22.866 - INFO: 32084868 :  54 - 00053                     	
19-12-30 20:18:57.967 - INFO: 32084868 :  55 - 00054                     	
19-12-30 20:19:33.103 - INFO: 32084868 :  56 - 00055                     	
19-12-30 20:20:08.657 - INFO: 32084868 :  57 - 00056                     	
19-12-30 20:20:43.837 - INFO: 32084868 :  58 - 00057                     	
19-12-30 20:21:19.030 - INFO: 32084868 :  59 - 00058                     	
19-12-30 20:21:54.348 - INFO: 32084868 :  60 - 00059                     	
19-12-30 20:22:29.535 - INFO: 32084868 :  61 - 00060                     	
19-12-30 20:23:04.713 - INFO: 32084868 :  62 - 00061                     	
19-12-30 20:23:39.908 - INFO: 32084868 :  63 - 00062                     	
19-12-30 20:24:15.099 - INFO: 32084868 :  64 - 00063                     	
19-12-30 20:24:50.289 - INFO: 32084868 :  65 - 00064                     	
19-12-30 20:25:25.458 - INFO: 32084868 :  66 - 00065                     	
19-12-30 20:26:00.615 - INFO: 32084868 :  67 - 00066                     	
19-12-30 20:26:35.794 - INFO: 32084868 :  68 - 00067                     	
19-12-30 20:27:10.998 - INFO: 32084868 :  69 - 00068                     	
19-12-30 20:27:46.194 - INFO: 32084868 :  70 - 00069                     	
19-12-30 20:28:21.368 - INFO: 32084868 :  71 - 00070                     	
19-12-30 20:28:56.555 - INFO: 32084868 :  72 - 00071                     	
19-12-30 20:29:31.714 - INFO: 32084868 :  73 - 00072                     	
19-12-30 20:30:06.894 - INFO: 32084868 :  74 - 00073                     	
19-12-30 20:30:42.085 - INFO: 32084868 :  75 - 00074                     	
19-12-30 20:31:17.281 - INFO: 32084868 :  76 - 00075                     	
19-12-30 20:31:52.455 - INFO: 32084868 :  77 - 00076                     	
19-12-30 20:32:27.648 - INFO: 32084868 :  78 - 00077                     	
19-12-30 20:33:02.806 - INFO: 32084868 :  79 - 00078                     	
19-12-30 20:33:38.013 - INFO: 32084868 :  80 - 00079                     	
19-12-30 20:34:13.204 - INFO: 32084868 :  81 - 00080                     	
19-12-30 20:34:48.440 - INFO: 32084868 :  82 - 00081                     	
19-12-30 20:35:23.674 - INFO: 32084868 :  83 - 00082                     	
19-12-30 20:35:58.881 - INFO: 32084868 :  84 - 00083                     	
19-12-30 20:36:34.087 - INFO: 32084868 :  85 - 00084                     	
19-12-30 20:37:09.279 - INFO: 32084868 :  86 - 00085                     	
19-12-30 20:37:44.424 - INFO: 32084868 :  87 - 00086                     	
19-12-30 20:38:19.559 - INFO: 32084868 :  88 - 00087                     	
19-12-30 20:38:54.652 - INFO: 32084868 :  89 - 00088                     	
19-12-30 20:39:29.737 - INFO: 32084868 :  90 - 00089                     	
19-12-30 20:40:04.782 - INFO: 32084868 :  91 - 00090                     	
19-12-30 20:40:39.833 - INFO: 32084868 :  92 - 00091                     	
19-12-30 20:41:14.860 - INFO: 32084868 :  93 - 00092                     	
19-12-30 20:41:49.898 - INFO: 32084868 :  94 - 00093                     	
19-12-30 20:42:24.898 - INFO: 32084868 :  95 - 00094                     	
19-12-30 20:42:59.886 - INFO: 32084868 :  96 - 00095                     	
19-12-30 20:43:34.854 - INFO: 32084868 :  97 - 00096                     	
19-12-30 20:44:09.843 - INFO: 32084868 :  98 - 00097                     	
19-12-30 20:44:45.085 - INFO: 32084868 :  99 - 00098                     	
19-12-30 20:45:20.353 - INFO: 32084868 : 100 - 00099                     	
19-12-30 20:46:05.766 - INFO: 32573156 :   1 - 00000                     	
19-12-30 20:46:40.404 - INFO: 32573156 :   2 - 00001                     	
19-12-30 20:47:15.052 - INFO: 32573156 :   3 - 00002                     	
19-12-30 20:47:49.700 - INFO: 32573156 :   4 - 00003                     	
19-12-30 20:48:24.357 - INFO: 32573156 :   5 - 00004                     	
19-12-30 20:48:59.111 - INFO: 32573156 :   6 - 00005                     	
19-12-30 20:49:33.803 - INFO: 32573156 :   7 - 00006                     	
19-12-30 20:50:08.487 - INFO: 32573156 :   8 - 00007                     	
19-12-30 20:50:43.170 - INFO: 32573156 :   9 - 00008                     	
19-12-30 20:51:17.887 - INFO: 32573156 :  10 - 00009                     	
19-12-30 20:51:53.013 - INFO: 32573156 :  11 - 00010                     	
19-12-30 20:52:27.928 - INFO: 32573156 :  12 - 00011                     	
19-12-30 20:53:02.678 - INFO: 32573156 :  13 - 00012                     	
19-12-30 20:53:38.320 - INFO: 32573156 :  14 - 00013                     	
19-12-30 20:54:13.108 - INFO: 32573156 :  15 - 00014                     	
19-12-30 20:54:47.911 - INFO: 32573156 :  16 - 00015                     	
19-12-30 20:55:22.759 - INFO: 32573156 :  17 - 00016                     	
19-12-30 20:55:57.597 - INFO: 32573156 :  18 - 00017                     	
19-12-30 20:56:32.450 - INFO: 32573156 :  19 - 00018                     	
19-12-30 20:57:07.329 - INFO: 32573156 :  20 - 00019                     	
19-12-30 20:57:42.226 - INFO: 32573156 :  21 - 00020                     	
19-12-30 20:58:17.142 - INFO: 32573156 :  22 - 00021                     	
19-12-30 20:58:52.051 - INFO: 32573156 :  23 - 00022                     	
19-12-30 20:59:27.500 - INFO: 32573156 :  24 - 00023                     	
19-12-30 21:00:02.850 - INFO: 32573156 :  25 - 00024                     	
19-12-30 21:00:37.879 - INFO: 32573156 :  26 - 00025                     	
19-12-30 21:01:13.345 - INFO: 32573156 :  27 - 00026                     	
19-12-30 21:01:48.446 - INFO: 32573156 :  28 - 00027                     	
19-12-30 21:02:23.560 - INFO: 32573156 :  29 - 00028                     	
19-12-30 21:02:58.698 - INFO: 32573156 :  30 - 00029                     	
19-12-30 21:03:33.904 - INFO: 32573156 :  31 - 00030                     	
19-12-30 21:04:09.104 - INFO: 32573156 :  32 - 00031                     	
19-12-30 21:04:44.275 - INFO: 32573156 :  33 - 00032                     	
19-12-30 21:05:19.469 - INFO: 32573156 :  34 - 00033                     	
19-12-30 21:05:54.668 - INFO: 32573156 :  35 - 00034                     	
19-12-30 21:06:29.871 - INFO: 32573156 :  36 - 00035                     	
19-12-30 21:07:05.083 - INFO: 32573156 :  37 - 00036                     	
19-12-30 21:07:40.285 - INFO: 32573156 :  38 - 00037                     	
19-12-30 21:08:15.460 - INFO: 32573156 :  39 - 00038                     	
19-12-30 21:08:50.665 - INFO: 32573156 :  40 - 00039                     	
19-12-30 21:09:25.858 - INFO: 32573156 :  41 - 00040                     	
19-12-30 21:10:01.073 - INFO: 32573156 :  42 - 00041                     	
19-12-30 21:10:36.279 - INFO: 32573156 :  43 - 00042                     	
19-12-30 21:11:11.484 - INFO: 32573156 :  44 - 00043                     	
19-12-30 21:11:46.705 - INFO: 32573156 :  45 - 00044                     	
19-12-30 21:12:21.919 - INFO: 32573156 :  46 - 00045                     	
19-12-30 21:12:57.106 - INFO: 32573156 :  47 - 00046                     	
19-12-30 21:13:32.297 - INFO: 32573156 :  48 - 00047                     	
19-12-30 21:14:07.385 - INFO: 32573156 :  49 - 00048                     	
19-12-30 21:14:42.613 - INFO: 32573156 :  50 - 00049                     	
19-12-30 21:15:17.821 - INFO: 32573156 :  51 - 00050                     	
19-12-30 21:15:53.010 - INFO: 32573156 :  52 - 00051                     	
19-12-30 21:16:28.207 - INFO: 32573156 :  53 - 00052                     	
19-12-30 21:17:03.390 - INFO: 32573156 :  54 - 00053                     	
19-12-30 21:17:38.734 - INFO: 32573156 :  55 - 00054                     	
19-12-30 21:18:13.884 - INFO: 32573156 :  56 - 00055                     	
19-12-30 21:18:49.020 - INFO: 32573156 :  57 - 00056                     	
19-12-30 21:19:24.463 - INFO: 32573156 :  58 - 00057                     	
19-12-30 21:19:59.547 - INFO: 32573156 :  59 - 00058                     	
19-12-30 21:20:34.606 - INFO: 32573156 :  60 - 00059                     	
19-12-30 21:21:09.648 - INFO: 32573156 :  61 - 00060                     	
19-12-30 21:21:44.651 - INFO: 32573156 :  62 - 00061                     	
19-12-30 21:22:19.632 - INFO: 32573156 :  63 - 00062                     	
19-12-30 21:22:54.622 - INFO: 32573156 :  64 - 00063                     	
19-12-30 21:23:29.586 - INFO: 32573156 :  65 - 00064                     	
19-12-30 21:24:04.507 - INFO: 32573156 :  66 - 00065                     	
19-12-30 21:24:39.419 - INFO: 32573156 :  67 - 00066                     	
19-12-30 21:25:14.307 - INFO: 32573156 :  68 - 00067                     	
19-12-30 21:25:49.165 - INFO: 32573156 :  69 - 00068                     	
19-12-30 21:26:23.990 - INFO: 32573156 :  70 - 00069                     	
19-12-30 21:26:58.820 - INFO: 32573156 :  71 - 00070                     	
19-12-30 21:27:33.631 - INFO: 32573156 :  72 - 00071                     	
19-12-30 21:28:08.459 - INFO: 32573156 :  73 - 00072                     	
19-12-30 21:28:43.241 - INFO: 32573156 :  74 - 00073                     	
19-12-30 21:29:18.054 - INFO: 32573156 :  75 - 00074                     	
19-12-30 21:29:52.835 - INFO: 32573156 :  76 - 00075                     	
19-12-30 21:30:28.108 - INFO: 32573156 :  77 - 00076                     	
19-12-30 21:31:02.846 - INFO: 32573156 :  78 - 00077                     	
19-12-30 21:31:37.582 - INFO: 32573156 :  79 - 00078                     	
19-12-30 21:32:12.284 - INFO: 32573156 :  80 - 00079                     	
19-12-30 21:32:47.023 - INFO: 32573156 :  81 - 00080                     	
19-12-30 21:33:21.744 - INFO: 32573156 :  82 - 00081                     	
19-12-30 21:33:56.444 - INFO: 32573156 :  83 - 00082                     	
19-12-30 21:34:31.140 - INFO: 32573156 :  84 - 00083                     	
19-12-30 21:35:05.836 - INFO: 32573156 :  85 - 00084                     	
19-12-30 21:35:40.534 - INFO: 32573156 :  86 - 00085                     	
19-12-30 21:36:15.234 - INFO: 32573156 :  87 - 00086                     	
19-12-30 21:36:49.900 - INFO: 32573156 :  88 - 00087                     	
19-12-30 21:37:24.586 - INFO: 32573156 :  89 - 00088                     	
19-12-30 21:37:59.254 - INFO: 32573156 :  90 - 00089                     	
19-12-30 21:38:33.907 - INFO: 32573156 :  91 - 00090                     	
19-12-30 21:39:08.554 - INFO: 32573156 :  92 - 00091                     	
19-12-30 21:39:43.198 - INFO: 32573156 :  93 - 00092                     	
19-12-30 21:40:17.853 - INFO: 32573156 :  94 - 00093                     	
19-12-30 21:40:52.513 - INFO: 32573156 :  95 - 00094                     	
19-12-30 21:41:27.166 - INFO: 32573156 :  96 - 00095                     	
19-12-30 21:42:01.808 - INFO: 32573156 :  97 - 00096                     	
19-12-30 21:42:36.911 - INFO: 32573156 :  98 - 00097                     	
19-12-30 21:43:11.985 - INFO: 32573156 :  99 - 00098                     	
19-12-30 21:43:47.016 - INFO: 32573156 : 100 - 00099                     	
19-12-30 21:44:30.564 - INFO: 32642019 :   1 - 00000                     	
19-12-30 21:45:05.287 - INFO: 32642019 :   2 - 00001                     	
19-12-30 21:45:40.000 - INFO: 32642019 :   3 - 00002                     	
19-12-30 21:46:14.720 - INFO: 32642019 :   4 - 00003                     	
19-12-30 21:46:49.460 - INFO: 32642019 :   5 - 00004                     	
19-12-30 21:47:24.195 - INFO: 32642019 :   6 - 00005                     	
19-12-30 21:47:58.967 - INFO: 32642019 :   7 - 00006                     	
19-12-30 21:48:33.721 - INFO: 32642019 :   8 - 00007                     	
19-12-30 21:49:08.490 - INFO: 32642019 :   9 - 00008                     	
19-12-30 21:49:43.273 - INFO: 32642019 :  10 - 00009                     	
19-12-30 21:50:18.057 - INFO: 32642019 :  11 - 00010                     	
19-12-30 21:50:52.847 - INFO: 32642019 :  12 - 00011                     	
19-12-30 21:51:27.645 - INFO: 32642019 :  13 - 00012                     	
19-12-30 21:52:02.452 - INFO: 32642019 :  14 - 00013                     	
19-12-30 21:52:37.286 - INFO: 32642019 :  15 - 00014                     	
19-12-30 21:53:12.138 - INFO: 32642019 :  16 - 00015                     	
19-12-30 21:53:56.567 - INFO: 32642019 :  17 - 00016                     	
19-12-30 21:54:31.710 - INFO: 32642019 :  18 - 00017                     	
19-12-30 21:55:06.866 - INFO: 32642019 :  19 - 00018                     	
19-12-30 21:55:42.010 - INFO: 32642019 :  20 - 00019                     	
19-12-30 21:56:17.181 - INFO: 32642019 :  21 - 00020                     	
19-12-30 21:56:52.359 - INFO: 32642019 :  22 - 00021                     	
19-12-30 21:57:27.545 - INFO: 32642019 :  23 - 00022                     	
19-12-30 21:58:02.688 - INFO: 32642019 :  24 - 00023                     	
19-12-30 21:58:37.845 - INFO: 32642019 :  25 - 00024                     	
19-12-30 21:59:12.992 - INFO: 32642019 :  26 - 00025                     	
19-12-30 21:59:48.142 - INFO: 32642019 :  27 - 00026                     	
19-12-30 22:00:23.282 - INFO: 32642019 :  28 - 00027                     	
19-12-30 22:00:58.400 - INFO: 32642019 :  29 - 00028                     	
19-12-30 22:01:33.522 - INFO: 32642019 :  30 - 00029                     	
19-12-30 22:02:08.641 - INFO: 32642019 :  31 - 00030                     	
19-12-30 22:02:43.788 - INFO: 32642019 :  32 - 00031                     	
19-12-30 22:03:18.927 - INFO: 32642019 :  33 - 00032                     	
19-12-30 22:03:54.048 - INFO: 32642019 :  34 - 00033                     	
19-12-30 22:04:29.145 - INFO: 32642019 :  35 - 00034                     	
19-12-30 22:05:04.252 - INFO: 32642019 :  36 - 00035                     	
19-12-30 22:05:39.439 - INFO: 32642019 :  37 - 00036                     	
19-12-30 22:06:14.577 - INFO: 32642019 :  38 - 00037                     	
19-12-30 22:06:49.669 - INFO: 32642019 :  39 - 00038                     	
19-12-30 22:07:24.707 - INFO: 32642019 :  40 - 00039                     	
19-12-30 22:07:59.717 - INFO: 32642019 :  41 - 00040                     	
19-12-30 22:08:34.690 - INFO: 32642019 :  42 - 00041                     	
19-12-30 22:09:09.661 - INFO: 32642019 :  43 - 00042                     	
19-12-30 22:09:44.600 - INFO: 32642019 :  44 - 00043                     	
19-12-30 22:10:19.504 - INFO: 32642019 :  45 - 00044                     	
19-12-30 22:10:54.410 - INFO: 32642019 :  46 - 00045                     	
19-12-30 22:11:29.300 - INFO: 32642019 :  47 - 00046                     	
19-12-30 22:12:04.153 - INFO: 32642019 :  48 - 00047                     	
19-12-30 22:12:38.975 - INFO: 32642019 :  49 - 00048                     	
19-12-30 22:13:13.794 - INFO: 32642019 :  50 - 00049                     	
19-12-30 22:13:48.597 - INFO: 32642019 :  51 - 00050                     	
19-12-30 22:14:23.401 - INFO: 32642019 :  52 - 00051                     	
19-12-30 22:14:58.180 - INFO: 32642019 :  53 - 00052                     	
19-12-30 22:15:32.938 - INFO: 32642019 :  54 - 00053                     	
19-12-30 22:16:07.696 - INFO: 32642019 :  55 - 00054                     	
19-12-30 22:16:42.432 - INFO: 32642019 :  56 - 00055                     	
19-12-30 22:17:17.162 - INFO: 32642019 :  57 - 00056                     	
19-12-30 22:17:51.871 - INFO: 32642019 :  58 - 00057                     	
19-12-30 22:18:26.597 - INFO: 32642019 :  59 - 00058                     	
19-12-30 22:19:01.294 - INFO: 32642019 :  60 - 00059                     	
19-12-30 22:19:35.980 - INFO: 32642019 :  61 - 00060                     	
19-12-30 22:20:10.652 - INFO: 32642019 :  62 - 00061                     	
19-12-30 22:20:45.326 - INFO: 32642019 :  63 - 00062                     	
19-12-30 22:21:20.000 - INFO: 32642019 :  64 - 00063                     	
19-12-30 22:21:54.675 - INFO: 32642019 :  65 - 00064                     	
19-12-30 22:22:29.338 - INFO: 32642019 :  66 - 00065                     	
19-12-30 22:23:03.985 - INFO: 32642019 :  67 - 00066                     	
19-12-30 22:23:38.634 - INFO: 32642019 :  68 - 00067                     	
19-12-30 22:24:13.272 - INFO: 32642019 :  69 - 00068                     	
19-12-30 22:24:47.942 - INFO: 32642019 :  70 - 00069                     	
19-12-30 22:25:22.576 - INFO: 32642019 :  71 - 00070                     	
19-12-30 22:25:57.215 - INFO: 32642019 :  72 - 00071                     	
19-12-30 22:26:31.850 - INFO: 32642019 :  73 - 00072                     	
19-12-30 22:27:06.476 - INFO: 32642019 :  74 - 00073                     	
19-12-30 22:27:41.109 - INFO: 32642019 :  75 - 00074                     	
19-12-30 22:28:15.740 - INFO: 32642019 :  76 - 00075                     	
19-12-30 22:28:50.380 - INFO: 32642019 :  77 - 00076                     	
19-12-30 22:29:25.037 - INFO: 32642019 :  78 - 00077                     	
19-12-30 22:29:59.692 - INFO: 32642019 :  79 - 00078                     	
19-12-30 22:30:34.339 - INFO: 32642019 :  80 - 00079                     	
19-12-30 22:31:08.993 - INFO: 32642019 :  81 - 00080                     	
19-12-30 22:31:43.649 - INFO: 32642019 :  82 - 00081                     	
19-12-30 22:32:18.313 - INFO: 32642019 :  83 - 00082                     	
19-12-30 22:32:52.981 - INFO: 32642019 :  84 - 00083                     	
19-12-30 22:33:27.652 - INFO: 32642019 :  85 - 00084                     	
19-12-30 22:34:02.326 - INFO: 32642019 :  86 - 00085                     	
19-12-30 22:34:37.018 - INFO: 32642019 :  87 - 00086                     	
19-12-30 22:35:11.723 - INFO: 32642019 :  88 - 00087                     	
19-12-30 22:35:46.430 - INFO: 32642019 :  89 - 00088                     	
19-12-30 22:36:21.159 - INFO: 32642019 :  90 - 00089                     	
19-12-30 22:36:55.887 - INFO: 32642019 :  91 - 00090                     	
19-12-30 22:37:30.622 - INFO: 32642019 :  92 - 00091                     	
19-12-30 22:38:05.368 - INFO: 32642019 :  93 - 00092                     	
19-12-30 22:38:40.109 - INFO: 32642019 :  94 - 00093                     	
19-12-30 22:39:14.861 - INFO: 32642019 :  95 - 00094                     	
19-12-30 22:39:49.474 - INFO: 32642019 :  96 - 00095                     	
19-12-30 22:40:24.631 - INFO: 32642019 :  97 - 00096                     	
19-12-30 22:40:59.801 - INFO: 32642019 :  98 - 00097                     	
19-12-30 22:41:34.954 - INFO: 32642019 :  99 - 00098                     	
19-12-30 22:42:10.144 - INFO: 32642019 : 100 - 00099                     	
19-12-30 22:43:01.672 - INFO: 32790319 :   1 - 00000                     	
19-12-30 22:43:36.358 - INFO: 32790319 :   2 - 00001                     	
19-12-30 22:44:11.067 - INFO: 32790319 :   3 - 00002                     	
19-12-30 22:44:45.773 - INFO: 32790319 :   4 - 00003                     	
19-12-30 22:45:20.493 - INFO: 32790319 :   5 - 00004                     	
19-12-30 22:45:55.223 - INFO: 32790319 :   6 - 00005                     	
19-12-30 22:46:29.979 - INFO: 32790319 :   7 - 00006                     	
19-12-30 22:47:04.749 - INFO: 32790319 :   8 - 00007                     	
19-12-30 22:47:39.488 - INFO: 32790319 :   9 - 00008                     	
19-12-30 22:48:14.280 - INFO: 32790319 :  10 - 00009                     	
19-12-30 22:48:49.049 - INFO: 32790319 :  11 - 00010                     	
19-12-30 22:49:23.832 - INFO: 32790319 :  12 - 00011                     	
19-12-30 22:49:58.625 - INFO: 32790319 :  13 - 00012                     	
19-12-30 22:50:33.433 - INFO: 32790319 :  14 - 00013                     	
19-12-30 22:51:08.240 - INFO: 32790319 :  15 - 00014                     	
19-12-30 22:51:43.116 - INFO: 32790319 :  16 - 00015                     	
19-12-30 22:52:17.963 - INFO: 32790319 :  17 - 00016                     	
19-12-30 22:52:52.843 - INFO: 32790319 :  18 - 00017                     	
19-12-30 22:53:27.720 - INFO: 32790319 :  19 - 00018                     	
19-12-30 22:54:02.636 - INFO: 32790319 :  20 - 00019                     	
19-12-30 22:54:37.566 - INFO: 32790319 :  21 - 00020                     	
19-12-30 22:55:24.844 - INFO: 32790319 :  22 - 00021                     	
19-12-30 22:55:59.880 - INFO: 32790319 :  23 - 00022                     	
19-12-30 22:56:34.910 - INFO: 32790319 :  24 - 00023                     	
19-12-30 22:57:09.987 - INFO: 32790319 :  25 - 00024                     	
19-12-30 22:57:45.086 - INFO: 32790319 :  26 - 00025                     	
19-12-30 22:58:20.217 - INFO: 32790319 :  27 - 00026                     	
19-12-30 22:58:55.391 - INFO: 32790319 :  28 - 00027                     	
19-12-30 22:59:30.598 - INFO: 32790319 :  29 - 00028                     	
19-12-30 23:00:05.846 - INFO: 32790319 :  30 - 00029                     	
19-12-30 23:00:41.167 - INFO: 32790319 :  31 - 00030                     	
19-12-30 23:01:16.385 - INFO: 32790319 :  32 - 00031                     	
19-12-30 23:01:51.590 - INFO: 32790319 :  33 - 00032                     	
19-12-30 23:02:26.833 - INFO: 32790319 :  34 - 00033                     	
19-12-30 23:03:02.044 - INFO: 32790319 :  35 - 00034                     	
19-12-30 23:03:37.257 - INFO: 32790319 :  36 - 00035                     	
19-12-30 23:04:12.460 - INFO: 32790319 :  37 - 00036                     	
19-12-30 23:04:47.663 - INFO: 32790319 :  38 - 00037                     	
19-12-30 23:05:22.888 - INFO: 32790319 :  39 - 00038                     	
19-12-30 23:05:58.105 - INFO: 32790319 :  40 - 00039                     	
19-12-30 23:06:33.307 - INFO: 32790319 :  41 - 00040                     	
19-12-30 23:07:08.520 - INFO: 32790319 :  42 - 00041                     	
19-12-30 23:07:43.733 - INFO: 32790319 :  43 - 00042                     	
19-12-30 23:08:18.952 - INFO: 32790319 :  44 - 00043                     	
19-12-30 23:08:54.164 - INFO: 32790319 :  45 - 00044                     	
19-12-30 23:09:29.368 - INFO: 32790319 :  46 - 00045                     	
19-12-30 23:10:04.540 - INFO: 32790319 :  47 - 00046                     	
19-12-30 23:10:39.755 - INFO: 32790319 :  48 - 00047                     	
19-12-30 23:11:14.931 - INFO: 32790319 :  49 - 00048                     	
19-12-30 23:11:50.162 - INFO: 32790319 :  50 - 00049                     	
19-12-30 23:12:25.357 - INFO: 32790319 :  51 - 00050                     	
19-12-30 23:13:00.531 - INFO: 32790319 :  52 - 00051                     	
19-12-30 23:13:35.652 - INFO: 32790319 :  53 - 00052                     	
19-12-30 23:14:10.759 - INFO: 32790319 :  54 - 00053                     	
19-12-30 23:14:45.838 - INFO: 32790319 :  55 - 00054                     	
19-12-30 23:15:20.890 - INFO: 32790319 :  56 - 00055                     	
19-12-30 23:15:59.438 - INFO: 32790319 :  57 - 00056                     	
19-12-30 23:16:34.232 - INFO: 32790319 :  58 - 00057                     	
19-12-30 23:17:09.027 - INFO: 32790319 :  59 - 00058                     	
19-12-30 23:17:43.799 - INFO: 32790319 :  60 - 00059                     	
19-12-30 23:18:18.538 - INFO: 32790319 :  61 - 00060                     	
19-12-30 23:18:53.299 - INFO: 32790319 :  62 - 00061                     	
19-12-30 23:19:28.043 - INFO: 32790319 :  63 - 00062                     	
19-12-30 23:20:02.766 - INFO: 32790319 :  64 - 00063                     	
19-12-30 23:20:39.631 - INFO: 32790319 :  65 - 00064                     	
19-12-30 23:21:14.368 - INFO: 32790319 :  66 - 00065                     	
19-12-30 23:21:49.099 - INFO: 32790319 :  67 - 00066                     	
19-12-30 23:22:23.843 - INFO: 32790319 :  68 - 00067                     	
19-12-30 23:22:58.593 - INFO: 32790319 :  69 - 00068                     	
19-12-30 23:23:33.375 - INFO: 32790319 :  70 - 00069                     	
19-12-30 23:24:08.152 - INFO: 32790319 :  71 - 00070                     	
19-12-30 23:24:42.949 - INFO: 32790319 :  72 - 00071                     	
19-12-30 23:25:17.769 - INFO: 32790319 :  73 - 00072                     	
19-12-30 23:25:52.580 - INFO: 32790319 :  74 - 00073                     	
19-12-30 23:26:27.424 - INFO: 32790319 :  75 - 00074                     	
19-12-30 23:27:02.293 - INFO: 32790319 :  76 - 00075                     	
19-12-30 23:27:37.182 - INFO: 32790319 :  77 - 00076                     	
19-12-30 23:28:12.082 - INFO: 32790319 :  78 - 00077                     	
19-12-30 23:28:47.014 - INFO: 32790319 :  79 - 00078                     	
19-12-30 23:29:21.960 - INFO: 32790319 :  80 - 00079                     	
19-12-30 23:29:56.930 - INFO: 32790319 :  81 - 00080                     	
19-12-30 23:30:31.918 - INFO: 32790319 :  82 - 00081                     	
19-12-30 23:31:06.943 - INFO: 32790319 :  83 - 00082                     	
19-12-30 23:31:41.990 - INFO: 32790319 :  84 - 00083                     	
19-12-30 23:32:17.101 - INFO: 32790319 :  85 - 00084                     	
19-12-30 23:32:52.215 - INFO: 32790319 :  86 - 00085                     	
19-12-30 23:33:27.351 - INFO: 32790319 :  87 - 00086                     	
19-12-30 23:34:02.491 - INFO: 32790319 :  88 - 00087                     	
19-12-30 23:34:37.709 - INFO: 32790319 :  89 - 00088                     	
19-12-30 23:35:12.882 - INFO: 32790319 :  90 - 00089                     	
19-12-30 23:35:48.076 - INFO: 32790319 :  91 - 00090                     	
19-12-30 23:36:23.290 - INFO: 32790319 :  92 - 00091                     	
19-12-30 23:36:58.487 - INFO: 32790319 :  93 - 00092                     	
19-12-30 23:37:33.679 - INFO: 32790319 :  94 - 00093                     	
19-12-30 23:38:08.196 - INFO: 32790319 :  95 - 00094                     	
19-12-30 23:38:42.493 - INFO: 32790319 :  96 - 00095                     	
19-12-30 23:39:16.948 - INFO: 32790319 :  97 - 00096                     	
19-12-30 23:39:51.307 - INFO: 32790319 :  98 - 00097                     	
19-12-30 23:40:25.592 - INFO: 32790319 :  99 - 00098                     	
19-12-30 23:40:59.891 - INFO: 32790319 : 100 - 00099                     	
19-12-30 23:40:59.892 - INFO: Data: sharp_bicubic - /lustre/home/acct-eezy/eezy/4khdr/data/Dataset/test_540p
19-12-30 23:40:59.892 - INFO: Padding mode: new_info
19-12-30 23:40:59.892 - INFO: Model path: /lustre/home/acct-eezy/eezy/4khdr/codes/experiments/train_EDVR_L_Preload_30000_nobug_ssim_10_LR_1e_5_suzhou_remove_baddata/models/latest_G.pth
19-12-30 23:40:59.892 - INFO: Save images: True
19-12-30 23:40:59.892 - INFO: Flip test: False
