cudnn(28):ERROR:105: Unable to locate a modulefile for 'cudnn/7.0.4'
19-12-30 18:35:25.017 - INFO: Data: sharp_bicubic - /lustre/home/acct-eezy/eezy/4khdr/data/Dataset/test_540p
19-12-30 18:35:25.019 - INFO: Padding mode: new_info
19-12-30 18:35:25.019 - INFO: Model path: /lustre/home/acct-eezy/eezy/4khdr/codes/experiments/train_EDVR_L_Preload_30000_nobug_ssim_10_LR_1e_5_suzhou_remove_baddata/models/latest_G.pth
19-12-30 18:35:25.019 - INFO: Save images: True
19-12-30 18:35:25.019 - INFO: Flip test: False
19-12-30 18:36:05.861 - INFO: 10852508 :   1 - 00000                     	
19-12-30 18:36:40.464 - INFO: 10852508 :   2 - 00001                     	
19-12-30 18:37:15.032 - INFO: 10852508 :   3 - 00002                     	
19-12-30 18:37:49.599 - INFO: 10852508 :   4 - 00003                     	
19-12-30 18:38:24.191 - INFO: 10852508 :   5 - 00004                     	
19-12-30 18:38:58.763 - INFO: 10852508 :   6 - 00005                     	
19-12-30 18:39:33.337 - INFO: 10852508 :   7 - 00006                     	
19-12-30 18:40:07.900 - INFO: 10852508 :   8 - 00007                     	
19-12-30 18:40:42.497 - INFO: 10852508 :   9 - 00008                     	
19-12-30 18:41:17.037 - INFO: 10852508 :  10 - 00009                     	
19-12-30 18:41:51.590 - INFO: 10852508 :  11 - 00010                     	
19-12-30 18:42:26.147 - INFO: 10852508 :  12 - 00011                     	
19-12-30 18:43:00.706 - INFO: 10852508 :  13 - 00012                     	
19-12-30 18:43:35.262 - INFO: 10852508 :  14 - 00013                     	
19-12-30 18:44:09.813 - INFO: 10852508 :  15 - 00014                     	
19-12-30 18:44:44.375 - INFO: 10852508 :  16 - 00015                     	
19-12-30 18:45:18.920 - INFO: 10852508 :  17 - 00016                     	
19-12-30 18:45:53.479 - INFO: 10852508 :  18 - 00017                     	
19-12-30 18:46:28.012 - INFO: 10852508 :  19 - 00018                     	
19-12-30 18:47:02.561 - INFO: 10852508 :  20 - 00019                     	
19-12-30 18:47:37.083 - INFO: 10852508 :  21 - 00020                     	
slurmstepd: error: *** JOB 246388 ON vol01 CANCELLED AT 2019-12-30T18:48:05 ***
