OrderedDict([('pretrain_model_G', '/mnt/lustre/shanghai/cmic/home/xyz18/experiments/train_EDVR_L_Preload_30000_nobug_ssim_11_LR_1e_5_suzhou_remove_baddata/models/latest_G.pth'), ('save_path', '/mnt/lustre/shanghai/cmic/home/xyz18/'), ('strict_load', True), ('resume_state', None)])
GPU  1
Evaluate Folders:  29145080
Init pad right/bottom 0 / 0
*****************current image process time 	 41.6077926158905s ******************
Init pad right/bottom 0 / 0
*****************current image process time 	 76.26834392547607s ******************
Init pad right/bottom 0 / 0
*****************current image process time 	 110.91330671310425s ******************
Init pad right/bottom 0 / 0
*****************current image process time 	 145.5445568561554s ******************
Init pad right/bottom 0 / 0
*****************current image process time 	 180.1839461326599s ******************
Init pad right/bottom 0 / 0
*****************current image process time 	 214.81534457206726s ******************
Init pad right/bottom 0 / 0
*****************current image process time 	 249.4285888671875s ******************
Init pad right/bottom 0 / 0
*****************current image process time 	 284.0447196960449s ******************
Init pad right/bottom 0 / 0
*****************current image process time 	 318.6495885848999s ******************
Init pad right/bottom 0 / 0
*****************current image process time 	 353.2516815662384s ******************
Init pad right/bottom 0 / 0
*****************current image process time 	 387.85492396354675s ******************
Init pad right/bottom 0 / 0
*****************current image process time 	 422.4602267742157s ******************
Init pad right/bottom 0 / 0
*****************current image process time 	 457.06518745422363s ******************
Init pad right/bottom 0 / 0
*****************current image process time 	 491.6772451400757s ******************
Init pad right/bottom 0 / 0
*****************current image process time 	 526.28142619133s ******************
Init pad right/bottom 0 / 0
*****************current image process time 	 560.8912289142609s ******************
Init pad right/bottom 0 / 0
*****************current image process time 	 595.5098745822906s ******************
Init pad right/bottom 0 / 0
*****************current image process time 	 630.1205339431763s ******************
Init pad right/bottom 0 / 0
*****************current image process time 	 664.7204940319061s ******************
Init pad right/bottom 0 / 0
*****************current image process time 	 699.3325033187866s ******************
Init pad right/bottom 0 / 0
*****************current image process time 	 733.9308876991272s ******************
Init pad right/bottom 0 / 0
*****************current image process time 	 768.5434787273407s ******************
Init pad right/bottom 0 / 0
*****************current image process time 	 803.1565773487091s ******************
Init pad right/bottom 0 / 0
*****************current image process time 	 837.7527179718018s ******************
Init pad right/bottom 0 / 0
*****************current image process time 	 872.3484559059143s ******************
Init pad right/bottom 0 / 0
*****************current image process time 	 906.9460034370422s ******************
Init pad right/bottom 0 / 0
*****************current image process time 	 941.5397877693176s ******************
Init pad right/bottom 0 / 0
*****************current image process time 	 976.1425278186798s ******************
Init pad right/bottom 0 / 0
*****************current image process time 	 1010.7365825176239s ******************
Init pad right/bottom 0 / 0
*****************current image process time 	 1045.3295545578003s ******************
Init pad right/bottom 0 / 0
*****************current image process time 	 1079.9260847568512s ******************
Init pad right/bottom 0 / 0
*****************current image process time 	 1114.5271451473236s ******************
Init pad right/bottom 0 / 0
*****************current image process time 	 1149.1254980564117s ******************
Init pad right/bottom 0 / 0
*****************current image process time 	 1183.726667881012s ******************
Init pad right/bottom 0 / 0
*****************current image process time 	 1218.3196821212769s ******************
Init pad right/bottom 0 / 0
*****************current image process time 	 1252.9248087406158s ******************
Init pad right/bottom 0 / 0
*****************current image process time 	 1287.5365436077118s ******************
Init pad right/bottom 0 / 0
*****************current image process time 	 1322.1375515460968s ******************
Init pad right/bottom 0 / 0
*****************current image process time 	 1356.7480082511902s ******************
Init pad right/bottom 0 / 0
*****************current image process time 	 1391.357824087143s ******************
Init pad right/bottom 0 / 0
*****************current image process time 	 1425.9608407020569s ******************
Init pad right/bottom 0 / 0
*****************current image process time 	 1460.5716280937195s ******************
Init pad right/bottom 0 / 0
*****************current image process time 	 1495.1764838695526s ******************
Init pad right/bottom 0 / 0
*****************current image process time 	 1529.7783818244934s ******************
Init pad right/bottom 0 / 0
*****************current image process time 	 1564.375916004181s ******************
Init pad right/bottom 0 / 0
*****************current image process time 	 1598.9837605953217s ******************
Init pad right/bottom 0 / 0
*****************current image process time 	 1633.5888404846191s ******************
Init pad right/bottom 0 / 0
*****************current image process time 	 1668.1985602378845s ******************
Init pad right/bottom 0 / 0
*****************current image process time 	 1702.809900045395s ******************
Init pad right/bottom 0 / 0
*****************current image process time 	 1737.4160447120667s ******************
Init pad right/bottom 0 / 0
*****************current image process time 	 1772.0371072292328s ******************
Init pad right/bottom 0 / 0
*****************current image process time 	 1806.6539931297302s ******************
Init pad right/bottom 0 / 0
*****************current image process time 	 1841.2616982460022s ******************
Init pad right/bottom 0 / 0
*****************current image process time 	 1875.8839421272278s ******************
Init pad right/bottom 0 / 0
*****************current image process time 	 1910.4984831809998s ******************
Init pad right/bottom 0 / 0
*****************current image process time 	 1945.110788345337s ******************
Init pad right/bottom 0 / 0
*****************current image process time 	 1979.7164781093597s ******************
Init pad right/bottom 0 / 0
*****************current image process time 	 2014.3373837471008s ******************
Init pad right/bottom 0 / 0
*****************current image process time 	 2048.945714712143s ******************
Init pad right/bottom 0 / 0
*****************current image process time 	 2083.5681188106537s ******************
Init pad right/bottom 0 / 0
*****************current image process time 	 2118.1884183883667s ******************
Init pad right/bottom 0 / 0
*****************current image process time 	 2152.8111822605133s ******************
Init pad right/bottom 0 / 0
*****************current image process time 	 2187.432590007782s ******************
Init pad right/bottom 0 / 0
*****************current image process time 	 2222.0522451400757s ******************
Init pad right/bottom 0 / 0
*****************current image process time 	 2256.6735949516296s ******************
Init pad right/bottom 0 / 0
*****************current image process time 	 2291.301813840866s ******************
Init pad right/bottom 0 / 0
*****************current image process time 	 2325.9197540283203s ******************
Init pad right/bottom 0 / 0
*****************current image process time 	 2360.543268442154s ******************
Init pad right/bottom 0 / 0
*****************current image process time 	 2395.1637353897095s ******************
Init pad right/bottom 0 / 0
*****************current image process time 	 2429.7773349285126s ******************
Init pad right/bottom 0 / 0
*****************current image process time 	 2464.3952555656433s ******************
Init pad right/bottom 0 / 0
*****************current image process time 	 2499.018161058426s ******************
Init pad right/bottom 0 / 0
*****************current image process time 	 2533.6383876800537s ******************
Init pad right/bottom 0 / 0
*****************current image process time 	 2568.2619457244873s ******************
Init pad right/bottom 0 / 0
*****************current image process time 	 2602.875135421753s ******************
Init pad right/bottom 0 / 0
*****************current image process time 	 2637.498752593994s ******************
Init pad right/bottom 0 / 0
*****************current image process time 	 2672.1221017837524s ******************
Init pad right/bottom 0 / 0
*****************current image process time 	 2706.747234582901s ******************
Init pad right/bottom 0 / 0
*****************current image process time 	 2741.372081756592s ******************
Init pad right/bottom 0 / 0
*****************current image process time 	 2775.997456550598s ******************
Init pad right/bottom 0 / 0
*****************current image process time 	 2810.621036529541s ******************
Init pad right/bottom 0 / 0
*****************current image process time 	 2845.2459015846252s ******************
Init pad right/bottom 0 / 0
*****************current image process time 	 2879.857537508011s ******************
Init pad right/bottom 0 / 0
*****************current image process time 	 2914.480815410614s ******************
Init pad right/bottom 0 / 0
*****************current image process time 	 2949.0976197719574s ******************
Init pad right/bottom 0 / 0
*****************current image process time 	 2983.715583086014s ******************
Init pad right/bottom 0 / 0
*****************current image process time 	 3018.338315963745s ******************
Init pad right/bottom 0 / 0
*****************current image process time 	 3052.9490661621094s ******************
Init pad right/bottom 0 / 0
*****************current image process time 	 3087.5704419612885s ******************
Init pad right/bottom 0 / 0
*****************current image process time 	 3122.1986799240112s ******************
Init pad right/bottom 0 / 0
*****************current image process time 	 3156.81755399704s ******************
Init pad right/bottom 0 / 0
*****************current image process time 	 3191.444826364517s ******************
Init pad right/bottom 0 / 0
*****************current image process time 	 3226.0681488513947s ******************
Init pad right/bottom 0 / 0
*****************current image process time 	 3260.704967737198s ******************
Init pad right/bottom 0 / 0
*****************current image process time 	 3295.3230226039886s ******************
Init pad right/bottom 0 / 0
*****************current image process time 	 3329.947154521942s ******************
Init pad right/bottom 0 / 0
*****************current image process time 	 3364.553278207779s ******************
Init pad right/bottom 0 / 0
*****************current image process time 	 3399.162499189377s ******************
Init pad right/bottom 0 / 0
*****************current image process time 	 3433.7846937179565s ******************
Init pad right/bottom 0 / 0
*****************current image process time 	 3468.4006588459015s ******************
Evaluate Folders:  29265377
Init pad right/bottom 0 / 0
*****************current image process time 	 3509.383255958557s ******************
Init pad right/bottom 0 / 0
*****************current image process time 	 3543.953775167465s ******************
Init pad right/bottom 0 / 0
*****************current image process time 	 3578.511618375778s ******************
Init pad right/bottom 0 / 0
*****************current image process time 	 3613.070074558258s ******************
Init pad right/bottom 0 / 0
*****************current image process time 	 3647.627551317215s ******************
Init pad right/bottom 0 / 0
*****************current image process time 	 3682.1933455467224s ******************
Init pad right/bottom 0 / 0
*****************current image process time 	 3716.770443677902s ******************
Init pad right/bottom 0 / 0
*****************current image process time 	 3751.340657234192s ******************
Init pad right/bottom 0 / 0
*****************current image process time 	 3785.901811361313s ******************
Init pad right/bottom 0 / 0
*****************current image process time 	 3820.474380493164s ******************
Init pad right/bottom 0 / 0
*****************current image process time 	 3855.044027328491s ******************
Init pad right/bottom 0 / 0
*****************current image process time 	 3889.615493297577s ******************
Init pad right/bottom 0 / 0
*****************current image process time 	 3924.9102861881256s ******************
Init pad right/bottom 0 / 0
*****************current image process time 	 3959.48486495018s ******************
Init pad right/bottom 0 / 0
*****************current image process time 	 3994.052944421768s ******************
Init pad right/bottom 0 / 0
*****************current image process time 	 4028.6271352767944s ******************
Init pad right/bottom 0 / 0
*****************current image process time 	 4063.1966466903687s ******************
Init pad right/bottom 0 / 0
*****************current image process time 	 4097.799080848694s ******************
Init pad right/bottom 0 / 0
*****************current image process time 	 4132.376904010773s ******************
Init pad right/bottom 0 / 0
*****************current image process time 	 4166.955174207687s ******************
Init pad right/bottom 0 / 0
*****************current image process time 	 4201.533680438995s ******************
Init pad right/bottom 0 / 0
*****************current image process time 	 4236.11391043663s ******************
Init pad right/bottom 0 / 0
*****************current image process time 	 4270.689545631409s ******************
Init pad right/bottom 0 / 0
*****************current image process time 	 4305.27418589592s ******************
Init pad right/bottom 0 / 0
*****************current image process time 	 4339.849571943283s ******************
Init pad right/bottom 0 / 0
*****************current image process time 	 4374.440193653107s ******************
Init pad right/bottom 0 / 0
*****************current image process time 	 4409.022473573685s ******************
Init pad right/bottom 0 / 0
*****************current image process time 	 4443.72260093689s ******************
Init pad right/bottom 0 / 0
*****************current image process time 	 4478.3002235889435s ******************
Init pad right/bottom 0 / 0
*****************current image process time 	 4512.883905887604s ******************
Init pad right/bottom 0 / 0
*****************current image process time 	 4547.458080530167s ******************
Init pad right/bottom 0 / 0
*****************current image process time 	 4582.040214061737s ******************
Init pad right/bottom 0 / 0
*****************current image process time 	 4616.620203495026s ******************
Init pad right/bottom 0 / 0
*****************current image process time 	 4651.198786020279s ******************
Init pad right/bottom 0 / 0
*****************current image process time 	 4685.779607057571s ******************
Init pad right/bottom 0 / 0
*****************current image process time 	 4720.366250753403s ******************
Init pad right/bottom 0 / 0
*****************current image process time 	 4754.942408800125s ******************
Init pad right/bottom 0 / 0
*****************current image process time 	 4789.529570817947s ******************
Init pad right/bottom 0 / 0
*****************current image process time 	 4824.107615232468s ******************
Init pad right/bottom 0 / 0
*****************current image process time 	 4858.682921409607s ******************
Init pad right/bottom 0 / 0
*****************current image process time 	 4893.259605407715s ******************
Init pad right/bottom 0 / 0
*****************current image process time 	 4927.837355852127s ******************
Init pad right/bottom 0 / 0
*****************current image process time 	 4962.416875839233s ******************
Init pad right/bottom 0 / 0
*****************current image process time 	 4996.996739864349s ******************
Init pad right/bottom 0 / 0
*****************current image process time 	 5031.571966171265s ******************
Init pad right/bottom 0 / 0
*****************current image process time 	 5066.149850130081s ******************
Init pad right/bottom 0 / 0
*****************current image process time 	 5100.723764181137s ******************
Init pad right/bottom 0 / 0
*****************current image process time 	 5135.3062353134155s ******************
Init pad right/bottom 0 / 0
*****************current image process time 	 5169.865946531296s ******************
Init pad right/bottom 0 / 0
*****************current image process time 	 5204.43652677536s ******************
Init pad right/bottom 0 / 0
*****************current image process time 	 5239.202698707581s ******************
Init pad right/bottom 0 / 0
*****************current image process time 	 5273.7748992443085s ******************
Init pad right/bottom 0 / 0
*****************current image process time 	 5308.3508977890015s ******************
Init pad right/bottom 0 / 0
*****************current image process time 	 5342.93017244339s ******************
Init pad right/bottom 0 / 0
*****************current image process time 	 5377.503343820572s ******************
Init pad right/bottom 0 / 0
*****************current image process time 	 5412.065942525864s ******************
Init pad right/bottom 0 / 0
*****************current image process time 	 5446.6223776340485s ******************
Init pad right/bottom 0 / 0
*****************current image process time 	 5481.180824041367s ******************
Init pad right/bottom 0 / 0
*****************current image process time 	 5515.739001274109s ******************
Init pad right/bottom 0 / 0
*****************current image process time 	 5550.2879202365875s ******************
Init pad right/bottom 0 / 0
*****************current image process time 	 5584.84784245491s ******************
Init pad right/bottom 0 / 0
*****************current image process time 	 5619.395758152008s ******************
Init pad right/bottom 0 / 0
*****************current image process time 	 5653.938671112061s ******************
Init pad right/bottom 0 / 0
*****************current image process time 	 5688.48921251297s ******************
Init pad right/bottom 0 / 0
*****************current image process time 	 5723.026041030884s ******************
Init pad right/bottom 0 / 0
*****************current image process time 	 5757.577792167664s ******************
Init pad right/bottom 0 / 0
*****************current image process time 	 5792.125065803528s ******************
Init pad right/bottom 0 / 0
*****************current image process time 	 5826.674025058746s ******************
Init pad right/bottom 0 / 0
*****************current image process time 	 5861.217410564423s ******************
Init pad right/bottom 0 / 0
*****************current image process time 	 5895.767461299896s ******************
Init pad right/bottom 0 / 0
*****************current image process time 	 5930.315530538559s ******************
Init pad right/bottom 0 / 0
*****************current image process time 	 5964.8652780056s ******************
Init pad right/bottom 0 / 0
*****************current image process time 	 5999.454970121384s ******************
Init pad right/bottom 0 / 0
*****************current image process time 	 6034.32806801796s ******************
Init pad right/bottom 0 / 0
*****************current image process time 	 6068.889316082001s ******************
Init pad right/bottom 0 / 0
*****************current image process time 	 6103.468565702438s ******************
Init pad right/bottom 0 / 0
*****************current image process time 	 6138.030544996262s ******************
Init pad right/bottom 0 / 0
*****************current image process time 	 6172.6035413742065s ******************
Init pad right/bottom 0 / 0
*****************current image process time 	 6207.175963401794s ******************
Init pad right/bottom 0 / 0
*****************current image process time 	 6241.74339556694s ******************
Init pad right/bottom 0 / 0
*****************current image process time 	 6276.306187868118s ******************
Init pad right/bottom 0 / 0
*****************current image process time 	 6310.882574796677s ******************
Init pad right/bottom 0 / 0
*****************current image process time 	 6345.445967912674s ******************
Init pad right/bottom 0 / 0
*****************current image process time 	 6380.012805223465s ******************
Init pad right/bottom 0 / 0
*****************current image process time 	 6414.585740566254s ******************
Init pad right/bottom 0 / 0
*****************current image process time 	 6449.242042064667s ******************
Init pad right/bottom 0 / 0
*****************current image process time 	 6483.823271751404s ******************
Init pad right/bottom 0 / 0
*****************current image process time 	 6518.39240694046s ******************
Init pad right/bottom 0 / 0
*****************current image process time 	 6552.960904121399s ******************
Init pad right/bottom 0 / 0
*****************current image process time 	 6587.54961514473s ******************
Init pad right/bottom 0 / 0
*****************current image process time 	 6622.132273197174s ******************
Init pad right/bottom 0 / 0
*****************current image process time 	 6656.724351167679s ******************
Init pad right/bottom 0 / 0
*****************current image process time 	 6691.305415630341s ******************
Init pad right/bottom 0 / 0
*****************current image process time 	 6725.8897042274475s ******************
Init pad right/bottom 0 / 0
*****************current image process time 	 6760.48801445961s ******************
Init pad right/bottom 0 / 0
*****************current image process time 	 6795.084499120712s ******************
Init pad right/bottom 0 / 0
*****************current image process time 	 6829.665439128876s ******************
Init pad right/bottom 0 / 0
*****************current image process time 	 6864.263569831848s ******************
Init pad right/bottom 0 / 0
*****************current image process time 	 6898.842154741287s ******************
Init pad right/bottom 0 / 0
*****************current image process time 	 6933.424894809723s ******************
Evaluate Folders:  29631165
Init pad right/bottom 0 / 0
*****************current image process time 	 6975.874571323395s ******************
Init pad right/bottom 0 / 0
*****************current image process time 	 7010.423935413361s ******************
Init pad right/bottom 0 / 0
*****************current image process time 	 7044.965675115585s ******************
Init pad right/bottom 0 / 0
*****************current image process time 	 7079.5206751823425s ******************
Init pad right/bottom 0 / 0
*****************current image process time 	 7114.059182882309s ******************
Init pad right/bottom 0 / 0
*****************current image process time 	 7148.616414070129s ******************
Init pad right/bottom 0 / 0
*****************current image process time 	 7183.162711381912s ******************
Init pad right/bottom 0 / 0
*****************current image process time 	 7217.71585726738s ******************
Init pad right/bottom 0 / 0
*****************current image process time 	 7252.277715444565s ******************
Init pad right/bottom 0 / 0
*****************current image process time 	 7286.85147857666s ******************
Init pad right/bottom 0 / 0
*****************current image process time 	 7321.413295507431s ******************
Init pad right/bottom 0 / 0
*****************current image process time 	 7355.972504854202s ******************
Init pad right/bottom 0 / 0
*****************current image process time 	 7390.541043758392s ******************
Init pad right/bottom 0 / 0
*****************current image process time 	 7425.099797487259s ******************
Init pad right/bottom 0 / 0
*****************current image process time 	 7459.660659313202s ******************
Init pad right/bottom 0 / 0
*****************current image process time 	 7494.23148226738s ******************
Init pad right/bottom 0 / 0
*****************current image process time 	 7528.776003837585s ******************
Init pad right/bottom 0 / 0
*****************current image process time 	 7563.347484588623s ******************
Init pad right/bottom 0 / 0
*****************current image process time 	 7597.912403106689s ******************
Init pad right/bottom 0 / 0
*****************current image process time 	 7632.483798027039s ******************
Init pad right/bottom 0 / 0
*****************current image process time 	 7667.046021223068s ******************
Init pad right/bottom 0 / 0
*****************current image process time 	 7701.614255666733s ******************
Init pad right/bottom 0 / 0
*****************current image process time 	 7736.198237895966s ******************
Init pad right/bottom 0 / 0
*****************current image process time 	 7770.7794733047485s ******************
Init pad right/bottom 0 / 0
*****************current image process time 	 7805.346669912338s ******************
Init pad right/bottom 0 / 0
*****************current image process time 	 7839.953019618988s ******************
Init pad right/bottom 0 / 0
*****************current image process time 	 7874.648017883301s ******************
Init pad right/bottom 0 / 0
*****************current image process time 	 7909.207182407379s ******************
Init pad right/bottom 0 / 0
*****************current image process time 	 7943.785657167435s ******************
Init pad right/bottom 0 / 0
*****************current image process time 	 7978.538163900375s ******************
Init pad right/bottom 0 / 0
*****************current image process time 	 8013.09614777565s ******************
Init pad right/bottom 0 / 0
*****************current image process time 	 8047.687700271606s ******************
Init pad right/bottom 0 / 0
*****************current image process time 	 8082.269597291946s ******************
Init pad right/bottom 0 / 0
*****************current image process time 	 8116.844284534454s ******************
Init pad right/bottom 0 / 0
*****************current image process time 	 8151.433072090149s ******************
Init pad right/bottom 0 / 0
*****************current image process time 	 8186.020433664322s ******************
Init pad right/bottom 0 / 0
*****************current image process time 	 8220.601286888123s ******************
Init pad right/bottom 0 / 0
*****************current image process time 	 8255.180622577667s ******************
Init pad right/bottom 0 / 0
*****************current image process time 	 8289.766877651215s ******************
Init pad right/bottom 0 / 0
*****************current image process time 	 8324.4063539505s ******************
Init pad right/bottom 0 / 0
*****************current image process time 	 8358.995211362839s ******************
Init pad right/bottom 0 / 0
*****************current image process time 	 8393.573787689209s ******************
Init pad right/bottom 0 / 0
*****************current image process time 	 8428.171128034592s ******************
Init pad right/bottom 0 / 0
*****************current image process time 	 8462.764850139618s ******************
Init pad right/bottom 0 / 0
*****************current image process time 	 8497.3454144001s ******************
Init pad right/bottom 0 / 0
*****************current image process time 	 8531.94312095642s ******************
Init pad right/bottom 0 / 0
*****************current image process time 	 8566.52324128151s ******************
Init pad right/bottom 0 / 0
*****************current image process time 	 8601.109667778015s ******************
Init pad right/bottom 0 / 0
*****************current image process time 	 8635.698463916779s ******************
Init pad right/bottom 0 / 0
*****************current image process time 	 8670.284783363342s ******************
Init pad right/bottom 0 / 0
*****************current image process time 	 8704.863693714142s ******************
Init pad right/bottom 0 / 0
*****************current image process time 	 8739.454945325851s ******************
Init pad right/bottom 0 / 0
*****************current image process time 	 8774.043040513992s ******************
Init pad right/bottom 0 / 0
*****************current image process time 	 8808.65378832817s ******************
Init pad right/bottom 0 / 0
*****************current image process time 	 8843.211056470871s ******************
Init pad right/bottom 0 / 0
*****************current image process time 	 8877.781709432602s ******************
Init pad right/bottom 0 / 0
*****************current image process time 	 8912.355540037155s ******************
Init pad right/bottom 0 / 0
*****************current image process time 	 8947.158328056335s ******************
Init pad right/bottom 0 / 0
*****************current image process time 	 8981.978194713593s ******************
Init pad right/bottom 0 / 0
*****************current image process time 	 9016.555829048157s ******************
Init pad right/bottom 0 / 0
*****************current image process time 	 9051.800245046616s ******************
Init pad right/bottom 0 / 0
*****************current image process time 	 9086.410957098007s ******************
Init pad right/bottom 0 / 0
*****************current image process time 	 9120.993790388107s ******************
Init pad right/bottom 0 / 0
*****************current image process time 	 9155.598106622696s ******************
Init pad right/bottom 0 / 0
*****************current image process time 	 9190.182903051376s ******************
Init pad right/bottom 0 / 0
*****************current image process time 	 9224.765218496323s ******************
Init pad right/bottom 0 / 0
*****************current image process time 	 9259.359454393387s ******************
Init pad right/bottom 0 / 0
*****************current image process time 	 9293.956076145172s ******************
Init pad right/bottom 0 / 0
*****************current image process time 	 9328.536397218704s ******************
Init pad right/bottom 0 / 0
*****************current image process time 	 9363.129957437515s ******************
Init pad right/bottom 0 / 0
*****************current image process time 	 9397.686918973923s ******************
Init pad right/bottom 0 / 0
*****************current image process time 	 9432.255947351456s ******************
Init pad right/bottom 0 / 0
*****************current image process time 	 9466.820008516312s ******************
Init pad right/bottom 0 / 0
*****************current image process time 	 9501.408251047134s ******************
Init pad right/bottom 0 / 0
*****************current image process time 	 9535.975348234177s ******************
Init pad right/bottom 0 / 0
*****************current image process time 	 9570.578455924988s ******************
Init pad right/bottom 0 / 0
*****************current image process time 	 9605.160413503647s ******************
Init pad right/bottom 0 / 0
*****************current image process time 	 9639.764293193817s ******************
Init pad right/bottom 0 / 0
*****************current image process time 	 9674.350100517273s ******************
Init pad right/bottom 0 / 0
*****************current image process time 	 9708.98028755188s ******************
Init pad right/bottom 0 / 0
*****************current image process time 	 9743.872396707535s ******************
Init pad right/bottom 0 / 0
*****************current image process time 	 9778.463997364044s ******************
Init pad right/bottom 0 / 0
*****************current image process time 	 9813.144501209259s ******************
Init pad right/bottom 0 / 0
*****************current image process time 	 9847.746845722198s ******************
Init pad right/bottom 0 / 0
*****************current image process time 	 9882.323174238205s ******************
Init pad right/bottom 0 / 0
*****************current image process time 	 9916.917607784271s ******************
Init pad right/bottom 0 / 0
*****************current image process time 	 9951.505718946457s ******************
Init pad right/bottom 0 / 0
*****************current image process time 	 9986.09722828865s ******************
Init pad right/bottom 0 / 0
*****************current image process time 	 10020.681922674179s ******************
Init pad right/bottom 0 / 0
*****************current image process time 	 10055.282739400864s ******************
Init pad right/bottom 0 / 0
*****************current image process time 	 10089.862744092941s ******************
Init pad right/bottom 0 / 0
*****************current image process time 	 10124.44826412201s ******************
Init pad right/bottom 0 / 0
*****************current image process time 	 10159.034084320068s ******************
Init pad right/bottom 0 / 0
*****************current image process time 	 10193.62033367157s ******************
Init pad right/bottom 0 / 0
*****************current image process time 	 10228.199232578278s ******************
Init pad right/bottom 0 / 0
*****************current image process time 	 10262.791895151138s ******************
Init pad right/bottom 0 / 0
*****************current image process time 	 10297.382590055466s ******************
Init pad right/bottom 0 / 0
*****************current image process time 	 10331.96036863327s ******************
Init pad right/bottom 0 / 0
*****************current image process time 	 10366.564033985138s ******************
Init pad right/bottom 0 / 0
*****************current image process time 	 10401.172734975815s ******************
Evaluate Folders:  30129795
Init pad right/bottom 0 / 0
*****************current image process time 	 10445.227151870728s ******************
Init pad right/bottom 0 / 0
*****************current image process time 	 10479.869136810303s ******************
Init pad right/bottom 0 / 0
*****************current image process time 	 10514.492938280106s ******************
Init pad right/bottom 0 / 0
*****************current image process time 	 10549.134531021118s ******************
Init pad right/bottom 0 / 0
*****************current image process time 	 10583.733625888824s ******************
Init pad right/bottom 0 / 0
*****************current image process time 	 10618.502756118774s ******************
Init pad right/bottom 0 / 0
*****************current image process time 	 10653.091850042343s ******************
Init pad right/bottom 0 / 0
*****************current image process time 	 10687.678565502167s ******************
Init pad right/bottom 0 / 0
*****************current image process time 	 10722.260886192322s ******************
Init pad right/bottom 0 / 0
*****************current image process time 	 10756.868044614792s ******************
Init pad right/bottom 0 / 0
*****************current image process time 	 10791.438423871994s ******************
Init pad right/bottom 0 / 0
*****************current image process time 	 10826.032367944717s ******************
Init pad right/bottom 0 / 0
*****************current image process time 	 10860.621778726578s ******************
Init pad right/bottom 0 / 0
*****************current image process time 	 10895.210063695908s ******************
Init pad right/bottom 0 / 0
*****************current image process time 	 10929.797035694122s ******************
Init pad right/bottom 0 / 0
*****************current image process time 	 10964.418362617493s ******************
Init pad right/bottom 0 / 0
*****************current image process time 	 10999.085279226303s ******************
Init pad right/bottom 0 / 0
*****************current image process time 	 11033.671142578125s ******************
Init pad right/bottom 0 / 0
*****************current image process time 	 11068.250321388245s ******************
Init pad right/bottom 0 / 0
*****************current image process time 	 11102.841833114624s ******************
Init pad right/bottom 0 / 0
*****************current image process time 	 11142.41395497322s ******************
Init pad right/bottom 0 / 0
*****************current image process time 	 11177.015950679779s ******************
Init pad right/bottom 0 / 0
*****************current image process time 	 11211.603750705719s ******************
Init pad right/bottom 0 / 0
*****************current image process time 	 11246.2049036026s ******************
Init pad right/bottom 0 / 0
*****************current image process time 	 11280.803906679153s ******************
Init pad right/bottom 0 / 0
*****************current image process time 	 11315.395279169083s ******************
Init pad right/bottom 0 / 0
*****************current image process time 	 11349.982578277588s ******************
Init pad right/bottom 0 / 0
*****************current image process time 	 11384.599967241287s ******************
Init pad right/bottom 0 / 0
*****************current image process time 	 11419.184859991074s ******************
Init pad right/bottom 0 / 0
*****************current image process time 	 11453.789526939392s ******************
Init pad right/bottom 0 / 0
*****************current image process time 	 11488.380803585052s ******************
Init pad right/bottom 0 / 0
*****************current image process time 	 11522.977528095245s ******************
Init pad right/bottom 0 / 0
*****************current image process time 	 11557.57132101059s ******************
Init pad right/bottom 0 / 0
*****************current image process time 	 11592.159615755081s ******************
Init pad right/bottom 0 / 0
*****************current image process time 	 11626.741417884827s ******************
Init pad right/bottom 0 / 0
*****************current image process time 	 11661.342369794846s ******************
Init pad right/bottom 0 / 0
*****************current image process time 	 11695.94271326065s ******************
Init pad right/bottom 0 / 0
*****************current image process time 	 11730.534824371338s ******************
Init pad right/bottom 0 / 0
*****************current image process time 	 11765.126937150955s ******************
Init pad right/bottom 0 / 0
*****************current image process time 	 11799.74541926384s ******************
Init pad right/bottom 0 / 0
*****************current image process time 	 11834.35645365715s ******************
Init pad right/bottom 0 / 0
*****************current image process time 	 11868.967468500137s ******************
Init pad right/bottom 0 / 0
*****************current image process time 	 11903.589365005493s ******************
Init pad right/bottom 0 / 0
*****************current image process time 	 11938.196712493896s ******************
Init pad right/bottom 0 / 0
*****************current image process time 	 11972.798248767853s ******************
Init pad right/bottom 0 / 0
*****************current image process time 	 12007.457351922989s ******************
Init pad right/bottom 0 / 0
*****************current image process time 	 12042.112691640854s ******************
Init pad right/bottom 0 / 0
*****************current image process time 	 12076.75796675682s ******************
Init pad right/bottom 0 / 0
*****************current image process time 	 12111.410915136337s ******************
Init pad right/bottom 0 / 0
*****************current image process time 	 12146.062244415283s ******************
Init pad right/bottom 0 / 0
*****************current image process time 	 12180.70441031456s ******************
Init pad right/bottom 0 / 0
*****************current image process time 	 12215.351017951965s ******************
Init pad right/bottom 0 / 0
*****************current image process time 	 12249.987349510193s ******************
Init pad right/bottom 0 / 0
*****************current image process time 	 12284.641104698181s ******************
Init pad right/bottom 0 / 0
*****************current image process time 	 12319.275727272034s ******************
Init pad right/bottom 0 / 0
*****************current image process time 	 12353.919209957123s ******************
Init pad right/bottom 0 / 0
*****************current image process time 	 12388.56137061119s ******************
Init pad right/bottom 0 / 0
*****************current image process time 	 12423.193808317184s ******************
Init pad right/bottom 0 / 0
*****************current image process time 	 12457.82792377472s ******************
Init pad right/bottom 0 / 0
*****************current image process time 	 12492.472046613693s ******************
Init pad right/bottom 0 / 0
*****************current image process time 	 12527.12143445015s ******************
Init pad right/bottom 0 / 0
*****************current image process time 	 12561.760582208633s ******************
Init pad right/bottom 0 / 0
*****************current image process time 	 12596.41346025467s ******************
Init pad right/bottom 0 / 0
*****************current image process time 	 12631.056822776794s ******************
Init pad right/bottom 0 / 0
*****************current image process time 	 12665.725254058838s ******************
Init pad right/bottom 0 / 0
*****************current image process time 	 12700.382380247116s ******************
Init pad right/bottom 0 / 0
*****************current image process time 	 12735.04643702507s ******************
Init pad right/bottom 0 / 0
*****************current image process time 	 12769.707749128342s ******************
Init pad right/bottom 0 / 0
*****************current image process time 	 12804.375881910324s ******************
Init pad right/bottom 0 / 0
*****************current image process time 	 12839.039777040482s ******************
Init pad right/bottom 0 / 0
*****************current image process time 	 12873.710485219955s ******************
Init pad right/bottom 0 / 0
*****************current image process time 	 12908.379567861557s ******************
Init pad right/bottom 0 / 0
*****************current image process time 	 12943.044808149338s ******************
Init pad right/bottom 0 / 0
*****************current image process time 	 12977.719020605087s ******************
Init pad right/bottom 0 / 0
*****************current image process time 	 13012.376888990402s ******************
Init pad right/bottom 0 / 0
*****************current image process time 	 13047.052118301392s ******************
Init pad right/bottom 0 / 0
*****************current image process time 	 13081.719204187393s ******************
Init pad right/bottom 0 / 0
*****************current image process time 	 13116.390511989594s ******************
Init pad right/bottom 0 / 0
*****************current image process time 	 13151.057958126068s ******************
Init pad right/bottom 0 / 0
*****************current image process time 	 13185.73018860817s ******************
Init pad right/bottom 0 / 0
*****************current image process time 	 13220.39151263237s ******************
Init pad right/bottom 0 / 0
*****************current image process time 	 13255.054677963257s ******************
Init pad right/bottom 0 / 0
*****************current image process time 	 13289.72351026535s ******************
Init pad right/bottom 0 / 0
*****************current image process time 	 13324.391080141068s ******************
Init pad right/bottom 0 / 0
*****************current image process time 	 13359.04969573021s ******************
Init pad right/bottom 0 / 0
*****************current image process time 	 13393.72228550911s ******************
Init pad right/bottom 0 / 0
*****************current image process time 	 13428.381031513214s ******************
Init pad right/bottom 0 / 0
*****************current image process time 	 13463.047467947006s ******************
Init pad right/bottom 0 / 0
*****************current image process time 	 13497.708656311035s ******************
Init pad right/bottom 0 / 0
*****************current image process time 	 13532.37431192398s ******************
Init pad right/bottom 0 / 0
*****************current image process time 	 13567.037410497665s ******************
Init pad right/bottom 0 / 0
*****************current image process time 	 13601.69740819931s ******************
Init pad right/bottom 0 / 0
*****************current image process time 	 13636.35358285904s ******************
Init pad right/bottom 0 / 0
*****************current image process time 	 13671.020387649536s ******************
Init pad right/bottom 0 / 0
*****************current image process time 	 13705.586878299713s ******************
Init pad right/bottom 0 / 0
*****************current image process time 	 13740.152472019196s ******************
Init pad right/bottom 0 / 0
*****************current image process time 	 13774.700783252716s ******************
Init pad right/bottom 0 / 0
*****************current image process time 	 13809.262161493301s ******************
Init pad right/bottom 0 / 0
*****************current image process time 	 13843.815456151962s ******************
Init pad right/bottom 0 / 0
*****************current image process time 	 13878.37740278244s ******************
Evaluate Folders:  30498888
Init pad right/bottom 0 / 0
*****************current image process time 	 13928.352260828018s ******************
Init pad right/bottom 0 / 0
*****************current image process time 	 13962.89641237259s ******************
Init pad right/bottom 0 / 0
*****************current image process time 	 13997.44252705574s ******************
Init pad right/bottom 0 / 0
*****************current image process time 	 14031.999949216843s ******************
Init pad right/bottom 0 / 0
*****************current image process time 	 14066.556473493576s ******************
Init pad right/bottom 0 / 0
*****************current image process time 	 14101.102661132812s ******************
Init pad right/bottom 0 / 0
*****************current image process time 	 14135.661664009094s ******************
Init pad right/bottom 0 / 0
*****************current image process time 	 14170.217155218124s ******************
Init pad right/bottom 0 / 0
*****************current image process time 	 14204.77086019516s ******************
Init pad right/bottom 0 / 0
*****************current image process time 	 14239.339758634567s ******************
Init pad right/bottom 0 / 0
*****************current image process time 	 14273.888539552689s ******************
Init pad right/bottom 0 / 0
*****************current image process time 	 14308.433347940445s ******************
Init pad right/bottom 0 / 0
*****************current image process time 	 14345.903362751007s ******************
Init pad right/bottom 0 / 0
*****************current image process time 	 14380.477729320526s ******************
Init pad right/bottom 0 / 0
*****************current image process time 	 14415.031130075455s ******************
Init pad right/bottom 0 / 0
*****************current image process time 	 14449.605333805084s ******************
Init pad right/bottom 0 / 0
*****************current image process time 	 14484.18781375885s ******************
Init pad right/bottom 0 / 0
*****************current image process time 	 14518.780908823013s ******************
Init pad right/bottom 0 / 0
*****************current image process time 	 14553.346768379211s ******************
Init pad right/bottom 0 / 0
*****************current image process time 	 14587.919753313065s ******************
Init pad right/bottom 0 / 0
*****************current image process time 	 14622.461697816849s ******************
Init pad right/bottom 0 / 0
*****************current image process time 	 14657.380568027496s ******************
Init pad right/bottom 0 / 0
*****************current image process time 	 14691.931587696075s ******************
Init pad right/bottom 0 / 0
*****************current image process time 	 14726.458265304565s ******************
Init pad right/bottom 0 / 0
*****************current image process time 	 14761.193143844604s ******************
Init pad right/bottom 0 / 0
*****************current image process time 	 14807.285486459732s ******************
Init pad right/bottom 0 / 0
*****************current image process time 	 14841.81316781044s ******************
Init pad right/bottom 0 / 0
*****************current image process time 	 14876.381133556366s ******************
Init pad right/bottom 0 / 0
*****************current image process time 	 14910.926760435104s ******************
Init pad right/bottom 0 / 0
*****************current image process time 	 14945.465535402298s ******************
Init pad right/bottom 0 / 0
*****************current image process time 	 14980.033040046692s ******************
Init pad right/bottom 0 / 0
*****************current image process time 	 15014.600568294525s ******************
Init pad right/bottom 0 / 0
*****************current image process time 	 15049.15073800087s ******************
Init pad right/bottom 0 / 0
*****************current image process time 	 15083.73361325264s ******************
Init pad right/bottom 0 / 0
*****************current image process time 	 15118.273745775223s ******************
Init pad right/bottom 0 / 0
*****************current image process time 	 15152.82626247406s ******************
Init pad right/bottom 0 / 0
*****************current image process time 	 15187.39378786087s ******************
Init pad right/bottom 0 / 0
*****************current image process time 	 15221.928300142288s ******************
Init pad right/bottom 0 / 0
*****************current image process time 	 15256.491863489151s ******************
Init pad right/bottom 0 / 0
*****************current image process time 	 15291.046130895615s ******************
Init pad right/bottom 0 / 0
*****************current image process time 	 15325.609112501144s ******************
Init pad right/bottom 0 / 0
*****************current image process time 	 15360.171423196793s ******************
Init pad right/bottom 0 / 0
*****************current image process time 	 15394.709835767746s ******************
Init pad right/bottom 0 / 0
*****************current image process time 	 15429.265238761902s ******************
Init pad right/bottom 0 / 0
*****************current image process time 	 15463.823686122894s ******************
Init pad right/bottom 0 / 0
*****************current image process time 	 15498.36180138588s ******************
Init pad right/bottom 0 / 0
*****************current image process time 	 15532.923140525818s ******************
Init pad right/bottom 0 / 0
*****************current image process time 	 15567.47770524025s ******************
Init pad right/bottom 0 / 0
*****************current image process time 	 15602.006544828415s ******************
Init pad right/bottom 0 / 0
*****************current image process time 	 15636.590178728104s ******************
Init pad right/bottom 0 / 0
*****************current image process time 	 15671.139683008194s ******************
Init pad right/bottom 0 / 0
*****************current image process time 	 15705.692697525024s ******************
Init pad right/bottom 0 / 0
*****************current image process time 	 15740.29208946228s ******************
Init pad right/bottom 0 / 0
*****************current image process time 	 15774.825495243073s ******************
Init pad right/bottom 0 / 0
*****************current image process time 	 15809.388906240463s ******************
Init pad right/bottom 0 / 0
*****************current image process time 	 15843.943107128143s ******************
Init pad right/bottom 0 / 0
*****************current image process time 	 15878.479538440704s ******************
Init pad right/bottom 0 / 0
*****************current image process time 	 15913.035542488098s ******************
Init pad right/bottom 0 / 0
*****************current image process time 	 15947.56026005745s ******************
Init pad right/bottom 0 / 0
*****************current image process time 	 15982.115038633347s ******************
Init pad right/bottom 0 / 0
*****************current image process time 	 16016.656489133835s ******************
Init pad right/bottom 0 / 0
*****************current image process time 	 16051.3334710598s ******************
Init pad right/bottom 0 / 0
*****************current image process time 	 16085.858513593674s ******************
Init pad right/bottom 0 / 0
*****************current image process time 	 16120.466422080994s ******************
Init pad right/bottom 0 / 0
*****************current image process time 	 16154.9984228611s ******************
Init pad right/bottom 0 / 0
*****************current image process time 	 16189.519838571548s ******************
Init pad right/bottom 0 / 0
*****************current image process time 	 16224.042378425598s ******************
Init pad right/bottom 0 / 0
*****************current image process time 	 16258.567862510681s ******************
Init pad right/bottom 0 / 0
*****************current image process time 	 16293.11543059349s ******************
Init pad right/bottom 0 / 0
*****************current image process time 	 16327.64584851265s ******************
Init pad right/bottom 0 / 0
*****************current image process time 	 16362.151235818863s ******************
Init pad right/bottom 0 / 0
*****************current image process time 	 16396.68697452545s ******************
Init pad right/bottom 0 / 0
*****************current image process time 	 16431.2027759552s ******************
Init pad right/bottom 0 / 0
*****************current image process time 	 16465.747418403625s ******************
Init pad right/bottom 0 / 0
*****************current image process time 	 16500.27384161949s ******************
Init pad right/bottom 0 / 0
*****************current image process time 	 16534.811598062515s ******************
Init pad right/bottom 0 / 0
*****************current image process time 	 16569.34095788002s ******************
Init pad right/bottom 0 / 0
*****************current image process time 	 16603.927720546722s ******************
Init pad right/bottom 0 / 0
*****************current image process time 	 16638.45768070221s ******************
Init pad right/bottom 0 / 0
*****************current image process time 	 16672.966057300568s ******************
Init pad right/bottom 0 / 0
*****************current image process time 	 16707.521696805954s ******************
Init pad right/bottom 0 / 0
*****************current image process time 	 16742.055396318436s ******************
Init pad right/bottom 0 / 0
*****************current image process time 	 16776.627422571182s ******************
Init pad right/bottom 0 / 0
*****************current image process time 	 16811.18590116501s ******************
Init pad right/bottom 0 / 0
*****************current image process time 	 16845.723750829697s ******************
Init pad right/bottom 0 / 0
*****************current image process time 	 16880.271070718765s ******************
Init pad right/bottom 0 / 0
*****************current image process time 	 16914.834544420242s ******************
Init pad right/bottom 0 / 0
*****************current image process time 	 16949.394072055817s ******************
Init pad right/bottom 0 / 0
*****************current image process time 	 16983.99533510208s ******************
Init pad right/bottom 0 / 0
*****************current image process time 	 17018.56147170067s ******************
Init pad right/bottom 0 / 0
*****************current image process time 	 17053.117741823196s ******************
Init pad right/bottom 0 / 0
*****************current image process time 	 17087.70838356018s ******************
Init pad right/bottom 0 / 0
*****************current image process time 	 17122.284747838974s ******************
Init pad right/bottom 0 / 0
*****************current image process time 	 17156.849731445312s ******************
Init pad right/bottom 0 / 0
*****************current image process time 	 17191.40758752823s ******************
Init pad right/bottom 0 / 0
*****************current image process time 	 17226.000814199448s ******************
Init pad right/bottom 0 / 0
*****************current image process time 	 17260.567736387253s ******************
Init pad right/bottom 0 / 0
*****************current image process time 	 17295.152023792267s ******************
Init pad right/bottom 0 / 0
*****************current image process time 	 17329.69703435898s ******************
Init pad right/bottom 0 / 0
*****************current image process time 	 17364.261558532715s ******************
