OrderedDict([('pretrain_model_G', '/mnt/lustre/shanghai/cmic/home/xyz18/experiments/train_EDVR_L_Preload_30000_nobug_ssim_11_LR_1e_5_suzhou_remove_baddata/models/latest_G.pth'), ('save_path', '/mnt/lustre/shanghai/cmic/home/xyz18/'), ('strict_load', True), ('resume_state', None)])
GPU  1
Evaluate Folders:  10852508
Init pad right/bottom 0 / 0
*****************current image process time 	 37.07403230667114s ******************
Init pad right/bottom 0 / 0
*****************current image process time 	 71.74755597114563s ******************
Init pad right/bottom 0 / 0
*****************current image process time 	 106.42854046821594s ******************
Init pad right/bottom 0 / 0
*****************current image process time 	 141.09400272369385s ******************
Init pad right/bottom 0 / 0
*****************current image process time 	 175.7542314529419s ******************
Init pad right/bottom 0 / 0
*****************current image process time 	 210.42575550079346s ******************
Init pad right/bottom 0 / 0
*****************current image process time 	 245.0688557624817s ******************
Init pad right/bottom 0 / 0
*****************current image process time 	 279.6962547302246s ******************
Init pad right/bottom 0 / 0
*****************current image process time 	 314.3336446285248s ******************
Init pad right/bottom 0 / 0
*****************current image process time 	 348.9623553752899s ******************
Init pad right/bottom 0 / 0
*****************current image process time 	 383.59167075157166s ******************
Init pad right/bottom 0 / 0
*****************current image process time 	 418.21718740463257s ******************
Init pad right/bottom 0 / 0
*****************current image process time 	 452.8849527835846s ******************
Init pad right/bottom 0 / 0
*****************current image process time 	 487.5121626853943s ******************
Init pad right/bottom 0 / 0
*****************current image process time 	 522.1321868896484s ******************
Init pad right/bottom 0 / 0
*****************current image process time 	 556.7650825977325s ******************
Init pad right/bottom 0 / 0
*****************current image process time 	 591.3876321315765s ******************
Init pad right/bottom 0 / 0
*****************current image process time 	 626.0212123394012s ******************
Init pad right/bottom 0 / 0
*****************current image process time 	 660.6611859798431s ******************
Init pad right/bottom 0 / 0
*****************current image process time 	 695.2918601036072s ******************
Init pad right/bottom 0 / 0
*****************current image process time 	 729.9138641357422s ******************
Init pad right/bottom 0 / 0
*****************current image process time 	 764.5386755466461s ******************
Init pad right/bottom 0 / 0
*****************current image process time 	 799.1647067070007s ******************
Init pad right/bottom 0 / 0
*****************current image process time 	 833.7821764945984s ******************
Init pad right/bottom 0 / 0
*****************current image process time 	 868.4039149284363s ******************
Init pad right/bottom 0 / 0
*****************current image process time 	 903.0287036895752s ******************
Init pad right/bottom 0 / 0
*****************current image process time 	 937.6499741077423s ******************
Init pad right/bottom 0 / 0
*****************current image process time 	 972.2752861976624s ******************
Init pad right/bottom 0 / 0
*****************current image process time 	 1006.8778278827667s ******************
Init pad right/bottom 0 / 0
*****************current image process time 	 1041.4903535842896s ******************
Init pad right/bottom 0 / 0
*****************current image process time 	 1076.1041882038116s ******************
Init pad right/bottom 0 / 0
*****************current image process time 	 1110.714293718338s ******************
Init pad right/bottom 0 / 0
*****************current image process time 	 1145.3309061527252s ******************
Init pad right/bottom 0 / 0
*****************current image process time 	 1179.9431040287018s ******************
Init pad right/bottom 0 / 0
*****************current image process time 	 1214.5527746677399s ******************
Init pad right/bottom 0 / 0
*****************current image process time 	 1249.1661586761475s ******************
Init pad right/bottom 0 / 0
*****************current image process time 	 1283.7815961837769s ******************
Init pad right/bottom 0 / 0
*****************current image process time 	 1318.3943371772766s ******************
Init pad right/bottom 0 / 0
*****************current image process time 	 1353.005865573883s ******************
Init pad right/bottom 0 / 0
*****************current image process time 	 1387.6209099292755s ******************
Init pad right/bottom 0 / 0
*****************current image process time 	 1422.240000486374s ******************
Init pad right/bottom 0 / 0
*****************current image process time 	 1456.8522531986237s ******************
Init pad right/bottom 0 / 0
*****************current image process time 	 1491.4643788337708s ******************
Init pad right/bottom 0 / 0
*****************current image process time 	 1526.086032152176s ******************
Init pad right/bottom 0 / 0
*****************current image process time 	 1560.7004663944244s ******************
Init pad right/bottom 0 / 0
*****************current image process time 	 1595.3192982673645s ******************
Init pad right/bottom 0 / 0
*****************current image process time 	 1629.9307584762573s ******************
Init pad right/bottom 0 / 0
*****************current image process time 	 1664.537155866623s ******************
Init pad right/bottom 0 / 0
*****************current image process time 	 1699.1539964675903s ******************
Init pad right/bottom 0 / 0
*****************current image process time 	 1733.7729647159576s ******************
Init pad right/bottom 0 / 0
*****************current image process time 	 1768.3875105381012s ******************
Init pad right/bottom 0 / 0
*****************current image process time 	 1803.009304523468s ******************
Init pad right/bottom 0 / 0
*****************current image process time 	 1837.6024622917175s ******************
Init pad right/bottom 0 / 0
*****************current image process time 	 1872.1843271255493s ******************
Init pad right/bottom 0 / 0
*****************current image process time 	 1906.7728343009949s ******************
Init pad right/bottom 0 / 0
*****************current image process time 	 1941.3531000614166s ******************
Init pad right/bottom 0 / 0
*****************current image process time 	 1975.941209077835s ******************
Init pad right/bottom 0 / 0
*****************current image process time 	 2010.548054933548s ******************
Init pad right/bottom 0 / 0
*****************current image process time 	 2045.1399583816528s ******************
Init pad right/bottom 0 / 0
*****************current image process time 	 2079.7281188964844s ******************
Init pad right/bottom 0 / 0
*****************current image process time 	 2114.3167712688446s ******************
Init pad right/bottom 0 / 0
*****************current image process time 	 2148.9115562438965s ******************
Init pad right/bottom 0 / 0
*****************current image process time 	 2183.5023913383484s ******************
Init pad right/bottom 0 / 0
*****************current image process time 	 2218.098519563675s ******************
Init pad right/bottom 0 / 0
*****************current image process time 	 2252.697174310684s ******************
Init pad right/bottom 0 / 0
*****************current image process time 	 2287.282564163208s ******************
Init pad right/bottom 0 / 0
*****************current image process time 	 2321.872668504715s ******************
Init pad right/bottom 0 / 0
*****************current image process time 	 2356.455108165741s ******************
Init pad right/bottom 0 / 0
*****************current image process time 	 2391.043407678604s ******************
Init pad right/bottom 0 / 0
*****************current image process time 	 2425.6261172294617s ******************
Init pad right/bottom 0 / 0
*****************current image process time 	 2460.211455345154s ******************
Init pad right/bottom 0 / 0
*****************current image process time 	 2494.8080067634583s ******************
Init pad right/bottom 0 / 0
*****************current image process time 	 2529.3918256759644s ******************
Init pad right/bottom 0 / 0
*****************current image process time 	 2563.9824192523956s ******************
Init pad right/bottom 0 / 0
*****************current image process time 	 2598.5845079421997s ******************
Init pad right/bottom 0 / 0
*****************current image process time 	 2633.18288898468s ******************
Init pad right/bottom 0 / 0
*****************current image process time 	 2667.771530866623s ******************
Init pad right/bottom 0 / 0
*****************current image process time 	 2702.370069026947s ******************
Init pad right/bottom 0 / 0
*****************current image process time 	 2736.965447664261s ******************
Init pad right/bottom 0 / 0
*****************current image process time 	 2771.56782913208s ******************
Init pad right/bottom 0 / 0
*****************current image process time 	 2806.163670539856s ******************
Init pad right/bottom 0 / 0
*****************current image process time 	 2840.7587854862213s ******************
Init pad right/bottom 0 / 0
*****************current image process time 	 2875.357373714447s ******************
Init pad right/bottom 0 / 0
*****************current image process time 	 2909.9608006477356s ******************
Init pad right/bottom 0 / 0
*****************current image process time 	 2944.5596437454224s ******************
Init pad right/bottom 0 / 0
*****************current image process time 	 2979.159828186035s ******************
Init pad right/bottom 0 / 0
*****************current image process time 	 3013.7605476379395s ******************
Init pad right/bottom 0 / 0
*****************current image process time 	 3048.362329721451s ******************
Init pad right/bottom 0 / 0
*****************current image process time 	 3082.9697937965393s ******************
Init pad right/bottom 0 / 0
*****************current image process time 	 3117.57971739769s ******************
Init pad right/bottom 0 / 0
*****************current image process time 	 3152.1805169582367s ******************
Init pad right/bottom 0 / 0
*****************current image process time 	 3186.78075504303s ******************
Init pad right/bottom 0 / 0
*****************current image process time 	 3221.386374950409s ******************
Init pad right/bottom 0 / 0
*****************current image process time 	 3255.9852023124695s ******************
Init pad right/bottom 0 / 0
*****************current image process time 	 3290.5792920589447s ******************
Init pad right/bottom 0 / 0
*****************current image process time 	 3325.1865208148956s ******************
Init pad right/bottom 0 / 0
*****************current image process time 	 3359.7811114788055s ******************
Init pad right/bottom 0 / 0
*****************current image process time 	 3394.3845677375793s ******************
Init pad right/bottom 0 / 0
*****************current image process time 	 3428.9957196712494s ******************
Init pad right/bottom 0 / 0
*****************current image process time 	 3463.60156583786s ******************
Evaluate Folders:  11314278
Init pad right/bottom 0 / 0
*****************current image process time 	 3503.503624200821s ******************
Init pad right/bottom 0 / 0
*****************current image process time 	 3538.0805819034576s ******************
Init pad right/bottom 0 / 0
*****************current image process time 	 3572.652015209198s ******************
Init pad right/bottom 0 / 0
*****************current image process time 	 3607.2342562675476s ******************
Init pad right/bottom 0 / 0
*****************current image process time 	 3641.8069126605988s ******************
Init pad right/bottom 0 / 0
*****************current image process time 	 3676.3794083595276s ******************
Init pad right/bottom 0 / 0
*****************current image process time 	 3710.951014280319s ******************
Init pad right/bottom 0 / 0
*****************current image process time 	 3745.5349543094635s ******************
Init pad right/bottom 0 / 0
*****************current image process time 	 3780.1064574718475s ******************
Init pad right/bottom 0 / 0
*****************current image process time 	 3814.685699224472s ******************
Init pad right/bottom 0 / 0
*****************current image process time 	 3849.2647874355316s ******************
Init pad right/bottom 0 / 0
*****************current image process time 	 3883.838167667389s ******************
Init pad right/bottom 0 / 0
*****************current image process time 	 3918.8351335525513s ******************
Init pad right/bottom 0 / 0
*****************current image process time 	 3953.4439334869385s ******************
Init pad right/bottom 0 / 0
*****************current image process time 	 3988.0180900096893s ******************
Init pad right/bottom 0 / 0
*****************current image process time 	 4022.591260433197s ******************
Init pad right/bottom 0 / 0
*****************current image process time 	 4057.1700627803802s ******************
Init pad right/bottom 0 / 0
*****************current image process time 	 4091.7482941150665s ******************
Init pad right/bottom 0 / 0
*****************current image process time 	 4126.325388908386s ******************
Init pad right/bottom 0 / 0
*****************current image process time 	 4160.900370359421s ******************
Init pad right/bottom 0 / 0
*****************current image process time 	 4195.477420806885s ******************
Init pad right/bottom 0 / 0
*****************current image process time 	 4230.050145626068s ******************
Init pad right/bottom 0 / 0
*****************current image process time 	 4264.632811307907s ******************
Init pad right/bottom 0 / 0
*****************current image process time 	 4299.206660032272s ******************
Init pad right/bottom 0 / 0
*****************current image process time 	 4333.790591716766s ******************
Init pad right/bottom 0 / 0
*****************current image process time 	 4368.380085706711s ******************
Init pad right/bottom 0 / 0
*****************current image process time 	 4402.957426786423s ******************
Init pad right/bottom 0 / 0
*****************current image process time 	 4437.542015552521s ******************
Init pad right/bottom 0 / 0
*****************current image process time 	 4472.1174466609955s ******************
Init pad right/bottom 0 / 0
*****************current image process time 	 4506.694433689117s ******************
Init pad right/bottom 0 / 0
*****************current image process time 	 4541.272615909576s ******************
Init pad right/bottom 0 / 0
*****************current image process time 	 4575.845384836197s ******************
Init pad right/bottom 0 / 0
*****************current image process time 	 4610.418931484222s ******************
Init pad right/bottom 0 / 0
*****************current image process time 	 4644.995642185211s ******************
Init pad right/bottom 0 / 0
*****************current image process time 	 4679.568132400513s ******************
Init pad right/bottom 0 / 0
*****************current image process time 	 4714.140962839127s ******************
Init pad right/bottom 0 / 0
*****************current image process time 	 4748.715847253799s ******************
Init pad right/bottom 0 / 0
*****************current image process time 	 4783.291606903076s ******************
Init pad right/bottom 0 / 0
*****************current image process time 	 4817.865966320038s ******************
Init pad right/bottom 0 / 0
*****************current image process time 	 4852.450743675232s ******************
Init pad right/bottom 0 / 0
*****************current image process time 	 4887.037402629852s ******************
Init pad right/bottom 0 / 0
*****************current image process time 	 4921.618900060654s ******************
Init pad right/bottom 0 / 0
*****************current image process time 	 4956.195039987564s ******************
Init pad right/bottom 0 / 0
*****************current image process time 	 4990.774564981461s ******************
Init pad right/bottom 0 / 0
*****************current image process time 	 5025.351118803024s ******************
Init pad right/bottom 0 / 0
*****************current image process time 	 5059.941328048706s ******************
Init pad right/bottom 0 / 0
*****************current image process time 	 5094.518197059631s ******************
Init pad right/bottom 0 / 0
*****************current image process time 	 5129.0981504917145s ******************
Init pad right/bottom 0 / 0
*****************current image process time 	 5163.67676782608s ******************
Init pad right/bottom 0 / 0
*****************current image process time 	 5198.25542140007s ******************
Init pad right/bottom 0 / 0
*****************current image process time 	 5232.83739733696s ******************
Init pad right/bottom 0 / 0
*****************current image process time 	 5267.418543577194s ******************
Init pad right/bottom 0 / 0
*****************current image process time 	 5302.001600265503s ******************
Init pad right/bottom 0 / 0
*****************current image process time 	 5336.589005947113s ******************
Init pad right/bottom 0 / 0
*****************current image process time 	 5371.172677755356s ******************
Init pad right/bottom 0 / 0
*****************current image process time 	 5405.757409572601s ******************
Init pad right/bottom 0 / 0
*****************current image process time 	 5440.342399835587s ******************
Init pad right/bottom 0 / 0
*****************current image process time 	 5474.916339635849s ******************
Init pad right/bottom 0 / 0
*****************current image process time 	 5509.496903896332s ******************
Init pad right/bottom 0 / 0
*****************current image process time 	 5544.0781881809235s ******************
Init pad right/bottom 0 / 0
*****************current image process time 	 5578.649699926376s ******************
Init pad right/bottom 0 / 0
*****************current image process time 	 5613.227473735809s ******************
Init pad right/bottom 0 / 0
*****************current image process time 	 5647.810854911804s ******************
Init pad right/bottom 0 / 0
*****************current image process time 	 5682.38015460968s ******************
Init pad right/bottom 0 / 0
*****************current image process time 	 5716.944348812103s ******************
Init pad right/bottom 0 / 0
*****************current image process time 	 5751.526781797409s ******************
Init pad right/bottom 0 / 0
*****************current image process time 	 5786.096221923828s ******************
Init pad right/bottom 0 / 0
*****************current image process time 	 5820.66641163826s ******************
Init pad right/bottom 0 / 0
*****************current image process time 	 5855.233438253403s ******************
Init pad right/bottom 0 / 0
*****************current image process time 	 5889.80622792244s ******************
Init pad right/bottom 0 / 0
*****************current image process time 	 5924.373362779617s ******************
Init pad right/bottom 0 / 0
*****************current image process time 	 5958.9444415569305s ******************
Init pad right/bottom 0 / 0
*****************current image process time 	 5993.519886255264s ******************
Init pad right/bottom 0 / 0
*****************current image process time 	 6028.094683170319s ******************
Init pad right/bottom 0 / 0
*****************current image process time 	 6062.67037987709s ******************
Init pad right/bottom 0 / 0
*****************current image process time 	 6097.238195896149s ******************
Init pad right/bottom 0 / 0
*****************current image process time 	 6131.809357404709s ******************
Init pad right/bottom 0 / 0
*****************current image process time 	 6166.3765461444855s ******************
Init pad right/bottom 0 / 0
*****************current image process time 	 6200.9461324214935s ******************
Init pad right/bottom 0 / 0
*****************current image process time 	 6235.522384643555s ******************
Init pad right/bottom 0 / 0
*****************current image process time 	 6270.110602855682s ******************
Init pad right/bottom 0 / 0
*****************current image process time 	 6304.675572633743s ******************
Init pad right/bottom 0 / 0
*****************current image process time 	 6339.27272939682s ******************
Init pad right/bottom 0 / 0
*****************current image process time 	 6373.841755628586s ******************
Init pad right/bottom 0 / 0
*****************current image process time 	 6408.421642303467s ******************
Init pad right/bottom 0 / 0
*****************current image process time 	 6442.986382007599s ******************
Init pad right/bottom 0 / 0
*****************current image process time 	 6477.55894446373s ******************
Init pad right/bottom 0 / 0
*****************current image process time 	 6512.150564908981s ******************
Init pad right/bottom 0 / 0
*****************current image process time 	 6546.715733528137s ******************
Init pad right/bottom 0 / 0
*****************current image process time 	 6581.288895845413s ******************
Init pad right/bottom 0 / 0
*****************current image process time 	 6615.861493349075s ******************
Init pad right/bottom 0 / 0
*****************current image process time 	 6650.438502788544s ******************
Init pad right/bottom 0 / 0
*****************current image process time 	 6685.013985872269s ******************
Init pad right/bottom 0 / 0
*****************current image process time 	 6719.591817617416s ******************
Init pad right/bottom 0 / 0
*****************current image process time 	 6754.163209676743s ******************
Init pad right/bottom 0 / 0
*****************current image process time 	 6788.747829437256s ******************
Init pad right/bottom 0 / 0
*****************current image process time 	 6823.320102214813s ******************
Init pad right/bottom 0 / 0
*****************current image process time 	 6857.90118432045s ******************
Init pad right/bottom 0 / 0
*****************current image process time 	 6892.484100818634s ******************
Init pad right/bottom 0 / 0
*****************current image process time 	 6927.065678358078s ******************
Evaluate Folders:  11559568
Init pad right/bottom 0 / 0
*****************current image process time 	 6970.830204486847s ******************
Init pad right/bottom 0 / 0
*****************current image process time 	 7005.509472846985s ******************
Init pad right/bottom 0 / 0
*****************current image process time 	 7040.1924657821655s ******************
Init pad right/bottom 0 / 0
*****************current image process time 	 7074.881621837616s ******************
Init pad right/bottom 0 / 0
*****************current image process time 	 7109.579851388931s ******************
Init pad right/bottom 0 / 0
*****************current image process time 	 7144.2625432014465s ******************
Init pad right/bottom 0 / 0
*****************current image process time 	 7178.943839550018s ******************
Init pad right/bottom 0 / 0
*****************current image process time 	 7213.620254516602s ******************
Init pad right/bottom 0 / 0
*****************current image process time 	 7248.2935795784s ******************
Init pad right/bottom 0 / 0
*****************current image process time 	 7282.975803852081s ******************
Init pad right/bottom 0 / 0
*****************current image process time 	 7317.661916017532s ******************
Init pad right/bottom 0 / 0
*****************current image process time 	 7352.350689411163s ******************
Init pad right/bottom 0 / 0
*****************current image process time 	 7387.034569501877s ******************
Init pad right/bottom 0 / 0
*****************current image process time 	 7422.389899492264s ******************
Init pad right/bottom 0 / 0
*****************current image process time 	 7457.169030427933s ******************
Init pad right/bottom 0 / 0
*****************current image process time 	 7491.851333141327s ******************
Init pad right/bottom 0 / 0
*****************current image process time 	 7526.522544145584s ******************
Init pad right/bottom 0 / 0
*****************current image process time 	 7561.192662000656s ******************
Init pad right/bottom 0 / 0
*****************current image process time 	 7595.8591141700745s ******************
Init pad right/bottom 0 / 0
*****************current image process time 	 7630.525553226471s ******************
Init pad right/bottom 0 / 0
*****************current image process time 	 7665.196497440338s ******************
Init pad right/bottom 0 / 0
*****************current image process time 	 7699.8688271045685s ******************
Init pad right/bottom 0 / 0
*****************current image process time 	 7734.540426015854s ******************
Init pad right/bottom 0 / 0
*****************current image process time 	 7769.222964525223s ******************
Init pad right/bottom 0 / 0
*****************current image process time 	 7803.906526565552s ******************
Init pad right/bottom 0 / 0
*****************current image process time 	 7838.596856594086s ******************
Init pad right/bottom 0 / 0
*****************current image process time 	 7873.707667589188s ******************
Init pad right/bottom 0 / 0
*****************current image process time 	 7908.497163057327s ******************
Init pad right/bottom 0 / 0
*****************current image process time 	 7943.175267934799s ******************
Init pad right/bottom 0 / 0
*****************current image process time 	 7977.855936527252s ******************
Init pad right/bottom 0 / 0
*****************current image process time 	 8012.53698682785s ******************
Init pad right/bottom 0 / 0
*****************current image process time 	 8047.274990081787s ******************
Init pad right/bottom 0 / 0
*****************current image process time 	 8082.012294769287s ******************
Init pad right/bottom 0 / 0
*****************current image process time 	 8116.74192905426s ******************
Init pad right/bottom 0 / 0
*****************current image process time 	 8151.4668345451355s ******************
Init pad right/bottom 0 / 0
*****************current image process time 	 8186.201313257217s ******************
Init pad right/bottom 0 / 0
*****************current image process time 	 8220.92584681511s ******************
Init pad right/bottom 0 / 0
*****************current image process time 	 8255.658444166183s ******************
Init pad right/bottom 0 / 0
*****************current image process time 	 8290.390264034271s ******************
Init pad right/bottom 0 / 0
*****************current image process time 	 8325.118644952774s ******************
Init pad right/bottom 0 / 0
*****************current image process time 	 8359.840314626694s ******************
Init pad right/bottom 0 / 0
*****************current image process time 	 8394.572570085526s ******************
Init pad right/bottom 0 / 0
*****************current image process time 	 8429.29992032051s ******************
Init pad right/bottom 0 / 0
*****************current image process time 	 8464.03124332428s ******************
Init pad right/bottom 0 / 0
*****************current image process time 	 8498.765517950058s ******************
Init pad right/bottom 0 / 0
*****************current image process time 	 8533.484131097794s ******************
Init pad right/bottom 0 / 0
*****************current image process time 	 8568.20757818222s ******************
Init pad right/bottom 0 / 0
*****************current image process time 	 8602.958306789398s ******************
Init pad right/bottom 0 / 0
*****************current image process time 	 8637.681550264359s ******************
Init pad right/bottom 0 / 0
*****************current image process time 	 8672.403312206268s ******************
Init pad right/bottom 0 / 0
*****************current image process time 	 8707.123708724976s ******************
Init pad right/bottom 0 / 0
*****************current image process time 	 8741.846886634827s ******************
Init pad right/bottom 0 / 0
*****************current image process time 	 8776.592878341675s ******************
Init pad right/bottom 0 / 0
*****************current image process time 	 8811.337355136871s ******************
Init pad right/bottom 0 / 0
*****************current image process time 	 8846.071822166443s ******************
Init pad right/bottom 0 / 0
*****************current image process time 	 8880.801119804382s ******************
Init pad right/bottom 0 / 0
*****************current image process time 	 8915.517604589462s ******************
Init pad right/bottom 0 / 0
*****************current image process time 	 8950.465893268585s ******************
Init pad right/bottom 0 / 0
*****************current image process time 	 8985.90327334404s ******************
Init pad right/bottom 0 / 0
*****************current image process time 	 9020.623046398163s ******************
Init pad right/bottom 0 / 0
*****************current image process time 	 9055.453777074814s ******************
Init pad right/bottom 0 / 0
*****************current image process time 	 9090.174236774445s ******************
Init pad right/bottom 0 / 0
*****************current image process time 	 9124.895238637924s ******************
Init pad right/bottom 0 / 0
*****************current image process time 	 9159.513417243958s ******************
Init pad right/bottom 0 / 0
*****************current image process time 	 9194.117848396301s ******************
Init pad right/bottom 0 / 0
*****************current image process time 	 9228.726438999176s ******************
Init pad right/bottom 0 / 0
*****************current image process time 	 9263.333733558655s ******************
Init pad right/bottom 0 / 0
*****************current image process time 	 9297.94315958023s ******************
Init pad right/bottom 0 / 0
*****************current image process time 	 9332.55240368843s ******************
Init pad right/bottom 0 / 0
*****************current image process time 	 9367.156210422516s ******************
Init pad right/bottom 0 / 0
*****************current image process time 	 9401.762989282608s ******************
Init pad right/bottom 0 / 0
*****************current image process time 	 9436.363283395767s ******************
Init pad right/bottom 0 / 0
*****************current image process time 	 9470.97456908226s ******************
Init pad right/bottom 0 / 0
*****************current image process time 	 9505.590542554855s ******************
Init pad right/bottom 0 / 0
*****************current image process time 	 9540.201110839844s ******************
Init pad right/bottom 0 / 0
*****************current image process time 	 9575.007634878159s ******************
Init pad right/bottom 0 / 0
*****************current image process time 	 9609.616958141327s ******************
Init pad right/bottom 0 / 0
*****************current image process time 	 9644.235470294952s ******************
Init pad right/bottom 0 / 0
*****************current image process time 	 9678.848739385605s ******************
Init pad right/bottom 0 / 0
*****************current image process time 	 9713.524271726608s ******************
Init pad right/bottom 0 / 0
*****************current image process time 	 9748.430877923965s ******************
Init pad right/bottom 0 / 0
*****************current image process time 	 9783.034404277802s ******************
Init pad right/bottom 0 / 0
*****************current image process time 	 9817.635006666183s ******************
Init pad right/bottom 0 / 0
*****************current image process time 	 9852.452463388443s ******************
Init pad right/bottom 0 / 0
*****************current image process time 	 9887.062611579895s ******************
Init pad right/bottom 0 / 0
*****************current image process time 	 9921.665454626083s ******************
Init pad right/bottom 0 / 0
*****************current image process time 	 9956.278227090836s ******************
Init pad right/bottom 0 / 0
*****************current image process time 	 9990.881567955017s ******************
Init pad right/bottom 0 / 0
*****************current image process time 	 10025.485533952713s ******************
Init pad right/bottom 0 / 0
*****************current image process time 	 10060.080238342285s ******************
Init pad right/bottom 0 / 0
*****************current image process time 	 10094.681411981583s ******************
Init pad right/bottom 0 / 0
*****************current image process time 	 10129.279211997986s ******************
Init pad right/bottom 0 / 0
*****************current image process time 	 10163.86384010315s ******************
Init pad right/bottom 0 / 0
*****************current image process time 	 10198.456062555313s ******************
Init pad right/bottom 0 / 0
*****************current image process time 	 10233.058473110199s ******************
Init pad right/bottom 0 / 0
*****************current image process time 	 10267.658986091614s ******************
Init pad right/bottom 0 / 0
*****************current image process time 	 10302.246884584427s ******************
Init pad right/bottom 0 / 0
*****************current image process time 	 10336.840799093246s ******************
Init pad right/bottom 0 / 0
*****************current image process time 	 10371.437943935394s ******************
Init pad right/bottom 0 / 0
*****************current image process time 	 10406.029985666275s ******************
Evaluate Folders:  12868820
Init pad right/bottom 0 / 0
*****************current image process time 	 10449.351435899734s ******************
Init pad right/bottom 0 / 0
*****************current image process time 	 10483.985129594803s ******************
Init pad right/bottom 0 / 0
*****************current image process time 	 10518.61853814125s ******************
Init pad right/bottom 0 / 0
*****************current image process time 	 10553.256382465363s ******************
Init pad right/bottom 0 / 0
*****************current image process time 	 10587.893455982208s ******************
Init pad right/bottom 0 / 0
*****************current image process time 	 10622.532089233398s ******************
Init pad right/bottom 0 / 0
*****************current image process time 	 10657.165393590927s ******************
Init pad right/bottom 0 / 0
*****************current image process time 	 10691.797904729843s ******************
Init pad right/bottom 0 / 0
*****************current image process time 	 10726.43419122696s ******************
Init pad right/bottom 0 / 0
*****************current image process time 	 10761.519885540009s ******************
Init pad right/bottom 0 / 0
*****************current image process time 	 10796.14908194542s ******************
Init pad right/bottom 0 / 0
*****************current image process time 	 10830.785820484161s ******************
Init pad right/bottom 0 / 0
*****************current image process time 	 10865.408713817596s ******************
Init pad right/bottom 0 / 0
*****************current image process time 	 10900.044398069382s ******************
Init pad right/bottom 0 / 0
*****************current image process time 	 10934.693817853928s ******************
Init pad right/bottom 0 / 0
*****************current image process time 	 10969.692794084549s ******************
Init pad right/bottom 0 / 0
*****************current image process time 	 11004.329273223877s ******************
Init pad right/bottom 0 / 0
*****************current image process time 	 11038.969216823578s ******************
Init pad right/bottom 0 / 0
*****************current image process time 	 11073.611770153046s ******************
Init pad right/bottom 0 / 0
*****************current image process time 	 11108.246118068695s ******************
Init pad right/bottom 0 / 0
*****************current image process time 	 11151.760195970535s ******************
Init pad right/bottom 0 / 0
*****************current image process time 	 11186.403186559677s ******************
Init pad right/bottom 0 / 0
*****************current image process time 	 11221.036676168442s ******************
Init pad right/bottom 0 / 0
*****************current image process time 	 11255.679987430573s ******************
Init pad right/bottom 0 / 0
*****************current image process time 	 11290.322482824326s ******************
Init pad right/bottom 0 / 0
*****************current image process time 	 11324.964999198914s ******************
Init pad right/bottom 0 / 0
*****************current image process time 	 11359.60532617569s ******************
Init pad right/bottom 0 / 0
*****************current image process time 	 11394.246208190918s ******************
Init pad right/bottom 0 / 0
*****************current image process time 	 11428.88751077652s ******************
Init pad right/bottom 0 / 0
*****************current image process time 	 11463.537100791931s ******************
Init pad right/bottom 0 / 0
*****************current image process time 	 11498.176932573318s ******************
Init pad right/bottom 0 / 0
*****************current image process time 	 11532.848873138428s ******************
Init pad right/bottom 0 / 0
*****************current image process time 	 11567.485585689545s ******************
Init pad right/bottom 0 / 0
*****************current image process time 	 11602.133345127106s ******************
Init pad right/bottom 0 / 0
*****************current image process time 	 11636.783105134964s ******************
Init pad right/bottom 0 / 0
*****************current image process time 	 11671.428967475891s ******************
Init pad right/bottom 0 / 0
*****************current image process time 	 11706.075687646866s ******************
Init pad right/bottom 0 / 0
*****************current image process time 	 11740.727990865707s ******************
Init pad right/bottom 0 / 0
*****************current image process time 	 11775.367725610733s ******************
Init pad right/bottom 0 / 0
*****************current image process time 	 11810.024721384048s ******************
Init pad right/bottom 0 / 0
*****************current image process time 	 11844.69870877266s ******************
Init pad right/bottom 0 / 0
*****************current image process time 	 11879.368088245392s ******************
Init pad right/bottom 0 / 0
*****************current image process time 	 11914.035785675049s ******************
Init pad right/bottom 0 / 0
*****************current image process time 	 11948.699309825897s ******************
Init pad right/bottom 0 / 0
*****************current image process time 	 11983.343090772629s ******************
Init pad right/bottom 0 / 0
*****************current image process time 	 12017.989191532135s ******************
Init pad right/bottom 0 / 0
*****************current image process time 	 12052.621001005173s ******************
Init pad right/bottom 0 / 0
*****************current image process time 	 12087.26008939743s ******************
Init pad right/bottom 0 / 0
*****************current image process time 	 12121.91803765297s ******************
Init pad right/bottom 0 / 0
*****************current image process time 	 12156.558193683624s ******************
Init pad right/bottom 0 / 0
*****************current image process time 	 12191.202366828918s ******************
Init pad right/bottom 0 / 0
*****************current image process time 	 12225.846847295761s ******************
Init pad right/bottom 0 / 0
*****************current image process time 	 12260.487439393997s ******************
Init pad right/bottom 0 / 0
*****************current image process time 	 12295.13882613182s ******************
Init pad right/bottom 0 / 0
*****************current image process time 	 12329.786646604538s ******************
Init pad right/bottom 0 / 0
*****************current image process time 	 12364.431318998337s ******************
Init pad right/bottom 0 / 0
*****************current image process time 	 12399.078637361526s ******************
Init pad right/bottom 0 / 0
*****************current image process time 	 12433.72275185585s ******************
Init pad right/bottom 0 / 0
*****************current image process time 	 12468.36795949936s ******************
Init pad right/bottom 0 / 0
*****************current image process time 	 12503.020519733429s ******************
Init pad right/bottom 0 / 0
*****************current image process time 	 12537.660024404526s ******************
Init pad right/bottom 0 / 0
*****************current image process time 	 12572.310726165771s ******************
Init pad right/bottom 0 / 0
*****************current image process time 	 12606.959254741669s ******************
Init pad right/bottom 0 / 0
*****************current image process time 	 12641.624598264694s ******************
Init pad right/bottom 0 / 0
*****************current image process time 	 12676.263093471527s ******************
Init pad right/bottom 0 / 0
*****************current image process time 	 12710.911628723145s ******************
Init pad right/bottom 0 / 0
*****************current image process time 	 12745.554876089096s ******************
Init pad right/bottom 0 / 0
*****************current image process time 	 12780.202767848969s ******************
Init pad right/bottom 0 / 0
*****************current image process time 	 12814.845289945602s ******************
Init pad right/bottom 0 / 0
*****************current image process time 	 12849.496465682983s ******************
Init pad right/bottom 0 / 0
*****************current image process time 	 12884.13568353653s ******************
Init pad right/bottom 0 / 0
*****************current image process time 	 12918.780133724213s ******************
Init pad right/bottom 0 / 0
*****************current image process time 	 12953.42443037033s ******************
Init pad right/bottom 0 / 0
*****************current image process time 	 12988.077401638031s ******************
Init pad right/bottom 0 / 0
*****************current image process time 	 13022.724625349045s ******************
Init pad right/bottom 0 / 0
*****************current image process time 	 13057.370776176453s ******************
Init pad right/bottom 0 / 0
*****************current image process time 	 13092.011892795563s ******************
Init pad right/bottom 0 / 0
*****************current image process time 	 13126.656401872635s ******************
Init pad right/bottom 0 / 0
*****************current image process time 	 13161.305692434311s ******************
Init pad right/bottom 0 / 0
*****************current image process time 	 13195.9537088871s ******************
Init pad right/bottom 0 / 0
*****************current image process time 	 13230.596410036087s ******************
Init pad right/bottom 0 / 0
*****************current image process time 	 13265.238466739655s ******************
Init pad right/bottom 0 / 0
*****************current image process time 	 13299.88263463974s ******************
Init pad right/bottom 0 / 0
*****************current image process time 	 13334.52393579483s ******************
Init pad right/bottom 0 / 0
*****************current image process time 	 13369.161757469177s ******************
Init pad right/bottom 0 / 0
*****************current image process time 	 13403.807151317596s ******************
Init pad right/bottom 0 / 0
*****************current image process time 	 13438.447756528854s ******************
Init pad right/bottom 0 / 0
*****************current image process time 	 13473.080652236938s ******************
Init pad right/bottom 0 / 0
*****************current image process time 	 13507.719486951828s ******************
Init pad right/bottom 0 / 0
*****************current image process time 	 13542.353016376495s ******************
Init pad right/bottom 0 / 0
*****************current image process time 	 13576.987619876862s ******************
Init pad right/bottom 0 / 0
*****************current image process time 	 13611.627225399017s ******************
Init pad right/bottom 0 / 0
*****************current image process time 	 13646.254262447357s ******************
Init pad right/bottom 0 / 0
*****************current image process time 	 13680.884669542313s ******************
Init pad right/bottom 0 / 0
*****************current image process time 	 13715.516604185104s ******************
Init pad right/bottom 0 / 0
*****************current image process time 	 13750.136890411377s ******************
Init pad right/bottom 0 / 0
*****************current image process time 	 13784.735504627228s ******************
Init pad right/bottom 0 / 0
*****************current image process time 	 13819.334718704224s ******************
Init pad right/bottom 0 / 0
*****************current image process time 	 13853.928646326065s ******************
Init pad right/bottom 0 / 0
*****************current image process time 	 13888.53481221199s ******************
Evaluate Folders:  13142307
Init pad right/bottom 0 / 0
*****************current image process time 	 13937.185105085373s ******************
Init pad right/bottom 0 / 0
*****************current image process time 	 13971.750046730042s ******************
Init pad right/bottom 0 / 0
*****************current image process time 	 14006.33086514473s ******************
Init pad right/bottom 0 / 0
*****************current image process time 	 14040.955289125443s ******************
Init pad right/bottom 0 / 0
*****************current image process time 	 14075.525597333908s ******************
Init pad right/bottom 0 / 0
*****************current image process time 	 14110.110010385513s ******************
Init pad right/bottom 0 / 0
*****************current image process time 	 14144.684118032455s ******************
Init pad right/bottom 0 / 0
*****************current image process time 	 14179.264874458313s ******************
Init pad right/bottom 0 / 0
*****************current image process time 	 14213.84236907959s ******************
Init pad right/bottom 0 / 0
*****************current image process time 	 14248.405917167664s ******************
Init pad right/bottom 0 / 0
*****************current image process time 	 14282.974571466446s ******************
Init pad right/bottom 0 / 0
*****************current image process time 	 14317.540409326553s ******************
Init pad right/bottom 0 / 0
*****************current image process time 	 14352.1172144413s ******************
Init pad right/bottom 0 / 0
*****************current image process time 	 14386.690779209137s ******************
Init pad right/bottom 0 / 0
*****************current image process time 	 14421.27894282341s ******************
Init pad right/bottom 0 / 0
*****************current image process time 	 14455.859216213226s ******************
Init pad right/bottom 0 / 0
*****************current image process time 	 14490.445760250092s ******************
Init pad right/bottom 0 / 0
*****************current image process time 	 14525.02672958374s ******************
Init pad right/bottom 0 / 0
*****************current image process time 	 14559.665517807007s ******************
Init pad right/bottom 0 / 0
*****************current image process time 	 14594.249920606613s ******************
Init pad right/bottom 0 / 0
*****************current image process time 	 14628.848780155182s ******************
Init pad right/bottom 0 / 0
*****************current image process time 	 14663.436814069748s ******************
Init pad right/bottom 0 / 0
*****************current image process time 	 14698.034890890121s ******************
Init pad right/bottom 0 / 0
*****************current image process time 	 14732.631982803345s ******************
Init pad right/bottom 0 / 0
*****************current image process time 	 14767.313833236694s ******************
Init pad right/bottom 0 / 0
*****************current image process time 	 14813.477308750153s ******************
Init pad right/bottom 0 / 0
*****************current image process time 	 14848.073315143585s ******************
Init pad right/bottom 0 / 0
*****************current image process time 	 14882.667897701263s ******************
Init pad right/bottom 0 / 0
*****************current image process time 	 14917.274514913559s ******************
Init pad right/bottom 0 / 0
*****************current image process time 	 14951.880390405655s ******************
Init pad right/bottom 0 / 0
*****************current image process time 	 14986.46521639824s ******************
Init pad right/bottom 0 / 0
*****************current image process time 	 15021.062270402908s ******************
Init pad right/bottom 0 / 0
*****************current image process time 	 15055.659267663956s ******************
Init pad right/bottom 0 / 0
*****************current image process time 	 15090.258785009384s ******************
Init pad right/bottom 0 / 0
*****************current image process time 	 15124.902685165405s ******************
Init pad right/bottom 0 / 0
*****************current image process time 	 15159.501411914825s ******************
Init pad right/bottom 0 / 0
*****************current image process time 	 15194.09044790268s ******************
Init pad right/bottom 0 / 0
*****************current image process time 	 15228.68547463417s ******************
Init pad right/bottom 0 / 0
*****************current image process time 	 15263.280841827393s ******************
Init pad right/bottom 0 / 0
*****************current image process time 	 15297.886314868927s ******************
Init pad right/bottom 0 / 0
*****************current image process time 	 15332.486162185669s ******************
Init pad right/bottom 0 / 0
*****************current image process time 	 15367.086291074753s ******************
Init pad right/bottom 0 / 0
*****************current image process time 	 15401.684958934784s ******************
Init pad right/bottom 0 / 0
*****************current image process time 	 15436.28340959549s ******************
Init pad right/bottom 0 / 0
*****************current image process time 	 15470.88048505783s ******************
Init pad right/bottom 0 / 0
*****************current image process time 	 15505.491502285004s ******************
Init pad right/bottom 0 / 0
*****************current image process time 	 15540.10254073143s ******************
Init pad right/bottom 0 / 0
*****************current image process time 	 15574.733909845352s ******************
Init pad right/bottom 0 / 0
*****************current image process time 	 15609.328873157501s ******************
Init pad right/bottom 0 / 0
*****************current image process time 	 15643.926395893097s ******************
Init pad right/bottom 0 / 0
*****************current image process time 	 15678.531777858734s ******************
Init pad right/bottom 0 / 0
*****************current image process time 	 15713.160372495651s ******************
Init pad right/bottom 0 / 0
*****************current image process time 	 15747.762604951859s ******************
Init pad right/bottom 0 / 0
*****************current image process time 	 15782.36177444458s ******************
Init pad right/bottom 0 / 0
*****************current image process time 	 15816.952941656113s ******************
Init pad right/bottom 0 / 0
*****************current image process time 	 15851.554970741272s ******************
Init pad right/bottom 0 / 0
*****************current image process time 	 15886.166695833206s ******************
Init pad right/bottom 0 / 0
*****************current image process time 	 15920.76869225502s ******************
Init pad right/bottom 0 / 0
*****************current image process time 	 15955.374516487122s ******************
Init pad right/bottom 0 / 0
*****************current image process time 	 15989.983663082123s ******************
Init pad right/bottom 0 / 0
*****************current image process time 	 16024.58844447136s ******************
Init pad right/bottom 0 / 0
*****************current image process time 	 16059.78214430809s ******************
Init pad right/bottom 0 / 0
*****************current image process time 	 16094.381210565567s ******************
Init pad right/bottom 0 / 0
*****************current image process time 	 16128.987258911133s ******************
Init pad right/bottom 0 / 0
*****************current image process time 	 16163.587084770203s ******************
Init pad right/bottom 0 / 0
*****************current image process time 	 16198.19500875473s ******************
Init pad right/bottom 0 / 0
*****************current image process time 	 16232.809300422668s ******************
Init pad right/bottom 0 / 0
*****************current image process time 	 16267.402109384537s ******************
Init pad right/bottom 0 / 0
*****************current image process time 	 16301.999352931976s ******************
Init pad right/bottom 0 / 0
*****************current image process time 	 16336.597149848938s ******************
Init pad right/bottom 0 / 0
*****************current image process time 	 16371.183401823044s ******************
Init pad right/bottom 0 / 0
*****************current image process time 	 16405.779705286026s ******************
Init pad right/bottom 0 / 0
*****************current image process time 	 16440.374539136887s ******************
Init pad right/bottom 0 / 0
*****************current image process time 	 16474.96204972267s ******************
Init pad right/bottom 0 / 0
*****************current image process time 	 16509.55454349518s ******************
Init pad right/bottom 0 / 0
*****************current image process time 	 16544.14851117134s ******************
Init pad right/bottom 0 / 0
*****************current image process time 	 16578.736139297485s ******************
Init pad right/bottom 0 / 0
*****************current image process time 	 16613.321922302246s ******************
Init pad right/bottom 0 / 0
*****************current image process time 	 16647.91062259674s ******************
Init pad right/bottom 0 / 0
*****************current image process time 	 16682.504937171936s ******************
Init pad right/bottom 0 / 0
*****************current image process time 	 16717.11717057228s ******************
Init pad right/bottom 0 / 0
*****************current image process time 	 16751.705300092697s ******************
Init pad right/bottom 0 / 0
*****************current image process time 	 16786.293173789978s ******************
Init pad right/bottom 0 / 0
*****************current image process time 	 16820.88878083229s ******************
Init pad right/bottom 0 / 0
*****************current image process time 	 16855.477914333344s ******************
Init pad right/bottom 0 / 0
*****************current image process time 	 16890.074247837067s ******************
Init pad right/bottom 0 / 0
*****************current image process time 	 16924.6709856987s ******************
Init pad right/bottom 0 / 0
*****************current image process time 	 16959.26186990738s ******************
Init pad right/bottom 0 / 0
*****************current image process time 	 16993.849150180817s ******************
Init pad right/bottom 0 / 0
*****************current image process time 	 17028.438198566437s ******************
Init pad right/bottom 0 / 0
*****************current image process time 	 17063.030690670013s ******************
Init pad right/bottom 0 / 0
*****************current image process time 	 17097.63187813759s ******************
Init pad right/bottom 0 / 0
*****************current image process time 	 17132.225121498108s ******************
Init pad right/bottom 0 / 0
*****************current image process time 	 17166.823808908463s ******************
Init pad right/bottom 0 / 0
*****************current image process time 	 17203.143806934357s ******************
Init pad right/bottom 0 / 0
*****************current image process time 	 17237.73709511757s ******************
Init pad right/bottom 0 / 0
*****************current image process time 	 17272.326387166977s ******************
Init pad right/bottom 0 / 0
*****************current image process time 	 17306.92469072342s ******************
Init pad right/bottom 0 / 0
*****************current image process time 	 17341.51011133194s ******************
Init pad right/bottom 0 / 0
*****************current image process time 	 17376.09699034691s ******************
