OrderedDict([('pretrain_model_G', '/mnt/lustre/shanghai/cmic/home/xyz18/experiments/train_EDVR_L_Preload_30000_nobug_ssim_11_LR_1e_5_suzhou_remove_baddata/models/latest_G.pth'), ('save_path', '/mnt/lustre/shanghai/cmic/home/xyz18/'), ('strict_load', True), ('resume_state', None)])
GPU  1
Evaluate Folders:  35613628
Init pad right/bottom 0 / 0
*****************current image process time 	 39.76666831970215s ******************
Init pad right/bottom 0 / 0
*****************current image process time 	 71.98939657211304s ******************
Init pad right/bottom 0 / 0
*****************current image process time 	 104.31174755096436s ******************
Init pad right/bottom 0 / 0
*****************current image process time 	 136.68767595291138s ******************
Init pad right/bottom 0 / 0
*****************current image process time 	 169.0297019481659s ******************
Init pad right/bottom 0 / 0
*****************current image process time 	 201.39005541801453s ******************
Init pad right/bottom 0 / 0
*****************current image process time 	 233.86806082725525s ******************
Init pad right/bottom 0 / 0
*****************current image process time 	 266.3095223903656s ******************
Init pad right/bottom 0 / 0
*****************current image process time 	 298.6895384788513s ******************
Init pad right/bottom 0 / 0
*****************current image process time 	 331.0147659778595s ******************
Init pad right/bottom 0 / 0
*****************current image process time 	 363.33300733566284s ******************
Init pad right/bottom 0 / 0
*****************current image process time 	 395.8067376613617s ******************
Init pad right/bottom 0 / 0
*****************current image process time 	 428.16136264801025s ******************
Init pad right/bottom 0 / 0
*****************current image process time 	 460.7396743297577s ******************
Init pad right/bottom 0 / 0
*****************current image process time 	 493.21800923347473s ******************
Init pad right/bottom 0 / 0
*****************current image process time 	 525.6875760555267s ******************
Init pad right/bottom 0 / 0
*****************current image process time 	 558.2352111339569s ******************
Init pad right/bottom 0 / 0
*****************current image process time 	 590.9277081489563s ******************
Init pad right/bottom 0 / 0
*****************current image process time 	 623.4989075660706s ******************
Init pad right/bottom 0 / 0
*****************current image process time 	 656.1108231544495s ******************
Init pad right/bottom 0 / 0
*****************current image process time 	 688.6666507720947s ******************
Init pad right/bottom 0 / 0
*****************current image process time 	 721.5053369998932s ******************
Init pad right/bottom 0 / 0
*****************current image process time 	 754.0998921394348s ******************
Init pad right/bottom 0 / 0
*****************current image process time 	 787.010568857193s ******************
Init pad right/bottom 0 / 0
*****************current image process time 	 819.9051740169525s ******************
Init pad right/bottom 0 / 0
*****************current image process time 	 852.9450032711029s ******************
Init pad right/bottom 0 / 0
*****************current image process time 	 886.0080697536469s ******************
Init pad right/bottom 0 / 0
*****************current image process time 	 919.1938152313232s ******************
Init pad right/bottom 0 / 0
*****************current image process time 	 952.3785462379456s ******************
Init pad right/bottom 0 / 0
*****************current image process time 	 985.8154861927032s ******************
Init pad right/bottom 0 / 0
*****************current image process time 	 1018.992826461792s ******************
Init pad right/bottom 0 / 0
*****************current image process time 	 1052.5223624706268s ******************
Init pad right/bottom 0 / 0
*****************current image process time 	 1086.0240788459778s ******************
Init pad right/bottom 0 / 0
*****************current image process time 	 1119.375016450882s ******************
Init pad right/bottom 0 / 0
*****************current image process time 	 1152.6474072933197s ******************
Init pad right/bottom 0 / 0
*****************current image process time 	 1186.2938902378082s ******************
Init pad right/bottom 0 / 0
*****************current image process time 	 1219.7470307350159s ******************
Init pad right/bottom 0 / 0
*****************current image process time 	 1253.3815298080444s ******************
Init pad right/bottom 0 / 0
*****************current image process time 	 1286.7051663398743s ******************
Init pad right/bottom 0 / 0
*****************current image process time 	 1320.0175790786743s ******************
Init pad right/bottom 0 / 0
*****************current image process time 	 1353.0868649482727s ******************
Init pad right/bottom 0 / 0
*****************current image process time 	 1386.2540695667267s ******************
Init pad right/bottom 0 / 0
*****************current image process time 	 1419.0875265598297s ******************
Init pad right/bottom 0 / 0
*****************current image process time 	 1452.1344573497772s ******************
Init pad right/bottom 0 / 0
*****************current image process time 	 1484.7977335453033s ******************
Init pad right/bottom 0 / 0
*****************current image process time 	 1517.5540118217468s ******************
Init pad right/bottom 0 / 0
*****************current image process time 	 1550.0777251720428s ******************
Init pad right/bottom 0 / 0
*****************current image process time 	 1582.7338607311249s ******************
Init pad right/bottom 0 / 0
*****************current image process time 	 1615.1304688453674s ******************
Init pad right/bottom 0 / 0
*****************current image process time 	 1647.6784932613373s ******************
Init pad right/bottom 0 / 0
*****************current image process time 	 1680.0262787342072s ******************
Init pad right/bottom 0 / 0
*****************current image process time 	 1712.467402935028s ******************
Init pad right/bottom 0 / 0
*****************current image process time 	 1744.7422173023224s ******************
Init pad right/bottom 0 / 0
*****************current image process time 	 1777.2760422229767s ******************
Init pad right/bottom 0 / 0
*****************current image process time 	 1809.5230004787445s ******************
Init pad right/bottom 0 / 0
*****************current image process time 	 1841.9368767738342s ******************
Init pad right/bottom 0 / 0
*****************current image process time 	 1874.1482617855072s ******************
Init pad right/bottom 0 / 0
*****************current image process time 	 1906.5047154426575s ******************
Init pad right/bottom 0 / 0
*****************current image process time 	 1938.716829776764s ******************
Init pad right/bottom 0 / 0
*****************current image process time 	 1971.0744814872742s ******************
Init pad right/bottom 0 / 0
*****************current image process time 	 2003.2416243553162s ******************
Init pad right/bottom 0 / 0
*****************current image process time 	 2035.5985906124115s ******************
Init pad right/bottom 0 / 0
*****************current image process time 	 2067.752644300461s ******************
Init pad right/bottom 0 / 0
*****************current image process time 	 2100.0616936683655s ******************
Init pad right/bottom 0 / 0
*****************current image process time 	 2132.204523086548s ******************
Init pad right/bottom 0 / 0
*****************current image process time 	 2164.456297636032s ******************
Init pad right/bottom 0 / 0
*****************current image process time 	 2196.5682456493378s ******************
Init pad right/bottom 0 / 0
*****************current image process time 	 2228.809547662735s ******************
Init pad right/bottom 0 / 0
*****************current image process time 	 2260.929383993149s ******************
Init pad right/bottom 0 / 0
*****************current image process time 	 2293.2283754348755s ******************
Init pad right/bottom 0 / 0
*****************current image process time 	 2325.370989084244s ******************
Init pad right/bottom 0 / 0
*****************current image process time 	 2357.731098175049s ******************
Init pad right/bottom 0 / 0
*****************current image process time 	 2389.965294122696s ******************
Init pad right/bottom 0 / 0
*****************current image process time 	 2422.4102890491486s ******************
Init pad right/bottom 0 / 0
*****************current image process time 	 2454.660655260086s ******************
Init pad right/bottom 0 / 0
*****************current image process time 	 2487.1391246318817s ******************
Init pad right/bottom 0 / 0
*****************current image process time 	 2519.449216365814s ******************
Init pad right/bottom 0 / 0
*****************current image process time 	 2551.985051870346s ******************
Init pad right/bottom 0 / 0
*****************current image process time 	 2584.374359369278s ******************
Init pad right/bottom 0 / 0
*****************current image process time 	 2616.9480924606323s ******************
Init pad right/bottom 0 / 0
*****************current image process time 	 2649.4434168338776s ******************
Init pad right/bottom 0 / 0
*****************current image process time 	 2681.8719012737274s ******************
Init pad right/bottom 0 / 0
*****************current image process time 	 2714.49285364151s ******************
Init pad right/bottom 0 / 0
*****************current image process time 	 2747.1420798301697s ******************
Init pad right/bottom 0 / 0
*****************current image process time 	 2779.7101924419403s ******************
Init pad right/bottom 0 / 0
*****************current image process time 	 2812.546342611313s ******************
Init pad right/bottom 0 / 0
*****************current image process time 	 2845.2808113098145s ******************
Init pad right/bottom 0 / 0
*****************current image process time 	 2878.1702902317047s ******************
Init pad right/bottom 0 / 0
*****************current image process time 	 2911.342099428177s ******************
Init pad right/bottom 0 / 0
*****************current image process time 	 2944.510470867157s ******************
Init pad right/bottom 0 / 0
*****************current image process time 	 2977.7676572799683s ******************
Init pad right/bottom 0 / 0
*****************current image process time 	 3010.8061048984528s ******************
Init pad right/bottom 0 / 0
*****************current image process time 	 3044.212703704834s ******************
Init pad right/bottom 0 / 0
*****************current image process time 	 3077.5635693073273s ******************
Init pad right/bottom 0 / 0
*****************current image process time 	 3111.0040159225464s ******************
Init pad right/bottom 0 / 0
*****************current image process time 	 3144.477956056595s ******************
Init pad right/bottom 0 / 0
*****************current image process time 	 3178.0641548633575s ******************
Init pad right/bottom 0 / 0
*****************current image process time 	 3211.408259868622s ******************
Init pad right/bottom 0 / 0
*****************current image process time 	 3243.9606823921204s ******************
Init pad right/bottom 0 / 0
*****************current image process time 	 3276.8616564273834s ******************
Evaluate Folders:  36016831
Init pad right/bottom 0 / 0
*****************current image process time 	 3316.1908481121063s ******************
Init pad right/bottom 0 / 0
*****************current image process time 	 3349.3503580093384s ******************
Init pad right/bottom 0 / 0
*****************current image process time 	 3382.213062763214s ******************
Init pad right/bottom 0 / 0
*****************current image process time 	 3414.9107608795166s ******************
Init pad right/bottom 0 / 0
*****************current image process time 	 3447.7000896930695s ******************
Init pad right/bottom 0 / 0
*****************current image process time 	 3480.188154220581s ******************
Init pad right/bottom 0 / 0
*****************current image process time 	 3512.696289539337s ******************
Init pad right/bottom 0 / 0
*****************current image process time 	 3544.989372730255s ******************
Init pad right/bottom 0 / 0
*****************current image process time 	 3577.38156414032s ******************
Init pad right/bottom 0 / 0
*****************current image process time 	 3609.4861483573914s ******************
Init pad right/bottom 0 / 0
*****************current image process time 	 3641.686236143112s ******************
Init pad right/bottom 0 / 0
*****************current image process time 	 3673.703058719635s ******************
Init pad right/bottom 0 / 0
*****************current image process time 	 3705.8054065704346s ******************
Init pad right/bottom 0 / 0
*****************current image process time 	 3737.8077194690704s ******************
Init pad right/bottom 0 / 0
*****************current image process time 	 3769.882438182831s ******************
Init pad right/bottom 0 / 0
*****************current image process time 	 3801.880232334137s ******************
Init pad right/bottom 0 / 0
*****************current image process time 	 3833.8619797229767s ******************
Init pad right/bottom 0 / 0
*****************current image process time 	 3866.1032133102417s ******************
Init pad right/bottom 0 / 0
*****************current image process time 	 3898.1467332839966s ******************
Init pad right/bottom 0 / 0
*****************current image process time 	 3930.475579023361s ******************
Init pad right/bottom 0 / 0
*****************current image process time 	 3962.644790172577s ******************
Init pad right/bottom 0 / 0
*****************current image process time 	 3995.1012823581696s ******************
Init pad right/bottom 0 / 0
*****************current image process time 	 4027.432797431946s ******************
Init pad right/bottom 0 / 0
*****************current image process time 	 4060.0654578208923s ******************
Init pad right/bottom 0 / 0
*****************current image process time 	 4092.5160784721375s ******************
Init pad right/bottom 0 / 0
*****************current image process time 	 4125.1097676754s ******************
Init pad right/bottom 0 / 0
*****************current image process time 	 4157.74746465683s ******************
Init pad right/bottom 0 / 0
*****************current image process time 	 4190.543016195297s ******************
Init pad right/bottom 0 / 0
*****************current image process time 	 4223.384342670441s ******************
Init pad right/bottom 0 / 0
*****************current image process time 	 4256.251079320908s ******************
Init pad right/bottom 0 / 0
*****************current image process time 	 4289.212221860886s ******************
Init pad right/bottom 0 / 0
*****************current image process time 	 4322.551343202591s ******************
Init pad right/bottom 0 / 0
*****************current image process time 	 4355.298192739487s ******************
Init pad right/bottom 0 / 0
*****************current image process time 	 4388.4333527088165s ******************
Init pad right/bottom 0 / 0
*****************current image process time 	 4421.139359235764s ******************
Init pad right/bottom 0 / 0
*****************current image process time 	 4454.190201759338s ******************
Init pad right/bottom 0 / 0
*****************current image process time 	 4487.296734333038s ******************
Init pad right/bottom 0 / 0
*****************current image process time 	 4520.469254493713s ******************
Init pad right/bottom 0 / 0
*****************current image process time 	 4553.420472621918s ******************
Init pad right/bottom 0 / 0
*****************current image process time 	 4586.477843284607s ******************
Init pad right/bottom 0 / 0
*****************current image process time 	 4619.1563284397125s ******************
Init pad right/bottom 0 / 0
*****************current image process time 	 4651.749716520309s ******************
Init pad right/bottom 0 / 0
*****************current image process time 	 4684.271529197693s ******************
Init pad right/bottom 0 / 0
*****************current image process time 	 4716.730313062668s ******************
Init pad right/bottom 0 / 0
*****************current image process time 	 4748.929465055466s ******************
Init pad right/bottom 0 / 0
*****************current image process time 	 4781.220352649689s ******************
Init pad right/bottom 0 / 0
*****************current image process time 	 4813.411111831665s ******************
Init pad right/bottom 0 / 0
*****************current image process time 	 4845.657966375351s ******************
Init pad right/bottom 0 / 0
*****************current image process time 	 4877.737686872482s ******************
Init pad right/bottom 0 / 0
*****************current image process time 	 4909.95773768425s ******************
Init pad right/bottom 0 / 0
*****************current image process time 	 4941.987411499023s ******************
Init pad right/bottom 0 / 0
*****************current image process time 	 4974.241549730301s ******************
Init pad right/bottom 0 / 0
*****************current image process time 	 5006.411724090576s ******************
Init pad right/bottom 0 / 0
*****************current image process time 	 5038.610226631165s ******************
Init pad right/bottom 0 / 0
*****************current image process time 	 5070.799556970596s ******************
Init pad right/bottom 0 / 0
*****************current image process time 	 5103.219896316528s ******************
Init pad right/bottom 0 / 0
*****************current image process time 	 5135.553137302399s ******************
Init pad right/bottom 0 / 0
*****************current image process time 	 5168.249818325043s ******************
Init pad right/bottom 0 / 0
*****************current image process time 	 5200.809965372086s ******************
Init pad right/bottom 0 / 0
*****************current image process time 	 5233.668619632721s ******************
Init pad right/bottom 0 / 0
*****************current image process time 	 5266.314412117004s ******************
Init pad right/bottom 0 / 0
*****************current image process time 	 5299.19837641716s ******************
Init pad right/bottom 0 / 0
*****************current image process time 	 5331.996688604355s ******************
Init pad right/bottom 0 / 0
*****************current image process time 	 5365.179393529892s ******************
Init pad right/bottom 0 / 0
*****************current image process time 	 5398.423774719238s ******************
Init pad right/bottom 0 / 0
*****************current image process time 	 5431.534371137619s ******************
Init pad right/bottom 0 / 0
*****************current image process time 	 5464.707504272461s ******************
Init pad right/bottom 0 / 0
*****************current image process time 	 5497.907983779907s ******************
Init pad right/bottom 0 / 0
*****************current image process time 	 5531.005502462387s ******************
Init pad right/bottom 0 / 0
*****************current image process time 	 5564.213311672211s ******************
Init pad right/bottom 0 / 0
*****************current image process time 	 5597.264246463776s ******************
Init pad right/bottom 0 / 0
*****************current image process time 	 5630.437819004059s ******************
Init pad right/bottom 0 / 0
*****************current image process time 	 5663.700799465179s ******************
Init pad right/bottom 0 / 0
*****************current image process time 	 5696.965255498886s ******************
Init pad right/bottom 0 / 0
*****************current image process time 	 5729.755432844162s ******************
Init pad right/bottom 0 / 0
*****************current image process time 	 5762.545655250549s ******************
Init pad right/bottom 0 / 0
*****************current image process time 	 5795.025583028793s ******************
Init pad right/bottom 0 / 0
*****************current image process time 	 5827.625434875488s ******************
Init pad right/bottom 0 / 0
*****************current image process time 	 5860.01541018486s ******************
Init pad right/bottom 0 / 0
*****************current image process time 	 5892.496965408325s ******************
Init pad right/bottom 0 / 0
*****************current image process time 	 5924.751066446304s ******************
Init pad right/bottom 0 / 0
*****************current image process time 	 5957.000772237778s ******************
Init pad right/bottom 0 / 0
*****************current image process time 	 5989.144996404648s ******************
Init pad right/bottom 0 / 0
*****************current image process time 	 6021.459537267685s ******************
Init pad right/bottom 0 / 0
*****************current image process time 	 6053.630496263504s ******************
Init pad right/bottom 0 / 0
*****************current image process time 	 6085.98094367981s ******************
Init pad right/bottom 0 / 0
*****************current image process time 	 6118.246828794479s ******************
Init pad right/bottom 0 / 0
*****************current image process time 	 6150.664357185364s ******************
Init pad right/bottom 0 / 0
*****************current image process time 	 6183.024019002914s ******************
Init pad right/bottom 0 / 0
*****************current image process time 	 6215.502560138702s ******************
Init pad right/bottom 0 / 0
*****************current image process time 	 6247.9668841362s ******************
Init pad right/bottom 0 / 0
*****************current image process time 	 6281.086409568787s ******************
Init pad right/bottom 0 / 0
*****************current image process time 	 6313.83055973053s ******************
Init pad right/bottom 0 / 0
*****************current image process time 	 6346.93941116333s ******************
Init pad right/bottom 0 / 0
*****************current image process time 	 6379.999956846237s ******************
Init pad right/bottom 0 / 0
*****************current image process time 	 6412.351455211639s ******************
Init pad right/bottom 0 / 0
*****************current image process time 	 6444.585942983627s ******************
Init pad right/bottom 0 / 0
*****************current image process time 	 6477.045692443848s ******************
Init pad right/bottom 0 / 0
*****************current image process time 	 6509.4367208480835s ******************
Init pad right/bottom 0 / 0
*****************current image process time 	 6541.977831602097s ******************
Evaluate Folders:  37113101
Init pad right/bottom 0 / 0
*****************current image process time 	 6584.918377399445s ******************
Init pad right/bottom 0 / 0
*****************current image process time 	 6618.299229860306s ******************
Init pad right/bottom 0 / 0
*****************current image process time 	 6651.380357980728s ******************
Init pad right/bottom 0 / 0
*****************current image process time 	 6684.53929567337s ******************
Init pad right/bottom 0 / 0
*****************current image process time 	 6717.485111236572s ******************
Init pad right/bottom 0 / 0
*****************current image process time 	 6750.662566661835s ******************
Init pad right/bottom 0 / 0
*****************current image process time 	 6783.39000248909s ******************
Init pad right/bottom 0 / 0
*****************current image process time 	 6816.384145498276s ******************
Init pad right/bottom 0 / 0
*****************current image process time 	 6849.274073839188s ******************
Init pad right/bottom 0 / 0
*****************current image process time 	 6882.245351076126s ******************
Init pad right/bottom 0 / 0
*****************current image process time 	 6914.873707771301s ******************
Init pad right/bottom 0 / 0
*****************current image process time 	 6947.439733743668s ******************
Init pad right/bottom 0 / 0
*****************current image process time 	 6979.9413685798645s ******************
Init pad right/bottom 0 / 0
*****************current image process time 	 7012.535937070847s ******************
Init pad right/bottom 0 / 0
*****************current image process time 	 7044.8975286483765s ******************
Init pad right/bottom 0 / 0
*****************current image process time 	 7077.188653230667s ******************
Init pad right/bottom 0 / 0
*****************current image process time 	 7109.39989733696s ******************
Init pad right/bottom 0 / 0
*****************current image process time 	 7141.733558654785s ******************
Init pad right/bottom 0 / 0
*****************current image process time 	 7173.8883497715s ******************
Init pad right/bottom 0 / 0
*****************current image process time 	 7206.144979000092s ******************
Init pad right/bottom 0 / 0
*****************current image process time 	 7238.360810279846s ******************
Init pad right/bottom 0 / 0
*****************current image process time 	 7270.57804274559s ******************
Init pad right/bottom 0 / 0
*****************current image process time 	 7302.73068022728s ******************
Init pad right/bottom 0 / 0
*****************current image process time 	 7335.061208963394s ******************
Init pad right/bottom 0 / 0
*****************current image process time 	 7367.224846839905s ******************
Init pad right/bottom 0 / 0
*****************current image process time 	 7399.627589225769s ******************
Init pad right/bottom 0 / 0
*****************current image process time 	 7431.889055490494s ******************
Init pad right/bottom 0 / 0
*****************current image process time 	 7464.2703602313995s ******************
Init pad right/bottom 0 / 0
*****************current image process time 	 7496.660096406937s ******************
Init pad right/bottom 0 / 0
*****************current image process time 	 7529.270821094513s ******************
Init pad right/bottom 0 / 0
*****************current image process time 	 7561.790042877197s ******************
Init pad right/bottom 0 / 0
*****************current image process time 	 7594.58630490303s ******************
Init pad right/bottom 0 / 0
*****************current image process time 	 7627.125025033951s ******************
Init pad right/bottom 0 / 0
*****************current image process time 	 7659.8598890304565s ******************
Init pad right/bottom 0 / 0
*****************current image process time 	 7692.532578468323s ******************
Init pad right/bottom 0 / 0
*****************current image process time 	 7725.440547704697s ******************
Init pad right/bottom 0 / 0
*****************current image process time 	 7758.107617139816s ******************
Init pad right/bottom 0 / 0
*****************current image process time 	 7790.858214378357s ******************
Init pad right/bottom 0 / 0
*****************current image process time 	 7823.575994253159s ******************
Init pad right/bottom 0 / 0
*****************current image process time 	 7856.3792016506195s ******************
Init pad right/bottom 0 / 0
*****************current image process time 	 7888.928245067596s ******************
Init pad right/bottom 0 / 0
*****************current image process time 	 7921.622206687927s ******************
Init pad right/bottom 0 / 0
*****************current image process time 	 7954.224218606949s ******************
Init pad right/bottom 0 / 0
*****************current image process time 	 7987.049580574036s ******************
Init pad right/bottom 0 / 0
*****************current image process time 	 8019.75791144371s ******************
Init pad right/bottom 0 / 0
*****************current image process time 	 8052.739638328552s ******************
Init pad right/bottom 0 / 0
*****************current image process time 	 8086.0604639053345s ******************
Init pad right/bottom 0 / 0
*****************current image process time 	 8119.576041936874s ******************
Init pad right/bottom 0 / 0
*****************current image process time 	 8153.007338047028s ******************
Init pad right/bottom 0 / 0
*****************current image process time 	 8186.4786150455475s ******************
Init pad right/bottom 0 / 0
*****************current image process time 	 8219.724878549576s ******************
Init pad right/bottom 0 / 0
*****************current image process time 	 8252.989642858505s ******************
Init pad right/bottom 0 / 0
*****************current image process time 	 8285.897657632828s ******************
Init pad right/bottom 0 / 0
*****************current image process time 	 8318.59776210785s ******************
Init pad right/bottom 0 / 0
*****************current image process time 	 8351.199584007263s ******************
Init pad right/bottom 0 / 0
*****************current image process time 	 8384.129181623459s ******************
Init pad right/bottom 0 / 0
*****************current image process time 	 8416.536976575851s ******************
Init pad right/bottom 0 / 0
*****************current image process time 	 8449.047054290771s ******************
Init pad right/bottom 0 / 0
*****************current image process time 	 8481.328744888306s ******************
Init pad right/bottom 0 / 0
*****************current image process time 	 8513.752811670303s ******************
Init pad right/bottom 0 / 0
*****************current image process time 	 8545.942332267761s ******************
Init pad right/bottom 0 / 0
*****************current image process time 	 8578.298820018768s ******************
Init pad right/bottom 0 / 0
*****************current image process time 	 8610.459769487381s ******************
Init pad right/bottom 0 / 0
*****************current image process time 	 8642.746098279953s ******************
Init pad right/bottom 0 / 0
*****************current image process time 	 8674.923166275024s ******************
Init pad right/bottom 0 / 0
*****************current image process time 	 8707.418098211288s ******************
Init pad right/bottom 0 / 0
*****************current image process time 	 8739.695865631104s ******************
Init pad right/bottom 0 / 0
*****************current image process time 	 8772.185696840286s ******************
Init pad right/bottom 0 / 0
*****************current image process time 	 8804.568285942078s ******************
Init pad right/bottom 0 / 0
*****************current image process time 	 8837.27279806137s ******************
Init pad right/bottom 0 / 0
*****************current image process time 	 8869.767779827118s ******************
Init pad right/bottom 0 / 0
*****************current image process time 	 8902.542837381363s ******************
Init pad right/bottom 0 / 0
*****************current image process time 	 8935.214245319366s ******************
Init pad right/bottom 0 / 0
*****************current image process time 	 8968.087034702301s ******************
Init pad right/bottom 0 / 0
*****************current image process time 	 9000.749406337738s ******************
Init pad right/bottom 0 / 0
*****************current image process time 	 9033.852949857712s ******************
Init pad right/bottom 0 / 0
*****************current image process time 	 9066.522771596909s ******************
Init pad right/bottom 0 / 0
*****************current image process time 	 9099.28167128563s ******************
Init pad right/bottom 0 / 0
*****************current image process time 	 9131.861681461334s ******************
Init pad right/bottom 0 / 0
*****************current image process time 	 9164.792442798615s ******************
Init pad right/bottom 0 / 0
*****************current image process time 	 9197.906893014908s ******************
Init pad right/bottom 0 / 0
*****************current image process time 	 9231.389806509018s ******************
Init pad right/bottom 0 / 0
*****************current image process time 	 9264.80455160141s ******************
Init pad right/bottom 0 / 0
*****************current image process time 	 9298.154971122742s ******************
Init pad right/bottom 0 / 0
*****************current image process time 	 9331.537509679794s ******************
Init pad right/bottom 0 / 0
*****************current image process time 	 9364.929322957993s ******************
Init pad right/bottom 0 / 0
*****************current image process time 	 9398.176959753036s ******************
Init pad right/bottom 0 / 0
*****************current image process time 	 9431.325222730637s ******************
Init pad right/bottom 0 / 0
*****************current image process time 	 9464.26330280304s ******************
Init pad right/bottom 0 / 0
*****************current image process time 	 9497.046745061874s ******************
Init pad right/bottom 0 / 0
*****************current image process time 	 9529.70483994484s ******************
Init pad right/bottom 0 / 0
*****************current image process time 	 9562.493691682816s ******************
Init pad right/bottom 0 / 0
*****************current image process time 	 9594.867711305618s ******************
Init pad right/bottom 0 / 0
*****************current image process time 	 9628.272498369217s ******************
Init pad right/bottom 0 / 0
*****************current image process time 	 9661.570879220963s ******************
Init pad right/bottom 0 / 0
*****************current image process time 	 9694.926001310349s ******************
Init pad right/bottom 0 / 0
*****************current image process time 	 9728.098150491714s ******************
Init pad right/bottom 0 / 0
*****************current image process time 	 9761.05502486229s ******************
Init pad right/bottom 0 / 0
*****************current image process time 	 9793.802599668503s ******************
Init pad right/bottom 0 / 0
*****************current image process time 	 9826.608724594116s ******************
Evaluate Folders:  38091961
Init pad right/bottom 0 / 0
*****************current image process time 	 9869.879150390625s ******************
Init pad right/bottom 0 / 0
*****************current image process time 	 9902.652574300766s ******************
Init pad right/bottom 0 / 0
*****************current image process time 	 9935.263681173325s ******************
Init pad right/bottom 0 / 0
*****************current image process time 	 9967.97301030159s ******************
Init pad right/bottom 0 / 0
*****************current image process time 	 10000.669179439545s ******************
Init pad right/bottom 0 / 0
*****************current image process time 	 10033.394572734833s ******************
Init pad right/bottom 0 / 0
*****************current image process time 	 10066.188087463379s ******************
Init pad right/bottom 0 / 0
*****************current image process time 	 10099.223536014557s ******************
Init pad right/bottom 0 / 0
*****************current image process time 	 10132.582572460175s ******************
Init pad right/bottom 0 / 0
*****************current image process time 	 10165.831642150879s ******************
Init pad right/bottom 0 / 0
*****************current image process time 	 10199.195842266083s ******************
Init pad right/bottom 0 / 0
*****************current image process time 	 10232.600710868835s ******************
Init pad right/bottom 0 / 0
*****************current image process time 	 10265.743255138397s ******************
Init pad right/bottom 0 / 0
*****************current image process time 	 10298.793648004532s ******************
Init pad right/bottom 0 / 0
*****************current image process time 	 10331.655678510666s ******************
Init pad right/bottom 0 / 0
*****************current image process time 	 10364.463264465332s ******************
Init pad right/bottom 0 / 0
*****************current image process time 	 10397.086309432983s ******************
Init pad right/bottom 0 / 0
*****************current image process time 	 10429.700642824173s ******************
Init pad right/bottom 0 / 0
*****************current image process time 	 10462.034203529358s ******************
Init pad right/bottom 0 / 0
*****************current image process time 	 10494.53352022171s ******************
Init pad right/bottom 0 / 0
*****************current image process time 	 10526.770210981369s ******************
Init pad right/bottom 0 / 0
*****************current image process time 	 10559.085286855698s ******************
Init pad right/bottom 0 / 0
*****************current image process time 	 10591.234967470169s ******************
Init pad right/bottom 0 / 0
*****************current image process time 	 10623.430186271667s ******************
Init pad right/bottom 0 / 0
*****************current image process time 	 10655.654192447662s ******************
Init pad right/bottom 0 / 0
*****************current image process time 	 10688.045907258987s ******************
Init pad right/bottom 0 / 0
*****************current image process time 	 10720.303430318832s ******************
Init pad right/bottom 0 / 0
*****************current image process time 	 10752.838050365448s ******************
Init pad right/bottom 0 / 0
*****************current image process time 	 10785.161893129349s ******************
Init pad right/bottom 0 / 0
*****************current image process time 	 10817.740679740906s ******************
Init pad right/bottom 0 / 0
*****************current image process time 	 10850.242837190628s ******************
Init pad right/bottom 0 / 0
*****************current image process time 	 10882.858990192413s ******************
Init pad right/bottom 0 / 0
*****************current image process time 	 10915.350981712341s ******************
Init pad right/bottom 0 / 0
*****************current image process time 	 10948.146357059479s ******************
Init pad right/bottom 0 / 0
*****************current image process time 	 10981.041596651077s ******************
Init pad right/bottom 0 / 0
*****************current image process time 	 11014.023785591125s ******************
Init pad right/bottom 0 / 0
*****************current image process time 	 11046.803008079529s ******************
Init pad right/bottom 0 / 0
*****************current image process time 	 11079.795601844788s ******************
Init pad right/bottom 0 / 0
*****************current image process time 	 11112.903436660767s ******************
Init pad right/bottom 0 / 0
*****************current image process time 	 11145.75676369667s ******************
Init pad right/bottom 0 / 0
*****************current image process time 	 11178.8988468647s ******************
Init pad right/bottom 0 / 0
*****************current image process time 	 11212.099446058273s ******************
Init pad right/bottom 0 / 0
*****************current image process time 	 11245.430850505829s ******************
Init pad right/bottom 0 / 0
*****************current image process time 	 11279.053364276886s ******************
Init pad right/bottom 0 / 0
*****************current image process time 	 11312.416640996933s ******************
Init pad right/bottom 0 / 0
*****************current image process time 	 11345.64456152916s ******************
Init pad right/bottom 0 / 0
*****************current image process time 	 11378.605197906494s ******************
Init pad right/bottom 0 / 0
*****************current image process time 	 11411.562841892242s ******************
Init pad right/bottom 0 / 0
*****************current image process time 	 11444.135460138321s ******************
Init pad right/bottom 0 / 0
*****************current image process time 	 11476.68372631073s ******************
Init pad right/bottom 0 / 0
*****************current image process time 	 11509.040105104446s ******************
Init pad right/bottom 0 / 0
*****************current image process time 	 11541.541623353958s ******************
Init pad right/bottom 0 / 0
*****************current image process time 	 11573.781943798065s ******************
Init pad right/bottom 0 / 0
*****************current image process time 	 11606.141835689545s ******************
Init pad right/bottom 0 / 0
*****************current image process time 	 11638.31942486763s ******************
Init pad right/bottom 0 / 0
*****************current image process time 	 11670.605192899704s ******************
Init pad right/bottom 0 / 0
*****************current image process time 	 11703.931958913803s ******************
Init pad right/bottom 0 / 0
*****************current image process time 	 11736.205430746078s ******************
Init pad right/bottom 0 / 0
*****************current image process time 	 11768.417508602142s ******************
Init pad right/bottom 0 / 0
*****************current image process time 	 11800.903586864471s ******************
Init pad right/bottom 0 / 0
*****************current image process time 	 11833.189990758896s ******************
Init pad right/bottom 0 / 0
*****************current image process time 	 11865.800560951233s ******************
Init pad right/bottom 0 / 0
*****************current image process time 	 11898.309142827988s ******************
Init pad right/bottom 0 / 0
*****************current image process time 	 11931.02606511116s ******************
Init pad right/bottom 0 / 0
*****************current image process time 	 11963.719819068909s ******************
Init pad right/bottom 0 / 0
*****************current image process time 	 11996.653470754623s ******************
Init pad right/bottom 0 / 0
*****************current image process time 	 12029.488179206848s ******************
Init pad right/bottom 0 / 0
*****************current image process time 	 12062.64019536972s ******************
Init pad right/bottom 0 / 0
*****************current image process time 	 12095.636900186539s ******************
Init pad right/bottom 0 / 0
*****************current image process time 	 12128.974475383759s ******************
Init pad right/bottom 0 / 0
*****************current image process time 	 12161.901894807816s ******************
Init pad right/bottom 0 / 0
*****************current image process time 	 12195.119103908539s ******************
Init pad right/bottom 0 / 0
*****************current image process time 	 12228.083665370941s ******************
Init pad right/bottom 0 / 0
*****************current image process time 	 12261.179332017899s ******************
Init pad right/bottom 0 / 0
*****************current image process time 	 12294.429429292679s ******************
Init pad right/bottom 0 / 0
*****************current image process time 	 12327.848567008972s ******************
Init pad right/bottom 0 / 0
*****************current image process time 	 12361.08705163002s ******************
Init pad right/bottom 0 / 0
*****************current image process time 	 12394.266199350357s ******************
Init pad right/bottom 0 / 0
*****************current image process time 	 12427.16625380516s ******************
Init pad right/bottom 0 / 0
*****************current image process time 	 12460.06119632721s ******************
Init pad right/bottom 0 / 0
*****************current image process time 	 12492.673132181168s ******************
Init pad right/bottom 0 / 0
*****************current image process time 	 12525.378592967987s ******************
Init pad right/bottom 0 / 0
*****************current image process time 	 12557.868507623672s ******************
Init pad right/bottom 0 / 0
*****************current image process time 	 12590.327119588852s ******************
Init pad right/bottom 0 / 0
*****************current image process time 	 12622.603194713593s ******************
Init pad right/bottom 0 / 0
*****************current image process time 	 12654.948369026184s ******************
Init pad right/bottom 0 / 0
*****************current image process time 	 12687.131246328354s ******************
Init pad right/bottom 0 / 0
*****************current image process time 	 12719.56905245781s ******************
Init pad right/bottom 0 / 0
*****************current image process time 	 12751.894869565964s ******************
Init pad right/bottom 0 / 0
*****************current image process time 	 12784.137055397034s ******************
Init pad right/bottom 0 / 0
*****************current image process time 	 12817.232127904892s ******************
Init pad right/bottom 0 / 0
*****************current image process time 	 12850.328042030334s ******************
Init pad right/bottom 0 / 0
*****************current image process time 	 12883.049523353577s ******************
Init pad right/bottom 0 / 0
*****************current image process time 	 12915.867872953415s ******************
Init pad right/bottom 0 / 0
*****************current image process time 	 12948.442244291306s ******************
Init pad right/bottom 0 / 0
*****************current image process time 	 12980.930444478989s ******************
Init pad right/bottom 0 / 0
*****************current image process time 	 13013.27789759636s ******************
Init pad right/bottom 0 / 0
*****************current image process time 	 13045.63252902031s ******************
Init pad right/bottom 0 / 0
*****************current image process time 	 13077.875247240067s ******************
Init pad right/bottom 0 / 0
*****************current image process time 	 13110.243122816086s ******************
Evaluate Folders:  38961163
Init pad right/bottom 0 / 0
*****************current image process time 	 13153.200953960419s ******************
Init pad right/bottom 0 / 0
*****************current image process time 	 13185.952494621277s ******************
Init pad right/bottom 0 / 0
*****************current image process time 	 13218.788187265396s ******************
Init pad right/bottom 0 / 0
*****************current image process time 	 13251.746364831924s ******************
Init pad right/bottom 0 / 0
*****************current image process time 	 13284.67570734024s ******************
Init pad right/bottom 0 / 0
*****************current image process time 	 13317.653592824936s ******************
Init pad right/bottom 0 / 0
*****************current image process time 	 13350.532054901123s ******************
Init pad right/bottom 0 / 0
*****************current image process time 	 13383.83538556099s ******************
Init pad right/bottom 0 / 0
*****************current image process time 	 13417.049377679825s ******************
Init pad right/bottom 0 / 0
*****************current image process time 	 13450.401765346527s ******************
Init pad right/bottom 0 / 0
*****************current image process time 	 13483.380599737167s ******************
Init pad right/bottom 0 / 0
*****************current image process time 	 13516.534320831299s ******************
Init pad right/bottom 0 / 0
*****************current image process time 	 13549.297369480133s ******************
Init pad right/bottom 0 / 0
*****************current image process time 	 13582.097485780716s ******************
Init pad right/bottom 0 / 0
*****************current image process time 	 13614.667890310287s ******************
Init pad right/bottom 0 / 0
*****************current image process time 	 13647.336162805557s ******************
Init pad right/bottom 0 / 0
*****************current image process time 	 13679.747245311737s ******************
Init pad right/bottom 0 / 0
*****************current image process time 	 13712.135222911835s ******************
Init pad right/bottom 0 / 0
*****************current image process time 	 13744.390238046646s ******************
Init pad right/bottom 0 / 0
*****************current image process time 	 13776.761539459229s ******************
Init pad right/bottom 0 / 0
*****************current image process time 	 13808.960741996765s ******************
Init pad right/bottom 0 / 0
*****************current image process time 	 13841.179076433182s ******************
Init pad right/bottom 0 / 0
*****************current image process time 	 13873.32277083397s ******************
Init pad right/bottom 0 / 0
*****************current image process time 	 13905.619090795517s ******************
Init pad right/bottom 0 / 0
*****************current image process time 	 13937.761974334717s ******************
Init pad right/bottom 0 / 0
*****************current image process time 	 13970.09652209282s ******************
Init pad right/bottom 0 / 0
*****************current image process time 	 14002.27634882927s ******************
Init pad right/bottom 0 / 0
*****************current image process time 	 14034.729347705841s ******************
Init pad right/bottom 0 / 0
*****************current image process time 	 14067.056790351868s ******************
Init pad right/bottom 0 / 0
*****************current image process time 	 14099.538587331772s ******************
Init pad right/bottom 0 / 0
*****************current image process time 	 14131.943237543106s ******************
Init pad right/bottom 0 / 0
*****************current image process time 	 14164.55081820488s ******************
Init pad right/bottom 0 / 0
*****************current image process time 	 14196.97087097168s ******************
Init pad right/bottom 0 / 0
*****************current image process time 	 14229.581034183502s ******************
Init pad right/bottom 0 / 0
*****************current image process time 	 14262.241337537766s ******************
Init pad right/bottom 0 / 0
*****************current image process time 	 14295.176590442657s ******************
Init pad right/bottom 0 / 0
*****************current image process time 	 14327.887938022614s ******************
Init pad right/bottom 0 / 0
*****************current image process time 	 14360.655997514725s ******************
Init pad right/bottom 0 / 0
*****************current image process time 	 14393.511902332306s ******************
Init pad right/bottom 0 / 0
*****************current image process time 	 14426.418470621109s ******************
Init pad right/bottom 0 / 0
*****************current image process time 	 14459.206681966782s ******************
Init pad right/bottom 0 / 0
*****************current image process time 	 14492.274654865265s ******************
Init pad right/bottom 0 / 0
*****************current image process time 	 14525.278119564056s ******************
Init pad right/bottom 0 / 0
*****************current image process time 	 14558.328111171722s ******************
Init pad right/bottom 0 / 0
*****************current image process time 	 14591.615728378296s ******************
Init pad right/bottom 0 / 0
*****************current image process time 	 14625.40198636055s ******************
Init pad right/bottom 0 / 0
*****************current image process time 	 14658.716312646866s ******************
Init pad right/bottom 0 / 0
*****************current image process time 	 14692.049597740173s ******************
Init pad right/bottom 0 / 0
*****************current image process time 	 14725.079832792282s ******************
Init pad right/bottom 0 / 0
*****************current image process time 	 14758.124856710434s ******************
Init pad right/bottom 0 / 0
*****************current image process time 	 14790.877226114273s ******************
Init pad right/bottom 0 / 0
*****************current image process time 	 14823.519939661026s ******************
Init pad right/bottom 0 / 0
*****************current image process time 	 14856.063992738724s ******************
Init pad right/bottom 0 / 0
*****************current image process time 	 14891.039954900742s ******************
Init pad right/bottom 0 / 0
*****************current image process time 	 14923.283316135406s ******************
Init pad right/bottom 0 / 0
*****************current image process time 	 14955.52131485939s ******************
Init pad right/bottom 0 / 0
*****************current image process time 	 14987.681999206543s ******************
Init pad right/bottom 0 / 0
*****************current image process time 	 15020.08111858368s ******************
Init pad right/bottom 0 / 0
*****************current image process time 	 15052.334182739258s ******************
Init pad right/bottom 0 / 0
*****************current image process time 	 15084.826112031937s ******************
Init pad right/bottom 0 / 0
*****************current image process time 	 15117.19359087944s ******************
Init pad right/bottom 0 / 0
*****************current image process time 	 15149.653307676315s ******************
Init pad right/bottom 0 / 0
*****************current image process time 	 15182.077840566635s ******************
Init pad right/bottom 0 / 0
*****************current image process time 	 15214.739620447159s ******************
Init pad right/bottom 0 / 0
*****************current image process time 	 15247.296086788177s ******************
Init pad right/bottom 0 / 0
*****************current image process time 	 15279.962230920792s ******************
Init pad right/bottom 0 / 0
*****************current image process time 	 15312.617080688477s ******************
Init pad right/bottom 0 / 0
*****************current image process time 	 15345.370852708817s ******************
Init pad right/bottom 0 / 0
*****************current image process time 	 15378.118167877197s ******************
Init pad right/bottom 0 / 0
*****************current image process time 	 15411.28238582611s ******************
Init pad right/bottom 0 / 0
*****************current image process time 	 15444.294792890549s ******************
Init pad right/bottom 0 / 0
*****************current image process time 	 15477.310880184174s ******************
Init pad right/bottom 0 / 0
*****************current image process time 	 15510.189132213593s ******************
Init pad right/bottom 0 / 0
*****************current image process time 	 15543.140447616577s ******************
Init pad right/bottom 0 / 0
*****************current image process time 	 15576.14430809021s ******************
Init pad right/bottom 0 / 0
*****************current image process time 	 15609.208690166473s ******************
Init pad right/bottom 0 / 0
*****************current image process time 	 15644.007103919983s ******************
Init pad right/bottom 0 / 0
*****************current image process time 	 15677.490338563919s ******************
Init pad right/bottom 0 / 0
*****************current image process time 	 15710.939786434174s ******************
Init pad right/bottom 0 / 0
*****************current image process time 	 15744.356563091278s ******************
Init pad right/bottom 0 / 0
*****************current image process time 	 15777.515976190567s ******************
Init pad right/bottom 0 / 0
*****************current image process time 	 15810.421263456345s ******************
Init pad right/bottom 0 / 0
*****************current image process time 	 15843.220006942749s ******************
Init pad right/bottom 0 / 0
*****************current image process time 	 15876.10739326477s ******************
Init pad right/bottom 0 / 0
*****************current image process time 	 15908.777501106262s ******************
Init pad right/bottom 0 / 0
*****************current image process time 	 15941.368680000305s ******************
Init pad right/bottom 0 / 0
*****************current image process time 	 15973.792214870453s ******************
Init pad right/bottom 0 / 0
*****************current image process time 	 16006.715552091599s ******************
Init pad right/bottom 0 / 0
*****************current image process time 	 16037.492870807648s ******************
Init pad right/bottom 0 / 0
*****************current image process time 	 16068.081174135208s ******************
Init pad right/bottom 0 / 0
*****************current image process time 	 16098.596009731293s ******************
Init pad right/bottom 0 / 0
*****************current image process time 	 16129.125916719437s ******************
Init pad right/bottom 0 / 0
*****************current image process time 	 16159.768500566483s ******************
Init pad right/bottom 0 / 0
*****************current image process time 	 16190.339236497879s ******************
Init pad right/bottom 0 / 0
*****************current image process time 	 16220.851025342941s ******************
Init pad right/bottom 0 / 0
*****************current image process time 	 16251.373762845993s ******************
Init pad right/bottom 0 / 0
*****************current image process time 	 16281.884599208832s ******************
Init pad right/bottom 0 / 0
*****************current image process time 	 16312.430738925934s ******************
Init pad right/bottom 0 / 0
*****************current image process time 	 16342.925997972488s ******************
Init pad right/bottom 0 / 0
*****************current image process time 	 16373.47989988327s ******************
