OrderedDict([('pretrain_model_G', '/mnt/lustre/shanghai/cmic/home/xyz18/experiments/train_EDVR_L_Preload_30000_nobug_ssim_11_LR_1e_5_suzhou_remove_baddata/models/latest_G.pth'), ('save_path', '/mnt/lustre/shanghai/cmic/home/xyz18/'), ('strict_load', True), ('resume_state', None)])
GPU  1
Evaluate Folders:  39122446
Init pad right/bottom 0 / 0
*****************current image process time 	 40.200766801834106s ******************
Init pad right/bottom 0 / 0
*****************current image process time 	 72.50761127471924s ******************
Init pad right/bottom 0 / 0
*****************current image process time 	 104.76580548286438s ******************
Init pad right/bottom 0 / 0
*****************current image process time 	 137.06047415733337s ******************
Init pad right/bottom 0 / 0
*****************current image process time 	 169.4739408493042s ******************
Init pad right/bottom 0 / 0
*****************current image process time 	 201.7482237815857s ******************
Init pad right/bottom 0 / 0
*****************current image process time 	 234.1415045261383s ******************
Init pad right/bottom 0 / 0
*****************current image process time 	 266.41212010383606s ******************
Init pad right/bottom 0 / 0
*****************current image process time 	 298.8223078250885s ******************
Init pad right/bottom 0 / 0
*****************current image process time 	 331.07588958740234s ******************
Init pad right/bottom 0 / 0
*****************current image process time 	 363.45192193984985s ******************
Init pad right/bottom 0 / 0
*****************current image process time 	 395.7015771865845s ******************
Init pad right/bottom 0 / 0
*****************current image process time 	 428.03439950942993s ******************
Init pad right/bottom 0 / 0
*****************current image process time 	 460.21161460876465s ******************
Init pad right/bottom 0 / 0
*****************current image process time 	 492.5225055217743s ******************
Init pad right/bottom 0 / 0
*****************current image process time 	 524.6785249710083s ******************
Init pad right/bottom 0 / 0
*****************current image process time 	 556.9520127773285s ******************
Init pad right/bottom 0 / 0
*****************current image process time 	 589.0759134292603s ******************
Init pad right/bottom 0 / 0
*****************current image process time 	 621.3649220466614s ******************
Init pad right/bottom 0 / 0
*****************current image process time 	 653.4883818626404s ******************
Init pad right/bottom 0 / 0
*****************current image process time 	 685.7699196338654s ******************
Init pad right/bottom 0 / 0
*****************current image process time 	 717.9022376537323s ******************
Init pad right/bottom 0 / 0
*****************current image process time 	 750.1748054027557s ******************
Init pad right/bottom 0 / 0
*****************current image process time 	 782.2969415187836s ******************
Init pad right/bottom 0 / 0
*****************current image process time 	 814.5046057701111s ******************
Init pad right/bottom 0 / 0
*****************current image process time 	 846.6613433361053s ******************
Init pad right/bottom 0 / 0
*****************current image process time 	 878.7513432502747s ******************
Init pad right/bottom 0 / 0
*****************current image process time 	 911.056991815567s ******************
Init pad right/bottom 0 / 0
*****************current image process time 	 943.1649305820465s ******************
Init pad right/bottom 0 / 0
*****************current image process time 	 975.4404995441437s ******************
Init pad right/bottom 0 / 0
*****************current image process time 	 1007.5699281692505s ******************
Init pad right/bottom 0 / 0
*****************current image process time 	 1039.8427140712738s ******************
Init pad right/bottom 0 / 0
*****************current image process time 	 1071.9529776573181s ******************
Init pad right/bottom 0 / 0
*****************current image process time 	 1104.128936290741s ******************
Init pad right/bottom 0 / 0
*****************current image process time 	 1136.2393860816956s ******************
Init pad right/bottom 0 / 0
*****************current image process time 	 1168.4907693862915s ******************
Init pad right/bottom 0 / 0
*****************current image process time 	 1200.620019197464s ******************
Init pad right/bottom 0 / 0
*****************current image process time 	 1232.9088428020477s ******************
Init pad right/bottom 0 / 0
*****************current image process time 	 1264.9260725975037s ******************
Init pad right/bottom 0 / 0
*****************current image process time 	 1297.1314504146576s ******************
Init pad right/bottom 0 / 0
*****************current image process time 	 1329.2259752750397s ******************
Init pad right/bottom 0 / 0
*****************current image process time 	 1361.3822779655457s ******************
Init pad right/bottom 0 / 0
*****************current image process time 	 1393.4177074432373s ******************
Init pad right/bottom 0 / 0
*****************current image process time 	 1425.6099894046783s ******************
Init pad right/bottom 0 / 0
*****************current image process time 	 1457.6670651435852s ******************
Init pad right/bottom 0 / 0
*****************current image process time 	 1489.8843607902527s ******************
Init pad right/bottom 0 / 0
*****************current image process time 	 1521.9150881767273s ******************
Init pad right/bottom 0 / 0
*****************current image process time 	 1554.1389718055725s ******************
Init pad right/bottom 0 / 0
*****************current image process time 	 1586.1719996929169s ******************
Init pad right/bottom 0 / 0
*****************current image process time 	 1618.3799393177032s ******************
Init pad right/bottom 0 / 0
*****************current image process time 	 1650.4123108386993s ******************
Init pad right/bottom 0 / 0
*****************current image process time 	 1682.628753900528s ******************
Init pad right/bottom 0 / 0
*****************current image process time 	 1714.6688361167908s ******************
Init pad right/bottom 0 / 0
*****************current image process time 	 1746.7803156375885s ******************
Init pad right/bottom 0 / 0
*****************current image process time 	 1778.8109784126282s ******************
Init pad right/bottom 0 / 0
*****************current image process time 	 1810.9872331619263s ******************
Init pad right/bottom 0 / 0
*****************current image process time 	 1843.0314593315125s ******************
Init pad right/bottom 0 / 0
*****************current image process time 	 1875.2414383888245s ******************
Init pad right/bottom 0 / 0
*****************current image process time 	 1907.2652113437653s ******************
Init pad right/bottom 0 / 0
*****************current image process time 	 1939.4777755737305s ******************
Init pad right/bottom 0 / 0
*****************current image process time 	 1971.497351884842s ******************
Init pad right/bottom 0 / 0
*****************current image process time 	 2003.7081234455109s ******************
Init pad right/bottom 0 / 0
*****************current image process time 	 2035.7394111156464s ******************
Init pad right/bottom 0 / 0
*****************current image process time 	 2067.943798303604s ******************
Init pad right/bottom 0 / 0
*****************current image process time 	 2099.985212087631s ******************
Init pad right/bottom 0 / 0
*****************current image process time 	 2132.036605834961s ******************
Init pad right/bottom 0 / 0
*****************current image process time 	 2164.059422492981s ******************
Init pad right/bottom 0 / 0
*****************current image process time 	 2196.2537240982056s ******************
Init pad right/bottom 0 / 0
*****************current image process time 	 2228.274687051773s ******************
Init pad right/bottom 0 / 0
*****************current image process time 	 2260.3747849464417s ******************
Init pad right/bottom 0 / 0
*****************current image process time 	 2292.415999650955s ******************
Init pad right/bottom 0 / 0
*****************current image process time 	 2324.624521255493s ******************
Init pad right/bottom 0 / 0
*****************current image process time 	 2356.6742255687714s ******************
Init pad right/bottom 0 / 0
*****************current image process time 	 2388.8889632225037s ******************
Init pad right/bottom 0 / 0
*****************current image process time 	 2420.9419996738434s ******************
Init pad right/bottom 0 / 0
*****************current image process time 	 2453.121025323868s ******************
Init pad right/bottom 0 / 0
*****************current image process time 	 2485.156498193741s ******************
Init pad right/bottom 0 / 0
*****************current image process time 	 2517.390401124954s ******************
Init pad right/bottom 0 / 0
*****************current image process time 	 2549.438859462738s ******************
Init pad right/bottom 0 / 0
*****************current image process time 	 2581.646294116974s ******************
Init pad right/bottom 0 / 0
*****************current image process time 	 2613.6953661441803s ******************
Init pad right/bottom 0 / 0
*****************current image process time 	 2645.9297454357147s ******************
Init pad right/bottom 0 / 0
*****************current image process time 	 2677.9779205322266s ******************
Init pad right/bottom 0 / 0
*****************current image process time 	 2710.180260181427s ******************
Init pad right/bottom 0 / 0
*****************current image process time 	 2742.242425441742s ******************
Init pad right/bottom 0 / 0
*****************current image process time 	 2774.2908561229706s ******************
Init pad right/bottom 0 / 0
*****************current image process time 	 2806.344696521759s ******************
Init pad right/bottom 0 / 0
*****************current image process time 	 2838.5939631462097s ******************
Init pad right/bottom 0 / 0
*****************current image process time 	 2870.6223545074463s ******************
Init pad right/bottom 0 / 0
*****************current image process time 	 2902.8379521369934s ******************
Init pad right/bottom 0 / 0
*****************current image process time 	 2934.888216495514s ******************
Init pad right/bottom 0 / 0
*****************current image process time 	 2967.114685535431s ******************
Init pad right/bottom 0 / 0
*****************current image process time 	 2999.1732132434845s ******************
Init pad right/bottom 0 / 0
*****************current image process time 	 3031.306327819824s ******************
Init pad right/bottom 0 / 0
*****************current image process time 	 3063.365180015564s ******************
Init pad right/bottom 0 / 0
*****************current image process time 	 3095.3945627212524s ******************
Init pad right/bottom 0 / 0
*****************current image process time 	 3127.5710542201996s ******************
Init pad right/bottom 0 / 0
*****************current image process time 	 3159.598931312561s ******************
Init pad right/bottom 0 / 0
*****************current image process time 	 3191.8151478767395s ******************
Init pad right/bottom 0 / 0
*****************current image process time 	 3223.8692803382874s ******************
Evaluate Folders:  40842835
Init pad right/bottom 0 / 0
*****************current image process time 	 3265.134117603302s ******************
Init pad right/bottom 0 / 0
*****************current image process time 	 3297.0029418468475s ******************
Init pad right/bottom 0 / 0
*****************current image process time 	 3328.6296212673187s ******************
Init pad right/bottom 0 / 0
*****************current image process time 	 3360.101758480072s ******************
Init pad right/bottom 0 / 0
*****************current image process time 	 3391.757251262665s ******************
Init pad right/bottom 0 / 0
*****************current image process time 	 3423.13658618927s ******************
Init pad right/bottom 0 / 0
*****************current image process time 	 3454.9852147102356s ******************
Init pad right/bottom 0 / 0
*****************current image process time 	 3486.5994193553925s ******************
Init pad right/bottom 0 / 0
*****************current image process time 	 3518.310366630554s ******************
Init pad right/bottom 0 / 0
*****************current image process time 	 3550.0260770320892s ******************
Init pad right/bottom 0 / 0
*****************current image process time 	 3581.7654705047607s ******************
Init pad right/bottom 0 / 0
*****************current image process time 	 3613.3998029232025s ******************
Init pad right/bottom 0 / 0
*****************current image process time 	 3645.2257211208344s ******************
Init pad right/bottom 0 / 0
*****************current image process time 	 3676.8913967609406s ******************
Init pad right/bottom 0 / 0
*****************current image process time 	 3708.6763224601746s ******************
Init pad right/bottom 0 / 0
*****************current image process time 	 3740.321168899536s ******************
Init pad right/bottom 0 / 0
*****************current image process time 	 3772.084295272827s ******************
Init pad right/bottom 0 / 0
*****************current image process time 	 3803.8466777801514s ******************
Init pad right/bottom 0 / 0
*****************current image process time 	 3835.6692979335785s ******************
Init pad right/bottom 0 / 0
*****************current image process time 	 3867.6151010990143s ******************
Init pad right/bottom 0 / 0
*****************current image process time 	 3899.475931406021s ******************
Init pad right/bottom 0 / 0
*****************current image process time 	 3931.447839975357s ******************
Init pad right/bottom 0 / 0
*****************current image process time 	 3963.26611828804s ******************
Init pad right/bottom 0 / 0
*****************current image process time 	 3995.345840215683s ******************
Init pad right/bottom 0 / 0
*****************current image process time 	 4027.2647228240967s ******************
Init pad right/bottom 0 / 0
*****************current image process time 	 4059.2055928707123s ******************
Init pad right/bottom 0 / 0
*****************current image process time 	 4091.1083176136017s ******************
Init pad right/bottom 0 / 0
*****************current image process time 	 4123.177280426025s ******************
Init pad right/bottom 0 / 0
*****************current image process time 	 4155.079269170761s ******************
Init pad right/bottom 0 / 0
*****************current image process time 	 4187.069135904312s ******************
Init pad right/bottom 0 / 0
*****************current image process time 	 4218.935105085373s ******************
Init pad right/bottom 0 / 0
*****************current image process time 	 4250.952959060669s ******************
Init pad right/bottom 0 / 0
*****************current image process time 	 4282.801669597626s ******************
Init pad right/bottom 0 / 0
*****************current image process time 	 4314.80100274086s ******************
Init pad right/bottom 0 / 0
*****************current image process time 	 4346.663166284561s ******************
Init pad right/bottom 0 / 0
*****************current image process time 	 4378.622829198837s ******************
Init pad right/bottom 0 / 0
*****************current image process time 	 4410.367260456085s ******************
Init pad right/bottom 0 / 0
*****************current image process time 	 4442.365337848663s ******************
Init pad right/bottom 0 / 0
*****************current image process time 	 4474.199486255646s ******************
Init pad right/bottom 0 / 0
*****************current image process time 	 4505.868635892868s ******************
Init pad right/bottom 0 / 0
*****************current image process time 	 4537.743198633194s ******************
Init pad right/bottom 0 / 0
*****************current image process time 	 4569.5258667469025s ******************
Init pad right/bottom 0 / 0
*****************current image process time 	 4601.353155851364s ******************
Init pad right/bottom 0 / 0
*****************current image process time 	 4633.007707834244s ******************
Init pad right/bottom 0 / 0
*****************current image process time 	 4664.870506763458s ******************
Init pad right/bottom 0 / 0
*****************current image process time 	 4696.528868198395s ******************
Init pad right/bottom 0 / 0
*****************current image process time 	 4728.087583780289s ******************
Init pad right/bottom 0 / 0
*****************current image process time 	 4759.8468379974365s ******************
Init pad right/bottom 0 / 0
*****************current image process time 	 4791.348513841629s ******************
Init pad right/bottom 0 / 0
*****************current image process time 	 4823.15380191803s ******************
Init pad right/bottom 0 / 0
*****************current image process time 	 4854.692132234573s ******************
Init pad right/bottom 0 / 0
*****************current image process time 	 4886.407305717468s ******************
Init pad right/bottom 0 / 0
*****************current image process time 	 4917.978892564774s ******************
Init pad right/bottom 0 / 0
*****************current image process time 	 4949.739088773727s ******************
Init pad right/bottom 0 / 0
*****************current image process time 	 4981.542459964752s ******************
Init pad right/bottom 0 / 0
*****************current image process time 	 5013.223735570908s ******************
Init pad right/bottom 0 / 0
*****************current image process time 	 5044.886022806168s ******************
Init pad right/bottom 0 / 0
*****************current image process time 	 5076.481571435928s ******************
Init pad right/bottom 0 / 0
*****************current image process time 	 5108.487869024277s ******************
Init pad right/bottom 0 / 0
*****************current image process time 	 5140.315416097641s ******************
Init pad right/bottom 0 / 0
*****************current image process time 	 5172.309419870377s ******************
Init pad right/bottom 0 / 0
*****************current image process time 	 5204.057913541794s ******************
Init pad right/bottom 0 / 0
*****************current image process time 	 5236.066182136536s ******************
Init pad right/bottom 0 / 0
*****************current image process time 	 5267.817369937897s ******************
Init pad right/bottom 0 / 0
*****************current image process time 	 5299.8724093437195s ******************
Init pad right/bottom 0 / 0
*****************current image process time 	 5331.697092533112s ******************
Init pad right/bottom 0 / 0
*****************current image process time 	 5363.745284795761s ******************
Init pad right/bottom 0 / 0
*****************current image process time 	 5395.80026102066s ******************
Init pad right/bottom 0 / 0
*****************current image process time 	 5427.586614608765s ******************
Init pad right/bottom 0 / 0
*****************current image process time 	 5459.5389404296875s ******************
Init pad right/bottom 0 / 0
*****************current image process time 	 5491.283153057098s ******************
Init pad right/bottom 0 / 0
*****************current image process time 	 5523.142153739929s ******************
Init pad right/bottom 0 / 0
*****************current image process time 	 5554.898856639862s ******************
Init pad right/bottom 0 / 0
*****************current image process time 	 5586.799241542816s ******************
Init pad right/bottom 0 / 0
*****************current image process time 	 5618.591842889786s ******************
Init pad right/bottom 0 / 0
*****************current image process time 	 5650.3849177360535s ******************
Init pad right/bottom 0 / 0
*****************current image process time 	 5682.269681692123s ******************
Init pad right/bottom 0 / 0
*****************current image process time 	 5714.150067567825s ******************
Init pad right/bottom 0 / 0
*****************current image process time 	 5745.786081314087s ******************
Init pad right/bottom 0 / 0
*****************current image process time 	 5777.871955871582s ******************
Init pad right/bottom 0 / 0
*****************current image process time 	 5809.570403337479s ******************
Init pad right/bottom 0 / 0
*****************current image process time 	 5841.397771835327s ******************
Init pad right/bottom 0 / 0
*****************current image process time 	 5873.204915523529s ******************
Init pad right/bottom 0 / 0
*****************current image process time 	 5905.151426792145s ******************
Init pad right/bottom 0 / 0
*****************current image process time 	 5936.923396110535s ******************
Init pad right/bottom 0 / 0
*****************current image process time 	 5968.539311408997s ******************
Init pad right/bottom 0 / 0
*****************current image process time 	 6000.430274009705s ******************
Init pad right/bottom 0 / 0
*****************current image process time 	 6031.964792251587s ******************
Init pad right/bottom 0 / 0
*****************current image process time 	 6063.794304609299s ******************
Init pad right/bottom 0 / 0
*****************current image process time 	 6095.435790538788s ******************
Init pad right/bottom 0 / 0
*****************current image process time 	 6127.351653337479s ******************
Init pad right/bottom 0 / 0
*****************current image process time 	 6158.969567537308s ******************
Init pad right/bottom 0 / 0
*****************current image process time 	 6190.761561393738s ******************
Init pad right/bottom 0 / 0
*****************current image process time 	 6222.5081288814545s ******************
Init pad right/bottom 0 / 0
*****************current image process time 	 6254.329179048538s ******************
Init pad right/bottom 0 / 0
*****************current image process time 	 6286.40833234787s ******************
Init pad right/bottom 0 / 0
*****************current image process time 	 6318.274756193161s ******************
Init pad right/bottom 0 / 0
*****************current image process time 	 6350.310034990311s ******************
Init pad right/bottom 0 / 0
*****************current image process time 	 6382.276087284088s ******************
Init pad right/bottom 0 / 0
*****************current image process time 	 6414.247694730759s ******************
Evaluate Folders:  41134007
Init pad right/bottom 0 / 0
*****************current image process time 	 6455.928178787231s ******************
Init pad right/bottom 0 / 0
*****************current image process time 	 6487.383016347885s ******************
Init pad right/bottom 0 / 0
*****************current image process time 	 6518.976531744003s ******************
Init pad right/bottom 0 / 0
*****************current image process time 	 6550.841642141342s ******************
Init pad right/bottom 0 / 0
*****************current image process time 	 6582.7950439453125s ******************
Init pad right/bottom 0 / 0
*****************current image process time 	 6614.5367748737335s ******************
Init pad right/bottom 0 / 0
*****************current image process time 	 6646.118574857712s ******************
Init pad right/bottom 0 / 0
*****************current image process time 	 6677.726522445679s ******************
Init pad right/bottom 0 / 0
*****************current image process time 	 6709.1320033073425s ******************
Init pad right/bottom 0 / 0
*****************current image process time 	 6740.505119562149s ******************
Init pad right/bottom 0 / 0
*****************current image process time 	 6771.928407907486s ******************
Init pad right/bottom 0 / 0
*****************current image process time 	 6803.419405221939s ******************
Init pad right/bottom 0 / 0
*****************current image process time 	 6835.041679620743s ******************
Init pad right/bottom 0 / 0
*****************current image process time 	 6866.596493959427s ******************
Init pad right/bottom 0 / 0
*****************current image process time 	 6898.273556947708s ******************
Init pad right/bottom 0 / 0
*****************current image process time 	 6929.746659517288s ******************
Init pad right/bottom 0 / 0
*****************current image process time 	 6961.320902347565s ******************
Init pad right/bottom 0 / 0
*****************current image process time 	 6992.700855970383s ******************
Init pad right/bottom 0 / 0
*****************current image process time 	 7024.186142683029s ******************
Init pad right/bottom 0 / 0
*****************current image process time 	 7055.401639461517s ******************
Init pad right/bottom 0 / 0
*****************current image process time 	 7086.864152669907s ******************
Init pad right/bottom 0 / 0
*****************current image process time 	 7118.1428809165955s ******************
Init pad right/bottom 0 / 0
*****************current image process time 	 7149.655656814575s ******************
Init pad right/bottom 0 / 0
*****************current image process time 	 7181.103620529175s ******************
Init pad right/bottom 0 / 0
*****************current image process time 	 7212.632546901703s ******************
Init pad right/bottom 0 / 0
*****************current image process time 	 7244.094101905823s ******************
Init pad right/bottom 0 / 0
*****************current image process time 	 7275.715471506119s ******************
Init pad right/bottom 0 / 0
*****************current image process time 	 7307.265646934509s ******************
Init pad right/bottom 0 / 0
*****************current image process time 	 7338.960511922836s ******************
Init pad right/bottom 0 / 0
*****************current image process time 	 7370.503499507904s ******************
Init pad right/bottom 0 / 0
*****************current image process time 	 7402.224933862686s ******************
Init pad right/bottom 0 / 0
*****************current image process time 	 7433.905559062958s ******************
Init pad right/bottom 0 / 0
*****************current image process time 	 7465.719584703445s ******************
Init pad right/bottom 0 / 0
*****************current image process time 	 7497.467248678207s ******************
Init pad right/bottom 0 / 0
*****************current image process time 	 7529.510171175003s ******************
Init pad right/bottom 0 / 0
*****************current image process time 	 7561.285425901413s ******************
Init pad right/bottom 0 / 0
*****************current image process time 	 7593.30721950531s ******************
Init pad right/bottom 0 / 0
*****************current image process time 	 7625.0131804943085s ******************
Init pad right/bottom 0 / 0
*****************current image process time 	 7656.910399675369s ******************
Init pad right/bottom 0 / 0
*****************current image process time 	 7688.622470855713s ******************
Init pad right/bottom 0 / 0
*****************current image process time 	 7720.44956612587s ******************
Init pad right/bottom 0 / 0
*****************current image process time 	 7752.126895904541s ******************
Init pad right/bottom 0 / 0
*****************current image process time 	 7784.282193660736s ******************
Init pad right/bottom 0 / 0
*****************current image process time 	 7816.275645494461s ******************
Init pad right/bottom 0 / 0
*****************current image process time 	 7848.234959363937s ******************
Init pad right/bottom 0 / 0
*****************current image process time 	 7879.9909245967865s ******************
Init pad right/bottom 0 / 0
*****************current image process time 	 7911.899702072144s ******************
Init pad right/bottom 0 / 0
*****************current image process time 	 7943.6937074661255s ******************
Init pad right/bottom 0 / 0
*****************current image process time 	 7975.599375963211s ******************
Init pad right/bottom 0 / 0
*****************current image process time 	 8007.339730978012s ******************
Init pad right/bottom 0 / 0
*****************current image process time 	 8039.244745016098s ******************
Init pad right/bottom 0 / 0
*****************current image process time 	 8070.962601184845s ******************
Init pad right/bottom 0 / 0
*****************current image process time 	 8102.856831550598s ******************
Init pad right/bottom 0 / 0
*****************current image process time 	 8134.645782232285s ******************
Init pad right/bottom 0 / 0
*****************current image process time 	 8166.526387691498s ******************
Init pad right/bottom 0 / 0
*****************current image process time 	 8197.97075009346s ******************
Init pad right/bottom 0 / 0
*****************current image process time 	 8229.564797639847s ******************
Init pad right/bottom 0 / 0
*****************current image process time 	 8261.006801843643s ******************
Init pad right/bottom 0 / 0
*****************current image process time 	 8292.669260978699s ******************
Init pad right/bottom 0 / 0
*****************current image process time 	 8324.313027858734s ******************
Init pad right/bottom 0 / 0
*****************current image process time 	 8356.103405475616s ******************
Init pad right/bottom 0 / 0
*****************current image process time 	 8387.743597507477s ******************
Init pad right/bottom 0 / 0
*****************current image process time 	 8419.58625125885s ******************
Init pad right/bottom 0 / 0
*****************current image process time 	 8451.252670049667s ******************
Init pad right/bottom 0 / 0
*****************current image process time 	 8483.160042762756s ******************
Init pad right/bottom 0 / 0
*****************current image process time 	 8514.948758602142s ******************
Init pad right/bottom 0 / 0
*****************current image process time 	 8546.88410782814s ******************
Init pad right/bottom 0 / 0
*****************current image process time 	 8578.752063274384s ******************
Init pad right/bottom 0 / 0
*****************current image process time 	 8610.754595518112s ******************
Init pad right/bottom 0 / 0
*****************current image process time 	 8642.681657075882s ******************
Init pad right/bottom 0 / 0
*****************current image process time 	 8674.671473264694s ******************
Init pad right/bottom 0 / 0
*****************current image process time 	 8706.569015264511s ******************
Init pad right/bottom 0 / 0
*****************current image process time 	 8738.635860204697s ******************
Init pad right/bottom 0 / 0
*****************current image process time 	 8770.468525409698s ******************
Init pad right/bottom 0 / 0
*****************current image process time 	 8802.483815908432s ******************
Init pad right/bottom 0 / 0
*****************current image process time 	 8834.349858522415s ******************
Init pad right/bottom 0 / 0
*****************current image process time 	 8866.187007904053s ******************
Init pad right/bottom 0 / 0
*****************current image process time 	 8898.097566604614s ******************
Init pad right/bottom 0 / 0
*****************current image process time 	 8929.902686357498s ******************
Init pad right/bottom 0 / 0
*****************current image process time 	 8961.957382440567s ******************
Init pad right/bottom 0 / 0
*****************current image process time 	 8993.780440330505s ******************
Init pad right/bottom 0 / 0
*****************current image process time 	 9025.824610710144s ******************
Init pad right/bottom 0 / 0
*****************current image process time 	 9057.604933023453s ******************
Init pad right/bottom 0 / 0
*****************current image process time 	 9089.570320129395s ******************
Init pad right/bottom 0 / 0
*****************current image process time 	 9121.332267999649s ******************
Init pad right/bottom 0 / 0
*****************current image process time 	 9153.198243618011s ******************
Init pad right/bottom 0 / 0
*****************current image process time 	 9184.979084014893s ******************
Init pad right/bottom 0 / 0
*****************current image process time 	 9216.82681941986s ******************
Init pad right/bottom 0 / 0
*****************current image process time 	 9248.807848930359s ******************
Init pad right/bottom 0 / 0
*****************current image process time 	 9280.609244823456s ******************
Init pad right/bottom 0 / 0
*****************current image process time 	 9312.542219161987s ******************
Init pad right/bottom 0 / 0
*****************current image process time 	 9344.242242574692s ******************
Init pad right/bottom 0 / 0
*****************current image process time 	 9376.155315876007s ******************
Init pad right/bottom 0 / 0
*****************current image process time 	 9407.650210618973s ******************
Init pad right/bottom 0 / 0
*****************current image process time 	 9439.412892341614s ******************
Init pad right/bottom 0 / 0
*****************current image process time 	 9471.10143995285s ******************
Init pad right/bottom 0 / 0
*****************current image process time 	 9502.873398542404s ******************
Init pad right/bottom 0 / 0
*****************current image process time 	 9534.641245126724s ******************
Init pad right/bottom 0 / 0
*****************current image process time 	 9566.434760808945s ******************
Init pad right/bottom 0 / 0
*****************current image process time 	 9598.417971134186s ******************
Evaluate Folders:  41664901
Init pad right/bottom 0 / 0
*****************current image process time 	 9641.905272006989s ******************
Init pad right/bottom 0 / 0
*****************current image process time 	 9673.367377519608s ******************
Init pad right/bottom 0 / 0
*****************current image process time 	 9704.769015073776s ******************
Init pad right/bottom 0 / 0
*****************current image process time 	 9736.241541862488s ******************
Init pad right/bottom 0 / 0
*****************current image process time 	 9767.746231794357s ******************
Init pad right/bottom 0 / 0
*****************current image process time 	 9799.423199653625s ******************
Init pad right/bottom 0 / 0
*****************current image process time 	 9831.239896774292s ******************
Init pad right/bottom 0 / 0
*****************current image process time 	 9863.069501876831s ******************
Init pad right/bottom 0 / 0
*****************current image process time 	 9894.841812372208s ******************
Init pad right/bottom 0 / 0
*****************current image process time 	 9926.676456689835s ******************
Init pad right/bottom 0 / 0
*****************current image process time 	 9958.40866446495s ******************
Init pad right/bottom 0 / 0
*****************current image process time 	 9990.177852392197s ******************
Init pad right/bottom 0 / 0
*****************current image process time 	 10021.891476154327s ******************
Init pad right/bottom 0 / 0
*****************current image process time 	 10053.676934719086s ******************
Init pad right/bottom 0 / 0
*****************current image process time 	 10085.38496184349s ******************
Init pad right/bottom 0 / 0
*****************current image process time 	 10117.279133319855s ******************
Init pad right/bottom 0 / 0
*****************current image process time 	 10149.016711950302s ******************
Init pad right/bottom 0 / 0
*****************current image process time 	 10180.86553311348s ******************
Init pad right/bottom 0 / 0
*****************current image process time 	 10212.3839199543s ******************
Init pad right/bottom 0 / 0
*****************current image process time 	 10243.962486028671s ******************
Init pad right/bottom 0 / 0
*****************current image process time 	 10275.458267211914s ******************
Init pad right/bottom 0 / 0
*****************current image process time 	 10306.991261720657s ******************
Init pad right/bottom 0 / 0
*****************current image process time 	 10338.58808541298s ******************
Init pad right/bottom 0 / 0
*****************current image process time 	 10370.54697394371s ******************
Init pad right/bottom 0 / 0
*****************current image process time 	 10402.249573230743s ******************
Init pad right/bottom 0 / 0
*****************current image process time 	 10433.916852474213s ******************
Init pad right/bottom 0 / 0
*****************current image process time 	 10465.634940624237s ******************
Init pad right/bottom 0 / 0
*****************current image process time 	 10497.46788406372s ******************
Init pad right/bottom 0 / 0
*****************current image process time 	 10529.224715471268s ******************
Init pad right/bottom 0 / 0
*****************current image process time 	 10561.0389919281s ******************
Init pad right/bottom 0 / 0
*****************current image process time 	 10592.83570098877s ******************
Init pad right/bottom 0 / 0
*****************current image process time 	 10624.834983587265s ******************
Init pad right/bottom 0 / 0
*****************current image process time 	 10656.6753616333s ******************
Init pad right/bottom 0 / 0
*****************current image process time 	 10688.572329998016s ******************
Init pad right/bottom 0 / 0
*****************current image process time 	 10720.496218681335s ******************
Init pad right/bottom 0 / 0
*****************current image process time 	 10752.563345909119s ******************
Init pad right/bottom 0 / 0
*****************current image process time 	 10784.426830530167s ******************
Init pad right/bottom 0 / 0
*****************current image process time 	 10816.472426891327s ******************
Init pad right/bottom 0 / 0
*****************current image process time 	 10848.330261468887s ******************
Init pad right/bottom 0 / 0
*****************current image process time 	 10880.159900903702s ******************
Init pad right/bottom 0 / 0
*****************current image process time 	 10912.026185750961s ******************
Init pad right/bottom 0 / 0
*****************current image process time 	 10944.001097202301s ******************
Init pad right/bottom 0 / 0
*****************current image process time 	 10975.883787870407s ******************
Init pad right/bottom 0 / 0
*****************current image process time 	 11007.771111011505s ******************
Init pad right/bottom 0 / 0
*****************current image process time 	 11039.502242088318s ******************
Init pad right/bottom 0 / 0
*****************current image process time 	 11071.330498218536s ******************
Init pad right/bottom 0 / 0
*****************current image process time 	 11103.12618470192s ******************
Init pad right/bottom 0 / 0
*****************current image process time 	 11134.97323346138s ******************
Init pad right/bottom 0 / 0
*****************current image process time 	 11166.817698955536s ******************
Init pad right/bottom 0 / 0
*****************current image process time 	 11198.69993519783s ******************
Init pad right/bottom 0 / 0
*****************current image process time 	 11230.536648273468s ******************
Init pad right/bottom 0 / 0
*****************current image process time 	 11262.36079287529s ******************
Init pad right/bottom 0 / 0
*****************current image process time 	 11294.028318405151s ******************
Init pad right/bottom 0 / 0
*****************current image process time 	 11325.715381145477s ******************
Init pad right/bottom 0 / 0
*****************current image process time 	 11357.38635969162s ******************
Init pad right/bottom 0 / 0
*****************current image process time 	 11388.912004232407s ******************
Init pad right/bottom 0 / 0
*****************current image process time 	 11420.408755779266s ******************
Init pad right/bottom 0 / 0
*****************current image process time 	 11452.008643388748s ******************
Init pad right/bottom 0 / 0
*****************current image process time 	 11483.60277891159s ******************
Init pad right/bottom 0 / 0
*****************current image process time 	 11515.266702651978s ******************
Init pad right/bottom 0 / 0
*****************current image process time 	 11546.886719942093s ******************
Init pad right/bottom 0 / 0
*****************current image process time 	 11578.776671171188s ******************
Init pad right/bottom 0 / 0
*****************current image process time 	 11610.514200210571s ******************
Init pad right/bottom 0 / 0
*****************current image process time 	 11642.40294790268s ******************
Init pad right/bottom 0 / 0
*****************current image process time 	 11674.059441566467s ******************
Init pad right/bottom 0 / 0
*****************current image process time 	 11706.498874902725s ******************
Init pad right/bottom 0 / 0
*****************current image process time 	 11738.27150440216s ******************
Init pad right/bottom 0 / 0
*****************current image process time 	 11770.094875574112s ******************
Init pad right/bottom 0 / 0
*****************current image process time 	 11801.938326597214s ******************
Init pad right/bottom 0 / 0
*****************current image process time 	 11833.959353923798s ******************
Init pad right/bottom 0 / 0
*****************current image process time 	 11865.864646911621s ******************
Init pad right/bottom 0 / 0
*****************current image process time 	 11897.817207098007s ******************
Init pad right/bottom 0 / 0
*****************current image process time 	 11929.743302583694s ******************
Init pad right/bottom 0 / 0
*****************current image process time 	 11961.77490401268s ******************
Init pad right/bottom 0 / 0
*****************current image process time 	 11993.690067768097s ******************
Init pad right/bottom 0 / 0
*****************current image process time 	 12025.77816438675s ******************
Init pad right/bottom 0 / 0
*****************current image process time 	 12057.690498113632s ******************
Init pad right/bottom 0 / 0
*****************current image process time 	 12089.654602050781s ******************
Init pad right/bottom 0 / 0
*****************current image process time 	 12121.554807901382s ******************
Init pad right/bottom 0 / 0
*****************current image process time 	 12153.527193784714s ******************
Init pad right/bottom 0 / 0
*****************current image process time 	 12185.36011171341s ******************
Init pad right/bottom 0 / 0
*****************current image process time 	 12217.208808660507s ******************
Init pad right/bottom 0 / 0
*****************current image process time 	 12249.074068784714s ******************
Init pad right/bottom 0 / 0
*****************current image process time 	 12280.79674243927s ******************
Init pad right/bottom 0 / 0
*****************current image process time 	 12312.608004331589s ******************
Init pad right/bottom 0 / 0
*****************current image process time 	 12344.528866529465s ******************
Init pad right/bottom 0 / 0
*****************current image process time 	 12376.354003190994s ******************
Init pad right/bottom 0 / 0
*****************current image process time 	 12408.278861284256s ******************
Init pad right/bottom 0 / 0
*****************current image process time 	 12439.954798936844s ******************
Init pad right/bottom 0 / 0
*****************current image process time 	 12471.8972594738s ******************
Init pad right/bottom 0 / 0
*****************current image process time 	 12503.399111747742s ******************
Init pad right/bottom 0 / 0
*****************current image process time 	 12535.149655342102s ******************
Init pad right/bottom 0 / 0
*****************current image process time 	 12566.801696300507s ******************
Init pad right/bottom 0 / 0
*****************current image process time 	 12598.521927118301s ******************
Init pad right/bottom 0 / 0
*****************current image process time 	 12630.165934801102s ******************
Init pad right/bottom 0 / 0
*****************current image process time 	 12661.972279071808s ******************
Init pad right/bottom 0 / 0
*****************current image process time 	 12693.647972345352s ******************
Init pad right/bottom 0 / 0
*****************current image process time 	 12725.517607212067s ******************
Init pad right/bottom 0 / 0
*****************current image process time 	 12757.216537714005s ******************
Init pad right/bottom 0 / 0
*****************current image process time 	 12789.1569647789s ******************
Evaluate Folders:  42303341
Init pad right/bottom 0 / 0
*****************current image process time 	 12830.777683973312s ******************
Init pad right/bottom 0 / 0
*****************current image process time 	 12862.432661294937s ******************
Init pad right/bottom 0 / 0
*****************current image process time 	 12893.641001701355s ******************
Init pad right/bottom 0 / 0
*****************current image process time 	 12925.185947418213s ******************
Init pad right/bottom 0 / 0
*****************current image process time 	 12956.495618104935s ******************
Init pad right/bottom 0 / 0
*****************current image process time 	 12988.19452214241s ******************
Init pad right/bottom 0 / 0
*****************current image process time 	 13019.690267324448s ******************
Init pad right/bottom 0 / 0
*****************current image process time 	 13051.48724269867s ******************
Init pad right/bottom 0 / 0
*****************current image process time 	 13083.065877199173s ******************
Init pad right/bottom 0 / 0
*****************current image process time 	 13115.07844376564s ******************
Init pad right/bottom 0 / 0
*****************current image process time 	 13146.787138700485s ******************
Init pad right/bottom 0 / 0
*****************current image process time 	 13178.56713962555s ******************
Init pad right/bottom 0 / 0
*****************current image process time 	 13210.310635566711s ******************
Init pad right/bottom 0 / 0
*****************current image process time 	 13242.206943273544s ******************
Init pad right/bottom 0 / 0
*****************current image process time 	 13273.862415790558s ******************
Init pad right/bottom 0 / 0
*****************current image process time 	 13305.62462568283s ******************
Init pad right/bottom 0 / 0
*****************current image process time 	 13337.233709335327s ******************
Init pad right/bottom 0 / 0
*****************current image process time 	 13369.131926298141s ******************
Init pad right/bottom 0 / 0
*****************current image process time 	 13400.783968925476s ******************
Init pad right/bottom 0 / 0
*****************current image process time 	 13432.587468385696s ******************
Init pad right/bottom 0 / 0
*****************current image process time 	 13464.26905798912s ******************
Init pad right/bottom 0 / 0
*****************current image process time 	 13495.77262711525s ******************
Init pad right/bottom 0 / 0
*****************current image process time 	 13527.081988096237s ******************
Init pad right/bottom 0 / 0
*****************current image process time 	 13558.588038682938s ******************
Init pad right/bottom 0 / 0
*****************current image process time 	 13590.122356176376s ******************
Init pad right/bottom 0 / 0
*****************current image process time 	 13621.824664592743s ******************
Init pad right/bottom 0 / 0
*****************current image process time 	 13653.414688110352s ******************
Init pad right/bottom 0 / 0
*****************current image process time 	 13685.110962629318s ******************
Init pad right/bottom 0 / 0
*****************current image process time 	 13716.765670537949s ******************
Init pad right/bottom 0 / 0
*****************current image process time 	 13748.642112016678s ******************
Init pad right/bottom 0 / 0
*****************current image process time 	 13780.27546095848s ******************
Init pad right/bottom 0 / 0
*****************current image process time 	 13811.94003200531s ******************
Init pad right/bottom 0 / 0
*****************current image process time 	 13843.618747234344s ******************
Init pad right/bottom 0 / 0
*****************current image process time 	 13875.47972536087s ******************
Init pad right/bottom 0 / 0
*****************current image process time 	 13907.218321800232s ******************
Init pad right/bottom 0 / 0
*****************current image process time 	 13939.158665418625s ******************
Init pad right/bottom 0 / 0
*****************current image process time 	 13970.929173231125s ******************
Init pad right/bottom 0 / 0
*****************current image process time 	 14002.929012537003s ******************
Init pad right/bottom 0 / 0
*****************current image process time 	 14034.808776855469s ******************
Init pad right/bottom 0 / 0
*****************current image process time 	 14066.838352441788s ******************
Init pad right/bottom 0 / 0
*****************current image process time 	 14098.689852714539s ******************
Init pad right/bottom 0 / 0
*****************current image process time 	 14130.53542137146s ******************
Init pad right/bottom 0 / 0
*****************current image process time 	 14162.331484079361s ******************
Init pad right/bottom 0 / 0
*****************current image process time 	 14194.228401899338s ******************
Init pad right/bottom 0 / 0
*****************current image process time 	 14226.044867277145s ******************
Init pad right/bottom 0 / 0
*****************current image process time 	 14257.946124076843s ******************
Init pad right/bottom 0 / 0
*****************current image process time 	 14289.760334014893s ******************
Init pad right/bottom 0 / 0
*****************current image process time 	 14321.573567390442s ******************
Init pad right/bottom 0 / 0
*****************current image process time 	 14353.308744192123s ******************
Init pad right/bottom 0 / 0
*****************current image process time 	 14385.409996509552s ******************
Init pad right/bottom 0 / 0
*****************current image process time 	 14417.13888001442s ******************
Init pad right/bottom 0 / 0
*****************current image process time 	 14448.909211158752s ******************
Init pad right/bottom 0 / 0
*****************current image process time 	 14480.645929813385s ******************
Init pad right/bottom 0 / 0
*****************current image process time 	 14512.603383779526s ******************
Init pad right/bottom 0 / 0
*****************current image process time 	 14544.36366724968s ******************
Init pad right/bottom 0 / 0
*****************current image process time 	 14576.153221845627s ******************
Init pad right/bottom 0 / 0
*****************current image process time 	 14607.885966777802s ******************
Init pad right/bottom 0 / 0
*****************current image process time 	 14639.762521028519s ******************
Init pad right/bottom 0 / 0
*****************current image process time 	 14671.279283761978s ******************
Init pad right/bottom 0 / 0
*****************current image process time 	 14703.028261423111s ******************
Init pad right/bottom 0 / 0
*****************current image process time 	 14734.515858411789s ******************
Init pad right/bottom 0 / 0
*****************current image process time 	 14766.042678833008s ******************
Init pad right/bottom 0 / 0
*****************current image process time 	 14797.703428268433s ******************
Init pad right/bottom 0 / 0
*****************current image process time 	 14829.55198431015s ******************
Init pad right/bottom 0 / 0
*****************current image process time 	 14861.278897285461s ******************
Init pad right/bottom 0 / 0
*****************current image process time 	 14893.388591051102s ******************
Init pad right/bottom 0 / 0
*****************current image process time 	 14925.212005853653s ******************
Init pad right/bottom 0 / 0
*****************current image process time 	 14957.257452249527s ******************
Init pad right/bottom 0 / 0
*****************current image process time 	 14989.06989455223s ******************
Init pad right/bottom 0 / 0
*****************current image process time 	 15020.981385469437s ******************
Init pad right/bottom 0 / 0
*****************current image process time 	 15052.837686538696s ******************
Init pad right/bottom 0 / 0
*****************current image process time 	 15084.933474302292s ******************
Init pad right/bottom 0 / 0
*****************current image process time 	 15116.839578390121s ******************
Init pad right/bottom 0 / 0
*****************current image process time 	 15148.899082422256s ******************
Init pad right/bottom 0 / 0
*****************current image process time 	 15180.768060922623s ******************
Init pad right/bottom 0 / 0
*****************current image process time 	 15212.700477600098s ******************
Init pad right/bottom 0 / 0
*****************current image process time 	 15244.602182149887s ******************
Init pad right/bottom 0 / 0
*****************current image process time 	 15276.620312213898s ******************
Init pad right/bottom 0 / 0
*****************current image process time 	 15308.48616194725s ******************
Init pad right/bottom 0 / 0
*****************current image process time 	 15340.457908630371s ******************
Init pad right/bottom 0 / 0
*****************current image process time 	 15372.326275110245s ******************
Init pad right/bottom 0 / 0
*****************current image process time 	 15404.332696199417s ******************
Init pad right/bottom 0 / 0
*****************current image process time 	 15436.192239284515s ******************
Init pad right/bottom 0 / 0
*****************current image process time 	 15468.185268878937s ******************
Init pad right/bottom 0 / 0
*****************current image process time 	 15499.905331373215s ******************
Init pad right/bottom 0 / 0
*****************current image process time 	 15531.752903223038s ******************
Init pad right/bottom 0 / 0
*****************current image process time 	 15563.478453874588s ******************
Init pad right/bottom 0 / 0
*****************current image process time 	 15595.33532500267s ******************
Init pad right/bottom 0 / 0
*****************current image process time 	 15629.11011338234s ******************
Init pad right/bottom 0 / 0
*****************current image process time 	 15661.067314386368s ******************
Init pad right/bottom 0 / 0
*****************current image process time 	 15692.924278736115s ******************
Init pad right/bottom 0 / 0
*****************current image process time 	 15724.932634592056s ******************
Init pad right/bottom 0 / 0
*****************current image process time 	 15756.566730499268s ******************
Init pad right/bottom 0 / 0
*****************current image process time 	 15788.299879312515s ******************
Init pad right/bottom 0 / 0
*****************current image process time 	 15819.859016895294s ******************
Init pad right/bottom 0 / 0
*****************current image process time 	 15851.462808847427s ******************
Init pad right/bottom 0 / 0
*****************current image process time 	 15883.153083086014s ******************
Init pad right/bottom 0 / 0
*****************current image process time 	 15914.940862178802s ******************
Init pad right/bottom 0 / 0
*****************current image process time 	 15946.755965948105s ******************
Init pad right/bottom 0 / 0
*****************current image process time 	 15978.565016031265s ******************
