OrderedDict([('pretrain_model_G', '/mnt/lustre/shanghai/cmic/home/xyz18/experiments/train_EDVR_L_Preload_30000_nobug_ssim_11_LR_1e_5_suzhou_remove_baddata/models/latest_G.pth'), ('save_path', '/mnt/lustre/shanghai/cmic/home/xyz18/'), ('strict_load', True), ('resume_state', None)])
GPU  1
Evaluate Folders:  18007288
Init pad right/bottom 0 / 0
*****************current image process time 	 45.179404735565186s ******************
Init pad right/bottom 0 / 0
*****************current image process time 	 81.26968574523926s ******************
Init pad right/bottom 0 / 0
*****************current image process time 	 117.36085152626038s ******************
Init pad right/bottom 0 / 0
*****************current image process time 	 153.4582850933075s ******************
Init pad right/bottom 0 / 0
*****************current image process time 	 189.51004648208618s ******************
Init pad right/bottom 0 / 0
*****************current image process time 	 225.54684901237488s ******************
Init pad right/bottom 0 / 0
*****************current image process time 	 261.6083128452301s ******************
Init pad right/bottom 0 / 0
*****************current image process time 	 297.8064012527466s ******************
Init pad right/bottom 0 / 0
*****************current image process time 	 333.8132658004761s ******************
Init pad right/bottom 0 / 0
*****************current image process time 	 369.89357471466064s ******************
Init pad right/bottom 0 / 0
*****************current image process time 	 406.0594234466553s ******************
Init pad right/bottom 0 / 0
*****************current image process time 	 442.08256816864014s ******************
Init pad right/bottom 0 / 0
*****************current image process time 	 478.11359000205994s ******************
Init pad right/bottom 0 / 0
*****************current image process time 	 514.2804269790649s ******************
Init pad right/bottom 0 / 0
*****************current image process time 	 550.3099570274353s ******************
Init pad right/bottom 0 / 0
*****************current image process time 	 586.352433681488s ******************
Init pad right/bottom 0 / 0
*****************current image process time 	 622.4950234889984s ******************
Init pad right/bottom 0 / 0
*****************current image process time 	 658.531742811203s ******************
Init pad right/bottom 0 / 0
*****************current image process time 	 694.6077091693878s ******************
Init pad right/bottom 0 / 0
*****************current image process time 	 730.6905539035797s ******************
Init pad right/bottom 0 / 0
*****************current image process time 	 766.7067992687225s ******************
Init pad right/bottom 0 / 0
*****************current image process time 	 802.731945514679s ******************
Init pad right/bottom 0 / 0
*****************current image process time 	 838.771036863327s ******************
Init pad right/bottom 0 / 0
*****************current image process time 	 874.8892052173615s ******************
Init pad right/bottom 0 / 0
*****************current image process time 	 910.988646030426s ******************
Init pad right/bottom 0 / 0
*****************current image process time 	 947.0965640544891s ******************
Init pad right/bottom 0 / 0
*****************current image process time 	 983.1843445301056s ******************
Init pad right/bottom 0 / 0
*****************current image process time 	 1019.2628870010376s ******************
Init pad right/bottom 0 / 0
*****************current image process time 	 1055.3469305038452s ******************
Init pad right/bottom 0 / 0
*****************current image process time 	 1091.429699897766s ******************
Init pad right/bottom 0 / 0
*****************current image process time 	 1127.516187429428s ******************
Init pad right/bottom 0 / 0
*****************current image process time 	 1163.747179031372s ******************
Init pad right/bottom 0 / 0
*****************current image process time 	 1199.8151721954346s ******************
Init pad right/bottom 0 / 0
*****************current image process time 	 1235.911286830902s ******************
Init pad right/bottom 0 / 0
*****************current image process time 	 1272.1668982505798s ******************
Init pad right/bottom 0 / 0
*****************current image process time 	 1308.2505114078522s ******************
Init pad right/bottom 0 / 0
*****************current image process time 	 1344.3506834506989s ******************
Init pad right/bottom 0 / 0
*****************current image process time 	 1380.5344667434692s ******************
Init pad right/bottom 0 / 0
*****************current image process time 	 1416.6086452007294s ******************
Init pad right/bottom 0 / 0
*****************current image process time 	 1452.6814918518066s ******************
Init pad right/bottom 0 / 0
*****************current image process time 	 1488.747311592102s ******************
Init pad right/bottom 0 / 0
*****************current image process time 	 1524.8581767082214s ******************
Init pad right/bottom 0 / 0
*****************current image process time 	 1560.9129478931427s ******************
Init pad right/bottom 0 / 0
*****************current image process time 	 1596.9705905914307s ******************
Init pad right/bottom 0 / 0
*****************current image process time 	 1633.0275225639343s ******************
Init pad right/bottom 0 / 0
*****************current image process time 	 1669.078202009201s ******************
Init pad right/bottom 0 / 0
*****************current image process time 	 1705.1101348400116s ******************
Init pad right/bottom 0 / 0
*****************current image process time 	 1741.1645472049713s ******************
Init pad right/bottom 0 / 0
*****************current image process time 	 1777.1615691184998s ******************
Init pad right/bottom 0 / 0
*****************current image process time 	 1813.1559808254242s ******************
Init pad right/bottom 0 / 0
*****************current image process time 	 1849.1626873016357s ******************
Init pad right/bottom 0 / 0
*****************current image process time 	 1885.1612498760223s ******************
Init pad right/bottom 0 / 0
*****************current image process time 	 1921.161691904068s ******************
Init pad right/bottom 0 / 0
*****************current image process time 	 1957.1658256053925s ******************
Init pad right/bottom 0 / 0
*****************current image process time 	 1993.153475522995s ******************
Init pad right/bottom 0 / 0
*****************current image process time 	 2029.1691546440125s ******************
Init pad right/bottom 0 / 0
*****************current image process time 	 2065.1774384975433s ******************
Init pad right/bottom 0 / 0
*****************current image process time 	 2101.151161670685s ******************
Init pad right/bottom 0 / 0
*****************current image process time 	 2137.1336529254913s ******************
Init pad right/bottom 0 / 0
*****************current image process time 	 2173.122309923172s ******************
Init pad right/bottom 0 / 0
*****************current image process time 	 2209.139364004135s ******************
Init pad right/bottom 0 / 0
*****************current image process time 	 2245.138939142227s ******************
Init pad right/bottom 0 / 0
*****************current image process time 	 2281.2724001407623s ******************
Init pad right/bottom 0 / 0
*****************current image process time 	 2317.275317668915s ******************
Init pad right/bottom 0 / 0
*****************current image process time 	 2353.2810657024384s ******************
Init pad right/bottom 0 / 0
*****************current image process time 	 2389.5653834342957s ******************
Init pad right/bottom 0 / 0
*****************current image process time 	 2425.7256696224213s ******************
Init pad right/bottom 0 / 0
*****************current image process time 	 2461.989292860031s ******************
Init pad right/bottom 0 / 0
*****************current image process time 	 2498.0785596370697s ******************
Init pad right/bottom 0 / 0
*****************current image process time 	 2534.2631356716156s ******************
Init pad right/bottom 0 / 0
*****************current image process time 	 2570.502685546875s ******************
Init pad right/bottom 0 / 0
*****************current image process time 	 2606.569923400879s ******************
Init pad right/bottom 0 / 0
*****************current image process time 	 2642.680907011032s ******************
Init pad right/bottom 0 / 0
*****************current image process time 	 2678.894926071167s ******************
Init pad right/bottom 0 / 0
*****************current image process time 	 2714.9641416072845s ******************
Init pad right/bottom 0 / 0
*****************current image process time 	 2751.1055266857147s ******************
Init pad right/bottom 0 / 0
*****************current image process time 	 2787.336663722992s ******************
Init pad right/bottom 0 / 0
*****************current image process time 	 2823.4072489738464s ******************
Init pad right/bottom 0 / 0
*****************current image process time 	 2859.468534231186s ******************
Init pad right/bottom 0 / 0
*****************current image process time 	 2895.5865590572357s ******************
Init pad right/bottom 0 / 0
*****************current image process time 	 2931.8372876644135s ******************
Init pad right/bottom 0 / 0
*****************current image process time 	 2967.916800737381s ******************
Init pad right/bottom 0 / 0
*****************current image process time 	 3004.0218274593353s ******************
Init pad right/bottom 0 / 0
*****************current image process time 	 3040.291657924652s ******************
Init pad right/bottom 0 / 0
*****************current image process time 	 3076.3694999217987s ******************
Init pad right/bottom 0 / 0
*****************current image process time 	 3112.46462059021s ******************
Init pad right/bottom 0 / 0
*****************current image process time 	 3148.647637605667s ******************
Init pad right/bottom 0 / 0
*****************current image process time 	 3184.721179008484s ******************
Init pad right/bottom 0 / 0
*****************current image process time 	 3220.7891986370087s ******************
Init pad right/bottom 0 / 0
*****************current image process time 	 3256.880921602249s ******************
Init pad right/bottom 0 / 0
*****************current image process time 	 3292.9504404067993s ******************
Init pad right/bottom 0 / 0
*****************current image process time 	 3328.9925520420074s ******************
Init pad right/bottom 0 / 0
*****************current image process time 	 3365.055400133133s ******************
Init pad right/bottom 0 / 0
*****************current image process time 	 3401.091166496277s ******************
Init pad right/bottom 0 / 0
*****************current image process time 	 3437.138200044632s ******************
Init pad right/bottom 0 / 0
*****************current image process time 	 3473.1760516166687s ******************
Init pad right/bottom 0 / 0
*****************current image process time 	 3509.2384939193726s ******************
Init pad right/bottom 0 / 0
*****************current image process time 	 3545.305758714676s ******************
Init pad right/bottom 0 / 0
*****************current image process time 	 3581.372880458832s ******************
Init pad right/bottom 0 / 0
*****************current image process time 	 3617.370141983032s ******************
Evaluate Folders:  18746922
Init pad right/bottom 0 / 0
*****************current image process time 	 3661.861214160919s ******************
Init pad right/bottom 0 / 0
*****************current image process time 	 3697.935877561569s ******************
Init pad right/bottom 0 / 0
*****************current image process time 	 3733.908163547516s ******************
Init pad right/bottom 0 / 0
*****************current image process time 	 3769.896205186844s ******************
Init pad right/bottom 0 / 0
*****************current image process time 	 3805.894590616226s ******************
Init pad right/bottom 0 / 0
*****************current image process time 	 3841.91539311409s ******************
Init pad right/bottom 0 / 0
*****************current image process time 	 3877.9265756607056s ******************
Init pad right/bottom 0 / 0
*****************current image process time 	 3913.961673259735s ******************
Init pad right/bottom 0 / 0
*****************current image process time 	 3949.9570615291595s ******************
Init pad right/bottom 0 / 0
*****************current image process time 	 3986.009122133255s ******************
Init pad right/bottom 0 / 0
*****************current image process time 	 4022.001760005951s ******************
Init pad right/bottom 0 / 0
*****************current image process time 	 4057.9439175128937s ******************
Init pad right/bottom 0 / 0
*****************current image process time 	 4093.995883703232s ******************
Init pad right/bottom 0 / 0
*****************current image process time 	 4130.13264298439s ******************
Init pad right/bottom 0 / 0
*****************current image process time 	 4166.139312982559s ******************
Init pad right/bottom 0 / 0
*****************current image process time 	 4202.099686861038s ******************
Init pad right/bottom 0 / 0
*****************current image process time 	 4238.074151754379s ******************
Init pad right/bottom 0 / 0
*****************current image process time 	 4274.062950849533s ******************
Init pad right/bottom 0 / 0
*****************current image process time 	 4310.065151453018s ******************
Init pad right/bottom 0 / 0
*****************current image process time 	 4346.368662595749s ******************
Init pad right/bottom 0 / 0
*****************current image process time 	 4382.396317243576s ******************
Init pad right/bottom 0 / 0
*****************current image process time 	 4418.446068286896s ******************
Init pad right/bottom 0 / 0
*****************current image process time 	 4454.526669502258s ******************
Init pad right/bottom 0 / 0
*****************current image process time 	 4490.591458559036s ******************
Init pad right/bottom 0 / 0
*****************current image process time 	 4526.773806810379s ******************
Init pad right/bottom 0 / 0
*****************current image process time 	 4562.8734567165375s ******************
Init pad right/bottom 0 / 0
*****************current image process time 	 4598.942222595215s ******************
Init pad right/bottom 0 / 0
*****************current image process time 	 4635.057478189468s ******************
Init pad right/bottom 0 / 0
*****************current image process time 	 4671.203168392181s ******************
Init pad right/bottom 0 / 0
*****************current image process time 	 4707.310909748077s ******************
Init pad right/bottom 0 / 0
*****************current image process time 	 4743.427731990814s ******************
Init pad right/bottom 0 / 0
*****************current image process time 	 4779.5986115932465s ******************
Init pad right/bottom 0 / 0
*****************current image process time 	 4815.758872509003s ******************
Init pad right/bottom 0 / 0
*****************current image process time 	 4851.866984128952s ******************
Init pad right/bottom 0 / 0
*****************current image process time 	 4888.04968547821s ******************
Init pad right/bottom 0 / 0
*****************current image process time 	 4924.206758022308s ******************
Init pad right/bottom 0 / 0
*****************current image process time 	 4960.324035167694s ******************
Init pad right/bottom 0 / 0
*****************current image process time 	 4996.530683755875s ******************
Init pad right/bottom 0 / 0
*****************current image process time 	 5032.682115077972s ******************
Init pad right/bottom 0 / 0
*****************current image process time 	 5068.794877529144s ******************
Init pad right/bottom 0 / 0
*****************current image process time 	 5104.9246690273285s ******************
Init pad right/bottom 0 / 0
*****************current image process time 	 5141.083363056183s ******************
Init pad right/bottom 0 / 0
*****************current image process time 	 5177.163420677185s ******************
Init pad right/bottom 0 / 0
*****************current image process time 	 5213.315107345581s ******************
Init pad right/bottom 0 / 0
*****************current image process time 	 5249.440155744553s ******************
Init pad right/bottom 0 / 0
*****************current image process time 	 5285.524044036865s ******************
Init pad right/bottom 0 / 0
*****************current image process time 	 5321.684990167618s ******************
Init pad right/bottom 0 / 0
*****************current image process time 	 5357.718820095062s ******************
Init pad right/bottom 0 / 0
*****************current image process time 	 5393.766815423965s ******************
Init pad right/bottom 0 / 0
*****************current image process time 	 5429.7858147621155s ******************
Init pad right/bottom 0 / 0
*****************current image process time 	 5465.761994838715s ******************
Init pad right/bottom 0 / 0
*****************current image process time 	 5501.812943696976s ******************
Init pad right/bottom 0 / 0
*****************current image process time 	 5537.864558935165s ******************
Init pad right/bottom 0 / 0
*****************current image process time 	 5573.940984487534s ******************
Init pad right/bottom 0 / 0
*****************current image process time 	 5609.988674879074s ******************
Init pad right/bottom 0 / 0
*****************current image process time 	 5646.021388530731s ******************
Init pad right/bottom 0 / 0
*****************current image process time 	 5682.008113145828s ******************
Init pad right/bottom 0 / 0
*****************current image process time 	 5717.982799768448s ******************
Init pad right/bottom 0 / 0
*****************current image process time 	 5753.9701516628265s ******************
Init pad right/bottom 0 / 0
*****************current image process time 	 5789.954172849655s ******************
Init pad right/bottom 0 / 0
*****************current image process time 	 5825.983094930649s ******************
Init pad right/bottom 0 / 0
*****************current image process time 	 5861.961053371429s ******************
Init pad right/bottom 0 / 0
*****************current image process time 	 5897.9119992256165s ******************
Init pad right/bottom 0 / 0
*****************current image process time 	 5933.921770572662s ******************
Init pad right/bottom 0 / 0
*****************current image process time 	 5969.915912389755s ******************
Init pad right/bottom 0 / 0
*****************current image process time 	 6005.866906404495s ******************
Init pad right/bottom 0 / 0
*****************current image process time 	 6041.891819000244s ******************
Init pad right/bottom 0 / 0
*****************current image process time 	 6077.878749370575s ******************
Init pad right/bottom 0 / 0
*****************current image process time 	 6113.837860107422s ******************
Init pad right/bottom 0 / 0
*****************current image process time 	 6149.877127170563s ******************
Init pad right/bottom 0 / 0
*****************current image process time 	 6185.870186090469s ******************
Init pad right/bottom 0 / 0
*****************current image process time 	 6221.8658702373505s ******************
Init pad right/bottom 0 / 0
*****************current image process time 	 6257.819099903107s ******************
Init pad right/bottom 0 / 0
*****************current image process time 	 6293.77965259552s ******************
Init pad right/bottom 0 / 0
*****************current image process time 	 6329.716383695602s ******************
Init pad right/bottom 0 / 0
*****************current image process time 	 6365.747115135193s ******************
Init pad right/bottom 0 / 0
*****************current image process time 	 6401.745990991592s ******************
Init pad right/bottom 0 / 0
*****************current image process time 	 6437.719168424606s ******************
Init pad right/bottom 0 / 0
*****************current image process time 	 6473.7078766822815s ******************
Init pad right/bottom 0 / 0
*****************current image process time 	 6509.7180507183075s ******************
Init pad right/bottom 0 / 0
*****************current image process time 	 6545.718518972397s ******************
Init pad right/bottom 0 / 0
*****************current image process time 	 6581.779478788376s ******************
Init pad right/bottom 0 / 0
*****************current image process time 	 6617.828999042511s ******************
Init pad right/bottom 0 / 0
*****************current image process time 	 6653.825183391571s ******************
Init pad right/bottom 0 / 0
*****************current image process time 	 6689.879352092743s ******************
Init pad right/bottom 0 / 0
*****************current image process time 	 6725.946434736252s ******************
Init pad right/bottom 0 / 0
*****************current image process time 	 6761.965162754059s ******************
Init pad right/bottom 0 / 0
*****************current image process time 	 6798.073952674866s ******************
Init pad right/bottom 0 / 0
*****************current image process time 	 6834.08358669281s ******************
Init pad right/bottom 0 / 0
*****************current image process time 	 6870.071948289871s ******************
Init pad right/bottom 0 / 0
*****************current image process time 	 6906.137882947922s ******************
Init pad right/bottom 0 / 0
*****************current image process time 	 6942.167202711105s ******************
Init pad right/bottom 0 / 0
*****************current image process time 	 6978.152719974518s ******************
Init pad right/bottom 0 / 0
*****************current image process time 	 7014.180498600006s ******************
Init pad right/bottom 0 / 0
*****************current image process time 	 7050.20253777504s ******************
Init pad right/bottom 0 / 0
*****************current image process time 	 7086.2175080776215s ******************
Init pad right/bottom 0 / 0
*****************current image process time 	 7122.236029148102s ******************
Init pad right/bottom 0 / 0
*****************current image process time 	 7158.249655246735s ******************
Init pad right/bottom 0 / 0
*****************current image process time 	 7194.26700091362s ******************
Init pad right/bottom 0 / 0
*****************current image process time 	 7230.305886745453s ******************
Evaluate Folders:  18786149
Init pad right/bottom 0 / 0
*****************current image process time 	 7273.840837955475s ******************
Init pad right/bottom 0 / 0
*****************current image process time 	 7309.897810935974s ******************
Init pad right/bottom 0 / 0
*****************current image process time 	 7345.803444623947s ******************
Init pad right/bottom 0 / 0
*****************current image process time 	 7381.711031913757s ******************
Init pad right/bottom 0 / 0
*****************current image process time 	 7418.076488733292s ******************
Init pad right/bottom 0 / 0
*****************current image process time 	 7454.030622959137s ******************
Init pad right/bottom 0 / 0
*****************current image process time 	 7490.091183900833s ******************
Init pad right/bottom 0 / 0
*****************current image process time 	 7526.410326719284s ******************
Init pad right/bottom 0 / 0
*****************current image process time 	 7562.400773048401s ******************
Init pad right/bottom 0 / 0
*****************current image process time 	 7598.356887340546s ******************
Init pad right/bottom 0 / 0
*****************current image process time 	 7634.330358982086s ******************
Init pad right/bottom 0 / 0
*****************current image process time 	 7670.289268493652s ******************
Init pad right/bottom 0 / 0
*****************current image process time 	 7706.196843862534s ******************
Init pad right/bottom 0 / 0
*****************current image process time 	 7742.189044237137s ******************
Init pad right/bottom 0 / 0
*****************current image process time 	 7778.096970081329s ******************
Init pad right/bottom 0 / 0
*****************current image process time 	 7813.962839841843s ******************
Init pad right/bottom 0 / 0
*****************current image process time 	 7850.030639886856s ******************
Init pad right/bottom 0 / 0
*****************current image process time 	 7886.256134986877s ******************
Init pad right/bottom 0 / 0
*****************current image process time 	 7922.172425746918s ******************
Init pad right/bottom 0 / 0
*****************current image process time 	 7958.287310123444s ******************
Init pad right/bottom 0 / 0
*****************current image process time 	 7994.251669168472s ******************
Init pad right/bottom 0 / 0
*****************current image process time 	 8030.216256141663s ******************
Init pad right/bottom 0 / 0
*****************current image process time 	 8066.27422785759s ******************
Init pad right/bottom 0 / 0
*****************current image process time 	 8102.337099075317s ******************
Init pad right/bottom 0 / 0
*****************current image process time 	 8138.297488451004s ******************
Init pad right/bottom 0 / 0
*****************current image process time 	 8174.252624034882s ******************
Init pad right/bottom 0 / 0
*****************current image process time 	 8210.172999382019s ******************
Init pad right/bottom 0 / 0
*****************current image process time 	 8246.211791276932s ******************
Init pad right/bottom 0 / 0
*****************current image process time 	 8282.1679956913s ******************
Init pad right/bottom 0 / 0
*****************current image process time 	 8318.095547437668s ******************
Init pad right/bottom 0 / 0
*****************current image process time 	 8354.086806058884s ******************
Init pad right/bottom 0 / 0
*****************current image process time 	 8390.078781366348s ******************
Init pad right/bottom 0 / 0
*****************current image process time 	 8425.987825393677s ******************
Init pad right/bottom 0 / 0
*****************current image process time 	 8461.988512516022s ******************
Init pad right/bottom 0 / 0
*****************current image process time 	 8497.968881845474s ******************
Init pad right/bottom 0 / 0
*****************current image process time 	 8533.893131017685s ******************
Init pad right/bottom 0 / 0
*****************current image process time 	 8569.92514371872s ******************
Init pad right/bottom 0 / 0
*****************current image process time 	 8605.872287034988s ******************
Init pad right/bottom 0 / 0
*****************current image process time 	 8641.813848733902s ******************
Init pad right/bottom 0 / 0
*****************current image process time 	 8677.790241479874s ******************
Init pad right/bottom 0 / 0
*****************current image process time 	 8713.773967027664s ******************
Init pad right/bottom 0 / 0
*****************current image process time 	 8749.873513698578s ******************
Init pad right/bottom 0 / 0
*****************current image process time 	 8785.95555973053s ******************
Init pad right/bottom 0 / 0
*****************current image process time 	 8821.875759601593s ******************
Init pad right/bottom 0 / 0
*****************current image process time 	 8857.779700279236s ******************
Init pad right/bottom 0 / 0
*****************current image process time 	 8893.649051189423s ******************
Init pad right/bottom 0 / 0
*****************current image process time 	 8929.491909980774s ******************
Init pad right/bottom 0 / 0
*****************current image process time 	 8965.428568840027s ******************
Init pad right/bottom 0 / 0
*****************current image process time 	 9001.364146709442s ******************
Init pad right/bottom 0 / 0
*****************current image process time 	 9037.470240354538s ******************
Init pad right/bottom 0 / 0
*****************current image process time 	 9074.054371595383s ******************
Init pad right/bottom 0 / 0
*****************current image process time 	 9109.980059862137s ******************
Init pad right/bottom 0 / 0
*****************current image process time 	 9145.952469825745s ******************
Init pad right/bottom 0 / 0
*****************current image process time 	 9181.95107960701s ******************
Init pad right/bottom 0 / 0
*****************current image process time 	 9217.9835729599s ******************
Init pad right/bottom 0 / 0
*****************current image process time 	 9253.944584846497s ******************
Init pad right/bottom 0 / 0
*****************current image process time 	 9289.969821214676s ******************
Init pad right/bottom 0 / 0
*****************current image process time 	 9325.988345384598s ******************
Init pad right/bottom 0 / 0
*****************current image process time 	 9362.002112150192s ******************
Init pad right/bottom 0 / 0
*****************current image process time 	 9397.989639043808s ******************
Init pad right/bottom 0 / 0
*****************current image process time 	 9433.975380420685s ******************
Init pad right/bottom 0 / 0
*****************current image process time 	 9469.960723400116s ******************
Init pad right/bottom 0 / 0
*****************current image process time 	 9505.967288732529s ******************
Init pad right/bottom 0 / 0
*****************current image process time 	 9541.909767627716s ******************
Init pad right/bottom 0 / 0
*****************current image process time 	 9577.984451055527s ******************
Init pad right/bottom 0 / 0
*****************current image process time 	 9613.973301649094s ******************
Init pad right/bottom 0 / 0
*****************current image process time 	 9649.959431171417s ******************
Init pad right/bottom 0 / 0
*****************current image process time 	 9685.970207452774s ******************
Init pad right/bottom 0 / 0
*****************current image process time 	 9722.188270807266s ******************
Init pad right/bottom 0 / 0
*****************current image process time 	 9758.537301063538s ******************
Init pad right/bottom 0 / 0
*****************current image process time 	 9794.6209628582s ******************
Init pad right/bottom 0 / 0
*****************current image process time 	 9831.508878231049s ******************
Init pad right/bottom 0 / 0
*****************current image process time 	 9867.570897579193s ******************
Init pad right/bottom 0 / 0
*****************current image process time 	 9903.593715190887s ******************
Init pad right/bottom 0 / 0
*****************current image process time 	 9939.708054542542s ******************
Init pad right/bottom 0 / 0
*****************current image process time 	 9975.833817005157s ******************
Init pad right/bottom 0 / 0
*****************current image process time 	 10011.903478622437s ******************
Init pad right/bottom 0 / 0
*****************current image process time 	 10047.945358276367s ******************
Init pad right/bottom 0 / 0
*****************current image process time 	 10084.10966682434s ******************
Init pad right/bottom 0 / 0
*****************current image process time 	 10120.16018819809s ******************
Init pad right/bottom 0 / 0
*****************current image process time 	 10156.2198741436s ******************
Init pad right/bottom 0 / 0
*****************current image process time 	 10192.363546609879s ******************
Init pad right/bottom 0 / 0
*****************current image process time 	 10228.544575214386s ******************
Init pad right/bottom 0 / 0
*****************current image process time 	 10264.631370544434s ******************
Init pad right/bottom 0 / 0
*****************current image process time 	 10300.654586076736s ******************
Init pad right/bottom 0 / 0
*****************current image process time 	 10336.682834148407s ******************
Init pad right/bottom 0 / 0
*****************current image process time 	 10372.68225979805s ******************
Init pad right/bottom 0 / 0
*****************current image process time 	 10408.646709918976s ******************
Init pad right/bottom 0 / 0
*****************current image process time 	 10444.686456918716s ******************
Init pad right/bottom 0 / 0
*****************current image process time 	 10480.747200250626s ******************
Init pad right/bottom 0 / 0
*****************current image process time 	 10516.77577137947s ******************
Init pad right/bottom 0 / 0
*****************current image process time 	 10552.897073745728s ******************
Init pad right/bottom 0 / 0
*****************current image process time 	 10589.05978012085s ******************
Init pad right/bottom 0 / 0
*****************current image process time 	 10625.1559445858s ******************
Init pad right/bottom 0 / 0
*****************current image process time 	 10661.396543979645s ******************
Init pad right/bottom 0 / 0
*****************current image process time 	 10697.530423402786s ******************
Init pad right/bottom 0 / 0
*****************current image process time 	 10733.311780691147s ******************
Init pad right/bottom 0 / 0
*****************current image process time 	 10769.399334192276s ******************
Init pad right/bottom 0 / 0
*****************current image process time 	 10805.450128555298s ******************
Init pad right/bottom 0 / 0
*****************current image process time 	 10841.529847860336s ******************
Evaluate Folders:  18864269
Init pad right/bottom 0 / 0
*****************current image process time 	 10887.050752162933s ******************
Init pad right/bottom 0 / 0
*****************current image process time 	 10923.288053274155s ******************
Init pad right/bottom 0 / 0
*****************current image process time 	 10959.444212675095s ******************
Init pad right/bottom 0 / 0
*****************current image process time 	 10995.608431577682s ******************
Init pad right/bottom 0 / 0
*****************current image process time 	 11031.867013454437s ******************
Init pad right/bottom 0 / 0
*****************current image process time 	 11067.965877532959s ******************
Init pad right/bottom 0 / 0
*****************current image process time 	 11104.100296258926s ******************
Init pad right/bottom 0 / 0
*****************current image process time 	 11149.74963927269s ******************
Init pad right/bottom 0 / 0
*****************current image process time 	 11185.841266393661s ******************
Init pad right/bottom 0 / 0
*****************current image process time 	 11221.912893772125s ******************
Init pad right/bottom 0 / 0
*****************current image process time 	 11258.064383983612s ******************
Init pad right/bottom 0 / 0
*****************current image process time 	 11294.184157133102s ******************
Init pad right/bottom 0 / 0
*****************current image process time 	 11330.299079656601s ******************
Init pad right/bottom 0 / 0
*****************current image process time 	 11366.498359680176s ******************
Init pad right/bottom 0 / 0
*****************current image process time 	 11402.572640180588s ******************
Init pad right/bottom 0 / 0
*****************current image process time 	 11438.613276481628s ******************
Init pad right/bottom 0 / 0
*****************current image process time 	 11474.713424682617s ******************
Init pad right/bottom 0 / 0
*****************current image process time 	 11510.71641087532s ******************
Init pad right/bottom 0 / 0
*****************current image process time 	 11546.759575843811s ******************
Init pad right/bottom 0 / 0
*****************current image process time 	 11582.917546749115s ******************
Init pad right/bottom 0 / 0
*****************current image process time 	 11618.855360746384s ******************
Init pad right/bottom 0 / 0
*****************current image process time 	 11654.897933959961s ******************
Init pad right/bottom 0 / 0
*****************current image process time 	 11690.880290031433s ******************
Init pad right/bottom 0 / 0
*****************current image process time 	 11726.844355344772s ******************
Init pad right/bottom 0 / 0
*****************current image process time 	 11762.956535577774s ******************
Init pad right/bottom 0 / 0
*****************current image process time 	 11798.923378229141s ******************
Init pad right/bottom 0 / 0
*****************current image process time 	 11834.91680765152s ******************
Init pad right/bottom 0 / 0
*****************current image process time 	 11871.01229095459s ******************
Init pad right/bottom 0 / 0
*****************current image process time 	 11907.04992890358s ******************
Init pad right/bottom 0 / 0
*****************current image process time 	 11942.984797239304s ******************
Init pad right/bottom 0 / 0
*****************current image process time 	 11979.08179140091s ******************
Init pad right/bottom 0 / 0
*****************current image process time 	 12015.182090044022s ******************
Init pad right/bottom 0 / 0
*****************current image process time 	 12051.214751005173s ******************
Init pad right/bottom 0 / 0
*****************current image process time 	 12087.313896417618s ******************
Init pad right/bottom 0 / 0
*****************current image process time 	 12123.385581970215s ******************
Init pad right/bottom 0 / 0
*****************current image process time 	 12159.461627960205s ******************
Init pad right/bottom 0 / 0
*****************current image process time 	 12195.626713514328s ******************
Init pad right/bottom 0 / 0
*****************current image process time 	 12231.682386398315s ******************
Init pad right/bottom 0 / 0
*****************current image process time 	 12267.713776111603s ******************
Init pad right/bottom 0 / 0
*****************current image process time 	 12303.822412729263s ******************
Init pad right/bottom 0 / 0
*****************current image process time 	 12339.925898313522s ******************
Init pad right/bottom 0 / 0
*****************current image process time 	 12375.97796201706s ******************
Init pad right/bottom 0 / 0
*****************current image process time 	 12412.064387321472s ******************
Init pad right/bottom 0 / 0
*****************current image process time 	 12448.291580677032s ******************
Init pad right/bottom 0 / 0
*****************current image process time 	 12484.33468413353s ******************
Init pad right/bottom 0 / 0
*****************current image process time 	 12520.440410137177s ******************
Init pad right/bottom 0 / 0
*****************current image process time 	 12556.622044801712s ******************
Init pad right/bottom 0 / 0
*****************current image process time 	 12592.666281223297s ******************
Init pad right/bottom 0 / 0
*****************current image process time 	 12628.726090192795s ******************
Init pad right/bottom 0 / 0
*****************current image process time 	 12664.843768119812s ******************
Init pad right/bottom 0 / 0
*****************current image process time 	 12700.884821176529s ******************
Init pad right/bottom 0 / 0
*****************current image process time 	 12736.917296409607s ******************
Init pad right/bottom 0 / 0
*****************current image process time 	 12773.001340866089s ******************
Init pad right/bottom 0 / 0
*****************current image process time 	 12809.04773736s ******************
Init pad right/bottom 0 / 0
*****************current image process time 	 12845.04586648941s ******************
Init pad right/bottom 0 / 0
*****************current image process time 	 12881.083555936813s ******************
Init pad right/bottom 0 / 0
*****************current image process time 	 12917.228495836258s ******************
Init pad right/bottom 0 / 0
*****************current image process time 	 12953.239384412766s ******************
Init pad right/bottom 0 / 0
*****************current image process time 	 12989.38064789772s ******************
Init pad right/bottom 0 / 0
*****************current image process time 	 13025.415651082993s ******************
Init pad right/bottom 0 / 0
*****************current image process time 	 13061.42200422287s ******************
Init pad right/bottom 0 / 0
*****************current image process time 	 13097.4853951931s ******************
Init pad right/bottom 0 / 0
*****************current image process time 	 13133.52107834816s ******************
Init pad right/bottom 0 / 0
*****************current image process time 	 13169.528953790665s ******************
Init pad right/bottom 0 / 0
*****************current image process time 	 13205.577751874924s ******************
Init pad right/bottom 0 / 0
*****************current image process time 	 13241.613316774368s ******************
Init pad right/bottom 0 / 0
*****************current image process time 	 13277.601705789566s ******************
Init pad right/bottom 0 / 0
*****************current image process time 	 13313.676147937775s ******************
Init pad right/bottom 0 / 0
*****************current image process time 	 13349.697767019272s ******************
Init pad right/bottom 0 / 0
*****************current image process time 	 13385.688094854355s ******************
Init pad right/bottom 0 / 0
*****************current image process time 	 13421.7629404068s ******************
Init pad right/bottom 0 / 0
*****************current image process time 	 13457.786006212234s ******************
Init pad right/bottom 0 / 0
*****************current image process time 	 13493.765044927597s ******************
Init pad right/bottom 0 / 0
*****************current image process time 	 13529.759206056595s ******************
Init pad right/bottom 0 / 0
*****************current image process time 	 13565.775807142258s ******************
Init pad right/bottom 0 / 0
*****************current image process time 	 13601.819808006287s ******************
Init pad right/bottom 0 / 0
*****************current image process time 	 13637.797090053558s ******************
Init pad right/bottom 0 / 0
*****************current image process time 	 13673.785954236984s ******************
Init pad right/bottom 0 / 0
*****************current image process time 	 13709.839148521423s ******************
Init pad right/bottom 0 / 0
*****************current image process time 	 13745.946333646774s ******************
Init pad right/bottom 0 / 0
*****************current image process time 	 13781.94562292099s ******************
Init pad right/bottom 0 / 0
*****************current image process time 	 13817.93002820015s ******************
Init pad right/bottom 0 / 0
*****************current image process time 	 13853.934776544571s ******************
Init pad right/bottom 0 / 0
*****************current image process time 	 13889.938076496124s ******************
Init pad right/bottom 0 / 0
*****************current image process time 	 13925.956408262253s ******************
Init pad right/bottom 0 / 0
*****************current image process time 	 13961.972833871841s ******************
Init pad right/bottom 0 / 0
*****************current image process time 	 13997.991907835007s ******************
Init pad right/bottom 0 / 0
*****************current image process time 	 14034.015569448471s ******************
Init pad right/bottom 0 / 0
*****************current image process time 	 14070.11188340187s ******************
Init pad right/bottom 0 / 0
*****************current image process time 	 14106.162525892258s ******************
Init pad right/bottom 0 / 0
*****************current image process time 	 14142.165419340134s ******************
Init pad right/bottom 0 / 0
*****************current image process time 	 14178.228310585022s ******************
Init pad right/bottom 0 / 0
*****************current image process time 	 14214.293564081192s ******************
Init pad right/bottom 0 / 0
*****************current image process time 	 14250.287289381027s ******************
Init pad right/bottom 0 / 0
*****************current image process time 	 14286.519055604935s ******************
Init pad right/bottom 0 / 0
*****************current image process time 	 14322.59426021576s ******************
Init pad right/bottom 0 / 0
*****************current image process time 	 14358.607724189758s ******************
Init pad right/bottom 0 / 0
*****************current image process time 	 14394.78362441063s ******************
Init pad right/bottom 0 / 0
*****************current image process time 	 14430.849920272827s ******************
Init pad right/bottom 0 / 0
*****************current image process time 	 14469.394991874695s ******************
Evaluate Folders:  19013435
Init pad right/bottom 0 / 0
*****************current image process time 	 14529.375306844711s ******************
Init pad right/bottom 0 / 0
*****************current image process time 	 14565.445915699005s ******************
Init pad right/bottom 0 / 0
*****************current image process time 	 14601.514802217484s ******************
Init pad right/bottom 0 / 0
*****************current image process time 	 14637.621344566345s ******************
Init pad right/bottom 0 / 0
*****************current image process time 	 14673.66398525238s ******************
Init pad right/bottom 0 / 0
*****************current image process time 	 14709.76535654068s ******************
Init pad right/bottom 0 / 0
*****************current image process time 	 14745.852312326431s ******************
Init pad right/bottom 0 / 0
*****************current image process time 	 14786.1004986763s ******************
Init pad right/bottom 0 / 0
*****************current image process time 	 14824.590584754944s ******************
Init pad right/bottom 0 / 0
*****************current image process time 	 14860.705434799194s ******************
Init pad right/bottom 0 / 0
*****************current image process time 	 14896.967234373093s ******************
Init pad right/bottom 0 / 0
*****************current image process time 	 14933.157232999802s ******************
Init pad right/bottom 0 / 0
*****************current image process time 	 14969.300418138504s ******************
Init pad right/bottom 0 / 0
*****************current image process time 	 15005.410940170288s ******************
Init pad right/bottom 0 / 0
*****************current image process time 	 15041.616753101349s ******************
Init pad right/bottom 0 / 0
*****************current image process time 	 15077.751944541931s ******************
Init pad right/bottom 0 / 0
*****************current image process time 	 15113.945647716522s ******************
Init pad right/bottom 0 / 0
*****************current image process time 	 15150.092952013016s ******************
Init pad right/bottom 0 / 0
*****************current image process time 	 15186.375301837921s ******************
Init pad right/bottom 0 / 0
*****************current image process time 	 15222.467586278915s ******************
Init pad right/bottom 0 / 0
*****************current image process time 	 15258.668145418167s ******************
Init pad right/bottom 0 / 0
*****************current image process time 	 15294.78368639946s ******************
Init pad right/bottom 0 / 0
*****************current image process time 	 15330.877839326859s ******************
Init pad right/bottom 0 / 0
*****************current image process time 	 15366.993300914764s ******************
Init pad right/bottom 0 / 0
*****************current image process time 	 15403.261910438538s ******************
Init pad right/bottom 0 / 0
*****************current image process time 	 15439.30781173706s ******************
Init pad right/bottom 0 / 0
*****************current image process time 	 15475.436570882797s ******************
Init pad right/bottom 0 / 0
*****************current image process time 	 15511.477968454361s ******************
Init pad right/bottom 0 / 0
*****************current image process time 	 15547.531939268112s ******************
Init pad right/bottom 0 / 0
*****************current image process time 	 15583.672953367233s ******************
Init pad right/bottom 0 / 0
*****************current image process time 	 15619.683044672012s ******************
Init pad right/bottom 0 / 0
*****************current image process time 	 15655.70562672615s ******************
Init pad right/bottom 0 / 0
*****************current image process time 	 15691.743054628372s ******************
Init pad right/bottom 0 / 0
*****************current image process time 	 15727.775319099426s ******************
Init pad right/bottom 0 / 0
*****************current image process time 	 15763.761095523834s ******************
Init pad right/bottom 0 / 0
*****************current image process time 	 15799.759279251099s ******************
Init pad right/bottom 0 / 0
*****************current image process time 	 15839.223639249802s ******************
Init pad right/bottom 0 / 0
*****************current image process time 	 15875.299364566803s ******************
Init pad right/bottom 0 / 0
*****************current image process time 	 15911.32874417305s ******************
Init pad right/bottom 0 / 0
*****************current image process time 	 15947.335419654846s ******************
Init pad right/bottom 0 / 0
*****************current image process time 	 15983.433841466904s ******************
Init pad right/bottom 0 / 0
*****************current image process time 	 16019.787830591202s ******************
Init pad right/bottom 0 / 0
*****************current image process time 	 16055.934158086777s ******************
Init pad right/bottom 0 / 0
*****************current image process time 	 16092.09318113327s ******************
Init pad right/bottom 0 / 0
*****************current image process time 	 16128.058171749115s ******************
Init pad right/bottom 0 / 0
*****************current image process time 	 16164.21005821228s ******************
Init pad right/bottom 0 / 0
*****************current image process time 	 16200.215799093246s ******************
Init pad right/bottom 0 / 0
*****************current image process time 	 16236.248759508133s ******************
Init pad right/bottom 0 / 0
*****************current image process time 	 16272.266773700714s ******************
Init pad right/bottom 0 / 0
*****************current image process time 	 16308.306164979935s ******************
Init pad right/bottom 0 / 0
*****************current image process time 	 16344.443171024323s ******************
Init pad right/bottom 0 / 0
*****************current image process time 	 16380.503890752792s ******************
Init pad right/bottom 0 / 0
*****************current image process time 	 16416.556554317474s ******************
Init pad right/bottom 0 / 0
*****************current image process time 	 16452.610824346542s ******************
Init pad right/bottom 0 / 0
*****************current image process time 	 16488.773098230362s ******************
Init pad right/bottom 0 / 0
*****************current image process time 	 16524.884466409683s ******************
Init pad right/bottom 0 / 0
*****************current image process time 	 16560.95081925392s ******************
Init pad right/bottom 0 / 0
*****************current image process time 	 16597.097967624664s ******************
Init pad right/bottom 0 / 0
*****************current image process time 	 16633.256551504135s ******************
Init pad right/bottom 0 / 0
*****************current image process time 	 16669.45179271698s ******************
Init pad right/bottom 0 / 0
*****************current image process time 	 16705.64614367485s ******************
Init pad right/bottom 0 / 0
*****************current image process time 	 16741.819567918777s ******************
Init pad right/bottom 0 / 0
*****************current image process time 	 16778.09673833847s ******************
Init pad right/bottom 0 / 0
*****************current image process time 	 16814.295209407806s ******************
Init pad right/bottom 0 / 0
*****************current image process time 	 16850.457221508026s ******************
Init pad right/bottom 0 / 0
*****************current image process time 	 16886.699969530106s ******************
Init pad right/bottom 0 / 0
*****************current image process time 	 16922.905043125153s ******************
Init pad right/bottom 0 / 0
*****************current image process time 	 16959.061681747437s ******************
Init pad right/bottom 0 / 0
*****************current image process time 	 16995.32534790039s ******************
Init pad right/bottom 0 / 0
*****************current image process time 	 17031.52356648445s ******************
Init pad right/bottom 0 / 0
*****************current image process time 	 17067.665536403656s ******************
Init pad right/bottom 0 / 0
*****************current image process time 	 17103.949606895447s ******************
Init pad right/bottom 0 / 0
*****************current image process time 	 17140.195118188858s ******************
Init pad right/bottom 0 / 0
*****************current image process time 	 17176.115491628647s ******************
Init pad right/bottom 0 / 0
*****************current image process time 	 17213.29007291794s ******************
Init pad right/bottom 0 / 0
*****************current image process time 	 17249.311173439026s ******************
Init pad right/bottom 0 / 0
*****************current image process time 	 17285.327447891235s ******************
Init pad right/bottom 0 / 0
*****************current image process time 	 17321.132000923157s ******************
Init pad right/bottom 0 / 0
*****************current image process time 	 17357.153512001038s ******************
Init pad right/bottom 0 / 0
*****************current image process time 	 17393.059711933136s ******************
Init pad right/bottom 0 / 0
*****************current image process time 	 17428.966410398483s ******************
Init pad right/bottom 0 / 0
*****************current image process time 	 17464.950674057007s ******************
Init pad right/bottom 0 / 0
*****************current image process time 	 17500.828691244125s ******************
Init pad right/bottom 0 / 0
*****************current image process time 	 17536.732970952988s ******************
Init pad right/bottom 0 / 0
*****************current image process time 	 17572.662173986435s ******************
Init pad right/bottom 0 / 0
*****************current image process time 	 17608.590346813202s ******************
Init pad right/bottom 0 / 0
*****************current image process time 	 17644.533858299255s ******************
Init pad right/bottom 0 / 0
*****************current image process time 	 17680.585618019104s ******************
Init pad right/bottom 0 / 0
*****************current image process time 	 17716.50833439827s ******************
Init pad right/bottom 0 / 0
*****************current image process time 	 17752.43285393715s ******************
Init pad right/bottom 0 / 0
*****************current image process time 	 17788.450671195984s ******************
Init pad right/bottom 0 / 0
*****************current image process time 	 17824.3474047184s ******************
Init pad right/bottom 0 / 0
*****************current image process time 	 17860.321623802185s ******************
Init pad right/bottom 0 / 0
*****************current image process time 	 17896.2032558918s ******************
Init pad right/bottom 0 / 0
*****************current image process time 	 17932.131583452225s ******************
Init pad right/bottom 0 / 0
*****************current image process time 	 17968.13809108734s ******************
Init pad right/bottom 0 / 0
*****************current image process time 	 18004.106333971024s ******************
Init pad right/bottom 0 / 0
*****************current image process time 	 18040.015882730484s ******************
Init pad right/bottom 0 / 0
*****************current image process time 	 18076.03223180771s ******************
Init pad right/bottom 0 / 0
*****************current image process time 	 18111.989431142807s ******************
