OrderedDict([('pretrain_model_G', '/mnt/lustre/shanghai/cmic/home/xyz18/experiments/train_EDVR_L_Preload_30000_nobug_ssim_11_LR_1e_5_suzhou_remove_baddata/models/latest_G.pth'), ('save_path', '/mnt/lustre/shanghai/cmic/home/xyz18/'), ('strict_load', True), ('resume_state', None)])
GPU  1
Evaluate Folders:  13926303
Init pad right/bottom 0 / 0
*****************current image process time 	 43.47026610374451s ******************
Init pad right/bottom 0 / 0
*****************current image process time 	 78.20906138420105s ******************
Init pad right/bottom 0 / 0
*****************current image process time 	 112.93875765800476s ******************
Init pad right/bottom 0 / 0
*****************current image process time 	 147.66019082069397s ******************
Init pad right/bottom 0 / 0
*****************current image process time 	 182.36061000823975s ******************
Init pad right/bottom 0 / 0
*****************current image process time 	 217.0676851272583s ******************
Init pad right/bottom 0 / 0
*****************current image process time 	 251.77872109413147s ******************
Init pad right/bottom 0 / 0
*****************current image process time 	 286.48726511001587s ******************
Init pad right/bottom 0 / 0
*****************current image process time 	 321.1854758262634s ******************
Init pad right/bottom 0 / 0
*****************current image process time 	 355.8920114040375s ******************
Init pad right/bottom 0 / 0
*****************current image process time 	 390.59300780296326s ******************
Init pad right/bottom 0 / 0
*****************current image process time 	 425.29698848724365s ******************
Init pad right/bottom 0 / 0
*****************current image process time 	 459.9994490146637s ******************
Init pad right/bottom 0 / 0
*****************current image process time 	 494.7073154449463s ******************
Init pad right/bottom 0 / 0
*****************current image process time 	 529.3991293907166s ******************
Init pad right/bottom 0 / 0
*****************current image process time 	 564.099986076355s ******************
Init pad right/bottom 0 / 0
*****************current image process time 	 598.8107783794403s ******************
Init pad right/bottom 0 / 0
*****************current image process time 	 633.5229825973511s ******************
Init pad right/bottom 0 / 0
*****************current image process time 	 668.2107036113739s ******************
Init pad right/bottom 0 / 0
*****************current image process time 	 703.0394961833954s ******************
Init pad right/bottom 0 / 0
*****************current image process time 	 737.7316040992737s ******************
Init pad right/bottom 0 / 0
*****************current image process time 	 772.4213545322418s ******************
Init pad right/bottom 0 / 0
*****************current image process time 	 807.1114554405212s ******************
Init pad right/bottom 0 / 0
*****************current image process time 	 841.8158497810364s ******************
Init pad right/bottom 0 / 0
*****************current image process time 	 876.5162920951843s ******************
Init pad right/bottom 0 / 0
*****************current image process time 	 911.212155342102s ******************
Init pad right/bottom 0 / 0
*****************current image process time 	 945.8971683979034s ******************
Init pad right/bottom 0 / 0
*****************current image process time 	 980.5901763439178s ******************
Init pad right/bottom 0 / 0
*****************current image process time 	 1015.2689309120178s ******************
Init pad right/bottom 0 / 0
*****************current image process time 	 1049.9451999664307s ******************
Init pad right/bottom 0 / 0
*****************current image process time 	 1084.6194009780884s ******************
Init pad right/bottom 0 / 0
*****************current image process time 	 1119.3018605709076s ******************
Init pad right/bottom 0 / 0
*****************current image process time 	 1153.9803974628448s ******************
Init pad right/bottom 0 / 0
*****************current image process time 	 1188.665717124939s ******************
Init pad right/bottom 0 / 0
*****************current image process time 	 1223.3526194095612s ******************
Init pad right/bottom 0 / 0
*****************current image process time 	 1258.0400831699371s ******************
Init pad right/bottom 0 / 0
*****************current image process time 	 1292.719479084015s ******************
Init pad right/bottom 0 / 0
*****************current image process time 	 1327.4098064899445s ******************
Init pad right/bottom 0 / 0
*****************current image process time 	 1362.0859570503235s ******************
Init pad right/bottom 0 / 0
*****************current image process time 	 1396.7676784992218s ******************
Init pad right/bottom 0 / 0
*****************current image process time 	 1431.4524824619293s ******************
Init pad right/bottom 0 / 0
*****************current image process time 	 1466.1306867599487s ******************
Init pad right/bottom 0 / 0
*****************current image process time 	 1500.8217978477478s ******************
Init pad right/bottom 0 / 0
*****************current image process time 	 1535.5102579593658s ******************
Init pad right/bottom 0 / 0
*****************current image process time 	 1570.1905958652496s ******************
Init pad right/bottom 0 / 0
*****************current image process time 	 1604.8758020401s ******************
Init pad right/bottom 0 / 0
*****************current image process time 	 1639.5503551959991s ******************
Init pad right/bottom 0 / 0
*****************current image process time 	 1674.2340214252472s ******************
Init pad right/bottom 0 / 0
*****************current image process time 	 1708.918387413025s ******************
Init pad right/bottom 0 / 0
*****************current image process time 	 1743.6014001369476s ******************
Init pad right/bottom 0 / 0
*****************current image process time 	 1778.2890973091125s ******************
Init pad right/bottom 0 / 0
*****************current image process time 	 1812.9794921875s ******************
Init pad right/bottom 0 / 0
*****************current image process time 	 1847.6603577136993s ******************
Init pad right/bottom 0 / 0
*****************current image process time 	 1882.349232673645s ******************
Init pad right/bottom 0 / 0
*****************current image process time 	 1917.0326817035675s ******************
Init pad right/bottom 0 / 0
*****************current image process time 	 1951.71750998497s ******************
Init pad right/bottom 0 / 0
*****************current image process time 	 1986.3979403972626s ******************
Init pad right/bottom 0 / 0
*****************current image process time 	 2021.0892853736877s ******************
Init pad right/bottom 0 / 0
*****************current image process time 	 2055.769870519638s ******************
Init pad right/bottom 0 / 0
*****************current image process time 	 2090.455898284912s ******************
Init pad right/bottom 0 / 0
*****************current image process time 	 2125.134672641754s ******************
Init pad right/bottom 0 / 0
*****************current image process time 	 2159.8270304203033s ******************
Init pad right/bottom 0 / 0
*****************current image process time 	 2194.513685941696s ******************
Init pad right/bottom 0 / 0
*****************current image process time 	 2229.201459646225s ******************
Init pad right/bottom 0 / 0
*****************current image process time 	 2263.882444381714s ******************
Init pad right/bottom 0 / 0
*****************current image process time 	 2298.5705287456512s ******************
Init pad right/bottom 0 / 0
*****************current image process time 	 2333.247281074524s ******************
Init pad right/bottom 0 / 0
*****************current image process time 	 2367.927193403244s ******************
Init pad right/bottom 0 / 0
*****************current image process time 	 2402.613084077835s ******************
Init pad right/bottom 0 / 0
*****************current image process time 	 2437.290598630905s ******************
Init pad right/bottom 0 / 0
*****************current image process time 	 2471.9664969444275s ******************
Init pad right/bottom 0 / 0
*****************current image process time 	 2506.652676343918s ******************
Init pad right/bottom 0 / 0
*****************current image process time 	 2541.3259172439575s ******************
Init pad right/bottom 0 / 0
*****************current image process time 	 2576.010115146637s ******************
Init pad right/bottom 0 / 0
*****************current image process time 	 2610.6989102363586s ******************
Init pad right/bottom 0 / 0
*****************current image process time 	 2645.3820548057556s ******************
Init pad right/bottom 0 / 0
*****************current image process time 	 2680.062009334564s ******************
Init pad right/bottom 0 / 0
*****************current image process time 	 2714.760167360306s ******************
Init pad right/bottom 0 / 0
*****************current image process time 	 2749.4764766693115s ******************
Init pad right/bottom 0 / 0
*****************current image process time 	 2784.1594524383545s ******************
Init pad right/bottom 0 / 0
*****************current image process time 	 2818.853504419327s ******************
Init pad right/bottom 0 / 0
*****************current image process time 	 2853.5480875968933s ******************
Init pad right/bottom 0 / 0
*****************current image process time 	 2888.2313237190247s ******************
Init pad right/bottom 0 / 0
*****************current image process time 	 2922.9192860126495s ******************
Init pad right/bottom 0 / 0
*****************current image process time 	 2957.601212501526s ******************
Init pad right/bottom 0 / 0
*****************current image process time 	 2992.2791764736176s ******************
Init pad right/bottom 0 / 0
*****************current image process time 	 3026.965410232544s ******************
Init pad right/bottom 0 / 0
*****************current image process time 	 3061.6506593227386s ******************
Init pad right/bottom 0 / 0
*****************current image process time 	 3096.3378677368164s ******************
Init pad right/bottom 0 / 0
*****************current image process time 	 3131.0315856933594s ******************
Init pad right/bottom 0 / 0
*****************current image process time 	 3165.715112924576s ******************
Init pad right/bottom 0 / 0
*****************current image process time 	 3200.408024787903s ******************
Init pad right/bottom 0 / 0
*****************current image process time 	 3235.1043453216553s ******************
Init pad right/bottom 0 / 0
*****************current image process time 	 3269.794862985611s ******************
Init pad right/bottom 0 / 0
*****************current image process time 	 3304.470893383026s ******************
Init pad right/bottom 0 / 0
*****************current image process time 	 3339.1531343460083s ******************
Init pad right/bottom 0 / 0
*****************current image process time 	 3373.8429255485535s ******************
Init pad right/bottom 0 / 0
*****************current image process time 	 3408.53422999382s ******************
Init pad right/bottom 0 / 0
*****************current image process time 	 3443.2112498283386s ******************
Init pad right/bottom 0 / 0
*****************current image process time 	 3477.9118871688843s ******************
Evaluate Folders:  14034945
Init pad right/bottom 0 / 0
*****************current image process time 	 3519.0417885780334s ******************
Init pad right/bottom 0 / 0
*****************current image process time 	 3553.6947576999664s ******************
Init pad right/bottom 0 / 0
*****************current image process time 	 3588.333982229233s ******************
Init pad right/bottom 0 / 0
*****************current image process time 	 3622.9809799194336s ******************
Init pad right/bottom 0 / 0
*****************current image process time 	 3657.6176879405975s ******************
Init pad right/bottom 0 / 0
*****************current image process time 	 3692.2626140117645s ******************
Init pad right/bottom 0 / 0
*****************current image process time 	 3726.892734527588s ******************
Init pad right/bottom 0 / 0
*****************current image process time 	 3761.527142047882s ******************
Init pad right/bottom 0 / 0
*****************current image process time 	 3796.160810947418s ******************
Init pad right/bottom 0 / 0
*****************current image process time 	 3830.8035604953766s ******************
Init pad right/bottom 0 / 0
*****************current image process time 	 3865.4427621364594s ******************
Init pad right/bottom 0 / 0
*****************current image process time 	 3900.076760292053s ******************
Init pad right/bottom 0 / 0
*****************current image process time 	 3935.040110349655s ******************
Init pad right/bottom 0 / 0
*****************current image process time 	 3969.6800849437714s ******************
Init pad right/bottom 0 / 0
*****************current image process time 	 4004.315037727356s ******************
Init pad right/bottom 0 / 0
*****************current image process time 	 4038.946956396103s ******************
Init pad right/bottom 0 / 0
*****************current image process time 	 4073.5804653167725s ******************
Init pad right/bottom 0 / 0
*****************current image process time 	 4108.224959850311s ******************
Init pad right/bottom 0 / 0
*****************current image process time 	 4142.867195367813s ******************
Init pad right/bottom 0 / 0
*****************current image process time 	 4177.503457307816s ******************
Init pad right/bottom 0 / 0
*****************current image process time 	 4212.14225769043s ******************
Init pad right/bottom 0 / 0
*****************current image process time 	 4246.770346164703s ******************
Init pad right/bottom 0 / 0
*****************current image process time 	 4281.403562784195s ******************
Init pad right/bottom 0 / 0
*****************current image process time 	 4316.047353506088s ******************
Init pad right/bottom 0 / 0
*****************current image process time 	 4350.686386346817s ******************
Init pad right/bottom 0 / 0
*****************current image process time 	 4385.349456310272s ******************
Init pad right/bottom 0 / 0
*****************current image process time 	 4420.012069702148s ******************
Init pad right/bottom 0 / 0
*****************current image process time 	 4454.66262960434s ******************
Init pad right/bottom 0 / 0
*****************current image process time 	 4489.33607339859s ******************
Init pad right/bottom 0 / 0
*****************current image process time 	 4523.996262073517s ******************
Init pad right/bottom 0 / 0
*****************current image process time 	 4558.655944108963s ******************
Init pad right/bottom 0 / 0
*****************current image process time 	 4593.321647882462s ******************
Init pad right/bottom 0 / 0
*****************current image process time 	 4627.9804747104645s ******************
Init pad right/bottom 0 / 0
*****************current image process time 	 4662.653558731079s ******************
Init pad right/bottom 0 / 0
*****************current image process time 	 4697.317691087723s ******************
Init pad right/bottom 0 / 0
*****************current image process time 	 4731.985404491425s ******************
Init pad right/bottom 0 / 0
*****************current image process time 	 4766.646690130234s ******************
Init pad right/bottom 0 / 0
*****************current image process time 	 4801.316459655762s ******************
Init pad right/bottom 0 / 0
*****************current image process time 	 4835.98095870018s ******************
Init pad right/bottom 0 / 0
*****************current image process time 	 4870.637956380844s ******************
Init pad right/bottom 0 / 0
*****************current image process time 	 4905.287355661392s ******************
Init pad right/bottom 0 / 0
*****************current image process time 	 4939.940917491913s ******************
Init pad right/bottom 0 / 0
*****************current image process time 	 4974.600567817688s ******************
Init pad right/bottom 0 / 0
*****************current image process time 	 5009.253141403198s ******************
Init pad right/bottom 0 / 0
*****************current image process time 	 5043.909626722336s ******************
Init pad right/bottom 0 / 0
*****************current image process time 	 5078.613080978394s ******************
Init pad right/bottom 0 / 0
*****************current image process time 	 5113.267768383026s ******************
Init pad right/bottom 0 / 0
*****************current image process time 	 5147.922080755234s ******************
Init pad right/bottom 0 / 0
*****************current image process time 	 5182.579459905624s ******************
Init pad right/bottom 0 / 0
*****************current image process time 	 5217.244642019272s ******************
Init pad right/bottom 0 / 0
*****************current image process time 	 5251.902810335159s ******************
Init pad right/bottom 0 / 0
*****************current image process time 	 5286.5533282756805s ******************
Init pad right/bottom 0 / 0
*****************current image process time 	 5321.212588787079s ******************
Init pad right/bottom 0 / 0
*****************current image process time 	 5355.873617887497s ******************
Init pad right/bottom 0 / 0
*****************current image process time 	 5390.533043622971s ******************
Init pad right/bottom 0 / 0
*****************current image process time 	 5425.21731710434s ******************
Init pad right/bottom 0 / 0
*****************current image process time 	 5459.874929904938s ******************
Init pad right/bottom 0 / 0
*****************current image process time 	 5494.535397768021s ******************
Init pad right/bottom 0 / 0
*****************current image process time 	 5529.192603826523s ******************
Init pad right/bottom 0 / 0
*****************current image process time 	 5563.845878362656s ******************
Init pad right/bottom 0 / 0
*****************current image process time 	 5598.497854232788s ******************
Init pad right/bottom 0 / 0
*****************current image process time 	 5633.159638166428s ******************
Init pad right/bottom 0 / 0
*****************current image process time 	 5667.842442512512s ******************
Init pad right/bottom 0 / 0
*****************current image process time 	 5702.497523784637s ******************
Init pad right/bottom 0 / 0
*****************current image process time 	 5737.148282527924s ******************
Init pad right/bottom 0 / 0
*****************current image process time 	 5771.80132317543s ******************
Init pad right/bottom 0 / 0
*****************current image process time 	 5806.447791814804s ******************
Init pad right/bottom 0 / 0
*****************current image process time 	 5841.098680973053s ******************
Init pad right/bottom 0 / 0
*****************current image process time 	 5875.7454714775085s ******************
Init pad right/bottom 0 / 0
*****************current image process time 	 5910.390429973602s ******************
Init pad right/bottom 0 / 0
*****************current image process time 	 5945.035746574402s ******************
Init pad right/bottom 0 / 0
*****************current image process time 	 5979.679237604141s ******************
Init pad right/bottom 0 / 0
*****************current image process time 	 6014.32518196106s ******************
Init pad right/bottom 0 / 0
*****************current image process time 	 6048.973634719849s ******************
Init pad right/bottom 0 / 0
*****************current image process time 	 6083.610538721085s ******************
Init pad right/bottom 0 / 0
*****************current image process time 	 6118.255372285843s ******************
Init pad right/bottom 0 / 0
*****************current image process time 	 6152.906666278839s ******************
Init pad right/bottom 0 / 0
*****************current image process time 	 6187.55340051651s ******************
Init pad right/bottom 0 / 0
*****************current image process time 	 6222.202266454697s ******************
Init pad right/bottom 0 / 0
*****************current image process time 	 6256.845770120621s ******************
Init pad right/bottom 0 / 0
*****************current image process time 	 6291.492358207703s ******************
Init pad right/bottom 0 / 0
*****************current image process time 	 6326.144345283508s ******************
Init pad right/bottom 0 / 0
*****************current image process time 	 6360.794978141785s ******************
Init pad right/bottom 0 / 0
*****************current image process time 	 6395.459200382233s ******************
Init pad right/bottom 0 / 0
*****************current image process time 	 6430.107059955597s ******************
Init pad right/bottom 0 / 0
*****************current image process time 	 6464.761430740356s ******************
Init pad right/bottom 0 / 0
*****************current image process time 	 6499.40737080574s ******************
Init pad right/bottom 0 / 0
*****************current image process time 	 6534.052941322327s ******************
Init pad right/bottom 0 / 0
*****************current image process time 	 6568.699996471405s ******************
Init pad right/bottom 0 / 0
*****************current image process time 	 6603.361202001572s ******************
Init pad right/bottom 0 / 0
*****************current image process time 	 6638.020178318024s ******************
Init pad right/bottom 0 / 0
*****************current image process time 	 6672.676118373871s ******************
Init pad right/bottom 0 / 0
*****************current image process time 	 6707.329068899155s ******************
Init pad right/bottom 0 / 0
*****************current image process time 	 6741.990253210068s ******************
Init pad right/bottom 0 / 0
*****************current image process time 	 6776.651534080505s ******************
Init pad right/bottom 0 / 0
*****************current image process time 	 6811.308899402618s ******************
Init pad right/bottom 0 / 0
*****************current image process time 	 6845.969996929169s ******************
Init pad right/bottom 0 / 0
*****************current image process time 	 6880.623981714249s ******************
Init pad right/bottom 0 / 0
*****************current image process time 	 6915.276735782623s ******************
Init pad right/bottom 0 / 0
*****************current image process time 	 6949.943289041519s ******************
Evaluate Folders:  15025004
Init pad right/bottom 0 / 0
*****************current image process time 	 6992.957998991013s ******************
Init pad right/bottom 0 / 0
*****************current image process time 	 7027.604135274887s ******************
Init pad right/bottom 0 / 0
*****************current image process time 	 7062.255493402481s ******************
Init pad right/bottom 0 / 0
*****************current image process time 	 7096.915180683136s ******************
Init pad right/bottom 0 / 0
*****************current image process time 	 7131.5763993263245s ******************
Init pad right/bottom 0 / 0
*****************current image process time 	 7166.2318325042725s ******************
Init pad right/bottom 0 / 0
*****************current image process time 	 7200.8915157318115s ******************
Init pad right/bottom 0 / 0
*****************current image process time 	 7235.541081428528s ******************
Init pad right/bottom 0 / 0
*****************current image process time 	 7270.228147029877s ******************
Init pad right/bottom 0 / 0
*****************current image process time 	 7304.916186094284s ******************
Init pad right/bottom 0 / 0
*****************current image process time 	 7339.603832244873s ******************
Init pad right/bottom 0 / 0
*****************current image process time 	 7374.273250579834s ******************
Init pad right/bottom 0 / 0
*****************current image process time 	 7408.974541902542s ******************
Init pad right/bottom 0 / 0
*****************current image process time 	 7443.806612968445s ******************
Init pad right/bottom 0 / 0
*****************current image process time 	 7478.462044239044s ******************
Init pad right/bottom 0 / 0
*****************current image process time 	 7513.108133554459s ******************
Init pad right/bottom 0 / 0
*****************current image process time 	 7547.752996444702s ******************
Init pad right/bottom 0 / 0
*****************current image process time 	 7582.445720672607s ******************
Init pad right/bottom 0 / 0
*****************current image process time 	 7617.129163742065s ******************
Init pad right/bottom 0 / 0
*****************current image process time 	 7651.813163280487s ******************
Init pad right/bottom 0 / 0
*****************current image process time 	 7686.521795988083s ******************
Init pad right/bottom 0 / 0
*****************current image process time 	 7721.224820137024s ******************
Init pad right/bottom 0 / 0
*****************current image process time 	 7755.982697725296s ******************
Init pad right/bottom 0 / 0
*****************current image process time 	 7790.6845116615295s ******************
Init pad right/bottom 0 / 0
*****************current image process time 	 7825.386374235153s ******************
Init pad right/bottom 0 / 0
*****************current image process time 	 7860.246203660965s ******************
Init pad right/bottom 0 / 0
*****************current image process time 	 7895.328328847885s ******************
Init pad right/bottom 0 / 0
*****************current image process time 	 7930.021278858185s ******************
Init pad right/bottom 0 / 0
*****************current image process time 	 7965.10801243782s ******************
Init pad right/bottom 0 / 0
*****************current image process time 	 7999.787488460541s ******************
Init pad right/bottom 0 / 0
*****************current image process time 	 8034.469796180725s ******************
Init pad right/bottom 0 / 0
*****************current image process time 	 8069.151780128479s ******************
Init pad right/bottom 0 / 0
*****************current image process time 	 8103.83679151535s ******************
Init pad right/bottom 0 / 0
*****************current image process time 	 8138.519761323929s ******************
Init pad right/bottom 0 / 0
*****************current image process time 	 8173.205111980438s ******************
Init pad right/bottom 0 / 0
*****************current image process time 	 8207.896634340286s ******************
Init pad right/bottom 0 / 0
*****************current image process time 	 8242.57960319519s ******************
Init pad right/bottom 0 / 0
*****************current image process time 	 8277.272668123245s ******************
Init pad right/bottom 0 / 0
*****************current image process time 	 8311.957432746887s ******************
Init pad right/bottom 0 / 0
*****************current image process time 	 8346.646919250488s ******************
Init pad right/bottom 0 / 0
*****************current image process time 	 8381.330885887146s ******************
Init pad right/bottom 0 / 0
*****************current image process time 	 8416.00561761856s ******************
Init pad right/bottom 0 / 0
*****************current image process time 	 8450.686448335648s ******************
Init pad right/bottom 0 / 0
*****************current image process time 	 8485.373848676682s ******************
Init pad right/bottom 0 / 0
*****************current image process time 	 8520.053759813309s ******************
Init pad right/bottom 0 / 0
*****************current image process time 	 8554.738024711609s ******************
Init pad right/bottom 0 / 0
*****************current image process time 	 8589.41154718399s ******************
Init pad right/bottom 0 / 0
*****************current image process time 	 8624.092666625977s ******************
Init pad right/bottom 0 / 0
*****************current image process time 	 8658.768031835556s ******************
Init pad right/bottom 0 / 0
*****************current image process time 	 8693.452149152756s ******************
Init pad right/bottom 0 / 0
*****************current image process time 	 8728.144820451736s ******************
Init pad right/bottom 0 / 0
*****************current image process time 	 8763.888011693954s ******************
Init pad right/bottom 0 / 0
*****************current image process time 	 8798.615319490433s ******************
Init pad right/bottom 0 / 0
*****************current image process time 	 8833.292216777802s ******************
Init pad right/bottom 0 / 0
*****************current image process time 	 8868.02451968193s ******************
Init pad right/bottom 0 / 0
*****************current image process time 	 8902.718944311142s ******************
Init pad right/bottom 0 / 0
*****************current image process time 	 8937.436573028564s ******************
Init pad right/bottom 0 / 0
*****************current image process time 	 8972.131738901138s ******************
Init pad right/bottom 0 / 0
*****************current image process time 	 9006.818659305573s ******************
Init pad right/bottom 0 / 0
*****************current image process time 	 9041.497482538223s ******************
Init pad right/bottom 0 / 0
*****************current image process time 	 9076.417218208313s ******************
Init pad right/bottom 0 / 0
*****************current image process time 	 9111.095094442368s ******************
Init pad right/bottom 0 / 0
*****************current image process time 	 9145.774938821793s ******************
Init pad right/bottom 0 / 0
*****************current image process time 	 9180.458101511002s ******************
Init pad right/bottom 0 / 0
*****************current image process time 	 9215.133274555206s ******************
Init pad right/bottom 0 / 0
*****************current image process time 	 9249.813601255417s ******************
Init pad right/bottom 0 / 0
*****************current image process time 	 9284.494905233383s ******************
Init pad right/bottom 0 / 0
*****************current image process time 	 9319.16811466217s ******************
Init pad right/bottom 0 / 0
*****************current image process time 	 9353.846165895462s ******************
Init pad right/bottom 0 / 0
*****************current image process time 	 9388.530972480774s ******************
Init pad right/bottom 0 / 0
*****************current image process time 	 9423.208795309067s ******************
Init pad right/bottom 0 / 0
*****************current image process time 	 9457.888125181198s ******************
Init pad right/bottom 0 / 0
*****************current image process time 	 9492.565395116806s ******************
Init pad right/bottom 0 / 0
*****************current image process time 	 9527.246472358704s ******************
Init pad right/bottom 0 / 0
*****************current image process time 	 9561.917890787125s ******************
Init pad right/bottom 0 / 0
*****************current image process time 	 9596.598122119904s ******************
Init pad right/bottom 0 / 0
*****************current image process time 	 9631.392105817795s ******************
Init pad right/bottom 0 / 0
*****************current image process time 	 9666.081796169281s ******************
Init pad right/bottom 0 / 0
*****************current image process time 	 9700.865360975266s ******************
Init pad right/bottom 0 / 0
*****************current image process time 	 9735.621892929077s ******************
Init pad right/bottom 0 / 0
*****************current image process time 	 9770.506786346436s ******************
Init pad right/bottom 0 / 0
*****************current image process time 	 9805.191231250763s ******************
Init pad right/bottom 0 / 0
*****************current image process time 	 9840.380846500397s ******************
Init pad right/bottom 0 / 0
*****************current image process time 	 9875.057846546173s ******************
Init pad right/bottom 0 / 0
*****************current image process time 	 9909.736583709717s ******************
Init pad right/bottom 0 / 0
*****************current image process time 	 9944.42078089714s ******************
Init pad right/bottom 0 / 0
*****************current image process time 	 9979.089933633804s ******************
Init pad right/bottom 0 / 0
*****************current image process time 	 10013.767633676529s ******************
Init pad right/bottom 0 / 0
*****************current image process time 	 10048.448236942291s ******************
Init pad right/bottom 0 / 0
*****************current image process time 	 10083.125743150711s ******************
Init pad right/bottom 0 / 0
*****************current image process time 	 10117.837471485138s ******************
Init pad right/bottom 0 / 0
*****************current image process time 	 10152.51423239708s ******************
Init pad right/bottom 0 / 0
*****************current image process time 	 10187.181677341461s ******************
Init pad right/bottom 0 / 0
*****************current image process time 	 10221.850099802017s ******************
Init pad right/bottom 0 / 0
*****************current image process time 	 10256.5260784626s ******************
Init pad right/bottom 0 / 0
*****************current image process time 	 10291.204046726227s ******************
Init pad right/bottom 0 / 0
*****************current image process time 	 10325.929367780685s ******************
Init pad right/bottom 0 / 0
*****************current image process time 	 10360.585848808289s ******************
Init pad right/bottom 0 / 0
*****************current image process time 	 10395.226871967316s ******************
Init pad right/bottom 0 / 0
*****************current image process time 	 10429.878690481186s ******************
Evaluate Folders:  17320781
Init pad right/bottom 0 / 0
*****************current image process time 	 10473.244560718536s ******************
Init pad right/bottom 0 / 0
*****************current image process time 	 10507.88882112503s ******************
Init pad right/bottom 0 / 0
*****************current image process time 	 10542.534386873245s ******************
Init pad right/bottom 0 / 0
*****************current image process time 	 10577.177822351456s ******************
Init pad right/bottom 0 / 0
*****************current image process time 	 10611.825345277786s ******************
Init pad right/bottom 0 / 0
*****************current image process time 	 10646.475076436996s ******************
Init pad right/bottom 0 / 0
*****************current image process time 	 10681.114969730377s ******************
Init pad right/bottom 0 / 0
*****************current image process time 	 10715.764134168625s ******************
Init pad right/bottom 0 / 0
*****************current image process time 	 10750.4051861763s ******************
Init pad right/bottom 0 / 0
*****************current image process time 	 10785.062562704086s ******************
Init pad right/bottom 0 / 0
*****************current image process time 	 10819.727229356766s ******************
Init pad right/bottom 0 / 0
*****************current image process time 	 10854.387373924255s ******************
Init pad right/bottom 0 / 0
*****************current image process time 	 10889.050275087357s ******************
Init pad right/bottom 0 / 0
*****************current image process time 	 10923.715421915054s ******************
Init pad right/bottom 0 / 0
*****************current image process time 	 10958.400268793106s ******************
Init pad right/bottom 0 / 0
*****************current image process time 	 10993.05976486206s ******************
Init pad right/bottom 0 / 0
*****************current image process time 	 11027.710430145264s ******************
Init pad right/bottom 0 / 0
*****************current image process time 	 11062.365188121796s ******************
Init pad right/bottom 0 / 0
*****************current image process time 	 11097.02671122551s ******************
Init pad right/bottom 0 / 0
*****************current image process time 	 11139.271342515945s ******************
Init pad right/bottom 0 / 0
*****************current image process time 	 11173.906928300858s ******************
Init pad right/bottom 0 / 0
*****************current image process time 	 11208.593153476715s ******************
Init pad right/bottom 0 / 0
*****************current image process time 	 11243.273103237152s ******************
Init pad right/bottom 0 / 0
*****************current image process time 	 11277.927938222885s ******************
Init pad right/bottom 0 / 0
*****************current image process time 	 11312.57598567009s ******************
Init pad right/bottom 0 / 0
*****************current image process time 	 11347.220838069916s ******************
Init pad right/bottom 0 / 0
*****************current image process time 	 11381.870538949966s ******************
Init pad right/bottom 0 / 0
*****************current image process time 	 11416.525180339813s ******************
Init pad right/bottom 0 / 0
*****************current image process time 	 11451.174583435059s ******************
Init pad right/bottom 0 / 0
*****************current image process time 	 11485.839324474335s ******************
Init pad right/bottom 0 / 0
*****************current image process time 	 11520.496839523315s ******************
Init pad right/bottom 0 / 0
*****************current image process time 	 11555.155155658722s ******************
Init pad right/bottom 0 / 0
*****************current image process time 	 11589.80734539032s ******************
Init pad right/bottom 0 / 0
*****************current image process time 	 11624.459771156311s ******************
Init pad right/bottom 0 / 0
*****************current image process time 	 11659.099043607712s ******************
Init pad right/bottom 0 / 0
*****************current image process time 	 11693.760999679565s ******************
Init pad right/bottom 0 / 0
*****************current image process time 	 11728.426117181778s ******************
Init pad right/bottom 0 / 0
*****************current image process time 	 11763.076826572418s ******************
Init pad right/bottom 0 / 0
*****************current image process time 	 11797.764955043793s ******************
Init pad right/bottom 0 / 0
*****************current image process time 	 11832.449362754822s ******************
Init pad right/bottom 0 / 0
*****************current image process time 	 11867.136097669601s ******************
Init pad right/bottom 0 / 0
*****************current image process time 	 11901.844644069672s ******************
Init pad right/bottom 0 / 0
*****************current image process time 	 11936.543037176132s ******************
Init pad right/bottom 0 / 0
*****************current image process time 	 11971.174577951431s ******************
Init pad right/bottom 0 / 0
*****************current image process time 	 12005.821539878845s ******************
Init pad right/bottom 0 / 0
*****************current image process time 	 12040.460385084152s ******************
Init pad right/bottom 0 / 0
*****************current image process time 	 12075.097004175186s ******************
Init pad right/bottom 0 / 0
*****************current image process time 	 12109.740367650986s ******************
Init pad right/bottom 0 / 0
*****************current image process time 	 12144.376636266708s ******************
Init pad right/bottom 0 / 0
*****************current image process time 	 12179.02397441864s ******************
Init pad right/bottom 0 / 0
*****************current image process time 	 12213.656207561493s ******************
Init pad right/bottom 0 / 0
*****************current image process time 	 12248.29405617714s ******************
Init pad right/bottom 0 / 0
*****************current image process time 	 12282.927628040314s ******************
Init pad right/bottom 0 / 0
*****************current image process time 	 12317.56807088852s ******************
Init pad right/bottom 0 / 0
*****************current image process time 	 12352.202496767044s ******************
Init pad right/bottom 0 / 0
*****************current image process time 	 12386.840228557587s ******************
Init pad right/bottom 0 / 0
*****************current image process time 	 12421.467517614365s ******************
Init pad right/bottom 0 / 0
*****************current image process time 	 12456.103592157364s ******************
Init pad right/bottom 0 / 0
*****************current image process time 	 12490.733597517014s ******************
Init pad right/bottom 0 / 0
*****************current image process time 	 12525.370255231857s ******************
Init pad right/bottom 0 / 0
*****************current image process time 	 12560.002759218216s ******************
Init pad right/bottom 0 / 0
*****************current image process time 	 12594.639568567276s ******************
Init pad right/bottom 0 / 0
*****************current image process time 	 12629.270287513733s ******************
Init pad right/bottom 0 / 0
*****************current image process time 	 12663.91243314743s ******************
Init pad right/bottom 0 / 0
*****************current image process time 	 12698.61702799797s ******************
Init pad right/bottom 0 / 0
*****************current image process time 	 12733.256147146225s ******************
Init pad right/bottom 0 / 0
*****************current image process time 	 12767.893107891083s ******************
Init pad right/bottom 0 / 0
*****************current image process time 	 12802.536435365677s ******************
Init pad right/bottom 0 / 0
*****************current image process time 	 12837.171392440796s ******************
Init pad right/bottom 0 / 0
*****************current image process time 	 12871.820020914078s ******************
Init pad right/bottom 0 / 0
*****************current image process time 	 12906.446229457855s ******************
Init pad right/bottom 0 / 0
*****************current image process time 	 12941.086353063583s ******************
Init pad right/bottom 0 / 0
*****************current image process time 	 12975.727836608887s ******************
Init pad right/bottom 0 / 0
*****************current image process time 	 13010.363347768784s ******************
Init pad right/bottom 0 / 0
*****************current image process time 	 13044.998794078827s ******************
Init pad right/bottom 0 / 0
*****************current image process time 	 13079.64157986641s ******************
Init pad right/bottom 0 / 0
*****************current image process time 	 13114.270032405853s ******************
Init pad right/bottom 0 / 0
*****************current image process time 	 13148.90158200264s ******************
Init pad right/bottom 0 / 0
*****************current image process time 	 13183.527034521103s ******************
Init pad right/bottom 0 / 0
*****************current image process time 	 13218.145248413086s ******************
Init pad right/bottom 0 / 0
*****************current image process time 	 13252.771024465561s ******************
Init pad right/bottom 0 / 0
*****************current image process time 	 13287.398188114166s ******************
Init pad right/bottom 0 / 0
*****************current image process time 	 13322.028209924698s ******************
Init pad right/bottom 0 / 0
*****************current image process time 	 13356.65821647644s ******************
Init pad right/bottom 0 / 0
*****************current image process time 	 13391.280096054077s ******************
Init pad right/bottom 0 / 0
*****************current image process time 	 13425.92923951149s ******************
Init pad right/bottom 0 / 0
*****************current image process time 	 13460.56558585167s ******************
Init pad right/bottom 0 / 0
*****************current image process time 	 13495.190972566605s ******************
Init pad right/bottom 0 / 0
*****************current image process time 	 13529.81536602974s ******************
Init pad right/bottom 0 / 0
*****************current image process time 	 13564.432382106781s ******************
Init pad right/bottom 0 / 0
*****************current image process time 	 13599.053958892822s ******************
Init pad right/bottom 0 / 0
*****************current image process time 	 13633.67528963089s ******************
Init pad right/bottom 0 / 0
*****************current image process time 	 13668.29303574562s ******************
Init pad right/bottom 0 / 0
*****************current image process time 	 13702.917459726334s ******************
Init pad right/bottom 0 / 0
*****************current image process time 	 13737.534827947617s ******************
Init pad right/bottom 0 / 0
*****************current image process time 	 13772.139628648758s ******************
Init pad right/bottom 0 / 0
*****************current image process time 	 13806.756627559662s ******************
Init pad right/bottom 0 / 0
*****************current image process time 	 13841.377190589905s ******************
Init pad right/bottom 0 / 0
*****************current image process time 	 13875.982634782791s ******************
Init pad right/bottom 0 / 0
*****************current image process time 	 13910.617966890335s ******************
Evaluate Folders:  17958496
Init pad right/bottom 0 / 0
*****************current image process time 	 13960.766163110733s ******************
Init pad right/bottom 0 / 0
*****************current image process time 	 13995.364205121994s ******************
Init pad right/bottom 0 / 0
*****************current image process time 	 14029.978193998337s ******************
Init pad right/bottom 0 / 0
*****************current image process time 	 14064.56005358696s ******************
Init pad right/bottom 0 / 0
*****************current image process time 	 14099.131993055344s ******************
Init pad right/bottom 0 / 0
*****************current image process time 	 14133.706836223602s ******************
Init pad right/bottom 0 / 0
*****************current image process time 	 14168.278726100922s ******************
Init pad right/bottom 0 / 0
*****************current image process time 	 14202.844580173492s ******************
Init pad right/bottom 0 / 0
*****************current image process time 	 14237.39175915718s ******************
Init pad right/bottom 0 / 0
*****************current image process time 	 14271.961684703827s ******************
Init pad right/bottom 0 / 0
*****************current image process time 	 14306.526374578476s ******************
Init pad right/bottom 0 / 0
*****************current image process time 	 14341.096144676208s ******************
Init pad right/bottom 0 / 0
*****************current image process time 	 14375.650335550308s ******************
Init pad right/bottom 0 / 0
*****************current image process time 	 14410.205381155014s ******************
Init pad right/bottom 0 / 0
*****************current image process time 	 14444.756916999817s ******************
Init pad right/bottom 0 / 0
*****************current image process time 	 14479.322184324265s ******************
Init pad right/bottom 0 / 0
*****************current image process time 	 14513.884784698486s ******************
Init pad right/bottom 0 / 0
*****************current image process time 	 14548.455034971237s ******************
Init pad right/bottom 0 / 0
*****************current image process time 	 14583.0095038414s ******************
Init pad right/bottom 0 / 0
*****************current image process time 	 14617.574785470963s ******************
Init pad right/bottom 0 / 0
*****************current image process time 	 14652.133322000504s ******************
Init pad right/bottom 0 / 0
*****************current image process time 	 14686.696182012558s ******************
Init pad right/bottom 0 / 0
*****************current image process time 	 14721.254179000854s ******************
Init pad right/bottom 0 / 0
*****************current image process time 	 14755.813101053238s ******************
Init pad right/bottom 0 / 0
*****************current image process time 	 14794.523535013199s ******************
Init pad right/bottom 0 / 0
*****************current image process time 	 14829.261691093445s ******************
Init pad right/bottom 0 / 0
*****************current image process time 	 14863.824163675308s ******************
Init pad right/bottom 0 / 0
*****************current image process time 	 14898.395055532455s ******************
Init pad right/bottom 0 / 0
*****************current image process time 	 14932.955403089523s ******************
Init pad right/bottom 0 / 0
*****************current image process time 	 14967.52724647522s ******************
Init pad right/bottom 0 / 0
*****************current image process time 	 15002.092182159424s ******************
Init pad right/bottom 0 / 0
*****************current image process time 	 15036.730650424957s ******************
Init pad right/bottom 0 / 0
*****************current image process time 	 15071.31078696251s ******************
Init pad right/bottom 0 / 0
*****************current image process time 	 15105.876310110092s ******************
Init pad right/bottom 0 / 0
*****************current image process time 	 15140.439581871033s ******************
Init pad right/bottom 0 / 0
*****************current image process time 	 15174.993394613266s ******************
Init pad right/bottom 0 / 0
*****************current image process time 	 15209.564368963242s ******************
Init pad right/bottom 0 / 0
*****************current image process time 	 15244.151183605194s ******************
Init pad right/bottom 0 / 0
*****************current image process time 	 15278.736503124237s ******************
Init pad right/bottom 0 / 0
*****************current image process time 	 15313.32213306427s ******************
Init pad right/bottom 0 / 0
*****************current image process time 	 15347.887606143951s ******************
Init pad right/bottom 0 / 0
*****************current image process time 	 15382.467049360275s ******************
Init pad right/bottom 0 / 0
*****************current image process time 	 15417.059223651886s ******************
Init pad right/bottom 0 / 0
*****************current image process time 	 15451.635622024536s ******************
Init pad right/bottom 0 / 0
*****************current image process time 	 15486.206779241562s ******************
Init pad right/bottom 0 / 0
*****************current image process time 	 15520.790282964706s ******************
Init pad right/bottom 0 / 0
*****************current image process time 	 15555.387324810028s ******************
Init pad right/bottom 0 / 0
*****************current image process time 	 15590.036985635757s ******************
Init pad right/bottom 0 / 0
*****************current image process time 	 15624.640337228775s ******************
Init pad right/bottom 0 / 0
*****************current image process time 	 15659.330602407455s ******************
Init pad right/bottom 0 / 0
*****************current image process time 	 15693.93849515915s ******************
Init pad right/bottom 0 / 0
*****************current image process time 	 15728.53301692009s ******************
Init pad right/bottom 0 / 0
*****************current image process time 	 15763.128116369247s ******************
Init pad right/bottom 0 / 0
*****************current image process time 	 15797.73231458664s ******************
Init pad right/bottom 0 / 0
*****************current image process time 	 15832.334763526917s ******************
Init pad right/bottom 0 / 0
*****************current image process time 	 15866.941491127014s ******************
Init pad right/bottom 0 / 0
*****************current image process time 	 15901.55098104477s ******************
Init pad right/bottom 0 / 0
*****************current image process time 	 15936.149897575378s ******************
Init pad right/bottom 0 / 0
*****************current image process time 	 15970.75423693657s ******************
Init pad right/bottom 0 / 0
*****************current image process time 	 16005.36303138733s ******************
Init pad right/bottom 0 / 0
*****************current image process time 	 16041.10075879097s ******************
Init pad right/bottom 0 / 0
*****************current image process time 	 16075.767117500305s ******************
Init pad right/bottom 0 / 0
*****************current image process time 	 16110.383675575256s ******************
Init pad right/bottom 0 / 0
*****************current image process time 	 16145.01099729538s ******************
Init pad right/bottom 0 / 0
*****************current image process time 	 16179.622933149338s ******************
Init pad right/bottom 0 / 0
*****************current image process time 	 16214.25851726532s ******************
Init pad right/bottom 0 / 0
*****************current image process time 	 16248.8870241642s ******************
Init pad right/bottom 0 / 0
*****************current image process time 	 16283.51893568039s ******************
Init pad right/bottom 0 / 0
*****************current image process time 	 16318.337962388992s ******************
Init pad right/bottom 0 / 0
*****************current image process time 	 16352.992446899414s ******************
Init pad right/bottom 0 / 0
*****************current image process time 	 16387.673468112946s ******************
Init pad right/bottom 0 / 0
*****************current image process time 	 16422.380130529404s ******************
Init pad right/bottom 0 / 0
*****************current image process time 	 16457.075528860092s ******************
Init pad right/bottom 0 / 0
*****************current image process time 	 16491.74486875534s ******************
Init pad right/bottom 0 / 0
*****************current image process time 	 16526.49759578705s ******************
Init pad right/bottom 0 / 0
*****************current image process time 	 16561.167659521103s ******************
Init pad right/bottom 0 / 0
*****************current image process time 	 16595.84052014351s ******************
Init pad right/bottom 0 / 0
*****************current image process time 	 16630.530633687973s ******************
Init pad right/bottom 0 / 0
*****************current image process time 	 16665.22811603546s ******************
Init pad right/bottom 0 / 0
*****************current image process time 	 16699.92651629448s ******************
Init pad right/bottom 0 / 0
*****************current image process time 	 16734.592168807983s ******************
Init pad right/bottom 0 / 0
*****************current image process time 	 16769.265641212463s ******************
Init pad right/bottom 0 / 0
*****************current image process time 	 16803.930215120316s ******************
Init pad right/bottom 0 / 0
*****************current image process time 	 16838.60542488098s ******************
Init pad right/bottom 0 / 0
*****************current image process time 	 16873.31566619873s ******************
Init pad right/bottom 0 / 0
*****************current image process time 	 16907.99244904518s ******************
Init pad right/bottom 0 / 0
*****************current image process time 	 16942.664697647095s ******************
Init pad right/bottom 0 / 0
*****************current image process time 	 16977.332513809204s ******************
Init pad right/bottom 0 / 0
*****************current image process time 	 17011.996772527695s ******************
Init pad right/bottom 0 / 0
*****************current image process time 	 17046.674011468887s ******************
Init pad right/bottom 0 / 0
*****************current image process time 	 17081.34522151947s ******************
Init pad right/bottom 0 / 0
*****************current image process time 	 17116.01543712616s ******************
Init pad right/bottom 0 / 0
*****************current image process time 	 17150.71564936638s ******************
Init pad right/bottom 0 / 0
*****************current image process time 	 17185.405368089676s ******************
Init pad right/bottom 0 / 0
*****************current image process time 	 17220.0622215271s ******************
Init pad right/bottom 0 / 0
*****************current image process time 	 17254.73256087303s ******************
Init pad right/bottom 0 / 0
*****************current image process time 	 17289.397243499756s ******************
Init pad right/bottom 0 / 0
*****************current image process time 	 17324.05096268654s ******************
Init pad right/bottom 0 / 0
*****************current image process time 	 17358.698565006256s ******************
Init pad right/bottom 0 / 0
*****************current image process time 	 17393.221591711044s ******************
