OrderedDict([('pretrain_model_G', '/mnt/lustre/shanghai/cmic/home/xyz18/experiments/train_EDVR_L_Preload_30000_nobug_ssim_11_LR_1e_5_suzhou_remove_baddata/models/latest_G.pth'), ('save_path', '/mnt/lustre/shanghai/cmic/home/xyz18/'), ('strict_load', True), ('resume_state', None)])
GPU  1
Evaluate Folders:  31566126
Init pad right/bottom 0 / 0
*****************current image process time 	 43.417444944381714s ******************
Init pad right/bottom 0 / 0
*****************current image process time 	 78.51794624328613s ******************
Init pad right/bottom 0 / 0
*****************current image process time 	 113.62140417098999s ******************
Init pad right/bottom 0 / 0
*****************current image process time 	 148.7013394832611s ******************
Init pad right/bottom 0 / 0
*****************current image process time 	 183.83125567436218s ******************
Init pad right/bottom 0 / 0
*****************current image process time 	 218.935688495636s ******************
Init pad right/bottom 0 / 0
*****************current image process time 	 254.05827474594116s ******************
Init pad right/bottom 0 / 0
*****************current image process time 	 289.19352746009827s ******************
Init pad right/bottom 0 / 0
*****************current image process time 	 324.3546414375305s ******************
Init pad right/bottom 0 / 0
*****************current image process time 	 359.5244793891907s ******************
Init pad right/bottom 0 / 0
*****************current image process time 	 394.693238735199s ******************
Init pad right/bottom 0 / 0
*****************current image process time 	 429.86190915107727s ******************
Init pad right/bottom 0 / 0
*****************current image process time 	 465.0061411857605s ******************
Init pad right/bottom 0 / 0
*****************current image process time 	 500.14738035202026s ******************
Init pad right/bottom 0 / 0
*****************current image process time 	 535.3223638534546s ******************
Init pad right/bottom 0 / 0
*****************current image process time 	 570.4843888282776s ******************
Init pad right/bottom 0 / 0
*****************current image process time 	 605.6475884914398s ******************
Init pad right/bottom 0 / 0
*****************current image process time 	 640.8729555606842s ******************
Init pad right/bottom 0 / 0
*****************current image process time 	 676.0521318912506s ******************
Init pad right/bottom 0 / 0
*****************current image process time 	 711.1891920566559s ******************
Init pad right/bottom 0 / 0
*****************current image process time 	 746.3337600231171s ******************
Init pad right/bottom 0 / 0
*****************current image process time 	 781.526526927948s ******************
Init pad right/bottom 0 / 0
*****************current image process time 	 816.6745357513428s ******************
Init pad right/bottom 0 / 0
*****************current image process time 	 851.8229351043701s ******************
Init pad right/bottom 0 / 0
*****************current image process time 	 886.977288722992s ******************
Init pad right/bottom 0 / 0
*****************current image process time 	 922.1331779956818s ******************
Init pad right/bottom 0 / 0
*****************current image process time 	 957.3054337501526s ******************
Init pad right/bottom 0 / 0
*****************current image process time 	 992.4772617816925s ******************
Init pad right/bottom 0 / 0
*****************current image process time 	 1027.6402111053467s ******************
Init pad right/bottom 0 / 0
*****************current image process time 	 1062.823014497757s ******************
Init pad right/bottom 0 / 0
*****************current image process time 	 1097.9626576900482s ******************
Init pad right/bottom 0 / 0
*****************current image process time 	 1133.1097421646118s ******************
Init pad right/bottom 0 / 0
*****************current image process time 	 1168.2712676525116s ******************
Init pad right/bottom 0 / 0
*****************current image process time 	 1203.4463326931s ******************
Init pad right/bottom 0 / 0
*****************current image process time 	 1238.6406819820404s ******************
Init pad right/bottom 0 / 0
*****************current image process time 	 1273.877114057541s ******************
Init pad right/bottom 0 / 0
*****************current image process time 	 1309.0268244743347s ******************
Init pad right/bottom 0 / 0
*****************current image process time 	 1344.2043766975403s ******************
Init pad right/bottom 0 / 0
*****************current image process time 	 1379.353500843048s ******************
Init pad right/bottom 0 / 0
*****************current image process time 	 1414.4813952445984s ******************
Init pad right/bottom 0 / 0
*****************current image process time 	 1449.5946435928345s ******************
Init pad right/bottom 0 / 0
*****************current image process time 	 1484.6821916103363s ******************
Init pad right/bottom 0 / 0
*****************current image process time 	 1519.742948293686s ******************
Init pad right/bottom 0 / 0
*****************current image process time 	 1554.8102102279663s ******************
Init pad right/bottom 0 / 0
*****************current image process time 	 1589.8287003040314s ******************
Init pad right/bottom 0 / 0
*****************current image process time 	 1624.8409769535065s ******************
Init pad right/bottom 0 / 0
*****************current image process time 	 1659.8439245224s ******************
Init pad right/bottom 0 / 0
*****************current image process time 	 1694.8104283809662s ******************
Init pad right/bottom 0 / 0
*****************current image process time 	 1729.7746713161469s ******************
Init pad right/bottom 0 / 0
*****************current image process time 	 1764.7348091602325s ******************
Init pad right/bottom 0 / 0
*****************current image process time 	 1799.674012184143s ******************
Init pad right/bottom 0 / 0
*****************current image process time 	 1834.5864956378937s ******************
Init pad right/bottom 0 / 0
*****************current image process time 	 1869.4881572723389s ******************
Init pad right/bottom 0 / 0
*****************current image process time 	 1904.408310174942s ******************
Init pad right/bottom 0 / 0
*****************current image process time 	 1939.275727033615s ******************
Init pad right/bottom 0 / 0
*****************current image process time 	 1974.1361474990845s ******************
Init pad right/bottom 0 / 0
*****************current image process time 	 2008.9918656349182s ******************
Init pad right/bottom 0 / 0
*****************current image process time 	 2043.8468821048737s ******************
Init pad right/bottom 0 / 0
*****************current image process time 	 2078.6732590198517s ******************
Init pad right/bottom 0 / 0
*****************current image process time 	 2113.489403486252s ******************
Init pad right/bottom 0 / 0
*****************current image process time 	 2148.2965247631073s ******************
Init pad right/bottom 0 / 0
*****************current image process time 	 2183.1253390312195s ******************
Init pad right/bottom 0 / 0
*****************current image process time 	 2217.9352605342865s ******************
Init pad right/bottom 0 / 0
*****************current image process time 	 2252.725562810898s ******************
Init pad right/bottom 0 / 0
*****************current image process time 	 2287.5155036449432s ******************
Init pad right/bottom 0 / 0
*****************current image process time 	 2322.3178572654724s ******************
Init pad right/bottom 0 / 0
*****************current image process time 	 2357.0563864707947s ******************
Init pad right/bottom 0 / 0
*****************current image process time 	 2391.7984828948975s ******************
Init pad right/bottom 0 / 0
*****************current image process time 	 2426.5357525348663s ******************
Init pad right/bottom 0 / 0
*****************current image process time 	 2461.2688705921173s ******************
Init pad right/bottom 0 / 0
*****************current image process time 	 2495.994041442871s ******************
Init pad right/bottom 0 / 0
*****************current image process time 	 2530.7298052310944s ******************
Init pad right/bottom 0 / 0
*****************current image process time 	 2565.459056854248s ******************
Init pad right/bottom 0 / 0
*****************current image process time 	 2600.176433801651s ******************
Init pad right/bottom 0 / 0
*****************current image process time 	 2634.8820877075195s ******************
Init pad right/bottom 0 / 0
*****************current image process time 	 2669.584546804428s ******************
Init pad right/bottom 0 / 0
*****************current image process time 	 2704.2892887592316s ******************
Init pad right/bottom 0 / 0
*****************current image process time 	 2739.0205175876617s ******************
Init pad right/bottom 0 / 0
*****************current image process time 	 2773.720752477646s ******************
Init pad right/bottom 0 / 0
*****************current image process time 	 2808.419864654541s ******************
Init pad right/bottom 0 / 0
*****************current image process time 	 2843.103985309601s ******************
Init pad right/bottom 0 / 0
*****************current image process time 	 2877.8090438842773s ******************
Init pad right/bottom 0 / 0
*****************current image process time 	 2912.4848308563232s ******************
Init pad right/bottom 0 / 0
*****************current image process time 	 2947.1652326583862s ******************
Init pad right/bottom 0 / 0
*****************current image process time 	 2981.8416607379913s ******************
Init pad right/bottom 0 / 0
*****************current image process time 	 3016.515227794647s ******************
Init pad right/bottom 0 / 0
*****************current image process time 	 3051.1860115528107s ******************
Init pad right/bottom 0 / 0
*****************current image process time 	 3085.864718437195s ******************
Init pad right/bottom 0 / 0
*****************current image process time 	 3120.5167915821075s ******************
Init pad right/bottom 0 / 0
*****************current image process time 	 3155.178947210312s ******************
Init pad right/bottom 0 / 0
*****************current image process time 	 3189.844356060028s ******************
Init pad right/bottom 0 / 0
*****************current image process time 	 3224.5188987255096s ******************
Init pad right/bottom 0 / 0
*****************current image process time 	 3259.193347930908s ******************
Init pad right/bottom 0 / 0
*****************current image process time 	 3293.851778268814s ******************
Init pad right/bottom 0 / 0
*****************current image process time 	 3328.5239770412445s ******************
Init pad right/bottom 0 / 0
*****************current image process time 	 3363.197410583496s ******************
Init pad right/bottom 0 / 0
*****************current image process time 	 3397.8474612236023s ******************
Init pad right/bottom 0 / 0
*****************current image process time 	 3432.502310037613s ******************
Init pad right/bottom 0 / 0
*****************current image process time 	 3467.154627799988s ******************
Init pad right/bottom 0 / 0
*****************current image process time 	 3502.1196789741516s ******************
Evaluate Folders:  32084868
Init pad right/bottom 0 / 0
*****************current image process time 	 3543.948226213455s ******************
Init pad right/bottom 0 / 0
*****************current image process time 	 3578.6395745277405s ******************
Init pad right/bottom 0 / 0
*****************current image process time 	 3613.337923526764s ******************
Init pad right/bottom 0 / 0
*****************current image process time 	 3648.0266716480255s ******************
Init pad right/bottom 0 / 0
*****************current image process time 	 3682.7017698287964s ******************
Init pad right/bottom 0 / 0
*****************current image process time 	 3717.367078781128s ******************
Init pad right/bottom 0 / 0
*****************current image process time 	 3752.0461785793304s ******************
Init pad right/bottom 0 / 0
*****************current image process time 	 3786.7143812179565s ******************
Init pad right/bottom 0 / 0
*****************current image process time 	 3821.3796112537384s ******************
Init pad right/bottom 0 / 0
*****************current image process time 	 3856.055417776108s ******************
Init pad right/bottom 0 / 0
*****************current image process time 	 3890.7330162525177s ******************
Init pad right/bottom 0 / 0
*****************current image process time 	 3925.853269100189s ******************
Init pad right/bottom 0 / 0
*****************current image process time 	 3960.5299909114838s ******************
Init pad right/bottom 0 / 0
*****************current image process time 	 3995.208198785782s ******************
Init pad right/bottom 0 / 0
*****************current image process time 	 4029.881425142288s ******************
Init pad right/bottom 0 / 0
*****************current image process time 	 4064.5589184761047s ******************
Init pad right/bottom 0 / 0
*****************current image process time 	 4099.243891954422s ******************
Init pad right/bottom 0 / 0
*****************current image process time 	 4133.924026489258s ******************
Init pad right/bottom 0 / 0
*****************current image process time 	 4168.6116688251495s ******************
Init pad right/bottom 0 / 0
*****************current image process time 	 4203.307804822922s ******************
Init pad right/bottom 0 / 0
*****************current image process time 	 4237.995469331741s ******************
Init pad right/bottom 0 / 0
*****************current image process time 	 4272.697174310684s ******************
Init pad right/bottom 0 / 0
*****************current image process time 	 4307.413358211517s ******************
Init pad right/bottom 0 / 0
*****************current image process time 	 4342.131344795227s ******************
Init pad right/bottom 0 / 0
*****************current image process time 	 4376.855028629303s ******************
Init pad right/bottom 0 / 0
*****************current image process time 	 4411.580290079117s ******************
Init pad right/bottom 0 / 0
*****************current image process time 	 4446.313963890076s ******************
Init pad right/bottom 0 / 0
*****************current image process time 	 4481.040869474411s ******************
Init pad right/bottom 0 / 0
*****************current image process time 	 4515.77832198143s ******************
Init pad right/bottom 0 / 0
*****************current image process time 	 4550.525484085083s ******************
Init pad right/bottom 0 / 0
*****************current image process time 	 4585.299364089966s ******************
Init pad right/bottom 0 / 0
*****************current image process time 	 4620.069857120514s ******************
Init pad right/bottom 0 / 0
*****************current image process time 	 4654.841801166534s ******************
Init pad right/bottom 0 / 0
*****************current image process time 	 4689.625791549683s ******************
Init pad right/bottom 0 / 0
*****************current image process time 	 4724.417214632034s ******************
Init pad right/bottom 0 / 0
*****************current image process time 	 4759.21235537529s ******************
Init pad right/bottom 0 / 0
*****************current image process time 	 4794.013761281967s ******************
Init pad right/bottom 0 / 0
*****************current image process time 	 4828.8289585113525s ******************
Init pad right/bottom 0 / 0
*****************current image process time 	 4863.644092321396s ******************
Init pad right/bottom 0 / 0
*****************current image process time 	 4898.505965948105s ******************
Init pad right/bottom 0 / 0
*****************current image process time 	 4933.361510753632s ******************
Init pad right/bottom 0 / 0
*****************current image process time 	 4968.236155748367s ******************
Init pad right/bottom 0 / 0
*****************current image process time 	 5003.111211538315s ******************
Init pad right/bottom 0 / 0
*****************current image process time 	 5038.012863636017s ******************
Init pad right/bottom 0 / 0
*****************current image process time 	 5072.927634239197s ******************
Init pad right/bottom 0 / 0
*****************current image process time 	 5107.865542650223s ******************
Init pad right/bottom 0 / 0
*****************current image process time 	 5142.812243461609s ******************
Init pad right/bottom 0 / 0
*****************current image process time 	 5177.776378393173s ******************
Init pad right/bottom 0 / 0
*****************current image process time 	 5212.75105547905s ******************
Init pad right/bottom 0 / 0
*****************current image process time 	 5247.749260425568s ******************
Init pad right/bottom 0 / 0
*****************current image process time 	 5282.778053998947s ******************
Init pad right/bottom 0 / 0
*****************current image process time 	 5317.8143610954285s ******************
Init pad right/bottom 0 / 0
*****************current image process time 	 5352.890478372574s ******************
Init pad right/bottom 0 / 0
*****************current image process time 	 5387.972316026688s ******************
Init pad right/bottom 0 / 0
*****************current image process time 	 5423.073276758194s ******************
Init pad right/bottom 0 / 0
*****************current image process time 	 5458.208839416504s ******************
Init pad right/bottom 0 / 0
*****************current image process time 	 5493.762861251831s ******************
Init pad right/bottom 0 / 0
*****************current image process time 	 5528.942874670029s ******************
Init pad right/bottom 0 / 0
*****************current image process time 	 5564.13556265831s ******************
Init pad right/bottom 0 / 0
*****************current image process time 	 5599.453906059265s ******************
Init pad right/bottom 0 / 0
*****************current image process time 	 5634.640925645828s ******************
Init pad right/bottom 0 / 0
*****************current image process time 	 5669.818777561188s ******************
Init pad right/bottom 0 / 0
*****************current image process time 	 5705.014343738556s ******************
Init pad right/bottom 0 / 0
*****************current image process time 	 5740.204512834549s ******************
Init pad right/bottom 0 / 0
*****************current image process time 	 5775.394902706146s ******************
Init pad right/bottom 0 / 0
*****************current image process time 	 5810.56378531456s ******************
Init pad right/bottom 0 / 0
*****************current image process time 	 5845.7207226753235s ******************
Init pad right/bottom 0 / 0
*****************current image process time 	 5880.899916887283s ******************
Init pad right/bottom 0 / 0
*****************current image process time 	 5916.103732347488s ******************
Init pad right/bottom 0 / 0
*****************current image process time 	 5951.299763202667s ******************
Init pad right/bottom 0 / 0
*****************current image process time 	 5986.474366903305s ******************
Init pad right/bottom 0 / 0
*****************current image process time 	 6021.661403417587s ******************
Init pad right/bottom 0 / 0
*****************current image process time 	 6056.819509506226s ******************
Init pad right/bottom 0 / 0
*****************current image process time 	 6092.000123977661s ******************
Init pad right/bottom 0 / 0
*****************current image process time 	 6127.191062927246s ******************
Init pad right/bottom 0 / 0
*****************current image process time 	 6162.387391328812s ******************
Init pad right/bottom 0 / 0
*****************current image process time 	 6197.561381578445s ******************
Init pad right/bottom 0 / 0
*****************current image process time 	 6232.753714084625s ******************
Init pad right/bottom 0 / 0
*****************current image process time 	 6267.912214517593s ******************
Init pad right/bottom 0 / 0
*****************current image process time 	 6303.119148015976s ******************
Init pad right/bottom 0 / 0
*****************current image process time 	 6338.310049533844s ******************
Init pad right/bottom 0 / 0
*****************current image process time 	 6373.545483350754s ******************
Init pad right/bottom 0 / 0
*****************current image process time 	 6408.779700994492s ******************
Init pad right/bottom 0 / 0
*****************current image process time 	 6443.986757278442s ******************
Init pad right/bottom 0 / 0
*****************current image process time 	 6479.193007946014s ******************
Init pad right/bottom 0 / 0
*****************current image process time 	 6514.384686231613s ******************
Init pad right/bottom 0 / 0
*****************current image process time 	 6549.529678583145s ******************
Init pad right/bottom 0 / 0
*****************current image process time 	 6584.665121793747s ******************
Init pad right/bottom 0 / 0
*****************current image process time 	 6619.75839471817s ******************
Init pad right/bottom 0 / 0
*****************current image process time 	 6654.843414306641s ******************
Init pad right/bottom 0 / 0
*****************current image process time 	 6689.888330459595s ******************
Init pad right/bottom 0 / 0
*****************current image process time 	 6724.938717126846s ******************
Init pad right/bottom 0 / 0
*****************current image process time 	 6759.966257572174s ******************
Init pad right/bottom 0 / 0
*****************current image process time 	 6795.003630161285s ******************
Init pad right/bottom 0 / 0
*****************current image process time 	 6830.004115581512s ******************
Init pad right/bottom 0 / 0
*****************current image process time 	 6864.991648674011s ******************
Init pad right/bottom 0 / 0
*****************current image process time 	 6899.959565162659s ******************
Init pad right/bottom 0 / 0
*****************current image process time 	 6934.94913649559s ******************
Init pad right/bottom 0 / 0
*****************current image process time 	 6970.191365242004s ******************
Init pad right/bottom 0 / 0
*****************current image process time 	 7005.459467172623s ******************
Evaluate Folders:  32573156
Init pad right/bottom 0 / 0
*****************current image process time 	 7050.871850967407s ******************
Init pad right/bottom 0 / 0
*****************current image process time 	 7085.509747266769s ******************
Init pad right/bottom 0 / 0
*****************current image process time 	 7120.158241271973s ******************
Init pad right/bottom 0 / 0
*****************current image process time 	 7154.805663347244s ******************
Init pad right/bottom 0 / 0
*****************current image process time 	 7189.462904453278s ******************
Init pad right/bottom 0 / 0
*****************current image process time 	 7224.216554641724s ******************
Init pad right/bottom 0 / 0
*****************current image process time 	 7258.909127950668s ******************
Init pad right/bottom 0 / 0
*****************current image process time 	 7293.592978000641s ******************
Init pad right/bottom 0 / 0
*****************current image process time 	 7328.276241064072s ******************
Init pad right/bottom 0 / 0
*****************current image process time 	 7362.9929022789s ******************
Init pad right/bottom 0 / 0
*****************current image process time 	 7398.11909866333s ******************
Init pad right/bottom 0 / 0
*****************current image process time 	 7433.033660888672s ******************
Init pad right/bottom 0 / 0
*****************current image process time 	 7467.783702850342s ******************
Init pad right/bottom 0 / 0
*****************current image process time 	 7503.425843477249s ******************
Init pad right/bottom 0 / 0
*****************current image process time 	 7538.213443279266s ******************
Init pad right/bottom 0 / 0
*****************current image process time 	 7573.016853570938s ******************
Init pad right/bottom 0 / 0
*****************current image process time 	 7607.865118741989s ******************
Init pad right/bottom 0 / 0
*****************current image process time 	 7642.703195571899s ******************
Init pad right/bottom 0 / 0
*****************current image process time 	 7677.555453538895s ******************
Init pad right/bottom 0 / 0
*****************current image process time 	 7712.434727430344s ******************
Init pad right/bottom 0 / 0
*****************current image process time 	 7747.331764698029s ******************
Init pad right/bottom 0 / 0
*****************current image process time 	 7782.247660398483s ******************
Init pad right/bottom 0 / 0
*****************current image process time 	 7817.156781435013s ******************
Init pad right/bottom 0 / 0
*****************current image process time 	 7852.606125354767s ******************
Init pad right/bottom 0 / 0
*****************current image process time 	 7887.955569982529s ******************
Init pad right/bottom 0 / 0
*****************current image process time 	 7922.9846069812775s ******************
Init pad right/bottom 0 / 0
*****************current image process time 	 7958.450921297073s ******************
Init pad right/bottom 0 / 0
*****************current image process time 	 7993.552047252655s ******************
Init pad right/bottom 0 / 0
*****************current image process time 	 8028.6661059856415s ******************
Init pad right/bottom 0 / 0
*****************current image process time 	 8063.803495883942s ******************
Init pad right/bottom 0 / 0
*****************current image process time 	 8099.010032892227s ******************
Init pad right/bottom 0 / 0
*****************current image process time 	 8134.209551811218s ******************
Init pad right/bottom 0 / 0
*****************current image process time 	 8169.381307125092s ******************
Init pad right/bottom 0 / 0
*****************current image process time 	 8204.57460975647s ******************
Init pad right/bottom 0 / 0
*****************current image process time 	 8239.773441076279s ******************
Init pad right/bottom 0 / 0
*****************current image process time 	 8274.977061033249s ******************
Init pad right/bottom 0 / 0
*****************current image process time 	 8310.188515424728s ******************
Init pad right/bottom 0 / 0
*****************current image process time 	 8345.390471935272s ******************
Init pad right/bottom 0 / 0
*****************current image process time 	 8380.566015005112s ******************
Init pad right/bottom 0 / 0
*****************current image process time 	 8415.770800828934s ******************
Init pad right/bottom 0 / 0
*****************current image process time 	 8450.964096784592s ******************
Init pad right/bottom 0 / 0
*****************current image process time 	 8486.179156303406s ******************
Init pad right/bottom 0 / 0
*****************current image process time 	 8521.385052919388s ******************
Init pad right/bottom 0 / 0
*****************current image process time 	 8556.589790344238s ******************
Init pad right/bottom 0 / 0
*****************current image process time 	 8591.811156749725s ******************
Init pad right/bottom 0 / 0
*****************current image process time 	 8627.024886369705s ******************
Init pad right/bottom 0 / 0
*****************current image process time 	 8662.211550235748s ******************
Init pad right/bottom 0 / 0
*****************current image process time 	 8697.402441740036s ******************
Init pad right/bottom 0 / 0
*****************current image process time 	 8732.491232156754s ******************
Init pad right/bottom 0 / 0
*****************current image process time 	 8767.718617200851s ******************
Init pad right/bottom 0 / 0
*****************current image process time 	 8802.927372694016s ******************
Init pad right/bottom 0 / 0
*****************current image process time 	 8838.11607003212s ******************
Init pad right/bottom 0 / 0
*****************current image process time 	 8873.312717437744s ******************
Init pad right/bottom 0 / 0
*****************current image process time 	 8908.49615430832s ******************
Init pad right/bottom 0 / 0
*****************current image process time 	 8943.840381622314s ******************
Init pad right/bottom 0 / 0
*****************current image process time 	 8978.989990234375s ******************
Init pad right/bottom 0 / 0
*****************current image process time 	 9014.12639427185s ******************
Init pad right/bottom 0 / 0
*****************current image process time 	 9049.569139242172s ******************
Init pad right/bottom 0 / 0
*****************current image process time 	 9084.653060436249s ******************
Init pad right/bottom 0 / 0
*****************current image process time 	 9119.711626291275s ******************
Init pad right/bottom 0 / 0
*****************current image process time 	 9154.753819227219s ******************
Init pad right/bottom 0 / 0
*****************current image process time 	 9189.756513357162s ******************
Init pad right/bottom 0 / 0
*****************current image process time 	 9224.738321304321s ******************
Init pad right/bottom 0 / 0
*****************current image process time 	 9259.728373765945s ******************
Init pad right/bottom 0 / 0
*****************current image process time 	 9294.691583633423s ******************
Init pad right/bottom 0 / 0
*****************current image process time 	 9329.613105297089s ******************
Init pad right/bottom 0 / 0
*****************current image process time 	 9364.525270223618s ******************
Init pad right/bottom 0 / 0
*****************current image process time 	 9399.41342306137s ******************
Init pad right/bottom 0 / 0
*****************current image process time 	 9434.271396398544s ******************
Init pad right/bottom 0 / 0
*****************current image process time 	 9469.09586238861s ******************
Init pad right/bottom 0 / 0
*****************current image process time 	 9503.925950050354s ******************
Init pad right/bottom 0 / 0
*****************current image process time 	 9538.736856222153s ******************
Init pad right/bottom 0 / 0
*****************current image process time 	 9573.564810276031s ******************
Init pad right/bottom 0 / 0
*****************current image process time 	 9608.346714496613s ******************
Init pad right/bottom 0 / 0
*****************current image process time 	 9643.160200595856s ******************
Init pad right/bottom 0 / 0
*****************current image process time 	 9677.940768003464s ******************
Init pad right/bottom 0 / 0
*****************current image process time 	 9713.21407866478s ******************
Init pad right/bottom 0 / 0
*****************current image process time 	 9747.951558351517s ******************
Init pad right/bottom 0 / 0
*****************current image process time 	 9782.68785572052s ******************
Init pad right/bottom 0 / 0
*****************current image process time 	 9817.389521837234s ******************
Init pad right/bottom 0 / 0
*****************current image process time 	 9852.128464221954s ******************
Init pad right/bottom 0 / 0
*****************current image process time 	 9886.849907398224s ******************
Init pad right/bottom 0 / 0
*****************current image process time 	 9921.550318956375s ******************
Init pad right/bottom 0 / 0
*****************current image process time 	 9956.246122837067s ******************
Init pad right/bottom 0 / 0
*****************current image process time 	 9990.942414999008s ******************
Init pad right/bottom 0 / 0
*****************current image process time 	 10025.640100955963s ******************
Init pad right/bottom 0 / 0
*****************current image process time 	 10060.340496063232s ******************
Init pad right/bottom 0 / 0
*****************current image process time 	 10095.005742549896s ******************
Init pad right/bottom 0 / 0
*****************current image process time 	 10129.691855192184s ******************
Init pad right/bottom 0 / 0
*****************current image process time 	 10164.359911680222s ******************
Init pad right/bottom 0 / 0
*****************current image process time 	 10199.012516736984s ******************
Init pad right/bottom 0 / 0
*****************current image process time 	 10233.660355091095s ******************
Init pad right/bottom 0 / 0
*****************current image process time 	 10268.303869009018s ******************
Init pad right/bottom 0 / 0
*****************current image process time 	 10302.95898938179s ******************
Init pad right/bottom 0 / 0
*****************current image process time 	 10337.618653059006s ******************
Init pad right/bottom 0 / 0
*****************current image process time 	 10372.272103309631s ******************
Init pad right/bottom 0 / 0
*****************current image process time 	 10406.913886785507s ******************
Init pad right/bottom 0 / 0
*****************current image process time 	 10442.016449689865s ******************
Init pad right/bottom 0 / 0
*****************current image process time 	 10477.091048717499s ******************
Init pad right/bottom 0 / 0
*****************current image process time 	 10512.122047901154s ******************
Evaluate Folders:  32642019
Init pad right/bottom 0 / 0
*****************current image process time 	 10555.670038223267s ******************
Init pad right/bottom 0 / 0
*****************current image process time 	 10590.393347740173s ******************
Init pad right/bottom 0 / 0
*****************current image process time 	 10625.10589504242s ******************
Init pad right/bottom 0 / 0
*****************current image process time 	 10659.826036691666s ******************
Init pad right/bottom 0 / 0
*****************current image process time 	 10694.566303253174s ******************
Init pad right/bottom 0 / 0
*****************current image process time 	 10729.30062174797s ******************
Init pad right/bottom 0 / 0
*****************current image process time 	 10764.072949409485s ******************
Init pad right/bottom 0 / 0
*****************current image process time 	 10798.827416658401s ******************
Init pad right/bottom 0 / 0
*****************current image process time 	 10833.596122026443s ******************
Init pad right/bottom 0 / 0
*****************current image process time 	 10868.378767490387s ******************
Init pad right/bottom 0 / 0
*****************current image process time 	 10903.163236379623s ******************
Init pad right/bottom 0 / 0
*****************current image process time 	 10937.952589511871s ******************
Init pad right/bottom 0 / 0
*****************current image process time 	 10972.751079559326s ******************
Init pad right/bottom 0 / 0
*****************current image process time 	 11007.558372020721s ******************
Init pad right/bottom 0 / 0
*****************current image process time 	 11042.391667366028s ******************
Init pad right/bottom 0 / 0
*****************current image process time 	 11077.244413614273s ******************
Init pad right/bottom 0 / 0
*****************current image process time 	 11121.673074483871s ******************
Init pad right/bottom 0 / 0
*****************current image process time 	 11156.815863847733s ******************
Init pad right/bottom 0 / 0
*****************current image process time 	 11191.972171068192s ******************
Init pad right/bottom 0 / 0
*****************current image process time 	 11227.115976810455s ******************
Init pad right/bottom 0 / 0
*****************current image process time 	 11262.287421941757s ******************
Init pad right/bottom 0 / 0
*****************current image process time 	 11297.464937925339s ******************
Init pad right/bottom 0 / 0
*****************current image process time 	 11332.650798082352s ******************
Init pad right/bottom 0 / 0
*****************current image process time 	 11367.794390678406s ******************
Init pad right/bottom 0 / 0
*****************current image process time 	 11402.95096373558s ******************
Init pad right/bottom 0 / 0
*****************current image process time 	 11438.097880601883s ******************
Init pad right/bottom 0 / 0
*****************current image process time 	 11473.248365402222s ******************
Init pad right/bottom 0 / 0
*****************current image process time 	 11508.388376235962s ******************
Init pad right/bottom 0 / 0
*****************current image process time 	 11543.5059030056s ******************
Init pad right/bottom 0 / 0
*****************current image process time 	 11578.627725839615s ******************
Init pad right/bottom 0 / 0
*****************current image process time 	 11613.746706962585s ******************
Init pad right/bottom 0 / 0
*****************current image process time 	 11648.893840551376s ******************
Init pad right/bottom 0 / 0
*****************current image process time 	 11684.032652378082s ******************
Init pad right/bottom 0 / 0
*****************current image process time 	 11719.154376983643s ******************
Init pad right/bottom 0 / 0
*****************current image process time 	 11754.2505671978s ******************
Init pad right/bottom 0 / 0
*****************current image process time 	 11789.357573986053s ******************
Init pad right/bottom 0 / 0
*****************current image process time 	 11824.544554948807s ******************
Init pad right/bottom 0 / 0
*****************current image process time 	 11859.68327331543s ******************
Init pad right/bottom 0 / 0
*****************current image process time 	 11894.774818658829s ******************
Init pad right/bottom 0 / 0
*****************current image process time 	 11929.81336092949s ******************
Init pad right/bottom 0 / 0
*****************current image process time 	 11964.823316574097s ******************
Init pad right/bottom 0 / 0
*****************current image process time 	 11999.795767068863s ******************
Init pad right/bottom 0 / 0
*****************current image process time 	 12034.766703367233s ******************
Init pad right/bottom 0 / 0
*****************current image process time 	 12069.70576095581s ******************
Init pad right/bottom 0 / 0
*****************current image process time 	 12104.609804153442s ******************
Init pad right/bottom 0 / 0
*****************current image process time 	 12139.515673398972s ******************
Init pad right/bottom 0 / 0
*****************current image process time 	 12174.40596461296s ******************
Init pad right/bottom 0 / 0
*****************current image process time 	 12209.258948802948s ******************
Init pad right/bottom 0 / 0
*****************current image process time 	 12244.081490755081s ******************
Init pad right/bottom 0 / 0
*****************current image process time 	 12278.900165319443s ******************
Init pad right/bottom 0 / 0
*****************current image process time 	 12313.703245401382s ******************
Init pad right/bottom 0 / 0
*****************current image process time 	 12348.506927013397s ******************
Init pad right/bottom 0 / 0
*****************current image process time 	 12383.285990953445s ******************
Init pad right/bottom 0 / 0
*****************current image process time 	 12418.044400691986s ******************
Init pad right/bottom 0 / 0
*****************current image process time 	 12452.802345275879s ******************
Init pad right/bottom 0 / 0
*****************current image process time 	 12487.537817955017s ******************
Init pad right/bottom 0 / 0
*****************current image process time 	 12522.268370628357s ******************
Init pad right/bottom 0 / 0
*****************current image process time 	 12556.977145433426s ******************
Init pad right/bottom 0 / 0
*****************current image process time 	 12591.70277762413s ******************
Init pad right/bottom 0 / 0
*****************current image process time 	 12626.40014219284s ******************
Init pad right/bottom 0 / 0
*****************current image process time 	 12661.085619449615s ******************
Init pad right/bottom 0 / 0
*****************current image process time 	 12695.757870674133s ******************
Init pad right/bottom 0 / 0
*****************current image process time 	 12730.432126283646s ******************
Init pad right/bottom 0 / 0
*****************current image process time 	 12765.106013536453s ******************
Init pad right/bottom 0 / 0
*****************current image process time 	 12799.780795574188s ******************
Init pad right/bottom 0 / 0
*****************current image process time 	 12834.444063425064s ******************
Init pad right/bottom 0 / 0
*****************current image process time 	 12869.091377735138s ******************
Init pad right/bottom 0 / 0
*****************current image process time 	 12903.739766836166s ******************
Init pad right/bottom 0 / 0
*****************current image process time 	 12938.377968549728s ******************
Init pad right/bottom 0 / 0
*****************current image process time 	 12973.048143863678s ******************
Init pad right/bottom 0 / 0
*****************current image process time 	 13007.681543111801s ******************
Init pad right/bottom 0 / 0
*****************current image process time 	 13042.321357250214s ******************
Init pad right/bottom 0 / 0
*****************current image process time 	 13076.956297397614s ******************
Init pad right/bottom 0 / 0
*****************current image process time 	 13111.581606388092s ******************
Init pad right/bottom 0 / 0
*****************current image process time 	 13146.215233325958s ******************
Init pad right/bottom 0 / 0
*****************current image process time 	 13180.846303224564s ******************
Init pad right/bottom 0 / 0
*****************current image process time 	 13215.485973596573s ******************
Init pad right/bottom 0 / 0
*****************current image process time 	 13250.14298415184s ******************
Init pad right/bottom 0 / 0
*****************current image process time 	 13284.797576665878s ******************
Init pad right/bottom 0 / 0
*****************current image process time 	 13319.444571256638s ******************
Init pad right/bottom 0 / 0
*****************current image process time 	 13354.098628759384s ******************
Init pad right/bottom 0 / 0
*****************current image process time 	 13388.754736661911s ******************
Init pad right/bottom 0 / 0
*****************current image process time 	 13423.419320106506s ******************
Init pad right/bottom 0 / 0
*****************current image process time 	 13458.08678483963s ******************
Init pad right/bottom 0 / 0
*****************current image process time 	 13492.757893323898s ******************
Init pad right/bottom 0 / 0
*****************current image process time 	 13527.432242631912s ******************
Init pad right/bottom 0 / 0
*****************current image process time 	 13562.124153137207s ******************
Init pad right/bottom 0 / 0
*****************current image process time 	 13596.829076051712s ******************
Init pad right/bottom 0 / 0
*****************current image process time 	 13631.53561925888s ******************
Init pad right/bottom 0 / 0
*****************current image process time 	 13666.265200853348s ******************
Init pad right/bottom 0 / 0
*****************current image process time 	 13700.992879867554s ******************
Init pad right/bottom 0 / 0
*****************current image process time 	 13735.728493213654s ******************
Init pad right/bottom 0 / 0
*****************current image process time 	 13770.474368095398s ******************
Init pad right/bottom 0 / 0
*****************current image process time 	 13805.21539759636s ******************
Init pad right/bottom 0 / 0
*****************current image process time 	 13839.966450929642s ******************
Init pad right/bottom 0 / 0
*****************current image process time 	 13874.58018040657s ******************
Init pad right/bottom 0 / 0
*****************current image process time 	 13909.736651420593s ******************
Init pad right/bottom 0 / 0
*****************current image process time 	 13944.907114744186s ******************
Init pad right/bottom 0 / 0
*****************current image process time 	 13980.059718847275s ******************
Init pad right/bottom 0 / 0
*****************current image process time 	 14015.249691009521s ******************
Evaluate Folders:  32790319
Init pad right/bottom 0 / 0
*****************current image process time 	 14066.77816081047s ******************
Init pad right/bottom 0 / 0
*****************current image process time 	 14101.463588476181s ******************
Init pad right/bottom 0 / 0
*****************current image process time 	 14136.173324346542s ******************
Init pad right/bottom 0 / 0
*****************current image process time 	 14170.879215240479s ******************
Init pad right/bottom 0 / 0
*****************current image process time 	 14205.599129199982s ******************
Init pad right/bottom 0 / 0
*****************current image process time 	 14240.328830718994s ******************
Init pad right/bottom 0 / 0
*****************current image process time 	 14275.085158586502s ******************
Init pad right/bottom 0 / 0
*****************current image process time 	 14309.855257034302s ******************
Init pad right/bottom 0 / 0
*****************current image process time 	 14344.594149589539s ******************
Init pad right/bottom 0 / 0
*****************current image process time 	 14379.385591506958s ******************
Init pad right/bottom 0 / 0
*****************current image process time 	 14414.154681444168s ******************
Init pad right/bottom 0 / 0
*****************current image process time 	 14448.937796592712s ******************
Init pad right/bottom 0 / 0
*****************current image process time 	 14483.730995416641s ******************
Init pad right/bottom 0 / 0
*****************current image process time 	 14518.538912534714s ******************
Init pad right/bottom 0 / 0
*****************current image process time 	 14553.34617972374s ******************
Init pad right/bottom 0 / 0
*****************current image process time 	 14588.22143149376s ******************
Init pad right/bottom 0 / 0
*****************current image process time 	 14623.068611860275s ******************
Init pad right/bottom 0 / 0
*****************current image process time 	 14657.94886803627s ******************
Init pad right/bottom 0 / 0
*****************current image process time 	 14692.826402664185s ******************
Init pad right/bottom 0 / 0
*****************current image process time 	 14727.742104768753s ******************
Init pad right/bottom 0 / 0
*****************current image process time 	 14762.671656370163s ******************
Init pad right/bottom 0 / 0
*****************current image process time 	 14809.949686288834s ******************
Init pad right/bottom 0 / 0
*****************current image process time 	 14844.985430717468s ******************
Init pad right/bottom 0 / 0
*****************current image process time 	 14880.015894889832s ******************
Init pad right/bottom 0 / 0
*****************current image process time 	 14915.092547178268s ******************
Init pad right/bottom 0 / 0
*****************current image process time 	 14950.192418336868s ******************
Init pad right/bottom 0 / 0
*****************current image process time 	 14985.323091745377s ******************
Init pad right/bottom 0 / 0
*****************current image process time 	 15020.496665716171s ******************
Init pad right/bottom 0 / 0
*****************current image process time 	 15055.7039437294s ******************
Init pad right/bottom 0 / 0
*****************current image process time 	 15090.951727867126s ******************
Init pad right/bottom 0 / 0
*****************current image process time 	 15126.273006916046s ******************
Init pad right/bottom 0 / 0
*****************current image process time 	 15161.49092054367s ******************
Init pad right/bottom 0 / 0
*****************current image process time 	 15196.696014642715s ******************
Init pad right/bottom 0 / 0
*****************current image process time 	 15231.939242839813s ******************
Init pad right/bottom 0 / 0
*****************current image process time 	 15267.149973154068s ******************
Init pad right/bottom 0 / 0
*****************current image process time 	 15302.363322734833s ******************
Init pad right/bottom 0 / 0
*****************current image process time 	 15337.565683603287s ******************
Init pad right/bottom 0 / 0
*****************current image process time 	 15372.769144058228s ******************
Init pad right/bottom 0 / 0
*****************current image process time 	 15407.993440151215s ******************
Init pad right/bottom 0 / 0
*****************current image process time 	 15443.210577011108s ******************
Init pad right/bottom 0 / 0
*****************current image process time 	 15478.41274881363s ******************
Init pad right/bottom 0 / 0
*****************current image process time 	 15513.626361370087s ******************
Init pad right/bottom 0 / 0
*****************current image process time 	 15548.838999509811s ******************
Init pad right/bottom 0 / 0
*****************current image process time 	 15584.057786226273s ******************
Init pad right/bottom 0 / 0
*****************current image process time 	 15619.269590854645s ******************
Init pad right/bottom 0 / 0
*****************current image process time 	 15654.473458766937s ******************
Init pad right/bottom 0 / 0
*****************current image process time 	 15689.64577627182s ******************
Init pad right/bottom 0 / 0
*****************current image process time 	 15724.860711097717s ******************
Init pad right/bottom 0 / 0
*****************current image process time 	 15760.037231445312s ******************
Init pad right/bottom 0 / 0
*****************current image process time 	 15795.267463684082s ******************
Init pad right/bottom 0 / 0
*****************current image process time 	 15830.462931394577s ******************
Init pad right/bottom 0 / 0
*****************current image process time 	 15865.637152910233s ******************
Init pad right/bottom 0 / 0
*****************current image process time 	 15900.758183717728s ******************
Init pad right/bottom 0 / 0
*****************current image process time 	 15935.864969730377s ******************
Init pad right/bottom 0 / 0
*****************current image process time 	 15970.944432735443s ******************
Init pad right/bottom 0 / 0
*****************current image process time 	 16005.996399402618s ******************
Init pad right/bottom 0 / 0
*****************current image process time 	 16044.54377746582s ******************
Init pad right/bottom 0 / 0
*****************current image process time 	 16079.338411092758s ******************
Init pad right/bottom 0 / 0
*****************current image process time 	 16114.133039474487s ******************
Init pad right/bottom 0 / 0
*****************current image process time 	 16148.90484547615s ******************
Init pad right/bottom 0 / 0
*****************current image process time 	 16183.644151687622s ******************
Init pad right/bottom 0 / 0
*****************current image process time 	 16218.404916763306s ******************
Init pad right/bottom 0 / 0
*****************current image process time 	 16253.148697853088s ******************
Init pad right/bottom 0 / 0
*****************current image process time 	 16287.871750831604s ******************
Init pad right/bottom 0 / 0
*****************current image process time 	 16324.737465143204s ******************
Init pad right/bottom 0 / 0
*****************current image process time 	 16359.473635673523s ******************
Init pad right/bottom 0 / 0
*****************current image process time 	 16394.205320358276s ******************
Init pad right/bottom 0 / 0
*****************current image process time 	 16428.949392557144s ******************
Init pad right/bottom 0 / 0
*****************current image process time 	 16463.699434518814s ******************
Init pad right/bottom 0 / 0
*****************current image process time 	 16498.480709314346s ******************
Init pad right/bottom 0 / 0
*****************current image process time 	 16533.258363485336s ******************
Init pad right/bottom 0 / 0
*****************current image process time 	 16568.055034399033s ******************
Init pad right/bottom 0 / 0
*****************current image process time 	 16602.875108718872s ******************
Init pad right/bottom 0 / 0
*****************current image process time 	 16637.68620657921s ******************
Init pad right/bottom 0 / 0
*****************current image process time 	 16672.529822826385s ******************
Init pad right/bottom 0 / 0
*****************current image process time 	 16707.39900326729s ******************
Init pad right/bottom 0 / 0
*****************current image process time 	 16742.288179636s ******************
Init pad right/bottom 0 / 0
*****************current image process time 	 16777.187747716904s ******************
Init pad right/bottom 0 / 0
*****************current image process time 	 16812.120354890823s ******************
Init pad right/bottom 0 / 0
*****************current image process time 	 16847.06600666046s ******************
Init pad right/bottom 0 / 0
*****************current image process time 	 16882.03585100174s ******************
Init pad right/bottom 0 / 0
*****************current image process time 	 16917.02419281006s ******************
Init pad right/bottom 0 / 0
*****************current image process time 	 16952.048419237137s ******************
Init pad right/bottom 0 / 0
*****************current image process time 	 16987.09623479843s ******************
Init pad right/bottom 0 / 0
*****************current image process time 	 17022.206444978714s ******************
Init pad right/bottom 0 / 0
*****************current image process time 	 17057.3210208416s ******************
Init pad right/bottom 0 / 0
*****************current image process time 	 17092.45721244812s ******************
Init pad right/bottom 0 / 0
*****************current image process time 	 17127.596797704697s ******************
Init pad right/bottom 0 / 0
*****************current image process time 	 17162.814616441727s ******************
Init pad right/bottom 0 / 0
*****************current image process time 	 17197.98814511299s ******************
Init pad right/bottom 0 / 0
*****************current image process time 	 17233.18235373497s ******************
Init pad right/bottom 0 / 0
*****************current image process time 	 17268.39558649063s ******************
Init pad right/bottom 0 / 0
*****************current image process time 	 17303.592824697495s ******************
Init pad right/bottom 0 / 0
*****************current image process time 	 17338.785323143005s ******************
Init pad right/bottom 0 / 0
*****************current image process time 	 17373.301949977875s ******************
Init pad right/bottom 0 / 0
*****************current image process time 	 17407.598853588104s ******************
Init pad right/bottom 0 / 0
*****************current image process time 	 17442.05375123024s ******************
Init pad right/bottom 0 / 0
*****************current image process time 	 17476.413242816925s ******************
Init pad right/bottom 0 / 0
*****************current image process time 	 17510.697989702225s ******************
Init pad right/bottom 0 / 0
*****************current image process time 	 17544.99737548828s ******************
