cudnn(28):ERROR:105: Unable to locate a modulefile for 'cudnn/7.0.4'
19-12-30 18:49:07.006 - INFO: Data: sharp_bicubic - /lustre/home/acct-eezy/eezy/4khdr/data/Dataset/test_540p
19-12-30 18:49:07.007 - INFO: Padding mode: new_info
19-12-30 18:49:07.007 - INFO: Model path: /lustre/home/acct-eezy/eezy/4khdr/codes/experiments/train_EDVR_L_Preload_30000_nobug_ssim_10_LR_1e_5_suzhou_remove_baddata/models/latest_G.pth
19-12-30 18:49:07.007 - INFO: Save images: True
19-12-30 18:49:07.007 - INFO: Flip test: False
19-12-30 18:49:53.326 - INFO: 33426138 :   1 - 00000                     	
19-12-30 18:50:25.556 - INFO: 33426138 :   2 - 00001                     	
19-12-30 18:50:57.691 - INFO: 33426138 :   3 - 00002                     	
19-12-30 18:51:29.935 - INFO: 33426138 :   4 - 00003                     	
19-12-30 18:52:02.187 - INFO: 33426138 :   5 - 00004                     	
19-12-30 18:52:34.376 - INFO: 33426138 :   6 - 00005                     	
19-12-30 18:53:06.608 - INFO: 33426138 :   7 - 00006                     	
19-12-30 18:53:38.812 - INFO: 33426138 :   8 - 00007                     	
19-12-30 18:54:10.962 - INFO: 33426138 :   9 - 00008                     	
19-12-30 18:54:43.185 - INFO: 33426138 :  10 - 00009                     	
19-12-30 18:55:15.378 - INFO: 33426138 :  11 - 00010                     	
19-12-30 18:55:47.535 - INFO: 33426138 :  12 - 00011                     	
19-12-30 18:56:19.773 - INFO: 33426138 :  13 - 00012                     	
19-12-30 18:56:51.927 - INFO: 33426138 :  14 - 00013                     	
19-12-30 18:57:24.080 - INFO: 33426138 :  15 - 00014                     	
19-12-30 18:57:56.385 - INFO: 33426138 :  16 - 00015                     	
19-12-30 18:58:28.518 - INFO: 33426138 :  17 - 00016                     	
19-12-30 18:59:00.837 - INFO: 33426138 :  18 - 00017                     	
19-12-30 18:59:32.988 - INFO: 33426138 :  19 - 00018                     	
19-12-30 19:00:05.280 - INFO: 33426138 :  20 - 00019                     	
19-12-30 19:00:37.394 - INFO: 33426138 :  21 - 00020                     	
19-12-30 19:01:09.581 - INFO: 33426138 :  22 - 00021                     	
19-12-30 19:01:41.699 - INFO: 33426138 :  23 - 00022                     	
19-12-30 19:02:13.789 - INFO: 33426138 :  24 - 00023                     	
19-12-30 19:02:45.944 - INFO: 33426138 :  25 - 00024                     	
19-12-30 19:03:18.097 - INFO: 33426138 :  26 - 00025                     	
19-12-30 19:03:50.244 - INFO: 33426138 :  27 - 00026                     	
19-12-30 19:04:22.512 - INFO: 33426138 :  28 - 00027                     	
19-12-30 19:04:54.768 - INFO: 33426138 :  29 - 00028                     	
19-12-30 19:05:26.957 - INFO: 33426138 :  30 - 00029                     	
19-12-30 19:05:59.293 - INFO: 33426138 :  31 - 00030                     	
19-12-30 19:06:31.433 - INFO: 33426138 :  32 - 00031                     	
19-12-30 19:07:03.753 - INFO: 33426138 :  33 - 00032                     	
19-12-30 19:07:35.912 - INFO: 33426138 :  34 - 00033                     	
19-12-30 19:08:08.089 - INFO: 33426138 :  35 - 00034                     	
19-12-30 19:08:40.256 - INFO: 33426138 :  36 - 00035                     	
19-12-30 19:09:12.553 - INFO: 33426138 :  37 - 00036                     	
19-12-30 19:09:44.727 - INFO: 33426138 :  38 - 00037                     	
19-12-30 19:10:16.838 - INFO: 33426138 :  39 - 00038                     	
19-12-30 19:10:48.915 - INFO: 33426138 :  40 - 00039                     	
19-12-30 19:11:21.077 - INFO: 33426138 :  41 - 00040                     	
19-12-30 19:11:53.354 - INFO: 33426138 :  42 - 00041                     	
19-12-30 19:12:25.469 - INFO: 33426138 :  43 - 00042                     	
19-12-30 19:12:57.726 - INFO: 33426138 :  44 - 00043                     	
19-12-30 19:13:29.849 - INFO: 33426138 :  45 - 00044                     	
19-12-30 19:14:02.131 - INFO: 33426138 :  46 - 00045                     	
19-12-30 19:14:34.213 - INFO: 33426138 :  47 - 00046                     	
19-12-30 19:15:06.417 - INFO: 33426138 :  48 - 00047                     	
19-12-30 19:15:38.461 - INFO: 33426138 :  49 - 00048                     	
19-12-30 19:16:10.694 - INFO: 33426138 :  50 - 00049                     	
19-12-30 19:16:42.756 - INFO: 33426138 :  51 - 00050                     	
19-12-30 19:17:14.965 - INFO: 33426138 :  52 - 00051                     	
19-12-30 19:17:47.035 - INFO: 33426138 :  53 - 00052                     	
19-12-30 19:18:19.232 - INFO: 33426138 :  54 - 00053                     	
19-12-30 19:18:51.304 - INFO: 33426138 :  55 - 00054                     	
19-12-30 19:19:23.539 - INFO: 33426138 :  56 - 00055                     	
19-12-30 19:19:55.629 - INFO: 33426138 :  57 - 00056                     	
19-12-30 19:20:27.840 - INFO: 33426138 :  58 - 00057                     	
19-12-30 19:20:59.913 - INFO: 33426138 :  59 - 00058                     	
19-12-30 19:21:32.147 - INFO: 33426138 :  60 - 00059                     	
19-12-30 19:22:04.226 - INFO: 33426138 :  61 - 00060                     	
19-12-30 19:22:36.490 - INFO: 33426138 :  62 - 00061                     	
19-12-30 19:23:08.541 - INFO: 33426138 :  63 - 00062                     	
19-12-30 19:23:40.746 - INFO: 33426138 :  64 - 00063                     	
19-12-30 19:24:12.810 - INFO: 33426138 :  65 - 00064                     	
19-12-30 19:24:44.925 - INFO: 33426138 :  66 - 00065                     	
19-12-30 19:25:16.992 - INFO: 33426138 :  67 - 00066                     	
19-12-30 19:25:49.217 - INFO: 33426138 :  68 - 00067                     	
19-12-30 19:26:21.283 - INFO: 33426138 :  69 - 00068                     	
19-12-30 19:26:53.544 - INFO: 33426138 :  70 - 00069                     	
19-12-30 19:27:25.622 - INFO: 33426138 :  71 - 00070                     	
19-12-30 19:27:57.797 - INFO: 33426138 :  72 - 00071                     	
19-12-30 19:28:29.886 - INFO: 33426138 :  73 - 00072                     	
19-12-30 19:29:01.965 - INFO: 33426138 :  74 - 00073                     	
19-12-30 19:29:34.178 - INFO: 33426138 :  75 - 00074                     	
19-12-30 19:30:06.257 - INFO: 33426138 :  76 - 00075                     	
19-12-30 19:30:38.466 - INFO: 33426138 :  77 - 00076                     	
19-12-30 19:31:10.534 - INFO: 33426138 :  78 - 00077                     	
19-12-30 19:31:42.768 - INFO: 33426138 :  79 - 00078                     	
19-12-30 19:32:14.844 - INFO: 33426138 :  80 - 00079                     	
19-12-30 19:32:47.055 - INFO: 33426138 :  81 - 00080                     	
19-12-30 19:33:19.121 - INFO: 33426138 :  82 - 00081                     	
19-12-30 19:33:51.262 - INFO: 33426138 :  83 - 00082                     	
19-12-30 19:34:23.371 - INFO: 33426138 :  84 - 00083                     	
19-12-30 19:34:55.443 - INFO: 33426138 :  85 - 00084                     	
19-12-30 19:35:27.667 - INFO: 33426138 :  86 - 00085                     	
19-12-30 19:35:59.726 - INFO: 33426138 :  87 - 00086                     	
19-12-30 19:36:31.838 - INFO: 33426138 :  88 - 00087                     	
19-12-30 19:37:03.922 - INFO: 33426138 :  89 - 00088                     	
19-12-30 19:37:35.952 - INFO: 33426138 :  90 - 00089                     	
19-12-30 19:38:08.055 - INFO: 33426138 :  91 - 00090                     	
19-12-30 19:38:40.161 - INFO: 33426138 :  92 - 00091                     	
19-12-30 19:39:12.223 - INFO: 33426138 :  93 - 00092                     	
19-12-30 19:39:44.393 - INFO: 33426138 :  94 - 00093                     	
19-12-30 19:40:16.454 - INFO: 33426138 :  95 - 00094                     	
19-12-30 19:40:48.662 - INFO: 33426138 :  96 - 00095                     	
19-12-30 19:41:20.721 - INFO: 33426138 :  97 - 00096                     	
19-12-30 19:41:52.926 - INFO: 33426138 :  98 - 00097                     	
19-12-30 19:42:24.970 - INFO: 33426138 :  99 - 00098                     	
19-12-30 19:42:57.179 - INFO: 33426138 : 100 - 00099                     	
19-12-30 19:43:36.651 - INFO: 34104985 :   1 - 00000                     	
19-12-30 19:44:08.484 - INFO: 34104985 :   2 - 00001                     	
19-12-30 19:44:39.826 - INFO: 34104985 :   3 - 00002                     	
19-12-30 19:45:11.333 - INFO: 34104985 :   4 - 00003                     	
19-12-30 19:45:42.725 - INFO: 34104985 :   5 - 00004                     	
19-12-30 19:46:14.248 - INFO: 34104985 :   6 - 00005                     	
19-12-30 19:46:45.787 - INFO: 34104985 :   7 - 00006                     	
19-12-30 19:47:17.333 - INFO: 34104985 :   8 - 00007                     	
19-12-30 19:47:48.882 - INFO: 34104985 :   9 - 00008                     	
19-12-30 19:48:20.493 - INFO: 34104985 :  10 - 00009                     	
19-12-30 19:48:52.230 - INFO: 34104985 :  11 - 00010                     	
19-12-30 19:49:23.898 - INFO: 34104985 :  12 - 00011                     	
19-12-30 19:49:55.622 - INFO: 34104985 :  13 - 00012                     	
19-12-30 19:50:27.369 - INFO: 34104985 :  14 - 00013                     	
19-12-30 19:50:58.999 - INFO: 34104985 :  15 - 00014                     	
19-12-30 19:51:30.733 - INFO: 34104985 :  16 - 00015                     	
19-12-30 19:52:02.565 - INFO: 34104985 :  17 - 00016                     	
19-12-30 19:52:34.254 - INFO: 34104985 :  18 - 00017                     	
19-12-30 19:53:06.105 - INFO: 34104985 :  19 - 00018                     	
19-12-30 19:53:37.814 - INFO: 34104985 :  20 - 00019                     	
19-12-30 19:54:09.749 - INFO: 34104985 :  21 - 00020                     	
19-12-30 19:54:41.466 - INFO: 34104985 :  22 - 00021                     	
19-12-30 19:55:13.222 - INFO: 34104985 :  23 - 00022                     	
19-12-30 19:55:44.911 - INFO: 34104985 :  24 - 00023                     	
19-12-30 19:56:16.603 - INFO: 34104985 :  25 - 00024                     	
19-12-30 19:56:48.402 - INFO: 34104985 :  26 - 00025                     	
19-12-30 19:57:20.083 - INFO: 34104985 :  27 - 00026                     	
19-12-30 19:57:51.911 - INFO: 34104985 :  28 - 00027                     	
19-12-30 19:58:23.590 - INFO: 34104985 :  29 - 00028                     	
19-12-30 19:58:55.474 - INFO: 34104985 :  30 - 00029                     	
19-12-30 19:59:27.157 - INFO: 34104985 :  31 - 00030                     	
19-12-30 19:59:58.914 - INFO: 34104985 :  32 - 00031                     	
19-12-30 20:00:30.582 - INFO: 34104985 :  33 - 00032                     	
19-12-30 20:01:02.252 - INFO: 34104985 :  34 - 00033                     	
19-12-30 20:01:33.995 - INFO: 34104985 :  35 - 00034                     	
19-12-30 20:02:05.619 - INFO: 34104985 :  36 - 00035                     	
19-12-30 20:02:37.390 - INFO: 34104985 :  37 - 00036                     	
19-12-30 20:03:09.016 - INFO: 34104985 :  38 - 00037                     	
19-12-30 20:03:40.816 - INFO: 34104985 :  39 - 00038                     	
19-12-30 20:04:12.259 - INFO: 34104985 :  40 - 00039                     	
19-12-30 20:04:43.543 - INFO: 34104985 :  41 - 00040                     	
19-12-30 20:05:14.876 - INFO: 34104985 :  42 - 00041                     	
19-12-30 20:05:46.522 - INFO: 34104985 :  43 - 00042                     	
19-12-30 20:06:17.950 - INFO: 34104985 :  44 - 00043                     	
19-12-30 20:06:49.622 - INFO: 34104985 :  45 - 00044                     	
19-12-30 20:07:21.162 - INFO: 34104985 :  46 - 00045                     	
19-12-30 20:07:52.939 - INFO: 34104985 :  47 - 00046                     	
19-12-30 20:08:24.465 - INFO: 34104985 :  48 - 00047                     	
19-12-30 20:08:56.115 - INFO: 34104985 :  49 - 00048                     	
19-12-30 20:09:27.652 - INFO: 34104985 :  50 - 00049                     	
19-12-30 20:09:59.386 - INFO: 34104985 :  51 - 00050                     	
19-12-30 20:10:31.018 - INFO: 34104985 :  52 - 00051                     	
19-12-30 20:11:02.808 - INFO: 34104985 :  53 - 00052                     	
19-12-30 20:11:34.447 - INFO: 34104985 :  54 - 00053                     	
19-12-30 20:12:06.220 - INFO: 34104985 :  55 - 00054                     	
19-12-30 20:12:37.998 - INFO: 34104985 :  56 - 00055                     	
19-12-30 20:13:09.728 - INFO: 34104985 :  57 - 00056                     	
19-12-30 20:13:41.538 - INFO: 34104985 :  58 - 00057                     	
19-12-30 20:14:13.261 - INFO: 34104985 :  59 - 00058                     	
19-12-30 20:14:45.016 - INFO: 34104985 :  60 - 00059                     	
19-12-30 20:15:16.893 - INFO: 34104985 :  61 - 00060                     	
19-12-30 20:15:48.632 - INFO: 34104985 :  62 - 00061                     	
19-12-30 20:16:20.543 - INFO: 34104985 :  63 - 00062                     	
19-12-30 20:16:52.296 - INFO: 34104985 :  64 - 00063                     	
19-12-30 20:17:24.232 - INFO: 34104985 :  65 - 00064                     	
19-12-30 20:17:55.940 - INFO: 34104985 :  66 - 00065                     	
19-12-30 20:18:27.868 - INFO: 34104985 :  67 - 00066                     	
19-12-30 20:18:59.629 - INFO: 34104985 :  68 - 00067                     	
19-12-30 20:19:31.427 - INFO: 34104985 :  69 - 00068                     	
19-12-30 20:20:03.190 - INFO: 34104985 :  70 - 00069                     	
19-12-30 20:20:34.946 - INFO: 34104985 :  71 - 00070                     	
19-12-30 20:21:06.768 - INFO: 34104985 :  72 - 00071                     	
19-12-30 20:21:38.517 - INFO: 34104985 :  73 - 00072                     	
19-12-30 20:22:10.412 - INFO: 34104985 :  74 - 00073                     	
19-12-30 20:22:42.167 - INFO: 34104985 :  75 - 00074                     	
19-12-30 20:23:13.763 - INFO: 34104985 :  76 - 00075                     	
19-12-30 20:23:45.171 - INFO: 34104985 :  77 - 00076                     	
19-12-30 20:24:16.848 - INFO: 34104985 :  78 - 00077                     	
19-12-30 20:24:48.513 - INFO: 34104985 :  79 - 00078                     	
19-12-30 20:25:20.092 - INFO: 34104985 :  80 - 00079                     	
19-12-30 20:25:51.792 - INFO: 34104985 :  81 - 00080                     	
19-12-30 20:26:23.428 - INFO: 34104985 :  82 - 00081                     	
19-12-30 20:26:55.134 - INFO: 34104985 :  83 - 00082                     	
19-12-30 20:27:26.804 - INFO: 34104985 :  84 - 00083                     	
19-12-30 20:27:58.572 - INFO: 34104985 :  85 - 00084                     	
19-12-30 20:28:30.281 - INFO: 34104985 :  86 - 00085                     	
19-12-30 20:29:02.040 - INFO: 34104985 :  87 - 00086                     	
19-12-30 20:29:33.955 - INFO: 34104985 :  88 - 00087                     	
19-12-30 20:30:05.653 - INFO: 34104985 :  89 - 00088                     	
19-12-30 20:30:37.524 - INFO: 34104985 :  90 - 00089                     	
19-12-30 20:31:09.291 - INFO: 34104985 :  91 - 00090                     	
19-12-30 20:31:41.099 - INFO: 34104985 :  92 - 00091                     	
19-12-30 20:32:12.840 - INFO: 34104985 :  93 - 00092                     	
19-12-30 20:32:44.605 - INFO: 34104985 :  94 - 00093                     	
19-12-30 20:33:16.519 - INFO: 34104985 :  95 - 00094                     	
19-12-30 20:33:48.237 - INFO: 34104985 :  96 - 00095                     	
19-12-30 20:34:20.142 - INFO: 34104985 :  97 - 00096                     	
19-12-30 20:34:51.868 - INFO: 34104985 :  98 - 00097                     	
19-12-30 20:35:23.730 - INFO: 34104985 :  99 - 00098                     	
19-12-30 20:35:55.448 - INFO: 34104985 : 100 - 00099                     	
19-12-30 20:36:36.231 - INFO: 34374596 :   1 - 00000                     	
19-12-30 20:37:08.108 - INFO: 34374596 :   2 - 00001                     	
19-12-30 20:37:39.957 - INFO: 34374596 :   3 - 00002                     	
19-12-30 20:38:11.940 - INFO: 34374596 :   4 - 00003                     	
19-12-30 20:38:43.803 - INFO: 34374596 :   5 - 00004                     	
19-12-30 20:39:15.585 - INFO: 34374596 :   6 - 00005                     	
19-12-30 20:39:47.430 - INFO: 34374596 :   7 - 00006                     	
19-12-30 20:40:19.026 - INFO: 34374596 :   8 - 00007                     	
19-12-30 20:40:50.685 - INFO: 34374596 :   9 - 00008                     	
19-12-30 20:41:22.222 - INFO: 34374596 :  10 - 00009                     	
19-12-30 20:41:53.868 - INFO: 34374596 :  11 - 00010                     	
19-12-30 20:42:25.510 - INFO: 34374596 :  12 - 00011                     	
19-12-30 20:42:56.935 - INFO: 34374596 :  13 - 00012                     	
19-12-30 20:43:28.624 - INFO: 34374596 :  14 - 00013                     	
19-12-30 20:44:00.160 - INFO: 34374596 :  15 - 00014                     	
19-12-30 20:44:31.937 - INFO: 34374596 :  16 - 00015                     	
19-12-30 20:45:03.560 - INFO: 34374596 :  17 - 00016                     	
19-12-30 20:45:35.241 - INFO: 34374596 :  18 - 00017                     	
19-12-30 20:46:07.214 - INFO: 34374596 :  19 - 00018                     	
19-12-30 20:46:38.994 - INFO: 34374596 :  20 - 00019                     	
19-12-30 20:47:10.907 - INFO: 34374596 :  21 - 00020                     	
19-12-30 20:47:42.696 - INFO: 34374596 :  22 - 00021                     	
19-12-30 20:48:14.675 - INFO: 34374596 :  23 - 00022                     	
19-12-30 20:48:46.660 - INFO: 34374596 :  24 - 00023                     	
19-12-30 20:49:18.619 - INFO: 34374596 :  25 - 00024                     	
19-12-30 20:49:50.661 - INFO: 34374596 :  26 - 00025                     	
19-12-30 20:50:22.566 - INFO: 34374596 :  27 - 00026                     	
19-12-30 20:50:54.615 - INFO: 34374596 :  28 - 00027                     	
19-12-30 20:51:26.505 - INFO: 34374596 :  29 - 00028                     	
19-12-30 20:51:58.526 - INFO: 34374596 :  30 - 00029                     	
19-12-30 20:52:30.511 - INFO: 34374596 :  31 - 00030                     	
19-12-30 20:53:02.404 - INFO: 34374596 :  32 - 00031                     	
19-12-30 20:53:34.458 - INFO: 34374596 :  33 - 00032                     	
19-12-30 20:54:06.339 - INFO: 34374596 :  34 - 00033                     	
19-12-30 20:54:38.315 - INFO: 34374596 :  35 - 00034                     	
19-12-30 20:55:10.143 - INFO: 34374596 :  36 - 00035                     	
19-12-30 20:55:42.077 - INFO: 34374596 :  37 - 00036                     	
19-12-30 20:56:13.951 - INFO: 34374596 :  38 - 00037                     	
19-12-30 20:56:45.765 - INFO: 34374596 :  39 - 00038                     	
19-12-30 20:57:17.744 - INFO: 34374596 :  40 - 00039                     	
19-12-30 20:57:49.538 - INFO: 34374596 :  41 - 00040                     	
19-12-30 20:58:21.543 - INFO: 34374596 :  42 - 00041                     	
19-12-30 20:58:54.336 - INFO: 34374596 :  43 - 00042                     	
19-12-30 20:59:27.918 - INFO: 34374596 :  44 - 00043                     	
19-12-30 20:59:59.771 - INFO: 34374596 :  45 - 00044                     	
19-12-30 21:00:31.654 - INFO: 34374596 :  46 - 00045                     	
19-12-30 21:01:03.564 - INFO: 34374596 :  47 - 00046                     	
19-12-30 21:01:35.390 - INFO: 34374596 :  48 - 00047                     	
19-12-30 21:02:07.350 - INFO: 34374596 :  49 - 00048                     	
19-12-30 21:02:39.157 - INFO: 34374596 :  50 - 00049                     	
19-12-30 21:03:11.034 - INFO: 34374596 :  51 - 00050                     	
19-12-30 21:03:42.840 - INFO: 34374596 :  52 - 00051                     	
19-12-30 21:04:14.677 - INFO: 34374596 :  53 - 00052                     	
19-12-30 21:04:46.555 - INFO: 34374596 :  54 - 00053                     	
19-12-30 21:05:18.173 - INFO: 34374596 :  55 - 00054                     	
19-12-30 21:05:49.808 - INFO: 34374596 :  56 - 00055                     	
19-12-30 21:06:21.320 - INFO: 34374596 :  57 - 00056                     	
19-12-30 21:06:52.981 - INFO: 34374596 :  58 - 00057                     	
19-12-30 21:07:24.586 - INFO: 34374596 :  59 - 00058                     	
19-12-30 21:07:56.444 - INFO: 34374596 :  60 - 00059                     	
19-12-30 21:08:28.131 - INFO: 34374596 :  61 - 00060                     	
19-12-30 21:08:59.937 - INFO: 34374596 :  62 - 00061                     	
19-12-30 21:09:31.633 - INFO: 34374596 :  63 - 00062                     	
19-12-30 21:10:03.532 - INFO: 34374596 :  64 - 00063                     	
19-12-30 21:10:35.258 - INFO: 34374596 :  65 - 00064                     	
19-12-30 21:11:07.164 - INFO: 34374596 :  66 - 00065                     	
19-12-30 21:11:39.000 - INFO: 34374596 :  67 - 00066                     	
19-12-30 21:12:10.958 - INFO: 34374596 :  68 - 00067                     	
19-12-30 21:12:42.841 - INFO: 34374596 :  69 - 00068                     	
19-12-30 21:13:14.780 - INFO: 34374596 :  70 - 00069                     	
19-12-30 21:13:46.783 - INFO: 34374596 :  71 - 00070                     	
19-12-30 21:14:18.628 - INFO: 34374596 :  72 - 00071                     	
19-12-30 21:14:50.586 - INFO: 34374596 :  73 - 00072                     	
19-12-30 21:15:22.434 - INFO: 34374596 :  74 - 00073                     	
19-12-30 21:15:54.430 - INFO: 34374596 :  75 - 00074                     	
19-12-30 21:16:26.246 - INFO: 34374596 :  76 - 00075                     	
19-12-30 21:16:58.186 - INFO: 34374596 :  77 - 00076                     	
19-12-30 21:17:29.993 - INFO: 34374596 :  78 - 00077                     	
19-12-30 21:18:02.013 - INFO: 34374596 :  79 - 00078                     	
19-12-30 21:18:33.867 - INFO: 34374596 :  80 - 00079                     	
19-12-30 21:19:05.804 - INFO: 34374596 :  81 - 00080                     	
19-12-30 21:19:37.653 - INFO: 34374596 :  82 - 00081                     	
19-12-30 21:20:09.629 - INFO: 34374596 :  83 - 00082                     	
19-12-30 21:20:41.441 - INFO: 34374596 :  84 - 00083                     	
19-12-30 21:21:13.320 - INFO: 34374596 :  85 - 00084                     	
19-12-30 21:21:45.127 - INFO: 34374596 :  86 - 00085                     	
19-12-30 21:22:17.055 - INFO: 34374596 :  87 - 00086                     	
19-12-30 21:22:48.889 - INFO: 34374596 :  88 - 00087                     	
19-12-30 21:23:20.759 - INFO: 34374596 :  89 - 00088                     	
19-12-30 21:23:52.564 - INFO: 34374596 :  90 - 00089                     	
19-12-30 21:24:24.405 - INFO: 34374596 :  91 - 00090                     	
19-12-30 21:24:56.252 - INFO: 34374596 :  92 - 00091                     	
19-12-30 21:25:28.014 - INFO: 34374596 :  93 - 00092                     	
19-12-30 21:25:59.671 - INFO: 34374596 :  94 - 00093                     	
19-12-30 21:26:31.275 - INFO: 34374596 :  95 - 00094                     	
19-12-30 21:27:03.077 - INFO: 34374596 :  96 - 00095                     	
19-12-30 21:27:34.784 - INFO: 34374596 :  97 - 00096                     	
19-12-30 21:28:06.691 - INFO: 34374596 :  98 - 00097                     	
19-12-30 21:28:38.425 - INFO: 34374596 :  99 - 00098                     	
19-12-30 21:29:10.251 - INFO: 34374596 : 100 - 00099                     	
19-12-30 21:29:55.643 - INFO: 34426732 :   1 - 00000                     	
19-12-30 21:30:26.944 - INFO: 34426732 :   2 - 00001                     	
19-12-30 21:30:58.164 - INFO: 34426732 :   3 - 00002                     	
19-12-30 21:31:29.340 - INFO: 34426732 :   4 - 00003                     	
19-12-30 21:32:00.888 - INFO: 34426732 :   5 - 00004                     	
19-12-30 21:32:32.242 - INFO: 34426732 :   6 - 00005                     	
19-12-30 21:33:04.071 - INFO: 34426732 :   7 - 00006                     	
19-12-30 21:33:35.743 - INFO: 34426732 :   8 - 00007                     	
19-12-30 21:34:07.522 - INFO: 34426732 :   9 - 00008                     	
19-12-30 21:34:39.331 - INFO: 34426732 :  10 - 00009                     	
19-12-30 21:35:11.001 - INFO: 34426732 :  11 - 00010                     	
19-12-30 21:35:42.854 - INFO: 34426732 :  12 - 00011                     	
19-12-30 21:36:14.641 - INFO: 34426732 :  13 - 00012                     	
19-12-30 21:36:46.431 - INFO: 34426732 :  14 - 00013                     	
19-12-30 21:37:18.142 - INFO: 34426732 :  15 - 00014                     	
19-12-30 21:37:49.878 - INFO: 34426732 :  16 - 00015                     	
19-12-30 21:38:21.564 - INFO: 34426732 :  17 - 00016                     	
19-12-30 21:38:53.162 - INFO: 34426732 :  18 - 00017                     	
19-12-30 21:39:24.645 - INFO: 34426732 :  19 - 00018                     	
19-12-30 21:39:55.924 - INFO: 34426732 :  20 - 00019                     	
19-12-30 21:40:27.298 - INFO: 34426732 :  21 - 00020                     	
19-12-30 21:40:58.735 - INFO: 34426732 :  22 - 00021                     	
19-12-30 21:41:30.592 - INFO: 34426732 :  23 - 00022                     	
19-12-30 21:42:02.315 - INFO: 34426732 :  24 - 00023                     	
19-12-30 21:42:33.855 - INFO: 34426732 :  25 - 00024                     	
19-12-30 21:43:05.457 - INFO: 34426732 :  26 - 00025                     	
19-12-30 21:43:37.031 - INFO: 34426732 :  27 - 00026                     	
19-12-30 21:44:08.780 - INFO: 34426732 :  28 - 00027                     	
19-12-30 21:44:40.435 - INFO: 34426732 :  29 - 00028                     	
19-12-30 21:45:12.186 - INFO: 34426732 :  30 - 00029                     	
19-12-30 21:45:44.006 - INFO: 34426732 :  31 - 00030                     	
19-12-30 21:46:15.728 - INFO: 34426732 :  32 - 00031                     	
19-12-30 21:46:47.633 - INFO: 34426732 :  33 - 00032                     	
19-12-30 21:47:19.351 - INFO: 34426732 :  34 - 00033                     	
19-12-30 21:47:51.221 - INFO: 34426732 :  35 - 00034                     	
19-12-30 21:48:22.989 - INFO: 34426732 :  36 - 00035                     	
19-12-30 21:48:54.775 - INFO: 34426732 :  37 - 00036                     	
19-12-30 21:49:26.655 - INFO: 34426732 :  38 - 00037                     	
19-12-30 21:49:58.359 - INFO: 34426732 :  39 - 00038                     	
19-12-30 21:50:30.266 - INFO: 34426732 :  40 - 00039                     	
19-12-30 21:51:01.999 - INFO: 34426732 :  41 - 00040                     	
19-12-30 21:51:33.897 - INFO: 34426732 :  42 - 00041                     	
19-12-30 21:52:05.660 - INFO: 34426732 :  43 - 00042                     	
19-12-30 21:52:37.523 - INFO: 34426732 :  44 - 00043                     	
19-12-30 21:53:09.193 - INFO: 34426732 :  45 - 00044                     	
19-12-30 21:53:40.991 - INFO: 34426732 :  46 - 00045                     	
19-12-30 21:54:12.742 - INFO: 34426732 :  47 - 00046                     	
19-12-30 21:54:44.484 - INFO: 34426732 :  48 - 00047                     	
19-12-30 21:55:16.236 - INFO: 34426732 :  49 - 00048                     	
19-12-30 21:55:48.002 - INFO: 34426732 :  50 - 00049                     	
19-12-30 21:56:19.793 - INFO: 34426732 :  51 - 00050                     	
19-12-30 21:56:51.430 - INFO: 34426732 :  52 - 00051                     	
19-12-30 21:57:23.150 - INFO: 34426732 :  53 - 00052                     	
19-12-30 21:57:54.558 - INFO: 34426732 :  54 - 00053                     	
19-12-30 21:58:26.347 - INFO: 34426732 :  55 - 00054                     	
19-12-30 21:58:57.826 - INFO: 34426732 :  56 - 00055                     	
19-12-30 21:59:29.509 - INFO: 34426732 :  57 - 00056                     	
19-12-30 22:00:01.008 - INFO: 34426732 :  58 - 00057                     	
19-12-30 22:00:32.631 - INFO: 34426732 :  59 - 00058                     	
19-12-30 22:01:04.203 - INFO: 34426732 :  60 - 00059                     	
19-12-30 22:01:35.863 - INFO: 34426732 :  61 - 00060                     	
19-12-30 22:02:07.719 - INFO: 34426732 :  62 - 00061                     	
19-12-30 22:02:39.400 - INFO: 34426732 :  63 - 00062                     	
19-12-30 22:03:11.354 - INFO: 34426732 :  64 - 00063                     	
19-12-30 22:03:43.081 - INFO: 34426732 :  65 - 00064                     	
19-12-30 22:04:16.546 - INFO: 34426732 :  66 - 00065                     	
19-12-30 22:04:48.381 - INFO: 34426732 :  67 - 00066                     	
19-12-30 22:05:20.122 - INFO: 34426732 :  68 - 00067                     	
19-12-30 22:05:51.885 - INFO: 34426732 :  69 - 00068                     	
19-12-30 22:06:23.564 - INFO: 34426732 :  70 - 00069                     	
19-12-30 22:06:55.436 - INFO: 34426732 :  71 - 00070                     	
19-12-30 22:07:27.139 - INFO: 34426732 :  72 - 00071                     	
19-12-30 22:07:58.964 - INFO: 34426732 :  73 - 00072                     	
19-12-30 22:08:30.715 - INFO: 34426732 :  74 - 00073                     	
19-12-30 22:09:02.411 - INFO: 34426732 :  75 - 00074                     	
19-12-30 22:09:34.302 - INFO: 34426732 :  76 - 00075                     	
19-12-30 22:10:05.986 - INFO: 34426732 :  77 - 00076                     	
19-12-30 22:10:37.722 - INFO: 34426732 :  78 - 00077                     	
19-12-30 22:11:09.450 - INFO: 34426732 :  79 - 00078                     	
19-12-30 22:11:41.201 - INFO: 34426732 :  80 - 00079                     	
19-12-30 22:12:13.030 - INFO: 34426732 :  81 - 00080                     	
19-12-30 22:12:44.645 - INFO: 34426732 :  82 - 00081                     	
19-12-30 22:13:16.425 - INFO: 34426732 :  83 - 00082                     	
19-12-30 22:13:48.092 - INFO: 34426732 :  84 - 00083                     	
19-12-30 22:14:19.727 - INFO: 34426732 :  85 - 00084                     	
19-12-30 22:14:51.157 - INFO: 34426732 :  86 - 00085                     	
19-12-30 22:15:22.598 - INFO: 34426732 :  87 - 00086                     	
19-12-30 22:15:54.431 - INFO: 34426732 :  88 - 00087                     	
19-12-30 22:16:25.939 - INFO: 34426732 :  89 - 00088                     	
19-12-30 22:16:57.765 - INFO: 34426732 :  90 - 00089                     	
19-12-30 22:17:29.368 - INFO: 34426732 :  91 - 00090                     	
19-12-30 22:18:00.956 - INFO: 34426732 :  92 - 00091                     	
19-12-30 22:18:32.566 - INFO: 34426732 :  93 - 00092                     	
19-12-30 22:19:04.215 - INFO: 34426732 :  94 - 00093                     	
19-12-30 22:19:35.948 - INFO: 34426732 :  95 - 00094                     	
19-12-30 22:20:07.602 - INFO: 34426732 :  96 - 00095                     	
19-12-30 22:20:39.402 - INFO: 34426732 :  97 - 00096                     	
19-12-30 22:21:11.101 - INFO: 34426732 :  98 - 00097                     	
19-12-30 22:21:42.855 - INFO: 34426732 :  99 - 00098                     	
19-12-30 22:22:14.633 - INFO: 34426732 : 100 - 00099                     	
19-12-30 22:22:58.300 - INFO: 35587636 :   1 - 00000                     	
19-12-30 22:23:29.949 - INFO: 35587636 :   2 - 00001                     	
19-12-30 22:24:01.481 - INFO: 35587636 :   3 - 00002                     	
19-12-30 22:24:33.274 - INFO: 35587636 :   4 - 00003                     	
19-12-30 22:25:04.881 - INFO: 35587636 :   5 - 00004                     	
19-12-30 22:25:36.521 - INFO: 35587636 :   6 - 00005                     	
19-12-30 22:26:08.161 - INFO: 35587636 :   7 - 00006                     	
19-12-30 22:26:39.949 - INFO: 35587636 :   8 - 00007                     	
19-12-30 22:27:11.872 - INFO: 35587636 :   9 - 00008                     	
19-12-30 22:27:43.736 - INFO: 35587636 :  10 - 00009                     	
19-12-30 22:28:15.636 - INFO: 35587636 :  11 - 00010                     	
19-12-30 22:28:47.358 - INFO: 35587636 :  12 - 00011                     	
19-12-30 22:29:19.322 - INFO: 35587636 :  13 - 00012                     	
19-12-30 22:29:51.085 - INFO: 35587636 :  14 - 00013                     	
19-12-30 22:30:23.016 - INFO: 35587636 :  15 - 00014                     	
19-12-30 22:30:54.802 - INFO: 35587636 :  16 - 00015                     	
19-12-30 22:31:26.704 - INFO: 35587636 :  17 - 00016                     	
19-12-30 22:31:58.470 - INFO: 35587636 :  18 - 00017                     	
19-12-30 22:32:30.361 - INFO: 35587636 :  19 - 00018                     	
19-12-30 22:33:01.908 - INFO: 35587636 :  20 - 00019                     	
19-12-30 22:33:33.547 - INFO: 35587636 :  21 - 00020                     	
19-12-30 22:34:04.953 - INFO: 35587636 :  22 - 00021                     	
19-12-30 22:34:36.609 - INFO: 35587636 :  23 - 00022                     	
19-12-30 22:35:08.093 - INFO: 35587636 :  24 - 00023                     	
19-12-30 22:35:39.890 - INFO: 35587636 :  25 - 00024                     	
19-12-30 22:36:11.462 - INFO: 35587636 :  26 - 00025                     	
19-12-30 22:36:43.255 - INFO: 35587636 :  27 - 00026                     	
19-12-30 22:37:14.944 - INFO: 35587636 :  28 - 00027                     	
19-12-30 22:37:46.848 - INFO: 35587636 :  29 - 00028                     	
19-12-30 22:38:18.603 - INFO: 35587636 :  30 - 00029                     	
19-12-30 22:38:50.538 - INFO: 35587636 :  31 - 00030                     	
19-12-30 22:39:22.305 - INFO: 35587636 :  32 - 00031                     	
19-12-30 22:39:54.315 - INFO: 35587636 :  33 - 00032                     	
19-12-30 22:40:26.160 - INFO: 35587636 :  34 - 00033                     	
19-12-30 22:40:58.060 - INFO: 35587636 :  35 - 00034                     	
19-12-30 22:41:29.949 - INFO: 35587636 :  36 - 00035                     	
19-12-30 22:42:01.753 - INFO: 35587636 :  37 - 00036                     	
19-12-30 22:42:33.744 - INFO: 35587636 :  38 - 00037                     	
19-12-30 22:43:05.570 - INFO: 35587636 :  39 - 00038                     	
19-12-30 22:43:37.388 - INFO: 35587636 :  40 - 00039                     	
19-12-30 22:44:09.105 - INFO: 35587636 :  41 - 00040                     	
19-12-30 22:44:40.963 - INFO: 35587636 :  42 - 00041                     	
19-12-30 22:45:12.822 - INFO: 35587636 :  43 - 00042                     	
19-12-30 22:45:44.608 - INFO: 35587636 :  44 - 00043                     	
19-12-30 22:46:16.482 - INFO: 35587636 :  45 - 00044                     	
19-12-30 22:46:48.230 - INFO: 35587636 :  46 - 00045                     	
19-12-30 22:47:20.161 - INFO: 35587636 :  47 - 00046                     	
19-12-30 22:47:51.924 - INFO: 35587636 :  48 - 00047                     	
19-12-30 22:48:23.841 - INFO: 35587636 :  49 - 00048                     	
19-12-30 22:48:55.639 - INFO: 35587636 :  50 - 00049                     	
19-12-30 22:49:27.850 - INFO: 35587636 :  51 - 00050                     	
19-12-30 22:49:59.652 - INFO: 35587636 :  52 - 00051                     	
19-12-30 22:50:31.552 - INFO: 35587636 :  53 - 00052                     	
19-12-30 22:51:03.379 - INFO: 35587636 :  54 - 00053                     	
19-12-30 22:51:35.179 - INFO: 35587636 :  55 - 00054                     	
19-12-30 22:52:07.025 - INFO: 35587636 :  56 - 00055                     	
19-12-30 22:52:38.858 - INFO: 35587636 :  57 - 00056                     	
19-12-30 22:53:10.673 - INFO: 35587636 :  58 - 00057                     	
19-12-30 22:53:42.397 - INFO: 35587636 :  59 - 00058                     	
19-12-30 22:54:14.057 - INFO: 35587636 :  60 - 00059                     	
19-12-30 22:54:45.734 - INFO: 35587636 :  61 - 00060                     	
19-12-30 22:55:17.239 - INFO: 35587636 :  62 - 00061                     	
19-12-30 22:55:48.929 - INFO: 35587636 :  63 - 00062                     	
19-12-30 22:56:20.711 - INFO: 35587636 :  64 - 00063                     	
19-12-30 22:56:52.380 - INFO: 35587636 :  65 - 00064                     	
19-12-30 22:57:24.887 - INFO: 35587636 :  66 - 00065                     	
19-12-30 22:57:56.578 - INFO: 35587636 :  67 - 00066                     	
19-12-30 22:58:28.492 - INFO: 35587636 :  68 - 00067                     	
19-12-30 22:59:00.348 - INFO: 35587636 :  69 - 00068                     	
19-12-30 22:59:32.203 - INFO: 35587636 :  70 - 00069                     	
19-12-30 23:00:03.965 - INFO: 35587636 :  71 - 00070                     	
19-12-30 23:00:35.777 - INFO: 35587636 :  72 - 00071                     	
19-12-30 23:01:07.662 - INFO: 35587636 :  73 - 00072                     	
19-12-30 23:01:39.500 - INFO: 35587636 :  74 - 00073                     	
19-12-30 23:02:11.386 - INFO: 35587636 :  75 - 00074                     	
19-12-30 23:02:43.257 - INFO: 35587636 :  76 - 00075                     	
19-12-30 23:03:15.101 - INFO: 35587636 :  77 - 00076                     	
19-12-30 23:03:46.942 - INFO: 35587636 :  78 - 00077                     	
19-12-30 23:04:18.757 - INFO: 35587636 :  79 - 00078                     	
19-12-30 23:04:50.599 - INFO: 35587636 :  80 - 00079                     	
19-12-30 23:05:22.423 - INFO: 35587636 :  81 - 00080                     	
19-12-30 23:05:54.336 - INFO: 35587636 :  82 - 00081                     	
19-12-30 23:06:26.300 - INFO: 35587636 :  83 - 00082                     	
19-12-30 23:06:58.004 - INFO: 35587636 :  84 - 00083                     	
19-12-30 23:07:29.868 - INFO: 35587636 :  85 - 00084                     	
19-12-30 23:08:01.624 - INFO: 35587636 :  86 - 00085                     	
19-12-30 23:08:33.427 - INFO: 35587636 :  87 - 00086                     	
19-12-30 23:09:05.266 - INFO: 35587636 :  88 - 00087                     	
19-12-30 23:09:38.775 - INFO: 35587636 :  89 - 00088                     	
19-12-30 23:10:11.494 - INFO: 35587636 :  90 - 00089                     	
19-12-30 23:10:43.269 - INFO: 35587636 :  91 - 00090                     	
19-12-30 23:11:15.186 - INFO: 35587636 :  92 - 00091                     	
19-12-30 23:11:46.743 - INFO: 35587636 :  93 - 00092                     	
19-12-30 23:12:18.386 - INFO: 35587636 :  94 - 00093                     	
19-12-30 23:12:50.121 - INFO: 35587636 :  95 - 00094                     	
19-12-30 23:13:21.697 - INFO: 35587636 :  96 - 00095                     	
19-12-30 23:13:53.533 - INFO: 35587636 :  97 - 00096                     	
19-12-30 23:14:25.175 - INFO: 35587636 :  98 - 00097                     	
19-12-30 23:14:57.079 - INFO: 35587636 :  99 - 00098                     	
19-12-30 23:15:28.772 - INFO: 35587636 : 100 - 00099                     	
19-12-30 23:15:28.772 - INFO: Data: sharp_bicubic - /lustre/home/acct-eezy/eezy/4khdr/data/Dataset/test_540p
19-12-30 23:15:28.772 - INFO: Padding mode: new_info
19-12-30 23:15:28.772 - INFO: Model path: /lustre/home/acct-eezy/eezy/4khdr/codes/experiments/train_EDVR_L_Preload_30000_nobug_ssim_10_LR_1e_5_suzhou_remove_baddata/models/latest_G.pth
19-12-30 23:15:28.797 - INFO: Save images: True
19-12-30 23:15:28.797 - INFO: Flip test: False
