cudnn(28):ERROR:105: Unable to locate a modulefile for 'cudnn/7.0.4'
19-12-30 18:49:07.130 - INFO: Data: sharp_bicubic - /lustre/home/acct-eezy/eezy/4khdr/data/Dataset/test_540p
19-12-30 18:49:07.134 - INFO: Padding mode: new_info
19-12-30 18:49:07.134 - INFO: Model path: /lustre/home/acct-eezy/eezy/4khdr/codes/experiments/train_EDVR_L_Preload_30000_nobug_ssim_10_LR_1e_5_suzhou_remove_baddata/models/latest_G.pth
19-12-30 18:49:07.134 - INFO: Save images: True
19-12-30 18:49:07.134 - INFO: Flip test: False
19-12-30 18:49:52.881 - INFO: 39122446 :   1 - 00000                     	
19-12-30 18:50:25.187 - INFO: 39122446 :   2 - 00001                     	
19-12-30 18:50:57.445 - INFO: 39122446 :   3 - 00002                     	
19-12-30 18:51:29.740 - INFO: 39122446 :   4 - 00003                     	
19-12-30 18:52:02.154 - INFO: 39122446 :   5 - 00004                     	
19-12-30 18:52:34.428 - INFO: 39122446 :   6 - 00005                     	
19-12-30 18:53:06.821 - INFO: 39122446 :   7 - 00006                     	
19-12-30 18:53:39.092 - INFO: 39122446 :   8 - 00007                     	
19-12-30 18:54:11.502 - INFO: 39122446 :   9 - 00008                     	
19-12-30 18:54:43.756 - INFO: 39122446 :  10 - 00009                     	
19-12-30 18:55:16.132 - INFO: 39122446 :  11 - 00010                     	
19-12-30 18:55:48.381 - INFO: 39122446 :  12 - 00011                     	
19-12-30 18:56:20.714 - INFO: 39122446 :  13 - 00012                     	
19-12-30 18:56:52.891 - INFO: 39122446 :  14 - 00013                     	
19-12-30 18:57:25.202 - INFO: 39122446 :  15 - 00014                     	
19-12-30 18:57:57.358 - INFO: 39122446 :  16 - 00015                     	
19-12-30 18:58:29.632 - INFO: 39122446 :  17 - 00016                     	
19-12-30 18:59:01.756 - INFO: 39122446 :  18 - 00017                     	
19-12-30 18:59:34.045 - INFO: 39122446 :  19 - 00018                     	
19-12-30 19:00:06.168 - INFO: 39122446 :  20 - 00019                     	
19-12-30 19:00:38.450 - INFO: 39122446 :  21 - 00020                     	
19-12-30 19:01:10.582 - INFO: 39122446 :  22 - 00021                     	
19-12-30 19:01:42.855 - INFO: 39122446 :  23 - 00022                     	
19-12-30 19:02:14.977 - INFO: 39122446 :  24 - 00023                     	
19-12-30 19:02:47.184 - INFO: 39122446 :  25 - 00024                     	
19-12-30 19:03:19.341 - INFO: 39122446 :  26 - 00025                     	
19-12-30 19:03:51.431 - INFO: 39122446 :  27 - 00026                     	
19-12-30 19:04:23.737 - INFO: 39122446 :  28 - 00027                     	
19-12-30 19:04:55.845 - INFO: 39122446 :  29 - 00028                     	
19-12-30 19:05:28.120 - INFO: 39122446 :  30 - 00029                     	
19-12-30 19:06:00.250 - INFO: 39122446 :  31 - 00030                     	
19-12-30 19:06:32.522 - INFO: 39122446 :  32 - 00031                     	
19-12-30 19:07:04.633 - INFO: 39122446 :  33 - 00032                     	
19-12-30 19:07:36.809 - INFO: 39122446 :  34 - 00033                     	
19-12-30 19:08:08.919 - INFO: 39122446 :  35 - 00034                     	
19-12-30 19:08:41.170 - INFO: 39122446 :  36 - 00035                     	
19-12-30 19:09:13.300 - INFO: 39122446 :  37 - 00036                     	
19-12-30 19:09:45.589 - INFO: 39122446 :  38 - 00037                     	
19-12-30 19:10:17.606 - INFO: 39122446 :  39 - 00038                     	
19-12-30 19:10:49.811 - INFO: 39122446 :  40 - 00039                     	
19-12-30 19:11:21.906 - INFO: 39122446 :  41 - 00040                     	
19-12-30 19:11:54.062 - INFO: 39122446 :  42 - 00041                     	
19-12-30 19:12:26.097 - INFO: 39122446 :  43 - 00042                     	
19-12-30 19:12:58.290 - INFO: 39122446 :  44 - 00043                     	
19-12-30 19:13:30.347 - INFO: 39122446 :  45 - 00044                     	
19-12-30 19:14:02.564 - INFO: 39122446 :  46 - 00045                     	
19-12-30 19:14:34.595 - INFO: 39122446 :  47 - 00046                     	
19-12-30 19:15:06.819 - INFO: 39122446 :  48 - 00047                     	
19-12-30 19:15:38.852 - INFO: 39122446 :  49 - 00048                     	
19-12-30 19:16:11.060 - INFO: 39122446 :  50 - 00049                     	
19-12-30 19:16:43.092 - INFO: 39122446 :  51 - 00050                     	
19-12-30 19:17:15.308 - INFO: 39122446 :  52 - 00051                     	
19-12-30 19:17:47.348 - INFO: 39122446 :  53 - 00052                     	
19-12-30 19:18:19.460 - INFO: 39122446 :  54 - 00053                     	
19-12-30 19:18:51.491 - INFO: 39122446 :  55 - 00054                     	
19-12-30 19:19:23.667 - INFO: 39122446 :  56 - 00055                     	
19-12-30 19:19:55.711 - INFO: 39122446 :  57 - 00056                     	
19-12-30 19:20:27.921 - INFO: 39122446 :  58 - 00057                     	
19-12-30 19:20:59.945 - INFO: 39122446 :  59 - 00058                     	
19-12-30 19:21:32.157 - INFO: 39122446 :  60 - 00059                     	
19-12-30 19:22:04.177 - INFO: 39122446 :  61 - 00060                     	
19-12-30 19:22:36.388 - INFO: 39122446 :  62 - 00061                     	
19-12-30 19:23:08.419 - INFO: 39122446 :  63 - 00062                     	
19-12-30 19:23:40.623 - INFO: 39122446 :  64 - 00063                     	
19-12-30 19:24:12.665 - INFO: 39122446 :  65 - 00064                     	
19-12-30 19:24:44.716 - INFO: 39122446 :  66 - 00065                     	
19-12-30 19:25:16.739 - INFO: 39122446 :  67 - 00066                     	
19-12-30 19:25:48.933 - INFO: 39122446 :  68 - 00067                     	
19-12-30 19:26:20.954 - INFO: 39122446 :  69 - 00068                     	
19-12-30 19:26:53.055 - INFO: 39122446 :  70 - 00069                     	
19-12-30 19:27:25.096 - INFO: 39122446 :  71 - 00070                     	
19-12-30 19:27:57.304 - INFO: 39122446 :  72 - 00071                     	
19-12-30 19:28:29.354 - INFO: 39122446 :  73 - 00072                     	
19-12-30 19:29:01.569 - INFO: 39122446 :  74 - 00073                     	
19-12-30 19:29:33.622 - INFO: 39122446 :  75 - 00074                     	
19-12-30 19:30:05.801 - INFO: 39122446 :  76 - 00075                     	
19-12-30 19:30:37.836 - INFO: 39122446 :  77 - 00076                     	
19-12-30 19:31:10.070 - INFO: 39122446 :  78 - 00077                     	
19-12-30 19:31:42.118 - INFO: 39122446 :  79 - 00078                     	
19-12-30 19:32:14.326 - INFO: 39122446 :  80 - 00079                     	
19-12-30 19:32:46.375 - INFO: 39122446 :  81 - 00080                     	
19-12-30 19:33:18.609 - INFO: 39122446 :  82 - 00081                     	
19-12-30 19:33:50.658 - INFO: 39122446 :  83 - 00082                     	
19-12-30 19:34:22.860 - INFO: 39122446 :  84 - 00083                     	
19-12-30 19:34:54.922 - INFO: 39122446 :  85 - 00084                     	
19-12-30 19:35:26.971 - INFO: 39122446 :  86 - 00085                     	
19-12-30 19:35:59.024 - INFO: 39122446 :  87 - 00086                     	
19-12-30 19:36:31.274 - INFO: 39122446 :  88 - 00087                     	
19-12-30 19:37:03.302 - INFO: 39122446 :  89 - 00088                     	
19-12-30 19:37:35.518 - INFO: 39122446 :  90 - 00089                     	
19-12-30 19:38:07.568 - INFO: 39122446 :  91 - 00090                     	
19-12-30 19:38:39.794 - INFO: 39122446 :  92 - 00091                     	
19-12-30 19:39:11.853 - INFO: 39122446 :  93 - 00092                     	
19-12-30 19:39:43.986 - INFO: 39122446 :  94 - 00093                     	
19-12-30 19:40:16.045 - INFO: 39122446 :  95 - 00094                     	
19-12-30 19:40:48.074 - INFO: 39122446 :  96 - 00095                     	
19-12-30 19:41:20.251 - INFO: 39122446 :  97 - 00096                     	
19-12-30 19:41:52.279 - INFO: 39122446 :  98 - 00097                     	
19-12-30 19:42:24.495 - INFO: 39122446 :  99 - 00098                     	
19-12-30 19:42:56.549 - INFO: 39122446 : 100 - 00099                     	
19-12-30 19:43:37.814 - INFO: 40842835 :   1 - 00000                     	
19-12-30 19:44:09.683 - INFO: 40842835 :   2 - 00001                     	
19-12-30 19:44:41.309 - INFO: 40842835 :   3 - 00002                     	
19-12-30 19:45:12.781 - INFO: 40842835 :   4 - 00003                     	
19-12-30 19:45:44.437 - INFO: 40842835 :   5 - 00004                     	
19-12-30 19:46:15.816 - INFO: 40842835 :   6 - 00005                     	
19-12-30 19:46:47.665 - INFO: 40842835 :   7 - 00006                     	
19-12-30 19:47:19.279 - INFO: 40842835 :   8 - 00007                     	
19-12-30 19:47:50.990 - INFO: 40842835 :   9 - 00008                     	
19-12-30 19:48:22.706 - INFO: 40842835 :  10 - 00009                     	
19-12-30 19:48:54.445 - INFO: 40842835 :  11 - 00010                     	
19-12-30 19:49:26.079 - INFO: 40842835 :  12 - 00011                     	
19-12-30 19:49:57.905 - INFO: 40842835 :  13 - 00012                     	
19-12-30 19:50:29.571 - INFO: 40842835 :  14 - 00013                     	
19-12-30 19:51:01.356 - INFO: 40842835 :  15 - 00014                     	
19-12-30 19:51:33.001 - INFO: 40842835 :  16 - 00015                     	
19-12-30 19:52:04.764 - INFO: 40842835 :  17 - 00016                     	
19-12-30 19:52:36.526 - INFO: 40842835 :  18 - 00017                     	
19-12-30 19:53:08.349 - INFO: 40842835 :  19 - 00018                     	
19-12-30 19:53:40.295 - INFO: 40842835 :  20 - 00019                     	
19-12-30 19:54:12.177 - INFO: 40842835 :  21 - 00020                     	
19-12-30 19:54:44.128 - INFO: 40842835 :  22 - 00021                     	
19-12-30 19:55:15.946 - INFO: 40842835 :  23 - 00022                     	
19-12-30 19:55:48.026 - INFO: 40842835 :  24 - 00023                     	
19-12-30 19:56:19.944 - INFO: 40842835 :  25 - 00024                     	
19-12-30 19:56:51.885 - INFO: 40842835 :  26 - 00025                     	
19-12-30 19:57:23.788 - INFO: 40842835 :  27 - 00026                     	
19-12-30 19:57:55.857 - INFO: 40842835 :  28 - 00027                     	
19-12-30 19:58:27.759 - INFO: 40842835 :  29 - 00028                     	
19-12-30 19:58:59.749 - INFO: 40842835 :  30 - 00029                     	
19-12-30 19:59:31.615 - INFO: 40842835 :  31 - 00030                     	
19-12-30 20:00:03.633 - INFO: 40842835 :  32 - 00031                     	
19-12-30 20:00:35.481 - INFO: 40842835 :  33 - 00032                     	
19-12-30 20:01:07.481 - INFO: 40842835 :  34 - 00033                     	
19-12-30 20:01:39.343 - INFO: 40842835 :  35 - 00034                     	
19-12-30 20:02:11.303 - INFO: 40842835 :  36 - 00035                     	
19-12-30 20:02:43.047 - INFO: 40842835 :  37 - 00036                     	
19-12-30 20:03:15.045 - INFO: 40842835 :  38 - 00037                     	
19-12-30 20:03:46.879 - INFO: 40842835 :  39 - 00038                     	
19-12-30 20:04:18.548 - INFO: 40842835 :  40 - 00039                     	
19-12-30 20:04:50.423 - INFO: 40842835 :  41 - 00040                     	
19-12-30 20:05:22.206 - INFO: 40842835 :  42 - 00041                     	
19-12-30 20:05:54.033 - INFO: 40842835 :  43 - 00042                     	
19-12-30 20:06:25.687 - INFO: 40842835 :  44 - 00043                     	
19-12-30 20:06:57.550 - INFO: 40842835 :  45 - 00044                     	
19-12-30 20:07:29.209 - INFO: 40842835 :  46 - 00045                     	
19-12-30 20:08:00.767 - INFO: 40842835 :  47 - 00046                     	
19-12-30 20:08:32.527 - INFO: 40842835 :  48 - 00047                     	
19-12-30 20:09:04.028 - INFO: 40842835 :  49 - 00048                     	
19-12-30 20:09:35.834 - INFO: 40842835 :  50 - 00049                     	
19-12-30 20:10:07.372 - INFO: 40842835 :  51 - 00050                     	
19-12-30 20:10:39.087 - INFO: 40842835 :  52 - 00051                     	
19-12-30 20:11:10.659 - INFO: 40842835 :  53 - 00052                     	
19-12-30 20:11:42.419 - INFO: 40842835 :  54 - 00053                     	
19-12-30 20:12:14.222 - INFO: 40842835 :  55 - 00054                     	
19-12-30 20:12:45.903 - INFO: 40842835 :  56 - 00055                     	
19-12-30 20:13:17.566 - INFO: 40842835 :  57 - 00056                     	
19-12-30 20:13:49.161 - INFO: 40842835 :  58 - 00057                     	
19-12-30 20:14:21.168 - INFO: 40842835 :  59 - 00058                     	
19-12-30 20:14:52.995 - INFO: 40842835 :  60 - 00059                     	
19-12-30 20:15:24.989 - INFO: 40842835 :  61 - 00060                     	
19-12-30 20:15:56.738 - INFO: 40842835 :  62 - 00061                     	
19-12-30 20:16:28.746 - INFO: 40842835 :  63 - 00062                     	
19-12-30 20:17:00.497 - INFO: 40842835 :  64 - 00063                     	
19-12-30 20:17:32.552 - INFO: 40842835 :  65 - 00064                     	
19-12-30 20:18:04.377 - INFO: 40842835 :  66 - 00065                     	
19-12-30 20:18:36.425 - INFO: 40842835 :  67 - 00066                     	
19-12-30 20:19:08.480 - INFO: 40842835 :  68 - 00067                     	
19-12-30 20:19:40.266 - INFO: 40842835 :  69 - 00068                     	
19-12-30 20:20:12.219 - INFO: 40842835 :  70 - 00069                     	
19-12-30 20:20:43.963 - INFO: 40842835 :  71 - 00070                     	
19-12-30 20:21:15.822 - INFO: 40842835 :  72 - 00071                     	
19-12-30 20:21:47.578 - INFO: 40842835 :  73 - 00072                     	
19-12-30 20:22:19.479 - INFO: 40842835 :  74 - 00073                     	
19-12-30 20:22:51.271 - INFO: 40842835 :  75 - 00074                     	
19-12-30 20:23:23.065 - INFO: 40842835 :  76 - 00075                     	
19-12-30 20:23:54.949 - INFO: 40842835 :  77 - 00076                     	
19-12-30 20:24:26.830 - INFO: 40842835 :  78 - 00077                     	
19-12-30 20:24:58.466 - INFO: 40842835 :  79 - 00078                     	
19-12-30 20:25:30.552 - INFO: 40842835 :  80 - 00079                     	
19-12-30 20:26:02.250 - INFO: 40842835 :  81 - 00080                     	
19-12-30 20:26:34.077 - INFO: 40842835 :  82 - 00081                     	
19-12-30 20:27:05.885 - INFO: 40842835 :  83 - 00082                     	
19-12-30 20:27:37.831 - INFO: 40842835 :  84 - 00083                     	
19-12-30 20:28:09.603 - INFO: 40842835 :  85 - 00084                     	
19-12-30 20:28:41.219 - INFO: 40842835 :  86 - 00085                     	
19-12-30 20:29:13.110 - INFO: 40842835 :  87 - 00086                     	
19-12-30 20:29:44.644 - INFO: 40842835 :  88 - 00087                     	
19-12-30 20:30:16.474 - INFO: 40842835 :  89 - 00088                     	
19-12-30 20:30:48.115 - INFO: 40842835 :  90 - 00089                     	
19-12-30 20:31:20.031 - INFO: 40842835 :  91 - 00090                     	
19-12-30 20:31:51.649 - INFO: 40842835 :  92 - 00091                     	
19-12-30 20:32:23.441 - INFO: 40842835 :  93 - 00092                     	
19-12-30 20:32:55.188 - INFO: 40842835 :  94 - 00093                     	
19-12-30 20:33:27.009 - INFO: 40842835 :  95 - 00094                     	
19-12-30 20:33:59.088 - INFO: 40842835 :  96 - 00095                     	
19-12-30 20:34:30.954 - INFO: 40842835 :  97 - 00096                     	
19-12-30 20:35:02.990 - INFO: 40842835 :  98 - 00097                     	
19-12-30 20:35:34.956 - INFO: 40842835 :  99 - 00098                     	
19-12-30 20:36:06.927 - INFO: 40842835 : 100 - 00099                     	
19-12-30 20:36:48.608 - INFO: 41134007 :   1 - 00000                     	
19-12-30 20:37:20.063 - INFO: 41134007 :   2 - 00001                     	
19-12-30 20:37:51.656 - INFO: 41134007 :   3 - 00002                     	
19-12-30 20:38:23.521 - INFO: 41134007 :   4 - 00003                     	
19-12-30 20:38:55.475 - INFO: 41134007 :   5 - 00004                     	
19-12-30 20:39:27.216 - INFO: 41134007 :   6 - 00005                     	
19-12-30 20:39:58.798 - INFO: 41134007 :   7 - 00006                     	
19-12-30 20:40:30.406 - INFO: 41134007 :   8 - 00007                     	
19-12-30 20:41:01.812 - INFO: 41134007 :   9 - 00008                     	
19-12-30 20:41:33.185 - INFO: 41134007 :  10 - 00009                     	
19-12-30 20:42:04.608 - INFO: 41134007 :  11 - 00010                     	
19-12-30 20:42:36.099 - INFO: 41134007 :  12 - 00011                     	
19-12-30 20:43:07.721 - INFO: 41134007 :  13 - 00012                     	
19-12-30 20:43:39.276 - INFO: 41134007 :  14 - 00013                     	
19-12-30 20:44:10.953 - INFO: 41134007 :  15 - 00014                     	
19-12-30 20:44:42.426 - INFO: 41134007 :  16 - 00015                     	
19-12-30 20:45:14.001 - INFO: 41134007 :  17 - 00016                     	
19-12-30 20:45:45.381 - INFO: 41134007 :  18 - 00017                     	
19-12-30 20:46:16.866 - INFO: 41134007 :  19 - 00018                     	
19-12-30 20:46:48.081 - INFO: 41134007 :  20 - 00019                     	
19-12-30 20:47:19.544 - INFO: 41134007 :  21 - 00020                     	
19-12-30 20:47:50.823 - INFO: 41134007 :  22 - 00021                     	
19-12-30 20:48:22.335 - INFO: 41134007 :  23 - 00022                     	
19-12-30 20:48:53.783 - INFO: 41134007 :  24 - 00023                     	
19-12-30 20:49:25.312 - INFO: 41134007 :  25 - 00024                     	
19-12-30 20:49:56.774 - INFO: 41134007 :  26 - 00025                     	
19-12-30 20:50:28.395 - INFO: 41134007 :  27 - 00026                     	
19-12-30 20:50:59.945 - INFO: 41134007 :  28 - 00027                     	
19-12-30 20:51:31.640 - INFO: 41134007 :  29 - 00028                     	
19-12-30 20:52:03.183 - INFO: 41134007 :  30 - 00029                     	
19-12-30 20:52:34.905 - INFO: 41134007 :  31 - 00030                     	
19-12-30 20:53:06.585 - INFO: 41134007 :  32 - 00031                     	
19-12-30 20:53:38.399 - INFO: 41134007 :  33 - 00032                     	
19-12-30 20:54:10.147 - INFO: 41134007 :  34 - 00033                     	
19-12-30 20:54:42.190 - INFO: 41134007 :  35 - 00034                     	
19-12-30 20:55:13.965 - INFO: 41134007 :  36 - 00035                     	
19-12-30 20:55:45.987 - INFO: 41134007 :  37 - 00036                     	
19-12-30 20:56:17.693 - INFO: 41134007 :  38 - 00037                     	
19-12-30 20:56:49.590 - INFO: 41134007 :  39 - 00038                     	
19-12-30 20:57:21.302 - INFO: 41134007 :  40 - 00039                     	
19-12-30 20:57:53.129 - INFO: 41134007 :  41 - 00040                     	
19-12-30 20:58:24.807 - INFO: 41134007 :  42 - 00041                     	
19-12-30 20:58:56.962 - INFO: 41134007 :  43 - 00042                     	
19-12-30 20:59:28.955 - INFO: 41134007 :  44 - 00043                     	
19-12-30 21:00:00.915 - INFO: 41134007 :  45 - 00044                     	
19-12-30 21:00:32.671 - INFO: 41134007 :  46 - 00045                     	
19-12-30 21:01:04.579 - INFO: 41134007 :  47 - 00046                     	
19-12-30 21:01:36.373 - INFO: 41134007 :  48 - 00047                     	
19-12-30 21:02:08.279 - INFO: 41134007 :  49 - 00048                     	
19-12-30 21:02:40.019 - INFO: 41134007 :  50 - 00049                     	
19-12-30 21:03:11.924 - INFO: 41134007 :  51 - 00050                     	
19-12-30 21:03:43.642 - INFO: 41134007 :  52 - 00051                     	
19-12-30 21:04:15.537 - INFO: 41134007 :  53 - 00052                     	
19-12-30 21:04:47.325 - INFO: 41134007 :  54 - 00053                     	
19-12-30 21:05:19.206 - INFO: 41134007 :  55 - 00054                     	
19-12-30 21:05:50.650 - INFO: 41134007 :  56 - 00055                     	
19-12-30 21:06:22.245 - INFO: 41134007 :  57 - 00056                     	
19-12-30 21:06:53.686 - INFO: 41134007 :  58 - 00057                     	
19-12-30 21:07:25.349 - INFO: 41134007 :  59 - 00058                     	
19-12-30 21:07:56.993 - INFO: 41134007 :  60 - 00059                     	
19-12-30 21:08:28.783 - INFO: 41134007 :  61 - 00060                     	
19-12-30 21:09:00.423 - INFO: 41134007 :  62 - 00061                     	
19-12-30 21:09:32.266 - INFO: 41134007 :  63 - 00062                     	
19-12-30 21:10:03.932 - INFO: 41134007 :  64 - 00063                     	
19-12-30 21:10:35.840 - INFO: 41134007 :  65 - 00064                     	
19-12-30 21:11:07.628 - INFO: 41134007 :  66 - 00065                     	
19-12-30 21:11:39.564 - INFO: 41134007 :  67 - 00066                     	
19-12-30 21:12:11.432 - INFO: 41134007 :  68 - 00067                     	
19-12-30 21:12:43.434 - INFO: 41134007 :  69 - 00068                     	
19-12-30 21:13:15.361 - INFO: 41134007 :  70 - 00069                     	
19-12-30 21:13:47.351 - INFO: 41134007 :  71 - 00070                     	
19-12-30 21:14:19.249 - INFO: 41134007 :  72 - 00071                     	
19-12-30 21:14:51.316 - INFO: 41134007 :  73 - 00072                     	
19-12-30 21:15:23.148 - INFO: 41134007 :  74 - 00073                     	
19-12-30 21:15:55.164 - INFO: 41134007 :  75 - 00074                     	
19-12-30 21:16:27.029 - INFO: 41134007 :  76 - 00075                     	
19-12-30 21:16:58.867 - INFO: 41134007 :  77 - 00076                     	
19-12-30 21:17:30.777 - INFO: 41134007 :  78 - 00077                     	
19-12-30 21:18:02.582 - INFO: 41134007 :  79 - 00078                     	
19-12-30 21:18:34.637 - INFO: 41134007 :  80 - 00079                     	
19-12-30 21:19:06.460 - INFO: 41134007 :  81 - 00080                     	
19-12-30 21:19:38.504 - INFO: 41134007 :  82 - 00081                     	
19-12-30 21:20:10.285 - INFO: 41134007 :  83 - 00082                     	
19-12-30 21:20:42.250 - INFO: 41134007 :  84 - 00083                     	
19-12-30 21:21:14.012 - INFO: 41134007 :  85 - 00084                     	
19-12-30 21:21:45.878 - INFO: 41134007 :  86 - 00085                     	
19-12-30 21:22:17.659 - INFO: 41134007 :  87 - 00086                     	
19-12-30 21:22:49.507 - INFO: 41134007 :  88 - 00087                     	
19-12-30 21:23:21.488 - INFO: 41134007 :  89 - 00088                     	
19-12-30 21:23:53.289 - INFO: 41134007 :  90 - 00089                     	
19-12-30 21:24:25.222 - INFO: 41134007 :  91 - 00090                     	
19-12-30 21:24:56.922 - INFO: 41134007 :  92 - 00091                     	
19-12-30 21:25:28.835 - INFO: 41134007 :  93 - 00092                     	
19-12-30 21:26:00.330 - INFO: 41134007 :  94 - 00093                     	
19-12-30 21:26:32.093 - INFO: 41134007 :  95 - 00094                     	
19-12-30 21:27:03.781 - INFO: 41134007 :  96 - 00095                     	
19-12-30 21:27:35.553 - INFO: 41134007 :  97 - 00096                     	
19-12-30 21:28:07.321 - INFO: 41134007 :  98 - 00097                     	
19-12-30 21:28:39.114 - INFO: 41134007 :  99 - 00098                     	
19-12-30 21:29:11.098 - INFO: 41134007 : 100 - 00099                     	
19-12-30 21:29:54.585 - INFO: 41664901 :   1 - 00000                     	
19-12-30 21:30:26.047 - INFO: 41664901 :   2 - 00001                     	
19-12-30 21:30:57.449 - INFO: 41664901 :   3 - 00002                     	
19-12-30 21:31:28.921 - INFO: 41664901 :   4 - 00003                     	
19-12-30 21:32:00.426 - INFO: 41664901 :   5 - 00004                     	
19-12-30 21:32:32.103 - INFO: 41664901 :   6 - 00005                     	
19-12-30 21:33:03.920 - INFO: 41664901 :   7 - 00006                     	
19-12-30 21:33:35.749 - INFO: 41664901 :   8 - 00007                     	
19-12-30 21:34:07.521 - INFO: 41664901 :   9 - 00008                     	
19-12-30 21:34:39.356 - INFO: 41664901 :  10 - 00009                     	
19-12-30 21:35:11.088 - INFO: 41664901 :  11 - 00010                     	
19-12-30 21:35:42.858 - INFO: 41664901 :  12 - 00011                     	
19-12-30 21:36:14.571 - INFO: 41664901 :  13 - 00012                     	
19-12-30 21:36:46.357 - INFO: 41664901 :  14 - 00013                     	
19-12-30 21:37:18.065 - INFO: 41664901 :  15 - 00014                     	
19-12-30 21:37:49.959 - INFO: 41664901 :  16 - 00015                     	
19-12-30 21:38:21.696 - INFO: 41664901 :  17 - 00016                     	
19-12-30 21:38:53.545 - INFO: 41664901 :  18 - 00017                     	
19-12-30 21:39:25.064 - INFO: 41664901 :  19 - 00018                     	
19-12-30 21:39:56.642 - INFO: 41664901 :  20 - 00019                     	
19-12-30 21:40:28.138 - INFO: 41664901 :  21 - 00020                     	
19-12-30 21:40:59.671 - INFO: 41664901 :  22 - 00021                     	
19-12-30 21:41:31.268 - INFO: 41664901 :  23 - 00022                     	
19-12-30 21:42:03.227 - INFO: 41664901 :  24 - 00023                     	
19-12-30 21:42:34.929 - INFO: 41664901 :  25 - 00024                     	
19-12-30 21:43:06.597 - INFO: 41664901 :  26 - 00025                     	
19-12-30 21:43:38.315 - INFO: 41664901 :  27 - 00026                     	
19-12-30 21:44:10.148 - INFO: 41664901 :  28 - 00027                     	
19-12-30 21:44:41.904 - INFO: 41664901 :  29 - 00028                     	
19-12-30 21:45:13.719 - INFO: 41664901 :  30 - 00029                     	
19-12-30 21:45:45.515 - INFO: 41664901 :  31 - 00030                     	
19-12-30 21:46:17.515 - INFO: 41664901 :  32 - 00031                     	
19-12-30 21:46:49.355 - INFO: 41664901 :  33 - 00032                     	
19-12-30 21:47:21.252 - INFO: 41664901 :  34 - 00033                     	
19-12-30 21:47:53.176 - INFO: 41664901 :  35 - 00034                     	
19-12-30 21:48:25.243 - INFO: 41664901 :  36 - 00035                     	
19-12-30 21:48:57.106 - INFO: 41664901 :  37 - 00036                     	
19-12-30 21:49:29.152 - INFO: 41664901 :  38 - 00037                     	
19-12-30 21:50:01.010 - INFO: 41664901 :  39 - 00038                     	
19-12-30 21:50:32.840 - INFO: 41664901 :  40 - 00039                     	
19-12-30 21:51:04.706 - INFO: 41664901 :  41 - 00040                     	
19-12-30 21:51:36.681 - INFO: 41664901 :  42 - 00041                     	
19-12-30 21:52:08.563 - INFO: 41664901 :  43 - 00042                     	
19-12-30 21:52:40.451 - INFO: 41664901 :  44 - 00043                     	
19-12-30 21:53:12.182 - INFO: 41664901 :  45 - 00044                     	
19-12-30 21:53:44.010 - INFO: 41664901 :  46 - 00045                     	
19-12-30 21:54:15.806 - INFO: 41664901 :  47 - 00046                     	
19-12-30 21:54:47.653 - INFO: 41664901 :  48 - 00047                     	
19-12-30 21:55:19.497 - INFO: 41664901 :  49 - 00048                     	
19-12-30 21:55:51.380 - INFO: 41664901 :  50 - 00049                     	
19-12-30 21:56:23.216 - INFO: 41664901 :  51 - 00050                     	
19-12-30 21:56:55.040 - INFO: 41664901 :  52 - 00051                     	
19-12-30 21:57:26.708 - INFO: 41664901 :  53 - 00052                     	
19-12-30 21:57:58.395 - INFO: 41664901 :  54 - 00053                     	
19-12-30 21:58:30.066 - INFO: 41664901 :  55 - 00054                     	
19-12-30 21:59:01.592 - INFO: 41664901 :  56 - 00055                     	
19-12-30 21:59:33.088 - INFO: 41664901 :  57 - 00056                     	
19-12-30 22:00:04.688 - INFO: 41664901 :  58 - 00057                     	
19-12-30 22:00:36.282 - INFO: 41664901 :  59 - 00058                     	
19-12-30 22:01:07.946 - INFO: 41664901 :  60 - 00059                     	
19-12-30 22:01:39.566 - INFO: 41664901 :  61 - 00060                     	
19-12-30 22:02:11.456 - INFO: 41664901 :  62 - 00061                     	
19-12-30 22:02:43.194 - INFO: 41664901 :  63 - 00062                     	
19-12-30 22:03:15.083 - INFO: 41664901 :  64 - 00063                     	
19-12-30 22:03:46.739 - INFO: 41664901 :  65 - 00064                     	
19-12-30 22:04:19.179 - INFO: 41664901 :  66 - 00065                     	
19-12-30 22:04:50.951 - INFO: 41664901 :  67 - 00066                     	
19-12-30 22:05:22.775 - INFO: 41664901 :  68 - 00067                     	
19-12-30 22:05:54.618 - INFO: 41664901 :  69 - 00068                     	
19-12-30 22:06:26.639 - INFO: 41664901 :  70 - 00069                     	
19-12-30 22:06:58.544 - INFO: 41664901 :  71 - 00070                     	
19-12-30 22:07:30.497 - INFO: 41664901 :  72 - 00071                     	
19-12-30 22:08:02.423 - INFO: 41664901 :  73 - 00072                     	
19-12-30 22:08:34.455 - INFO: 41664901 :  74 - 00073                     	
19-12-30 22:09:06.370 - INFO: 41664901 :  75 - 00074                     	
19-12-30 22:09:38.458 - INFO: 41664901 :  76 - 00075                     	
19-12-30 22:10:10.370 - INFO: 41664901 :  77 - 00076                     	
19-12-30 22:10:42.334 - INFO: 41664901 :  78 - 00077                     	
19-12-30 22:11:14.234 - INFO: 41664901 :  79 - 00078                     	
19-12-30 22:11:46.207 - INFO: 41664901 :  80 - 00079                     	
19-12-30 22:12:18.040 - INFO: 41664901 :  81 - 00080                     	
19-12-30 22:12:49.889 - INFO: 41664901 :  82 - 00081                     	
19-12-30 22:13:21.754 - INFO: 41664901 :  83 - 00082                     	
19-12-30 22:13:53.476 - INFO: 41664901 :  84 - 00083                     	
19-12-30 22:14:25.288 - INFO: 41664901 :  85 - 00084                     	
19-12-30 22:14:57.209 - INFO: 41664901 :  86 - 00085                     	
19-12-30 22:15:29.034 - INFO: 41664901 :  87 - 00086                     	
19-12-30 22:16:00.959 - INFO: 41664901 :  88 - 00087                     	
19-12-30 22:16:32.634 - INFO: 41664901 :  89 - 00088                     	
19-12-30 22:17:04.577 - INFO: 41664901 :  90 - 00089                     	
19-12-30 22:17:36.079 - INFO: 41664901 :  91 - 00090                     	
19-12-30 22:18:07.829 - INFO: 41664901 :  92 - 00091                     	
19-12-30 22:18:39.481 - INFO: 41664901 :  93 - 00092                     	
19-12-30 22:19:11.202 - INFO: 41664901 :  94 - 00093                     	
19-12-30 22:19:42.846 - INFO: 41664901 :  95 - 00094                     	
19-12-30 22:20:14.652 - INFO: 41664901 :  96 - 00095                     	
19-12-30 22:20:46.328 - INFO: 41664901 :  97 - 00096                     	
19-12-30 22:21:18.197 - INFO: 41664901 :  98 - 00097                     	
19-12-30 22:21:49.896 - INFO: 41664901 :  99 - 00098                     	
19-12-30 22:22:21.837 - INFO: 41664901 : 100 - 00099                     	
19-12-30 22:23:03.457 - INFO: 42303341 :   1 - 00000                     	
19-12-30 22:23:35.112 - INFO: 42303341 :   2 - 00001                     	
19-12-30 22:24:06.321 - INFO: 42303341 :   3 - 00002                     	
19-12-30 22:24:37.866 - INFO: 42303341 :   4 - 00003                     	
19-12-30 22:25:09.175 - INFO: 42303341 :   5 - 00004                     	
19-12-30 22:25:40.874 - INFO: 42303341 :   6 - 00005                     	
19-12-30 22:26:12.370 - INFO: 42303341 :   7 - 00006                     	
19-12-30 22:26:44.167 - INFO: 42303341 :   8 - 00007                     	
19-12-30 22:27:15.746 - INFO: 42303341 :   9 - 00008                     	
19-12-30 22:27:47.758 - INFO: 42303341 :  10 - 00009                     	
19-12-30 22:28:19.467 - INFO: 42303341 :  11 - 00010                     	
19-12-30 22:28:51.247 - INFO: 42303341 :  12 - 00011                     	
19-12-30 22:29:22.990 - INFO: 42303341 :  13 - 00012                     	
19-12-30 22:29:54.887 - INFO: 42303341 :  14 - 00013                     	
19-12-30 22:30:26.542 - INFO: 42303341 :  15 - 00014                     	
19-12-30 22:30:58.304 - INFO: 42303341 :  16 - 00015                     	
19-12-30 22:31:29.913 - INFO: 42303341 :  17 - 00016                     	
19-12-30 22:32:01.812 - INFO: 42303341 :  18 - 00017                     	
19-12-30 22:32:33.464 - INFO: 42303341 :  19 - 00018                     	
19-12-30 22:33:05.267 - INFO: 42303341 :  20 - 00019                     	
19-12-30 22:33:36.949 - INFO: 42303341 :  21 - 00020                     	
19-12-30 22:34:08.452 - INFO: 42303341 :  22 - 00021                     	
19-12-30 22:34:39.762 - INFO: 42303341 :  23 - 00022                     	
19-12-30 22:35:11.268 - INFO: 42303341 :  24 - 00023                     	
19-12-30 22:35:42.802 - INFO: 42303341 :  25 - 00024                     	
19-12-30 22:36:14.504 - INFO: 42303341 :  26 - 00025                     	
19-12-30 22:36:46.094 - INFO: 42303341 :  27 - 00026                     	
19-12-30 22:37:17.791 - INFO: 42303341 :  28 - 00027                     	
19-12-30 22:37:49.445 - INFO: 42303341 :  29 - 00028                     	
19-12-30 22:38:21.322 - INFO: 42303341 :  30 - 00029                     	
19-12-30 22:38:52.955 - INFO: 42303341 :  31 - 00030                     	
19-12-30 22:39:24.620 - INFO: 42303341 :  32 - 00031                     	
19-12-30 22:39:56.298 - INFO: 42303341 :  33 - 00032                     	
19-12-30 22:40:28.159 - INFO: 42303341 :  34 - 00033                     	
19-12-30 22:40:59.898 - INFO: 42303341 :  35 - 00034                     	
19-12-30 22:41:31.838 - INFO: 42303341 :  36 - 00035                     	
19-12-30 22:42:03.609 - INFO: 42303341 :  37 - 00036                     	
19-12-30 22:42:35.609 - INFO: 42303341 :  38 - 00037                     	
19-12-30 22:43:07.488 - INFO: 42303341 :  39 - 00038                     	
19-12-30 22:43:39.518 - INFO: 42303341 :  40 - 00039                     	
19-12-30 22:44:11.369 - INFO: 42303341 :  41 - 00040                     	
19-12-30 22:44:43.215 - INFO: 42303341 :  42 - 00041                     	
19-12-30 22:45:15.011 - INFO: 42303341 :  43 - 00042                     	
19-12-30 22:45:46.908 - INFO: 42303341 :  44 - 00043                     	
19-12-30 22:46:18.725 - INFO: 42303341 :  45 - 00044                     	
19-12-30 22:46:50.626 - INFO: 42303341 :  46 - 00045                     	
19-12-30 22:47:22.440 - INFO: 42303341 :  47 - 00046                     	
19-12-30 22:47:54.253 - INFO: 42303341 :  48 - 00047                     	
19-12-30 22:48:25.988 - INFO: 42303341 :  49 - 00048                     	
19-12-30 22:48:58.090 - INFO: 42303341 :  50 - 00049                     	
19-12-30 22:49:29.819 - INFO: 42303341 :  51 - 00050                     	
19-12-30 22:50:01.589 - INFO: 42303341 :  52 - 00051                     	
19-12-30 22:50:33.326 - INFO: 42303341 :  53 - 00052                     	
19-12-30 22:51:05.283 - INFO: 42303341 :  54 - 00053                     	
19-12-30 22:51:37.043 - INFO: 42303341 :  55 - 00054                     	
19-12-30 22:52:08.833 - INFO: 42303341 :  56 - 00055                     	
19-12-30 22:52:40.566 - INFO: 42303341 :  57 - 00056                     	
19-12-30 22:53:12.442 - INFO: 42303341 :  58 - 00057                     	
19-12-30 22:53:43.959 - INFO: 42303341 :  59 - 00058                     	
19-12-30 22:54:15.708 - INFO: 42303341 :  60 - 00059                     	
19-12-30 22:54:47.195 - INFO: 42303341 :  61 - 00060                     	
19-12-30 22:55:18.722 - INFO: 42303341 :  62 - 00061                     	
19-12-30 22:55:50.383 - INFO: 42303341 :  63 - 00062                     	
19-12-30 22:56:22.232 - INFO: 42303341 :  64 - 00063                     	
19-12-30 22:56:53.959 - INFO: 42303341 :  65 - 00064                     	
19-12-30 22:57:26.068 - INFO: 42303341 :  66 - 00065                     	
19-12-30 22:57:57.892 - INFO: 42303341 :  67 - 00066                     	
19-12-30 22:58:29.937 - INFO: 42303341 :  68 - 00067                     	
19-12-30 22:59:01.750 - INFO: 42303341 :  69 - 00068                     	
19-12-30 22:59:33.661 - INFO: 42303341 :  70 - 00069                     	
19-12-30 23:00:05.517 - INFO: 42303341 :  71 - 00070                     	
19-12-30 23:00:37.613 - INFO: 42303341 :  72 - 00071                     	
19-12-30 23:01:09.519 - INFO: 42303341 :  73 - 00072                     	
19-12-30 23:01:41.579 - INFO: 42303341 :  74 - 00073                     	
19-12-30 23:02:13.448 - INFO: 42303341 :  75 - 00074                     	
19-12-30 23:02:45.380 - INFO: 42303341 :  76 - 00075                     	
19-12-30 23:03:17.282 - INFO: 42303341 :  77 - 00076                     	
19-12-30 23:03:49.300 - INFO: 42303341 :  78 - 00077                     	
19-12-30 23:04:21.166 - INFO: 42303341 :  79 - 00078                     	
19-12-30 23:04:53.138 - INFO: 42303341 :  80 - 00079                     	
19-12-30 23:05:25.006 - INFO: 42303341 :  81 - 00080                     	
19-12-30 23:05:57.012 - INFO: 42303341 :  82 - 00081                     	
19-12-30 23:06:28.872 - INFO: 42303341 :  83 - 00082                     	
19-12-30 23:07:00.865 - INFO: 42303341 :  84 - 00083                     	
19-12-30 23:07:32.585 - INFO: 42303341 :  85 - 00084                     	
19-12-30 23:08:04.433 - INFO: 42303341 :  86 - 00085                     	
19-12-30 23:08:36.158 - INFO: 42303341 :  87 - 00086                     	
19-12-30 23:09:08.015 - INFO: 42303341 :  88 - 00087                     	
19-12-30 23:09:41.790 - INFO: 42303341 :  89 - 00088                     	
19-12-30 23:10:13.747 - INFO: 42303341 :  90 - 00089                     	
19-12-30 23:10:45.604 - INFO: 42303341 :  91 - 00090                     	
19-12-30 23:11:17.612 - INFO: 42303341 :  92 - 00091                     	
19-12-30 23:11:49.246 - INFO: 42303341 :  93 - 00092                     	
19-12-30 23:12:20.980 - INFO: 42303341 :  94 - 00093                     	
19-12-30 23:12:52.539 - INFO: 42303341 :  95 - 00094                     	
19-12-30 23:13:24.143 - INFO: 42303341 :  96 - 00095                     	
19-12-30 23:13:55.833 - INFO: 42303341 :  97 - 00096                     	
19-12-30 23:14:27.621 - INFO: 42303341 :  98 - 00097                     	
19-12-30 23:14:59.436 - INFO: 42303341 :  99 - 00098                     	
19-12-30 23:15:31.245 - INFO: 42303341 : 100 - 00099                     	
19-12-30 23:15:31.245 - INFO: Data: sharp_bicubic - /lustre/home/acct-eezy/eezy/4khdr/data/Dataset/test_540p
19-12-30 23:15:31.245 - INFO: Padding mode: new_info
19-12-30 23:15:31.245 - INFO: Model path: /lustre/home/acct-eezy/eezy/4khdr/codes/experiments/train_EDVR_L_Preload_30000_nobug_ssim_10_LR_1e_5_suzhou_remove_baddata/models/latest_G.pth
19-12-30 23:15:31.245 - INFO: Save images: True
19-12-30 23:15:31.245 - INFO: Flip test: False
