OrderedDict([('pretrain_model_G', '/mnt/lustre/shanghai/cmic/home/xyz18/experiments/train_EDVR_L_Preload_30000_nobug_ssim_11_LR_1e_5_suzhou_remove_baddata/models/latest_G.pth'), ('save_path', '/mnt/lustre/shanghai/cmic/home/xyz18/'), ('strict_load', True), ('resume_state', None)])
GPU  1
Evaluate Folders:  33426138
Init pad right/bottom 0 / 0
*****************current image process time 	 40.84589695930481s ******************
Init pad right/bottom 0 / 0
*****************current image process time 	 73.0759608745575s ******************
Init pad right/bottom 0 / 0
*****************current image process time 	 105.21068859100342s ******************
Init pad right/bottom 0 / 0
*****************current image process time 	 137.45492267608643s ******************
Init pad right/bottom 0 / 0
*****************current image process time 	 169.70682740211487s ******************
Init pad right/bottom 0 / 0
*****************current image process time 	 201.89574813842773s ******************
Init pad right/bottom 0 / 0
*****************current image process time 	 234.1277666091919s ******************
Init pad right/bottom 0 / 0
*****************current image process time 	 266.33180236816406s ******************
Init pad right/bottom 0 / 0
*****************current image process time 	 298.4818925857544s ******************
Init pad right/bottom 0 / 0
*****************current image process time 	 330.7043037414551s ******************
Init pad right/bottom 0 / 0
*****************current image process time 	 362.89729738235474s ******************
Init pad right/bottom 0 / 0
*****************current image process time 	 395.0544102191925s ******************
Init pad right/bottom 0 / 0
*****************current image process time 	 427.2925841808319s ******************
Init pad right/bottom 0 / 0
*****************current image process time 	 459.44677209854126s ******************
Init pad right/bottom 0 / 0
*****************current image process time 	 491.600150346756s ******************
Init pad right/bottom 0 / 0
*****************current image process time 	 523.9042398929596s ******************
Init pad right/bottom 0 / 0
*****************current image process time 	 556.0379900932312s ******************
Init pad right/bottom 0 / 0
*****************current image process time 	 588.3567278385162s ******************
Init pad right/bottom 0 / 0
*****************current image process time 	 620.508109331131s ******************
Init pad right/bottom 0 / 0
*****************current image process time 	 652.7995879650116s ******************
Init pad right/bottom 0 / 0
*****************current image process time 	 684.9139180183411s ******************
Init pad right/bottom 0 / 0
*****************current image process time 	 717.1010978221893s ******************
Init pad right/bottom 0 / 0
*****************current image process time 	 749.2190506458282s ******************
Init pad right/bottom 0 / 0
*****************current image process time 	 781.3087222576141s ******************
Init pad right/bottom 0 / 0
*****************current image process time 	 813.4641582965851s ******************
Init pad right/bottom 0 / 0
*****************current image process time 	 845.6166524887085s ******************
Init pad right/bottom 0 / 0
*****************current image process time 	 877.7638981342316s ******************
Init pad right/bottom 0 / 0
*****************current image process time 	 910.0315506458282s ******************
Init pad right/bottom 0 / 0
*****************current image process time 	 942.287704706192s ******************
Init pad right/bottom 0 / 0
*****************current image process time 	 974.4763538837433s ******************
Init pad right/bottom 0 / 0
*****************current image process time 	 1006.8127815723419s ******************
Init pad right/bottom 0 / 0
*****************current image process time 	 1038.952785730362s ******************
Init pad right/bottom 0 / 0
*****************current image process time 	 1071.2726519107819s ******************
Init pad right/bottom 0 / 0
*****************current image process time 	 1103.4313971996307s ******************
Init pad right/bottom 0 / 0
*****************current image process time 	 1135.608631849289s ******************
Init pad right/bottom 0 / 0
*****************current image process time 	 1167.775847196579s ******************
Init pad right/bottom 0 / 0
*****************current image process time 	 1200.0723793506622s ******************
Init pad right/bottom 0 / 0
*****************current image process time 	 1232.246745109558s ******************
Init pad right/bottom 0 / 0
*****************current image process time 	 1264.3581364154816s ******************
Init pad right/bottom 0 / 0
*****************current image process time 	 1296.4349956512451s ******************
Init pad right/bottom 0 / 0
*****************current image process time 	 1328.596498966217s ******************
Init pad right/bottom 0 / 0
*****************current image process time 	 1360.8740484714508s ******************
Init pad right/bottom 0 / 0
*****************current image process time 	 1392.9884624481201s ******************
Init pad right/bottom 0 / 0
*****************current image process time 	 1425.2461080551147s ******************
Init pad right/bottom 0 / 0
*****************current image process time 	 1457.3689184188843s ******************
Init pad right/bottom 0 / 0
*****************current image process time 	 1489.6507251262665s ******************
Init pad right/bottom 0 / 0
*****************current image process time 	 1521.7327795028687s ******************
Init pad right/bottom 0 / 0
*****************current image process time 	 1553.9369440078735s ******************
Init pad right/bottom 0 / 0
*****************current image process time 	 1585.9809572696686s ******************
Init pad right/bottom 0 / 0
*****************current image process time 	 1618.2140545845032s ******************
Init pad right/bottom 0 / 0
*****************current image process time 	 1650.2755239009857s ******************
Init pad right/bottom 0 / 0
*****************current image process time 	 1682.4843544960022s ******************
Init pad right/bottom 0 / 0
*****************current image process time 	 1714.5551872253418s ******************
Init pad right/bottom 0 / 0
*****************current image process time 	 1746.7515029907227s ******************
Init pad right/bottom 0 / 0
*****************current image process time 	 1778.8236532211304s ******************
Init pad right/bottom 0 / 0
*****************current image process time 	 1811.0588932037354s ******************
Init pad right/bottom 0 / 0
*****************current image process time 	 1843.148842573166s ******************
Init pad right/bottom 0 / 0
*****************current image process time 	 1875.359403371811s ******************
Init pad right/bottom 0 / 0
*****************current image process time 	 1907.4324715137482s ******************
Init pad right/bottom 0 / 0
*****************current image process time 	 1939.666629076004s ******************
Init pad right/bottom 0 / 0
*****************current image process time 	 1971.7462465763092s ******************
Init pad right/bottom 0 / 0
*****************current image process time 	 2004.0096182823181s ******************
Init pad right/bottom 0 / 0
*****************current image process time 	 2036.061188697815s ******************
Init pad right/bottom 0 / 0
*****************current image process time 	 2068.2660450935364s ******************
Init pad right/bottom 0 / 0
*****************current image process time 	 2100.329357147217s ******************
Init pad right/bottom 0 / 0
*****************current image process time 	 2132.4444839954376s ******************
Init pad right/bottom 0 / 0
*****************current image process time 	 2164.5118613243103s ******************
Init pad right/bottom 0 / 0
*****************current image process time 	 2196.7363741397858s ******************
Init pad right/bottom 0 / 0
*****************current image process time 	 2228.8025493621826s ******************
Init pad right/bottom 0 / 0
*****************current image process time 	 2261.0639946460724s ******************
Init pad right/bottom 0 / 0
*****************current image process time 	 2293.1417343616486s ******************
Init pad right/bottom 0 / 0
*****************current image process time 	 2325.3166680336s ******************
Init pad right/bottom 0 / 0
*****************current image process time 	 2357.4054408073425s ******************
Init pad right/bottom 0 / 0
*****************current image process time 	 2389.4851183891296s ******************
Init pad right/bottom 0 / 0
*****************current image process time 	 2421.697682619095s ******************
Init pad right/bottom 0 / 0
*****************current image process time 	 2453.776888847351s ******************
Init pad right/bottom 0 / 0
*****************current image process time 	 2485.9852483272552s ******************
Init pad right/bottom 0 / 0
*****************current image process time 	 2518.053512096405s ******************
Init pad right/bottom 0 / 0
*****************current image process time 	 2550.2877912521362s ******************
Init pad right/bottom 0 / 0
*****************current image process time 	 2582.363758087158s ******************
Init pad right/bottom 0 / 0
*****************current image process time 	 2614.5744335651398s ******************
Init pad right/bottom 0 / 0
*****************current image process time 	 2646.6411561965942s ******************
Init pad right/bottom 0 / 0
*****************current image process time 	 2678.7813844680786s ******************
Init pad right/bottom 0 / 0
*****************current image process time 	 2710.8903517723083s ******************
Init pad right/bottom 0 / 0
*****************current image process time 	 2742.9629652500153s ******************
Init pad right/bottom 0 / 0
*****************current image process time 	 2775.186975955963s ******************
Init pad right/bottom 0 / 0
*****************current image process time 	 2807.2460918426514s ******************
Init pad right/bottom 0 / 0
*****************current image process time 	 2839.3579018115997s ******************
Init pad right/bottom 0 / 0
*****************current image process time 	 2871.4421305656433s ******************
Init pad right/bottom 0 / 0
*****************current image process time 	 2903.471889734268s ******************
Init pad right/bottom 0 / 0
*****************current image process time 	 2935.5744812488556s ******************
Init pad right/bottom 0 / 0
*****************current image process time 	 2967.68066239357s ******************
Init pad right/bottom 0 / 0
*****************current image process time 	 2999.7431812286377s ******************
Init pad right/bottom 0 / 0
*****************current image process time 	 3031.912469148636s ******************
Init pad right/bottom 0 / 0
*****************current image process time 	 3063.9737734794617s ******************
Init pad right/bottom 0 / 0
*****************current image process time 	 3096.1820499897003s ******************
Init pad right/bottom 0 / 0
*****************current image process time 	 3128.2409615516663s ******************
Init pad right/bottom 0 / 0
*****************current image process time 	 3160.445523262024s ******************
Init pad right/bottom 0 / 0
*****************current image process time 	 3192.489850282669s ******************
Init pad right/bottom 0 / 0
*****************current image process time 	 3224.6988961696625s ******************
Evaluate Folders:  34104985
Init pad right/bottom 0 / 0
*****************current image process time 	 3264.1712474823s ******************
Init pad right/bottom 0 / 0
*****************current image process time 	 3296.0032408237457s ******************
Init pad right/bottom 0 / 0
*****************current image process time 	 3327.3459000587463s ******************
Init pad right/bottom 0 / 0
*****************current image process time 	 3358.8528156280518s ******************
Init pad right/bottom 0 / 0
*****************current image process time 	 3390.244462966919s ******************
Init pad right/bottom 0 / 0
*****************current image process time 	 3421.767470598221s ******************
Init pad right/bottom 0 / 0
*****************current image process time 	 3453.306759595871s ******************
Init pad right/bottom 0 / 0
*****************current image process time 	 3484.853036403656s ******************
Init pad right/bottom 0 / 0
*****************current image process time 	 3516.401859998703s ******************
Init pad right/bottom 0 / 0
*****************current image process time 	 3548.0130610466003s ******************
Init pad right/bottom 0 / 0
*****************current image process time 	 3579.7498848438263s ******************
Init pad right/bottom 0 / 0
*****************current image process time 	 3611.4176647663116s ******************
Init pad right/bottom 0 / 0
*****************current image process time 	 3643.1421325206757s ******************
Init pad right/bottom 0 / 0
*****************current image process time 	 3674.888833761215s ******************
Init pad right/bottom 0 / 0
*****************current image process time 	 3706.518420934677s ******************
Init pad right/bottom 0 / 0
*****************current image process time 	 3738.252907037735s ******************
Init pad right/bottom 0 / 0
*****************current image process time 	 3770.0845901966095s ******************
Init pad right/bottom 0 / 0
*****************current image process time 	 3801.773389816284s ******************
Init pad right/bottom 0 / 0
*****************current image process time 	 3833.6249146461487s ******************
Init pad right/bottom 0 / 0
*****************current image process time 	 3865.3335831165314s ******************
Init pad right/bottom 0 / 0
*****************current image process time 	 3897.268154859543s ******************
Init pad right/bottom 0 / 0
*****************current image process time 	 3928.985920190811s ******************
Init pad right/bottom 0 / 0
*****************current image process time 	 3960.741823196411s ******************
Init pad right/bottom 0 / 0
*****************current image process time 	 3992.430955886841s ******************
Init pad right/bottom 0 / 0
*****************current image process time 	 4024.123127222061s ******************
Init pad right/bottom 0 / 0
*****************current image process time 	 4055.9215936660767s ******************
Init pad right/bottom 0 / 0
*****************current image process time 	 4087.602919816971s ******************
Init pad right/bottom 0 / 0
*****************current image process time 	 4119.430463314056s ******************
Init pad right/bottom 0 / 0
*****************current image process time 	 4151.109328985214s ******************
Init pad right/bottom 0 / 0
*****************current image process time 	 4182.9939115047455s ******************
Init pad right/bottom 0 / 0
*****************current image process time 	 4214.676335096359s ******************
Init pad right/bottom 0 / 0
*****************current image process time 	 4246.433856010437s ******************
Init pad right/bottom 0 / 0
*****************current image process time 	 4278.101652622223s ******************
Init pad right/bottom 0 / 0
*****************current image process time 	 4309.771282911301s ******************
Init pad right/bottom 0 / 0
*****************current image process time 	 4341.514280796051s ******************
Init pad right/bottom 0 / 0
*****************current image process time 	 4373.138364315033s ******************
Init pad right/bottom 0 / 0
*****************current image process time 	 4404.909778356552s ******************
Init pad right/bottom 0 / 0
*****************current image process time 	 4436.536093950272s ******************
Init pad right/bottom 0 / 0
*****************current image process time 	 4468.335596323013s ******************
Init pad right/bottom 0 / 0
*****************current image process time 	 4499.778828620911s ******************
Init pad right/bottom 0 / 0
*****************current image process time 	 4531.062999486923s ******************
Init pad right/bottom 0 / 0
*****************current image process time 	 4562.395963430405s ******************
Init pad right/bottom 0 / 0
*****************current image process time 	 4594.028388261795s ******************
Init pad right/bottom 0 / 0
*****************current image process time 	 4625.470048427582s ******************
Init pad right/bottom 0 / 0
*****************current image process time 	 4657.14167881012s ******************
Init pad right/bottom 0 / 0
*****************current image process time 	 4688.681978464127s ******************
Init pad right/bottom 0 / 0
*****************current image process time 	 4720.458263874054s ******************
Init pad right/bottom 0 / 0
*****************current image process time 	 4751.984377622604s ******************
Init pad right/bottom 0 / 0
*****************current image process time 	 4783.635147809982s ******************
Init pad right/bottom 0 / 0
*****************current image process time 	 4815.171813726425s ******************
Init pad right/bottom 0 / 0
*****************current image process time 	 4846.905198574066s ******************
Init pad right/bottom 0 / 0
*****************current image process time 	 4878.5377423763275s ******************
Init pad right/bottom 0 / 0
*****************current image process time 	 4910.327434301376s ******************
Init pad right/bottom 0 / 0
*****************current image process time 	 4941.966890096664s ******************
Init pad right/bottom 0 / 0
*****************current image process time 	 4973.73942899704s ******************
Init pad right/bottom 0 / 0
*****************current image process time 	 5005.517502307892s ******************
Init pad right/bottom 0 / 0
*****************current image process time 	 5037.247300863266s ******************
Init pad right/bottom 0 / 0
*****************current image process time 	 5069.05788397789s ******************
Init pad right/bottom 0 / 0
*****************current image process time 	 5100.780278205872s ******************
Init pad right/bottom 0 / 0
*****************current image process time 	 5132.535684108734s ******************
Init pad right/bottom 0 / 0
*****************current image process time 	 5164.413083314896s ******************
Init pad right/bottom 0 / 0
*****************current image process time 	 5196.151296854019s ******************
Init pad right/bottom 0 / 0
*****************current image process time 	 5228.062608003616s ******************
Init pad right/bottom 0 / 0
*****************current image process time 	 5259.816155672073s ******************
Init pad right/bottom 0 / 0
*****************current image process time 	 5291.751386880875s ******************
Init pad right/bottom 0 / 0
*****************current image process time 	 5323.459612607956s ******************
Init pad right/bottom 0 / 0
*****************current image process time 	 5355.388060331345s ******************
Init pad right/bottom 0 / 0
*****************current image process time 	 5387.148580789566s ******************
Init pad right/bottom 0 / 0
*****************current image process time 	 5418.946294546127s ******************
Init pad right/bottom 0 / 0
*****************current image process time 	 5450.709813117981s ******************
Init pad right/bottom 0 / 0
*****************current image process time 	 5482.465819358826s ******************
Init pad right/bottom 0 / 0
*****************current image process time 	 5514.287426233292s ******************
Init pad right/bottom 0 / 0
*****************current image process time 	 5546.036331653595s ******************
Init pad right/bottom 0 / 0
*****************current image process time 	 5577.93177485466s ******************
Init pad right/bottom 0 / 0
*****************current image process time 	 5609.687173366547s ******************
Init pad right/bottom 0 / 0
*****************current image process time 	 5641.282727241516s ******************
Init pad right/bottom 0 / 0
*****************current image process time 	 5672.690311431885s ******************
Init pad right/bottom 0 / 0
*****************current image process time 	 5704.367349147797s ******************
Init pad right/bottom 0 / 0
*****************current image process time 	 5736.032319068909s ******************
Init pad right/bottom 0 / 0
*****************current image process time 	 5767.611816644669s ******************
Init pad right/bottom 0 / 0
*****************current image process time 	 5799.311440229416s ******************
Init pad right/bottom 0 / 0
*****************current image process time 	 5830.948178768158s ******************
Init pad right/bottom 0 / 0
*****************current image process time 	 5862.653848409653s ******************
Init pad right/bottom 0 / 0
*****************current image process time 	 5894.323303937912s ******************
Init pad right/bottom 0 / 0
*****************current image process time 	 5926.091675758362s ******************
Init pad right/bottom 0 / 0
*****************current image process time 	 5957.800710678101s ******************
Init pad right/bottom 0 / 0
*****************current image process time 	 5989.559418439865s ******************
Init pad right/bottom 0 / 0
*****************current image process time 	 6021.474625349045s ******************
Init pad right/bottom 0 / 0
*****************current image process time 	 6053.173123836517s ******************
Init pad right/bottom 0 / 0
*****************current image process time 	 6085.043487548828s ******************
Init pad right/bottom 0 / 0
*****************current image process time 	 6116.811064481735s ******************
Init pad right/bottom 0 / 0
*****************current image process time 	 6148.618773698807s ******************
Init pad right/bottom 0 / 0
*****************current image process time 	 6180.3595225811005s ******************
Init pad right/bottom 0 / 0
*****************current image process time 	 6212.1249127388s ******************
Init pad right/bottom 0 / 0
*****************current image process time 	 6244.038185596466s ******************
Init pad right/bottom 0 / 0
*****************current image process time 	 6275.75715303421s ******************
Init pad right/bottom 0 / 0
*****************current image process time 	 6307.661645412445s ******************
Init pad right/bottom 0 / 0
*****************current image process time 	 6339.387823343277s ******************
Init pad right/bottom 0 / 0
*****************current image process time 	 6371.249468803406s ******************
Init pad right/bottom 0 / 0
*****************current image process time 	 6402.967518568039s ******************
Evaluate Folders:  34374596
Init pad right/bottom 0 / 0
*****************current image process time 	 6443.75098323822s ******************
Init pad right/bottom 0 / 0
*****************current image process time 	 6475.627487897873s ******************
Init pad right/bottom 0 / 0
*****************current image process time 	 6507.476556777954s ******************
Init pad right/bottom 0 / 0
*****************current image process time 	 6539.459762811661s ******************
Init pad right/bottom 0 / 0
*****************current image process time 	 6571.322781324387s ******************
Init pad right/bottom 0 / 0
*****************current image process time 	 6603.104779958725s ******************
Init pad right/bottom 0 / 0
*****************current image process time 	 6634.9493770599365s ******************
Init pad right/bottom 0 / 0
*****************current image process time 	 6666.545597314835s ******************
Init pad right/bottom 0 / 0
*****************current image process time 	 6698.204583644867s ******************
Init pad right/bottom 0 / 0
*****************current image process time 	 6729.741611242294s ******************
Init pad right/bottom 0 / 0
*****************current image process time 	 6761.38730931282s ******************
Init pad right/bottom 0 / 0
*****************current image process time 	 6793.029453754425s ******************
Init pad right/bottom 0 / 0
*****************current image process time 	 6824.454441547394s ******************
Init pad right/bottom 0 / 0
*****************current image process time 	 6856.1439390182495s ******************
Init pad right/bottom 0 / 0
*****************current image process time 	 6887.679592370987s ******************
Init pad right/bottom 0 / 0
*****************current image process time 	 6919.456173181534s ******************
Init pad right/bottom 0 / 0
*****************current image process time 	 6951.079505681992s ******************
Init pad right/bottom 0 / 0
*****************current image process time 	 6982.76078915596s ******************
Init pad right/bottom 0 / 0
*****************current image process time 	 7014.7334270477295s ******************
Init pad right/bottom 0 / 0
*****************current image process time 	 7046.513657569885s ******************
Init pad right/bottom 0 / 0
*****************current image process time 	 7078.426824331284s ******************
Init pad right/bottom 0 / 0
*****************current image process time 	 7110.215368509293s ******************
Init pad right/bottom 0 / 0
*****************current image process time 	 7142.195149421692s ******************
Init pad right/bottom 0 / 0
*****************current image process time 	 7174.17996263504s ******************
Init pad right/bottom 0 / 0
*****************current image process time 	 7206.138238668442s ******************
Init pad right/bottom 0 / 0
*****************current image process time 	 7238.180799484253s ******************
Init pad right/bottom 0 / 0
*****************current image process time 	 7270.085330247879s ******************
Init pad right/bottom 0 / 0
*****************current image process time 	 7302.135032176971s ******************
Init pad right/bottom 0 / 0
*****************current image process time 	 7334.0250589847565s ******************
Init pad right/bottom 0 / 0
*****************current image process time 	 7366.045641422272s ******************
Init pad right/bottom 0 / 0
*****************current image process time 	 7398.030501842499s ******************
Init pad right/bottom 0 / 0
*****************current image process time 	 7429.923319578171s ******************
Init pad right/bottom 0 / 0
*****************current image process time 	 7461.977306604385s ******************
Init pad right/bottom 0 / 0
*****************current image process time 	 7493.858465671539s ******************
Init pad right/bottom 0 / 0
*****************current image process time 	 7525.834677457809s ******************
Init pad right/bottom 0 / 0
*****************current image process time 	 7557.662816286087s ******************
Init pad right/bottom 0 / 0
*****************current image process time 	 7589.5964179039s ******************
Init pad right/bottom 0 / 0
*****************current image process time 	 7621.470218420029s ******************
Init pad right/bottom 0 / 0
*****************current image process time 	 7653.284767866135s ******************
Init pad right/bottom 0 / 0
*****************current image process time 	 7685.263342618942s ******************
Init pad right/bottom 0 / 0
*****************current image process time 	 7717.0582156181335s ******************
Init pad right/bottom 0 / 0
*****************current image process time 	 7749.0625722408295s ******************
Init pad right/bottom 0 / 0
*****************current image process time 	 7781.855605363846s ******************
Init pad right/bottom 0 / 0
*****************current image process time 	 7815.437634468079s ******************
Init pad right/bottom 0 / 0
*****************current image process time 	 7847.29070186615s ******************
Init pad right/bottom 0 / 0
*****************current image process time 	 7879.173316001892s ******************
Init pad right/bottom 0 / 0
*****************current image process time 	 7911.083997249603s ******************
Init pad right/bottom 0 / 0
*****************current image process time 	 7942.909581422806s ******************
Init pad right/bottom 0 / 0
*****************current image process time 	 7974.870155096054s ******************
Init pad right/bottom 0 / 0
*****************current image process time 	 8006.676357984543s ******************
Init pad right/bottom 0 / 0
*****************current image process time 	 8038.553290128708s ******************
Init pad right/bottom 0 / 0
*****************current image process time 	 8070.359359502792s ******************
Init pad right/bottom 0 / 0
*****************current image process time 	 8102.196587085724s ******************
Init pad right/bottom 0 / 0
*****************current image process time 	 8134.074944972992s ******************
Init pad right/bottom 0 / 0
*****************current image process time 	 8165.692707538605s ******************
Init pad right/bottom 0 / 0
*****************current image process time 	 8197.32806134224s ******************
Init pad right/bottom 0 / 0
*****************current image process time 	 8228.83932852745s ******************
Init pad right/bottom 0 / 0
*****************current image process time 	 8260.500183582306s ******************
Init pad right/bottom 0 / 0
*****************current image process time 	 8292.106094837189s ******************
Init pad right/bottom 0 / 0
*****************current image process time 	 8323.964095115662s ******************
Init pad right/bottom 0 / 0
*****************current image process time 	 8355.651175498962s ******************
Init pad right/bottom 0 / 0
*****************current image process time 	 8387.456584692001s ******************
Init pad right/bottom 0 / 0
*****************current image process time 	 8419.15261888504s ******************
Init pad right/bottom 0 / 0
*****************current image process time 	 8451.051939487457s ******************
Init pad right/bottom 0 / 0
*****************current image process time 	 8482.777930021286s ******************
Init pad right/bottom 0 / 0
*****************current image process time 	 8514.684080123901s ******************
Init pad right/bottom 0 / 0
*****************current image process time 	 8546.519281625748s ******************
Init pad right/bottom 0 / 0
*****************current image process time 	 8578.478108644485s ******************
Init pad right/bottom 0 / 0
*****************current image process time 	 8610.360384464264s ******************
Init pad right/bottom 0 / 0
*****************current image process time 	 8642.299235343933s ******************
Init pad right/bottom 0 / 0
*****************current image process time 	 8674.302974700928s ******************
Init pad right/bottom 0 / 0
*****************current image process time 	 8706.147648096085s ******************
Init pad right/bottom 0 / 0
*****************current image process time 	 8738.10544538498s ******************
Init pad right/bottom 0 / 0
*****************current image process time 	 8769.953327178955s ******************
Init pad right/bottom 0 / 0
*****************current image process time 	 8801.949631929398s ******************
Init pad right/bottom 0 / 0
*****************current image process time 	 8833.765954494476s ******************
Init pad right/bottom 0 / 0
*****************current image process time 	 8865.70571398735s ******************
Init pad right/bottom 0 / 0
*****************current image process time 	 8897.513196468353s ******************
Init pad right/bottom 0 / 0
*****************current image process time 	 8929.533094644547s ******************
Init pad right/bottom 0 / 0
*****************current image process time 	 8961.386832475662s ******************
Init pad right/bottom 0 / 0
*****************current image process time 	 8993.323548316956s ******************
Init pad right/bottom 0 / 0
*****************current image process time 	 9025.172484636307s ******************
Init pad right/bottom 0 / 0
*****************current image process time 	 9057.149060487747s ******************
Init pad right/bottom 0 / 0
*****************current image process time 	 9088.960665225983s ******************
Init pad right/bottom 0 / 0
*****************current image process time 	 9120.83942580223s ******************
Init pad right/bottom 0 / 0
*****************current image process time 	 9152.646389245987s ******************
Init pad right/bottom 0 / 0
*****************current image process time 	 9184.574961662292s ******************
Init pad right/bottom 0 / 0
*****************current image process time 	 9216.408241510391s ******************
Init pad right/bottom 0 / 0
*****************current image process time 	 9248.279034852982s ******************
Init pad right/bottom 0 / 0
*****************current image process time 	 9280.083876132965s ******************
Init pad right/bottom 0 / 0
*****************current image process time 	 9311.925142526627s ******************
Init pad right/bottom 0 / 0
*****************current image process time 	 9343.771543502808s ******************
Init pad right/bottom 0 / 0
*****************current image process time 	 9375.533420562744s ******************
Init pad right/bottom 0 / 0
*****************current image process time 	 9407.191066265106s ******************
Init pad right/bottom 0 / 0
*****************current image process time 	 9438.794278383255s ******************
Init pad right/bottom 0 / 0
*****************current image process time 	 9470.596380710602s ******************
Init pad right/bottom 0 / 0
*****************current image process time 	 9502.30325627327s ******************
Init pad right/bottom 0 / 0
*****************current image process time 	 9534.210947275162s ******************
Init pad right/bottom 0 / 0
*****************current image process time 	 9565.944674015045s ******************
Init pad right/bottom 0 / 0
*****************current image process time 	 9597.770199775696s ******************
Evaluate Folders:  34426732
Init pad right/bottom 0 / 0
*****************current image process time 	 9643.162978172302s ******************
Init pad right/bottom 0 / 0
*****************current image process time 	 9674.463479757309s ******************
Init pad right/bottom 0 / 0
*****************current image process time 	 9705.683364629745s ******************
Init pad right/bottom 0 / 0
*****************current image process time 	 9736.860163450241s ******************
Init pad right/bottom 0 / 0
*****************current image process time 	 9768.407798290253s ******************
Init pad right/bottom 0 / 0
*****************current image process time 	 9799.761274337769s ******************
Init pad right/bottom 0 / 0
*****************current image process time 	 9831.591043710709s ******************
Init pad right/bottom 0 / 0
*****************current image process time 	 9863.26261973381s ******************
Init pad right/bottom 0 / 0
*****************current image process time 	 9895.041985273361s ******************
Init pad right/bottom 0 / 0
*****************current image process time 	 9926.851006031036s ******************
Init pad right/bottom 0 / 0
*****************current image process time 	 9958.520736455917s ******************
Init pad right/bottom 0 / 0
*****************current image process time 	 9990.373337745667s ******************
Init pad right/bottom 0 / 0
*****************current image process time 	 10022.161101579666s ******************
Init pad right/bottom 0 / 0
*****************current image process time 	 10053.950856924057s ******************
Init pad right/bottom 0 / 0
*****************current image process time 	 10085.66186261177s ******************
Init pad right/bottom 0 / 0
*****************current image process time 	 10117.397804498672s ******************
Init pad right/bottom 0 / 0
*****************current image process time 	 10149.083513975143s ******************
Init pad right/bottom 0 / 0
*****************current image process time 	 10180.68158531189s ******************
Init pad right/bottom 0 / 0
*****************current image process time 	 10212.164157867432s ******************
Init pad right/bottom 0 / 0
*****************current image process time 	 10243.444046497345s ******************
Init pad right/bottom 0 / 0
*****************current image process time 	 10274.817889928818s ******************
Init pad right/bottom 0 / 0
*****************current image process time 	 10306.254458665848s ******************
Init pad right/bottom 0 / 0
*****************current image process time 	 10338.111562013626s ******************
Init pad right/bottom 0 / 0
*****************current image process time 	 10369.834840297699s ******************
Init pad right/bottom 0 / 0
*****************current image process time 	 10401.37461733818s ******************
Init pad right/bottom 0 / 0
*****************current image process time 	 10432.976645231247s ******************
Init pad right/bottom 0 / 0
*****************current image process time 	 10464.550804376602s ******************
Init pad right/bottom 0 / 0
*****************current image process time 	 10496.300034046173s ******************
Init pad right/bottom 0 / 0
*****************current image process time 	 10527.954876184464s ******************
Init pad right/bottom 0 / 0
*****************current image process time 	 10559.705845832825s ******************
Init pad right/bottom 0 / 0
*****************current image process time 	 10591.525991678238s ******************
Init pad right/bottom 0 / 0
*****************current image process time 	 10623.247858524323s ******************
Init pad right/bottom 0 / 0
*****************current image process time 	 10655.152971506119s ******************
Init pad right/bottom 0 / 0
*****************current image process time 	 10686.87030506134s ******************
Init pad right/bottom 0 / 0
*****************current image process time 	 10718.7410094738s ******************
Init pad right/bottom 0 / 0
*****************current image process time 	 10750.508331537247s ******************
Init pad right/bottom 0 / 0
*****************current image process time 	 10782.294852018356s ******************
Init pad right/bottom 0 / 0
*****************current image process time 	 10814.174576282501s ******************
Init pad right/bottom 0 / 0
*****************current image process time 	 10845.878295660019s ******************
Init pad right/bottom 0 / 0
*****************current image process time 	 10877.785518407822s ******************
Init pad right/bottom 0 / 0
*****************current image process time 	 10909.51863527298s ******************
Init pad right/bottom 0 / 0
*****************current image process time 	 10941.416717290878s ******************
Init pad right/bottom 0 / 0
*****************current image process time 	 10973.179543018341s ******************
Init pad right/bottom 0 / 0
*****************current image process time 	 11005.04229927063s ******************
Init pad right/bottom 0 / 0
*****************current image process time 	 11036.712351322174s ******************
Init pad right/bottom 0 / 0
*****************current image process time 	 11068.51110959053s ******************
Init pad right/bottom 0 / 0
*****************current image process time 	 11100.261416435242s ******************
Init pad right/bottom 0 / 0
*****************current image process time 	 11132.003233194351s ******************
Init pad right/bottom 0 / 0
*****************current image process time 	 11163.756058692932s ******************
Init pad right/bottom 0 / 0
*****************current image process time 	 11195.522062063217s ******************
Init pad right/bottom 0 / 0
*****************current image process time 	 11227.3130671978s ******************
Init pad right/bottom 0 / 0
*****************current image process time 	 11258.949587583542s ******************
Init pad right/bottom 0 / 0
*****************current image process time 	 11290.669760227203s ******************
Init pad right/bottom 0 / 0
*****************current image process time 	 11322.078163146973s ******************
Init pad right/bottom 0 / 0
*****************current image process time 	 11353.866885900497s ******************
Init pad right/bottom 0 / 0
*****************current image process time 	 11385.345961093903s ******************
Init pad right/bottom 0 / 0
*****************current image process time 	 11417.028231143951s ******************
Init pad right/bottom 0 / 0
*****************current image process time 	 11448.52728843689s ******************
Init pad right/bottom 0 / 0
*****************current image process time 	 11480.150305271149s ******************
Init pad right/bottom 0 / 0
*****************current image process time 	 11511.722545862198s ******************
Init pad right/bottom 0 / 0
*****************current image process time 	 11543.382528066635s ******************
Init pad right/bottom 0 / 0
*****************current image process time 	 11575.238199472427s ******************
Init pad right/bottom 0 / 0
*****************current image process time 	 11606.920058488846s ******************
Init pad right/bottom 0 / 0
*****************current image process time 	 11638.873985767365s ******************
Init pad right/bottom 0 / 0
*****************current image process time 	 11670.600559711456s ******************
Init pad right/bottom 0 / 0
*****************current image process time 	 11704.065876483917s ******************
Init pad right/bottom 0 / 0
*****************current image process time 	 11735.90049958229s ******************
Init pad right/bottom 0 / 0
*****************current image process time 	 11767.641439437866s ******************
Init pad right/bottom 0 / 0
*****************current image process time 	 11799.404618501663s ******************
Init pad right/bottom 0 / 0
*****************current image process time 	 11831.08397102356s ******************
Init pad right/bottom 0 / 0
*****************current image process time 	 11862.95552945137s ******************
Init pad right/bottom 0 / 0
*****************current image process time 	 11894.659234762192s ******************
Init pad right/bottom 0 / 0
*****************current image process time 	 11926.483570575714s ******************
Init pad right/bottom 0 / 0
*****************current image process time 	 11958.235046863556s ******************
Init pad right/bottom 0 / 0
*****************current image process time 	 11989.930617570877s ******************
Init pad right/bottom 0 / 0
*****************current image process time 	 12021.821860551834s ******************
Init pad right/bottom 0 / 0
*****************current image process time 	 12053.505576610565s ******************
Init pad right/bottom 0 / 0
*****************current image process time 	 12085.241299152374s ******************
Init pad right/bottom 0 / 0
*****************current image process time 	 12116.969544649124s ******************
Init pad right/bottom 0 / 0
*****************current image process time 	 12148.720780611038s ******************
Init pad right/bottom 0 / 0
*****************current image process time 	 12180.549190282822s ******************
Init pad right/bottom 0 / 0
*****************current image process time 	 12212.164392232895s ******************
Init pad right/bottom 0 / 0
*****************current image process time 	 12243.944590091705s ******************
Init pad right/bottom 0 / 0
*****************current image process time 	 12275.611900806427s ******************
Init pad right/bottom 0 / 0
*****************current image process time 	 12307.246218204498s ******************
Init pad right/bottom 0 / 0
*****************current image process time 	 12338.67646932602s ******************
Init pad right/bottom 0 / 0
*****************current image process time 	 12370.117926120758s ******************
Init pad right/bottom 0 / 0
*****************current image process time 	 12401.950509548187s ******************
Init pad right/bottom 0 / 0
*****************current image process time 	 12433.459236621857s ******************
Init pad right/bottom 0 / 0
*****************current image process time 	 12465.284472227097s ******************
Init pad right/bottom 0 / 0
*****************current image process time 	 12496.8878865242s ******************
Init pad right/bottom 0 / 0
*****************current image process time 	 12528.476038694382s ******************
Init pad right/bottom 0 / 0
*****************current image process time 	 12560.086241960526s ******************
Init pad right/bottom 0 / 0
*****************current image process time 	 12591.734182357788s ******************
Init pad right/bottom 0 / 0
*****************current image process time 	 12623.467604398727s ******************
Init pad right/bottom 0 / 0
*****************current image process time 	 12655.121811628342s ******************
Init pad right/bottom 0 / 0
*****************current image process time 	 12686.921922206879s ******************
Init pad right/bottom 0 / 0
*****************current image process time 	 12718.620405435562s ******************
Init pad right/bottom 0 / 0
*****************current image process time 	 12750.374960899353s ******************
Init pad right/bottom 0 / 0
*****************current image process time 	 12782.152564287186s ******************
Evaluate Folders:  35587636
Init pad right/bottom 0 / 0
*****************current image process time 	 12825.819491624832s ******************
Init pad right/bottom 0 / 0
*****************current image process time 	 12857.468363046646s ******************
Init pad right/bottom 0 / 0
*****************current image process time 	 12889.000403404236s ******************
Init pad right/bottom 0 / 0
*****************current image process time 	 12920.793426036835s ******************
Init pad right/bottom 0 / 0
*****************current image process time 	 12952.40074300766s ******************
Init pad right/bottom 0 / 0
*****************current image process time 	 12984.041121721268s ******************
Init pad right/bottom 0 / 0
*****************current image process time 	 13015.680629491806s ******************
Init pad right/bottom 0 / 0
*****************current image process time 	 13047.468264341354s ******************
Init pad right/bottom 0 / 0
*****************current image process time 	 13079.391646623611s ******************
Init pad right/bottom 0 / 0
*****************current image process time 	 13111.255401611328s ******************
Init pad right/bottom 0 / 0
*****************current image process time 	 13143.155322790146s ******************
Init pad right/bottom 0 / 0
*****************current image process time 	 13174.877830505371s ******************
Init pad right/bottom 0 / 0
*****************current image process time 	 13206.841565608978s ******************
Init pad right/bottom 0 / 0
*****************current image process time 	 13238.605002641678s ******************
Init pad right/bottom 0 / 0
*****************current image process time 	 13270.535636901855s ******************
Init pad right/bottom 0 / 0
*****************current image process time 	 13302.321914196014s ******************
Init pad right/bottom 0 / 0
*****************current image process time 	 13334.22362112999s ******************
Init pad right/bottom 0 / 0
*****************current image process time 	 13365.989792346954s ******************
Init pad right/bottom 0 / 0
*****************current image process time 	 13397.880999565125s ******************
Init pad right/bottom 0 / 0
*****************current image process time 	 13429.427764415741s ******************
Init pad right/bottom 0 / 0
*****************current image process time 	 13461.066368579865s ******************
Init pad right/bottom 0 / 0
*****************current image process time 	 13492.472570896149s ******************
Init pad right/bottom 0 / 0
*****************current image process time 	 13524.128961801529s ******************
Init pad right/bottom 0 / 0
*****************current image process time 	 13555.612940311432s ******************
Init pad right/bottom 0 / 0
*****************current image process time 	 13587.410075426102s ******************
Init pad right/bottom 0 / 0
*****************current image process time 	 13618.981910705566s ******************
Init pad right/bottom 0 / 0
*****************current image process time 	 13650.774865150452s ******************
Init pad right/bottom 0 / 0
*****************current image process time 	 13682.464028596878s ******************
Init pad right/bottom 0 / 0
*****************current image process time 	 13714.368124008179s ******************
Init pad right/bottom 0 / 0
*****************current image process time 	 13746.123082876205s ******************
Init pad right/bottom 0 / 0
*****************current image process time 	 13778.057223081589s ******************
Init pad right/bottom 0 / 0
*****************current image process time 	 13809.825142383575s ******************
Init pad right/bottom 0 / 0
*****************current image process time 	 13841.834805250168s ******************
Init pad right/bottom 0 / 0
*****************current image process time 	 13873.679814577103s ******************
Init pad right/bottom 0 / 0
*****************current image process time 	 13905.579471588135s ******************
Init pad right/bottom 0 / 0
*****************current image process time 	 13937.469171524048s ******************
Init pad right/bottom 0 / 0
*****************current image process time 	 13969.27249789238s ******************
Init pad right/bottom 0 / 0
*****************current image process time 	 14001.263961076736s ******************
Init pad right/bottom 0 / 0
*****************current image process time 	 14033.090069055557s ******************
Init pad right/bottom 0 / 0
*****************current image process time 	 14064.907337665558s ******************
Init pad right/bottom 0 / 0
*****************current image process time 	 14096.625238895416s ******************
Init pad right/bottom 0 / 0
*****************current image process time 	 14128.482554912567s ******************
Init pad right/bottom 0 / 0
*****************current image process time 	 14160.341224193573s ******************
Init pad right/bottom 0 / 0
*****************current image process time 	 14192.127627134323s ******************
Init pad right/bottom 0 / 0
*****************current image process time 	 14224.002118110657s ******************
Init pad right/bottom 0 / 0
*****************current image process time 	 14255.74940276146s ******************
Init pad right/bottom 0 / 0
*****************current image process time 	 14287.680975437164s ******************
Init pad right/bottom 0 / 0
*****************current image process time 	 14319.44400191307s ******************
Init pad right/bottom 0 / 0
*****************current image process time 	 14351.361171483994s ******************
Init pad right/bottom 0 / 0
*****************current image process time 	 14383.159103631973s ******************
Init pad right/bottom 0 / 0
*****************current image process time 	 14415.369647741318s ******************
Init pad right/bottom 0 / 0
*****************current image process time 	 14447.17163348198s ******************
Init pad right/bottom 0 / 0
*****************current image process time 	 14479.071776628494s ******************
Init pad right/bottom 0 / 0
*****************current image process time 	 14510.89851307869s ******************
Init pad right/bottom 0 / 0
*****************current image process time 	 14542.699131011963s ******************
Init pad right/bottom 0 / 0
*****************current image process time 	 14574.545066833496s ******************
Init pad right/bottom 0 / 0
*****************current image process time 	 14606.377373933792s ******************
Init pad right/bottom 0 / 0
*****************current image process time 	 14638.192557096481s ******************
Init pad right/bottom 0 / 0
*****************current image process time 	 14669.91685962677s ******************
Init pad right/bottom 0 / 0
*****************current image process time 	 14701.576879024506s ******************
Init pad right/bottom 0 / 0
*****************current image process time 	 14733.253301858902s ******************
Init pad right/bottom 0 / 0
*****************current image process time 	 14764.75885629654s ******************
Init pad right/bottom 0 / 0
*****************current image process time 	 14796.448560714722s ******************
Init pad right/bottom 0 / 0
*****************current image process time 	 14828.231102228165s ******************
Init pad right/bottom 0 / 0
*****************current image process time 	 14859.899486541748s ******************
Init pad right/bottom 0 / 0
*****************current image process time 	 14892.406589269638s ******************
Init pad right/bottom 0 / 0
*****************current image process time 	 14924.097660303116s ******************
Init pad right/bottom 0 / 0
*****************current image process time 	 14956.011519432068s ******************
Init pad right/bottom 0 / 0
*****************current image process time 	 14987.867343902588s ******************
Init pad right/bottom 0 / 0
*****************current image process time 	 15019.722241640091s ******************
Init pad right/bottom 0 / 0
*****************current image process time 	 15051.484318733215s ******************
Init pad right/bottom 0 / 0
*****************current image process time 	 15083.296503067017s ******************
Init pad right/bottom 0 / 0
*****************current image process time 	 15115.181556224823s ******************
Init pad right/bottom 0 / 0
*****************current image process time 	 15147.019395828247s ******************
Init pad right/bottom 0 / 0
*****************current image process time 	 15178.905279159546s ******************
Init pad right/bottom 0 / 0
*****************current image process time 	 15210.77714586258s ******************
Init pad right/bottom 0 / 0
*****************current image process time 	 15242.620322942734s ******************
Init pad right/bottom 0 / 0
*****************current image process time 	 15274.461700201035s ******************
Init pad right/bottom 0 / 0
*****************current image process time 	 15306.27648282051s ******************
Init pad right/bottom 0 / 0
*****************current image process time 	 15338.118201732635s ******************
Init pad right/bottom 0 / 0
*****************current image process time 	 15369.942492961884s ******************
Init pad right/bottom 0 / 0
*****************current image process time 	 15401.85533285141s ******************
Init pad right/bottom 0 / 0
*****************current image process time 	 15433.819504261017s ******************
Init pad right/bottom 0 / 0
*****************current image process time 	 15465.523610830307s ******************
Init pad right/bottom 0 / 0
*****************current image process time 	 15497.387836456299s ******************
Init pad right/bottom 0 / 0
*****************current image process time 	 15529.143269062042s ******************
Init pad right/bottom 0 / 0
*****************current image process time 	 15560.946772098541s ******************
Init pad right/bottom 0 / 0
*****************current image process time 	 15592.786026716232s ******************
Init pad right/bottom 0 / 0
*****************current image process time 	 15626.294884443283s ******************
Init pad right/bottom 0 / 0
*****************current image process time 	 15659.0141415596s ******************
Init pad right/bottom 0 / 0
*****************current image process time 	 15690.78873181343s ******************
Init pad right/bottom 0 / 0
*****************current image process time 	 15722.705512523651s ******************
Init pad right/bottom 0 / 0
*****************current image process time 	 15754.26300406456s ******************
Init pad right/bottom 0 / 0
*****************current image process time 	 15785.90547800064s ******************
Init pad right/bottom 0 / 0
*****************current image process time 	 15817.640421628952s ******************
Init pad right/bottom 0 / 0
*****************current image process time 	 15849.217195272446s ******************
Init pad right/bottom 0 / 0
*****************current image process time 	 15881.052629232407s ******************
Init pad right/bottom 0 / 0
*****************current image process time 	 15912.6942923069s ******************
Init pad right/bottom 0 / 0
*****************current image process time 	 15944.599101543427s ******************
Init pad right/bottom 0 / 0
*****************current image process time 	 15976.291749238968s ******************
