cudnn(28):ERROR:105: Unable to locate a modulefile for 'cudnn/7.0.4'
19-12-30 18:48:21.946 - INFO: Data: sharp_bicubic - /lustre/home/acct-eezy/eezy/4khdr/data/Dataset/test_540p
19-12-30 18:48:21.947 - INFO: Padding mode: new_info
19-12-30 18:48:21.947 - INFO: Model path: /lustre/home/acct-eezy/eezy/4khdr/codes/experiments/train_EDVR_L_Preload_30000_nobug_ssim_10_LR_1e_5_suzhou_remove_baddata/models/latest_G.pth
19-12-30 18:48:21.947 - INFO: Save images: True
19-12-30 18:48:21.947 - INFO: Flip test: False
19-12-30 18:49:11.284 - INFO: 18007288 :   1 - 00000                     	
19-12-30 18:49:47.374 - INFO: 18007288 :   2 - 00001                     	
19-12-30 18:50:23.466 - INFO: 18007288 :   3 - 00002                     	
19-12-30 18:50:59.563 - INFO: 18007288 :   4 - 00003                     	
19-12-30 18:51:35.615 - INFO: 18007288 :   5 - 00004                     	
19-12-30 18:52:11.652 - INFO: 18007288 :   6 - 00005                     	
19-12-30 18:52:47.713 - INFO: 18007288 :   7 - 00006                     	
19-12-30 18:53:23.911 - INFO: 18007288 :   8 - 00007                     	
19-12-30 18:53:59.918 - INFO: 18007288 :   9 - 00008                     	
19-12-30 18:54:35.998 - INFO: 18007288 :  10 - 00009                     	
19-12-30 18:55:12.164 - INFO: 18007288 :  11 - 00010                     	
19-12-30 18:55:48.187 - INFO: 18007288 :  12 - 00011                     	
19-12-30 18:56:24.218 - INFO: 18007288 :  13 - 00012                     	
19-12-30 18:57:00.385 - INFO: 18007288 :  14 - 00013                     	
19-12-30 18:57:36.415 - INFO: 18007288 :  15 - 00014                     	
19-12-30 18:58:12.457 - INFO: 18007288 :  16 - 00015                     	
19-12-30 18:58:48.600 - INFO: 18007288 :  17 - 00016                     	
19-12-30 18:59:24.637 - INFO: 18007288 :  18 - 00017                     	
19-12-30 19:00:00.713 - INFO: 18007288 :  19 - 00018                     	
19-12-30 19:00:36.795 - INFO: 18007288 :  20 - 00019                     	
19-12-30 19:01:12.812 - INFO: 18007288 :  21 - 00020                     	
19-12-30 19:01:48.837 - INFO: 18007288 :  22 - 00021                     	
19-12-30 19:02:24.876 - INFO: 18007288 :  23 - 00022                     	
19-12-30 19:03:00.994 - INFO: 18007288 :  24 - 00023                     	
19-12-30 19:03:37.093 - INFO: 18007288 :  25 - 00024                     	
19-12-30 19:04:13.201 - INFO: 18007288 :  26 - 00025                     	
19-12-30 19:04:49.289 - INFO: 18007288 :  27 - 00026                     	
19-12-30 19:05:25.368 - INFO: 18007288 :  28 - 00027                     	
19-12-30 19:06:01.452 - INFO: 18007288 :  29 - 00028                     	
19-12-30 19:06:37.534 - INFO: 18007288 :  30 - 00029                     	
19-12-30 19:07:13.621 - INFO: 18007288 :  31 - 00030                     	
19-12-30 19:07:49.852 - INFO: 18007288 :  32 - 00031                     	
19-12-30 19:08:25.920 - INFO: 18007288 :  33 - 00032                     	
19-12-30 19:09:02.016 - INFO: 18007288 :  34 - 00033                     	
19-12-30 19:09:38.272 - INFO: 18007288 :  35 - 00034                     	
19-12-30 19:10:14.355 - INFO: 18007288 :  36 - 00035                     	
19-12-30 19:10:50.455 - INFO: 18007288 :  37 - 00036                     	
19-12-30 19:11:26.639 - INFO: 18007288 :  38 - 00037                     	
19-12-30 19:12:02.713 - INFO: 18007288 :  39 - 00038                     	
19-12-30 19:12:38.786 - INFO: 18007288 :  40 - 00039                     	
19-12-30 19:13:14.852 - INFO: 18007288 :  41 - 00040                     	
19-12-30 19:13:50.963 - INFO: 18007288 :  42 - 00041                     	
19-12-30 19:14:27.018 - INFO: 18007288 :  43 - 00042                     	
19-12-30 19:15:03.075 - INFO: 18007288 :  44 - 00043                     	
19-12-30 19:15:39.132 - INFO: 18007288 :  45 - 00044                     	
19-12-30 19:16:15.183 - INFO: 18007288 :  46 - 00045                     	
19-12-30 19:16:51.215 - INFO: 18007288 :  47 - 00046                     	
19-12-30 19:17:27.269 - INFO: 18007288 :  48 - 00047                     	
19-12-30 19:18:03.266 - INFO: 18007288 :  49 - 00048                     	
19-12-30 19:18:39.261 - INFO: 18007288 :  50 - 00049                     	
19-12-30 19:19:15.267 - INFO: 18007288 :  51 - 00050                     	
19-12-30 19:19:51.266 - INFO: 18007288 :  52 - 00051                     	
19-12-30 19:20:27.266 - INFO: 18007288 :  53 - 00052                     	
19-12-30 19:21:03.271 - INFO: 18007288 :  54 - 00053                     	
19-12-30 19:21:39.258 - INFO: 18007288 :  55 - 00054                     	
19-12-30 19:22:15.274 - INFO: 18007288 :  56 - 00055                     	
19-12-30 19:22:51.282 - INFO: 18007288 :  57 - 00056                     	
19-12-30 19:23:27.256 - INFO: 18007288 :  58 - 00057                     	
19-12-30 19:24:03.238 - INFO: 18007288 :  59 - 00058                     	
19-12-30 19:24:39.227 - INFO: 18007288 :  60 - 00059                     	
19-12-30 19:25:15.244 - INFO: 18007288 :  61 - 00060                     	
19-12-30 19:25:51.244 - INFO: 18007288 :  62 - 00061                     	
19-12-30 19:26:27.377 - INFO: 18007288 :  63 - 00062                     	
19-12-30 19:27:03.380 - INFO: 18007288 :  64 - 00063                     	
19-12-30 19:27:39.386 - INFO: 18007288 :  65 - 00064                     	
19-12-30 19:28:15.670 - INFO: 18007288 :  66 - 00065                     	
19-12-30 19:28:51.830 - INFO: 18007288 :  67 - 00066                     	
19-12-30 19:29:28.094 - INFO: 18007288 :  68 - 00067                     	
19-12-30 19:30:04.183 - INFO: 18007288 :  69 - 00068                     	
19-12-30 19:30:40.368 - INFO: 18007288 :  70 - 00069                     	
19-12-30 19:31:16.607 - INFO: 18007288 :  71 - 00070                     	
19-12-30 19:31:52.675 - INFO: 18007288 :  72 - 00071                     	
19-12-30 19:32:28.786 - INFO: 18007288 :  73 - 00072                     	
19-12-30 19:33:05.000 - INFO: 18007288 :  74 - 00073                     	
19-12-30 19:33:41.069 - INFO: 18007288 :  75 - 00074                     	
19-12-30 19:34:17.210 - INFO: 18007288 :  76 - 00075                     	
19-12-30 19:34:53.441 - INFO: 18007288 :  77 - 00076                     	
19-12-30 19:35:29.512 - INFO: 18007288 :  78 - 00077                     	
19-12-30 19:36:05.573 - INFO: 18007288 :  79 - 00078                     	
19-12-30 19:36:41.691 - INFO: 18007288 :  80 - 00079                     	
19-12-30 19:37:17.942 - INFO: 18007288 :  81 - 00080                     	
19-12-30 19:37:54.021 - INFO: 18007288 :  82 - 00081                     	
19-12-30 19:38:30.127 - INFO: 18007288 :  83 - 00082                     	
19-12-30 19:39:06.396 - INFO: 18007288 :  84 - 00083                     	
19-12-30 19:39:42.474 - INFO: 18007288 :  85 - 00084                     	
19-12-30 19:40:18.569 - INFO: 18007288 :  86 - 00085                     	
19-12-30 19:40:54.752 - INFO: 18007288 :  87 - 00086                     	
19-12-30 19:41:30.826 - INFO: 18007288 :  88 - 00087                     	
19-12-30 19:42:06.894 - INFO: 18007288 :  89 - 00088                     	
19-12-30 19:42:42.986 - INFO: 18007288 :  90 - 00089                     	
19-12-30 19:43:19.055 - INFO: 18007288 :  91 - 00090                     	
19-12-30 19:43:55.097 - INFO: 18007288 :  92 - 00091                     	
19-12-30 19:44:31.160 - INFO: 18007288 :  93 - 00092                     	
19-12-30 19:45:07.196 - INFO: 18007288 :  94 - 00093                     	
19-12-30 19:45:43.243 - INFO: 18007288 :  95 - 00094                     	
19-12-30 19:46:19.281 - INFO: 18007288 :  96 - 00095                     	
19-12-30 19:46:55.343 - INFO: 18007288 :  97 - 00096                     	
19-12-30 19:47:31.411 - INFO: 18007288 :  98 - 00097                     	
19-12-30 19:48:07.478 - INFO: 18007288 :  99 - 00098                     	
19-12-30 19:48:43.475 - INFO: 18007288 : 100 - 00099                     	
19-12-30 19:49:27.966 - INFO: 18746922 :   1 - 00000                     	
19-12-30 19:50:04.041 - INFO: 18746922 :   2 - 00001                     	
19-12-30 19:50:40.013 - INFO: 18746922 :   3 - 00002                     	
19-12-30 19:51:16.001 - INFO: 18746922 :   4 - 00003                     	
19-12-30 19:51:51.999 - INFO: 18746922 :   5 - 00004                     	
19-12-30 19:52:28.020 - INFO: 18746922 :   6 - 00005                     	
19-12-30 19:53:04.031 - INFO: 18746922 :   7 - 00006                     	
19-12-30 19:53:40.067 - INFO: 18746922 :   8 - 00007                     	
19-12-30 19:54:16.062 - INFO: 18746922 :   9 - 00008                     	
19-12-30 19:54:52.114 - INFO: 18746922 :  10 - 00009                     	
19-12-30 19:55:28.107 - INFO: 18746922 :  11 - 00010                     	
19-12-30 19:56:04.049 - INFO: 18746922 :  12 - 00011                     	
19-12-30 19:56:40.101 - INFO: 18746922 :  13 - 00012                     	
19-12-30 19:57:16.237 - INFO: 18746922 :  14 - 00013                     	
19-12-30 19:57:52.244 - INFO: 18746922 :  15 - 00014                     	
19-12-30 19:58:28.204 - INFO: 18746922 :  16 - 00015                     	
19-12-30 19:59:04.179 - INFO: 18746922 :  17 - 00016                     	
19-12-30 19:59:40.168 - INFO: 18746922 :  18 - 00017                     	
19-12-30 20:00:16.170 - INFO: 18746922 :  19 - 00018                     	
19-12-30 20:00:52.473 - INFO: 18746922 :  20 - 00019                     	
19-12-30 20:01:28.501 - INFO: 18746922 :  21 - 00020                     	
19-12-30 20:02:04.551 - INFO: 18746922 :  22 - 00021                     	
19-12-30 20:02:40.631 - INFO: 18746922 :  23 - 00022                     	
19-12-30 20:03:16.696 - INFO: 18746922 :  24 - 00023                     	
19-12-30 20:03:52.879 - INFO: 18746922 :  25 - 00024                     	
19-12-30 20:04:28.978 - INFO: 18746922 :  26 - 00025                     	
19-12-30 20:05:05.047 - INFO: 18746922 :  27 - 00026                     	
19-12-30 20:05:41.162 - INFO: 18746922 :  28 - 00027                     	
19-12-30 20:06:17.308 - INFO: 18746922 :  29 - 00028                     	
19-12-30 20:06:53.416 - INFO: 18746922 :  30 - 00029                     	
19-12-30 20:07:29.533 - INFO: 18746922 :  31 - 00030                     	
19-12-30 20:08:05.703 - INFO: 18746922 :  32 - 00031                     	
19-12-30 20:08:41.864 - INFO: 18746922 :  33 - 00032                     	
19-12-30 20:09:17.972 - INFO: 18746922 :  34 - 00033                     	
19-12-30 20:09:54.154 - INFO: 18746922 :  35 - 00034                     	
19-12-30 20:10:30.312 - INFO: 18746922 :  36 - 00035                     	
19-12-30 20:11:06.429 - INFO: 18746922 :  37 - 00036                     	
19-12-30 20:11:42.635 - INFO: 18746922 :  38 - 00037                     	
19-12-30 20:12:18.787 - INFO: 18746922 :  39 - 00038                     	
19-12-30 20:12:54.900 - INFO: 18746922 :  40 - 00039                     	
19-12-30 20:13:31.029 - INFO: 18746922 :  41 - 00040                     	
19-12-30 20:14:07.188 - INFO: 18746922 :  42 - 00041                     	
19-12-30 20:14:43.268 - INFO: 18746922 :  43 - 00042                     	
19-12-30 20:15:19.420 - INFO: 18746922 :  44 - 00043                     	
19-12-30 20:15:55.545 - INFO: 18746922 :  45 - 00044                     	
19-12-30 20:16:31.629 - INFO: 18746922 :  46 - 00045                     	
19-12-30 20:17:07.790 - INFO: 18746922 :  47 - 00046                     	
19-12-30 20:17:43.824 - INFO: 18746922 :  48 - 00047                     	
19-12-30 20:18:19.872 - INFO: 18746922 :  49 - 00048                     	
19-12-30 20:18:55.891 - INFO: 18746922 :  50 - 00049                     	
19-12-30 20:19:31.867 - INFO: 18746922 :  51 - 00050                     	
19-12-30 20:20:07.918 - INFO: 18746922 :  52 - 00051                     	
19-12-30 20:20:43.969 - INFO: 18746922 :  53 - 00052                     	
19-12-30 20:21:20.046 - INFO: 18746922 :  54 - 00053                     	
19-12-30 20:21:56.093 - INFO: 18746922 :  55 - 00054                     	
19-12-30 20:22:32.126 - INFO: 18746922 :  56 - 00055                     	
19-12-30 20:23:08.113 - INFO: 18746922 :  57 - 00056                     	
19-12-30 20:23:44.088 - INFO: 18746922 :  58 - 00057                     	
19-12-30 20:24:20.075 - INFO: 18746922 :  59 - 00058                     	
19-12-30 20:24:56.059 - INFO: 18746922 :  60 - 00059                     	
19-12-30 20:25:32.088 - INFO: 18746922 :  61 - 00060                     	
19-12-30 20:26:08.066 - INFO: 18746922 :  62 - 00061                     	
19-12-30 20:26:44.017 - INFO: 18746922 :  63 - 00062                     	
19-12-30 20:27:20.027 - INFO: 18746922 :  64 - 00063                     	
19-12-30 20:27:56.021 - INFO: 18746922 :  65 - 00064                     	
19-12-30 20:28:31.972 - INFO: 18746922 :  66 - 00065                     	
19-12-30 20:29:07.997 - INFO: 18746922 :  67 - 00066                     	
19-12-30 20:29:43.984 - INFO: 18746922 :  68 - 00067                     	
19-12-30 20:30:19.943 - INFO: 18746922 :  69 - 00068                     	
19-12-30 20:30:55.982 - INFO: 18746922 :  70 - 00069                     	
19-12-30 20:31:31.975 - INFO: 18746922 :  71 - 00070                     	
19-12-30 20:32:07.971 - INFO: 18746922 :  72 - 00071                     	
19-12-30 20:32:43.924 - INFO: 18746922 :  73 - 00072                     	
19-12-30 20:33:19.884 - INFO: 18746922 :  74 - 00073                     	
19-12-30 20:33:55.821 - INFO: 18746922 :  75 - 00074                     	
19-12-30 20:34:31.852 - INFO: 18746922 :  76 - 00075                     	
19-12-30 20:35:07.851 - INFO: 18746922 :  77 - 00076                     	
19-12-30 20:35:43.824 - INFO: 18746922 :  78 - 00077                     	
19-12-30 20:36:19.813 - INFO: 18746922 :  79 - 00078                     	
19-12-30 20:36:55.823 - INFO: 18746922 :  80 - 00079                     	
19-12-30 20:37:31.823 - INFO: 18746922 :  81 - 00080                     	
19-12-30 20:38:07.884 - INFO: 18746922 :  82 - 00081                     	
19-12-30 20:38:43.934 - INFO: 18746922 :  83 - 00082                     	
19-12-30 20:39:19.930 - INFO: 18746922 :  84 - 00083                     	
19-12-30 20:39:55.984 - INFO: 18746922 :  85 - 00084                     	
19-12-30 20:40:32.051 - INFO: 18746922 :  86 - 00085                     	
19-12-30 20:41:08.070 - INFO: 18746922 :  87 - 00086                     	
19-12-30 20:41:44.179 - INFO: 18746922 :  88 - 00087                     	
19-12-30 20:42:20.188 - INFO: 18746922 :  89 - 00088                     	
19-12-30 20:42:56.177 - INFO: 18746922 :  90 - 00089                     	
19-12-30 20:43:32.243 - INFO: 18746922 :  91 - 00090                     	
19-12-30 20:44:08.272 - INFO: 18746922 :  92 - 00091                     	
19-12-30 20:44:44.257 - INFO: 18746922 :  93 - 00092                     	
19-12-30 20:45:20.285 - INFO: 18746922 :  94 - 00093                     	
19-12-30 20:45:56.307 - INFO: 18746922 :  95 - 00094                     	
19-12-30 20:46:32.322 - INFO: 18746922 :  96 - 00095                     	
19-12-30 20:47:08.341 - INFO: 18746922 :  97 - 00096                     	
19-12-30 20:47:44.354 - INFO: 18746922 :  98 - 00097                     	
19-12-30 20:48:20.372 - INFO: 18746922 :  99 - 00098                     	
19-12-30 20:48:56.411 - INFO: 18746922 : 100 - 00099                     	
19-12-30 20:49:39.946 - INFO: 18786149 :   1 - 00000                     	
19-12-30 20:50:16.003 - INFO: 18786149 :   2 - 00001                     	
19-12-30 20:50:51.908 - INFO: 18786149 :   3 - 00002                     	
19-12-30 20:51:27.816 - INFO: 18786149 :   4 - 00003                     	
19-12-30 20:52:04.181 - INFO: 18786149 :   5 - 00004                     	
19-12-30 20:52:40.135 - INFO: 18786149 :   6 - 00005                     	
19-12-30 20:53:16.196 - INFO: 18786149 :   7 - 00006                     	
19-12-30 20:53:52.515 - INFO: 18786149 :   8 - 00007                     	
19-12-30 20:54:28.506 - INFO: 18786149 :   9 - 00008                     	
19-12-30 20:55:04.462 - INFO: 18786149 :  10 - 00009                     	
19-12-30 20:55:40.435 - INFO: 18786149 :  11 - 00010                     	
19-12-30 20:56:16.394 - INFO: 18786149 :  12 - 00011                     	
19-12-30 20:56:52.302 - INFO: 18786149 :  13 - 00012                     	
19-12-30 20:57:28.294 - INFO: 18786149 :  14 - 00013                     	
19-12-30 20:58:04.202 - INFO: 18786149 :  15 - 00014                     	
19-12-30 20:58:40.068 - INFO: 18786149 :  16 - 00015                     	
19-12-30 20:59:16.135 - INFO: 18786149 :  17 - 00016                     	
19-12-30 20:59:52.361 - INFO: 18786149 :  18 - 00017                     	
19-12-30 21:00:28.277 - INFO: 18786149 :  19 - 00018                     	
19-12-30 21:01:04.392 - INFO: 18786149 :  20 - 00019                     	
19-12-30 21:01:40.356 - INFO: 18786149 :  21 - 00020                     	
19-12-30 21:02:16.321 - INFO: 18786149 :  22 - 00021                     	
19-12-30 21:02:52.379 - INFO: 18786149 :  23 - 00022                     	
19-12-30 21:03:28.442 - INFO: 18786149 :  24 - 00023                     	
19-12-30 21:04:04.402 - INFO: 18786149 :  25 - 00024                     	
19-12-30 21:04:40.357 - INFO: 18786149 :  26 - 00025                     	
19-12-30 21:05:16.278 - INFO: 18786149 :  27 - 00026                     	
19-12-30 21:05:52.317 - INFO: 18786149 :  28 - 00027                     	
19-12-30 21:06:28.273 - INFO: 18786149 :  29 - 00028                     	
19-12-30 21:07:04.200 - INFO: 18786149 :  30 - 00029                     	
19-12-30 21:07:40.192 - INFO: 18786149 :  31 - 00030                     	
19-12-30 21:08:16.184 - INFO: 18786149 :  32 - 00031                     	
19-12-30 21:08:52.093 - INFO: 18786149 :  33 - 00032                     	
19-12-30 21:09:28.093 - INFO: 18786149 :  34 - 00033                     	
19-12-30 21:10:04.074 - INFO: 18786149 :  35 - 00034                     	
19-12-30 21:10:39.998 - INFO: 18786149 :  36 - 00035                     	
19-12-30 21:11:16.030 - INFO: 18786149 :  37 - 00036                     	
19-12-30 21:11:51.977 - INFO: 18786149 :  38 - 00037                     	
19-12-30 21:12:27.919 - INFO: 18786149 :  39 - 00038                     	
19-12-30 21:13:03.895 - INFO: 18786149 :  40 - 00039                     	
19-12-30 21:13:39.879 - INFO: 18786149 :  41 - 00040                     	
19-12-30 21:14:15.978 - INFO: 18786149 :  42 - 00041                     	
19-12-30 21:14:52.060 - INFO: 18786149 :  43 - 00042                     	
19-12-30 21:15:27.980 - INFO: 18786149 :  44 - 00043                     	
19-12-30 21:16:03.884 - INFO: 18786149 :  45 - 00044                     	
19-12-30 21:16:39.754 - INFO: 18786149 :  46 - 00045                     	
19-12-30 21:17:15.597 - INFO: 18786149 :  47 - 00046                     	
19-12-30 21:17:51.533 - INFO: 18786149 :  48 - 00047                     	
19-12-30 21:18:27.469 - INFO: 18786149 :  49 - 00048                     	
19-12-30 21:19:03.575 - INFO: 18786149 :  50 - 00049                     	
19-12-30 21:19:40.159 - INFO: 18786149 :  51 - 00050                     	
19-12-30 21:20:16.085 - INFO: 18786149 :  52 - 00051                     	
19-12-30 21:20:52.057 - INFO: 18786149 :  53 - 00052                     	
19-12-30 21:21:28.056 - INFO: 18786149 :  54 - 00053                     	
19-12-30 21:22:04.088 - INFO: 18786149 :  55 - 00054                     	
19-12-30 21:22:40.049 - INFO: 18786149 :  56 - 00055                     	
19-12-30 21:23:16.075 - INFO: 18786149 :  57 - 00056                     	
19-12-30 21:23:52.093 - INFO: 18786149 :  58 - 00057                     	
19-12-30 21:24:28.107 - INFO: 18786149 :  59 - 00058                     	
19-12-30 21:25:04.094 - INFO: 18786149 :  60 - 00059                     	
19-12-30 21:25:40.080 - INFO: 18786149 :  61 - 00060                     	
19-12-30 21:26:16.065 - INFO: 18786149 :  62 - 00061                     	
19-12-30 21:26:52.072 - INFO: 18786149 :  63 - 00062                     	
19-12-30 21:27:28.015 - INFO: 18786149 :  64 - 00063                     	
19-12-30 21:28:04.089 - INFO: 18786149 :  65 - 00064                     	
19-12-30 21:28:40.078 - INFO: 18786149 :  66 - 00065                     	
19-12-30 21:29:16.064 - INFO: 18786149 :  67 - 00066                     	
19-12-30 21:29:52.075 - INFO: 18786149 :  68 - 00067                     	
19-12-30 21:30:28.293 - INFO: 18786149 :  69 - 00068                     	
19-12-30 21:31:04.642 - INFO: 18786149 :  70 - 00069                     	
19-12-30 21:31:40.726 - INFO: 18786149 :  71 - 00070                     	
19-12-30 21:32:17.614 - INFO: 18786149 :  72 - 00071                     	
19-12-30 21:32:53.676 - INFO: 18786149 :  73 - 00072                     	
19-12-30 21:33:29.698 - INFO: 18786149 :  74 - 00073                     	
19-12-30 21:34:05.813 - INFO: 18786149 :  75 - 00074                     	
19-12-30 21:34:41.939 - INFO: 18786149 :  76 - 00075                     	
19-12-30 21:35:18.008 - INFO: 18786149 :  77 - 00076                     	
19-12-30 21:35:54.050 - INFO: 18786149 :  78 - 00077                     	
19-12-30 21:36:30.214 - INFO: 18786149 :  79 - 00078                     	
19-12-30 21:37:06.265 - INFO: 18786149 :  80 - 00079                     	
19-12-30 21:37:42.325 - INFO: 18786149 :  81 - 00080                     	
19-12-30 21:38:18.468 - INFO: 18786149 :  82 - 00081                     	
19-12-30 21:38:54.649 - INFO: 18786149 :  83 - 00082                     	
19-12-30 21:39:30.736 - INFO: 18786149 :  84 - 00083                     	
19-12-30 21:40:06.759 - INFO: 18786149 :  85 - 00084                     	
19-12-30 21:40:42.788 - INFO: 18786149 :  86 - 00085                     	
19-12-30 21:41:18.787 - INFO: 18786149 :  87 - 00086                     	
19-12-30 21:41:54.751 - INFO: 18786149 :  88 - 00087                     	
19-12-30 21:42:30.791 - INFO: 18786149 :  89 - 00088                     	
19-12-30 21:43:06.852 - INFO: 18786149 :  90 - 00089                     	
19-12-30 21:43:42.881 - INFO: 18786149 :  91 - 00090                     	
19-12-30 21:44:19.002 - INFO: 18786149 :  92 - 00091                     	
19-12-30 21:44:55.165 - INFO: 18786149 :  93 - 00092                     	
19-12-30 21:45:31.261 - INFO: 18786149 :  94 - 00093                     	
19-12-30 21:46:07.501 - INFO: 18786149 :  95 - 00094                     	
19-12-30 21:46:43.635 - INFO: 18786149 :  96 - 00095                     	
19-12-30 21:47:19.417 - INFO: 18786149 :  97 - 00096                     	
19-12-30 21:47:55.504 - INFO: 18786149 :  98 - 00097                     	
19-12-30 21:48:31.555 - INFO: 18786149 :  99 - 00098                     	
19-12-30 21:49:07.635 - INFO: 18786149 : 100 - 00099                     	
19-12-30 21:49:53.156 - INFO: 18864269 :   1 - 00000                     	
19-12-30 21:50:29.393 - INFO: 18864269 :   2 - 00001                     	
19-12-30 21:51:05.549 - INFO: 18864269 :   3 - 00002                     	
19-12-30 21:51:41.713 - INFO: 18864269 :   4 - 00003                     	
19-12-30 21:52:17.972 - INFO: 18864269 :   5 - 00004                     	
19-12-30 21:52:54.071 - INFO: 18864269 :   6 - 00005                     	
19-12-30 21:53:30.205 - INFO: 18864269 :   7 - 00006                     	
19-12-30 21:54:15.854 - INFO: 18864269 :   8 - 00007                     	
19-12-30 21:54:51.946 - INFO: 18864269 :   9 - 00008                     	
19-12-30 21:55:28.018 - INFO: 18864269 :  10 - 00009                     	
19-12-30 21:56:04.169 - INFO: 18864269 :  11 - 00010                     	
19-12-30 21:56:40.289 - INFO: 18864269 :  12 - 00011                     	
19-12-30 21:57:16.404 - INFO: 18864269 :  13 - 00012                     	
19-12-30 21:57:52.603 - INFO: 18864269 :  14 - 00013                     	
19-12-30 21:58:28.677 - INFO: 18864269 :  15 - 00014                     	
19-12-30 21:59:04.718 - INFO: 18864269 :  16 - 00015                     	
19-12-30 21:59:40.818 - INFO: 18864269 :  17 - 00016                     	
19-12-30 22:00:16.821 - INFO: 18864269 :  18 - 00017                     	
19-12-30 22:00:52.864 - INFO: 18864269 :  19 - 00018                     	
19-12-30 22:01:29.022 - INFO: 18864269 :  20 - 00019                     	
19-12-30 22:02:04.960 - INFO: 18864269 :  21 - 00020                     	
19-12-30 22:02:41.003 - INFO: 18864269 :  22 - 00021                     	
19-12-30 22:03:16.985 - INFO: 18864269 :  23 - 00022                     	
19-12-30 22:03:52.949 - INFO: 18864269 :  24 - 00023                     	
19-12-30 22:04:29.061 - INFO: 18864269 :  25 - 00024                     	
19-12-30 22:05:05.028 - INFO: 18864269 :  26 - 00025                     	
19-12-30 22:05:41.022 - INFO: 18864269 :  27 - 00026                     	
19-12-30 22:06:17.117 - INFO: 18864269 :  28 - 00027                     	
19-12-30 22:06:53.155 - INFO: 18864269 :  29 - 00028                     	
19-12-30 22:07:29.090 - INFO: 18864269 :  30 - 00029                     	
19-12-30 22:08:05.187 - INFO: 18864269 :  31 - 00030                     	
19-12-30 22:08:41.287 - INFO: 18864269 :  32 - 00031                     	
19-12-30 22:09:17.319 - INFO: 18864269 :  33 - 00032                     	
19-12-30 22:09:53.419 - INFO: 18864269 :  34 - 00033                     	
19-12-30 22:10:29.490 - INFO: 18864269 :  35 - 00034                     	
19-12-30 22:11:05.566 - INFO: 18864269 :  36 - 00035                     	
19-12-30 22:11:41.731 - INFO: 18864269 :  37 - 00036                     	
19-12-30 22:12:17.787 - INFO: 18864269 :  38 - 00037                     	
19-12-30 22:12:53.818 - INFO: 18864269 :  39 - 00038                     	
19-12-30 22:13:29.927 - INFO: 18864269 :  40 - 00039                     	
19-12-30 22:14:06.031 - INFO: 18864269 :  41 - 00040                     	
19-12-30 22:14:42.083 - INFO: 18864269 :  42 - 00041                     	
19-12-30 22:15:18.169 - INFO: 18864269 :  43 - 00042                     	
19-12-30 22:15:54.396 - INFO: 18864269 :  44 - 00043                     	
19-12-30 22:16:30.439 - INFO: 18864269 :  45 - 00044                     	
19-12-30 22:17:06.545 - INFO: 18864269 :  46 - 00045                     	
19-12-30 22:17:42.727 - INFO: 18864269 :  47 - 00046                     	
19-12-30 22:18:18.771 - INFO: 18864269 :  48 - 00047                     	
19-12-30 22:18:54.831 - INFO: 18864269 :  49 - 00048                     	
19-12-30 22:19:30.949 - INFO: 18864269 :  50 - 00049                     	
19-12-30 22:20:06.990 - INFO: 18864269 :  51 - 00050                     	
19-12-30 22:20:43.022 - INFO: 18864269 :  52 - 00051                     	
19-12-30 22:21:19.106 - INFO: 18864269 :  53 - 00052                     	
19-12-30 22:21:55.153 - INFO: 18864269 :  54 - 00053                     	
19-12-30 22:22:31.151 - INFO: 18864269 :  55 - 00054                     	
19-12-30 22:23:07.188 - INFO: 18864269 :  56 - 00055                     	
19-12-30 22:23:43.333 - INFO: 18864269 :  57 - 00056                     	
19-12-30 22:24:19.344 - INFO: 18864269 :  58 - 00057                     	
19-12-30 22:24:55.485 - INFO: 18864269 :  59 - 00058                     	
19-12-30 22:25:31.520 - INFO: 18864269 :  60 - 00059                     	
19-12-30 22:26:07.527 - INFO: 18864269 :  61 - 00060                     	
19-12-30 22:26:43.590 - INFO: 18864269 :  62 - 00061                     	
19-12-30 22:27:19.626 - INFO: 18864269 :  63 - 00062                     	
19-12-30 22:27:55.634 - INFO: 18864269 :  64 - 00063                     	
19-12-30 22:28:31.683 - INFO: 18864269 :  65 - 00064                     	
19-12-30 22:29:07.718 - INFO: 18864269 :  66 - 00065                     	
19-12-30 22:29:43.706 - INFO: 18864269 :  67 - 00066                     	
19-12-30 22:30:19.781 - INFO: 18864269 :  68 - 00067                     	
19-12-30 22:30:55.803 - INFO: 18864269 :  69 - 00068                     	
19-12-30 22:31:31.793 - INFO: 18864269 :  70 - 00069                     	
19-12-30 22:32:07.868 - INFO: 18864269 :  71 - 00070                     	
19-12-30 22:32:43.891 - INFO: 18864269 :  72 - 00071                     	
19-12-30 22:33:19.870 - INFO: 18864269 :  73 - 00072                     	
19-12-30 22:33:55.864 - INFO: 18864269 :  74 - 00073                     	
19-12-30 22:34:31.881 - INFO: 18864269 :  75 - 00074                     	
19-12-30 22:35:07.925 - INFO: 18864269 :  76 - 00075                     	
19-12-30 22:35:43.902 - INFO: 18864269 :  77 - 00076                     	
19-12-30 22:36:19.891 - INFO: 18864269 :  78 - 00077                     	
19-12-30 22:36:55.944 - INFO: 18864269 :  79 - 00078                     	
19-12-30 22:37:32.051 - INFO: 18864269 :  80 - 00079                     	
19-12-30 22:38:08.050 - INFO: 18864269 :  81 - 00080                     	
19-12-30 22:38:44.035 - INFO: 18864269 :  82 - 00081                     	
19-12-30 22:39:20.040 - INFO: 18864269 :  83 - 00082                     	
19-12-30 22:39:56.043 - INFO: 18864269 :  84 - 00083                     	
19-12-30 22:40:32.061 - INFO: 18864269 :  85 - 00084                     	
19-12-30 22:41:08.078 - INFO: 18864269 :  86 - 00085                     	
19-12-30 22:41:44.097 - INFO: 18864269 :  87 - 00086                     	
19-12-30 22:42:20.120 - INFO: 18864269 :  88 - 00087                     	
19-12-30 22:42:56.217 - INFO: 18864269 :  89 - 00088                     	
19-12-30 22:43:32.267 - INFO: 18864269 :  90 - 00089                     	
19-12-30 22:44:08.270 - INFO: 18864269 :  91 - 00090                     	
19-12-30 22:44:44.333 - INFO: 18864269 :  92 - 00091                     	
19-12-30 22:45:20.398 - INFO: 18864269 :  93 - 00092                     	
19-12-30 22:45:56.392 - INFO: 18864269 :  94 - 00093                     	
19-12-30 22:46:32.624 - INFO: 18864269 :  95 - 00094                     	
19-12-30 22:47:08.699 - INFO: 18864269 :  96 - 00095                     	
19-12-30 22:47:44.712 - INFO: 18864269 :  97 - 00096                     	
19-12-30 22:48:20.888 - INFO: 18864269 :  98 - 00097                     	
19-12-30 22:48:56.955 - INFO: 18864269 :  99 - 00098                     	
19-12-30 22:49:35.500 - INFO: 18864269 : 100 - 00099                     	
19-12-30 22:50:35.480 - INFO: 19013435 :   1 - 00000                     	
19-12-30 22:51:11.551 - INFO: 19013435 :   2 - 00001                     	
19-12-30 22:51:47.620 - INFO: 19013435 :   3 - 00002                     	
19-12-30 22:52:23.726 - INFO: 19013435 :   4 - 00003                     	
19-12-30 22:52:59.769 - INFO: 19013435 :   5 - 00004                     	
19-12-30 22:53:35.870 - INFO: 19013435 :   6 - 00005                     	
19-12-30 22:54:11.957 - INFO: 19013435 :   7 - 00006                     	
19-12-30 22:54:52.205 - INFO: 19013435 :   8 - 00007                     	
19-12-30 22:55:30.695 - INFO: 19013435 :   9 - 00008                     	
19-12-30 22:56:06.810 - INFO: 19013435 :  10 - 00009                     	
19-12-30 22:56:43.072 - INFO: 19013435 :  11 - 00010                     	
19-12-30 22:57:19.262 - INFO: 19013435 :  12 - 00011                     	
19-12-30 22:57:55.405 - INFO: 19013435 :  13 - 00012                     	
19-12-30 22:58:31.516 - INFO: 19013435 :  14 - 00013                     	
19-12-30 22:59:07.722 - INFO: 19013435 :  15 - 00014                     	
19-12-30 22:59:43.857 - INFO: 19013435 :  16 - 00015                     	
19-12-30 23:00:20.050 - INFO: 19013435 :  17 - 00016                     	
19-12-30 23:00:56.198 - INFO: 19013435 :  18 - 00017                     	
19-12-30 23:01:32.480 - INFO: 19013435 :  19 - 00018                     	
19-12-30 23:02:08.572 - INFO: 19013435 :  20 - 00019                     	
19-12-30 23:02:44.773 - INFO: 19013435 :  21 - 00020                     	
19-12-30 23:03:20.888 - INFO: 19013435 :  22 - 00021                     	
19-12-30 23:03:56.983 - INFO: 19013435 :  23 - 00022                     	
19-12-30 23:04:33.098 - INFO: 19013435 :  24 - 00023                     	
19-12-30 23:05:09.367 - INFO: 19013435 :  25 - 00024                     	
19-12-30 23:05:45.413 - INFO: 19013435 :  26 - 00025                     	
19-12-30 23:06:21.541 - INFO: 19013435 :  27 - 00026                     	
19-12-30 23:06:57.583 - INFO: 19013435 :  28 - 00027                     	
19-12-30 23:07:33.637 - INFO: 19013435 :  29 - 00028                     	
19-12-30 23:08:09.778 - INFO: 19013435 :  30 - 00029                     	
19-12-30 23:08:45.788 - INFO: 19013435 :  31 - 00030                     	
19-12-30 23:09:21.810 - INFO: 19013435 :  32 - 00031                     	
19-12-30 23:09:57.848 - INFO: 19013435 :  33 - 00032                     	
19-12-30 23:10:33.880 - INFO: 19013435 :  34 - 00033                     	
19-12-30 23:11:09.866 - INFO: 19013435 :  35 - 00034                     	
19-12-30 23:11:45.864 - INFO: 19013435 :  36 - 00035                     	
19-12-30 23:12:25.328 - INFO: 19013435 :  37 - 00036                     	
19-12-30 23:13:01.404 - INFO: 19013435 :  38 - 00037                     	
19-12-30 23:13:37.434 - INFO: 19013435 :  39 - 00038                     	
19-12-30 23:14:13.440 - INFO: 19013435 :  40 - 00039                     	
19-12-30 23:14:49.539 - INFO: 19013435 :  41 - 00040                     	
19-12-30 23:15:25.893 - INFO: 19013435 :  42 - 00041                     	
19-12-30 23:16:02.039 - INFO: 19013435 :  43 - 00042                     	
19-12-30 23:16:38.198 - INFO: 19013435 :  44 - 00043                     	
19-12-30 23:17:14.163 - INFO: 19013435 :  45 - 00044                     	
19-12-30 23:17:50.315 - INFO: 19013435 :  46 - 00045                     	
19-12-30 23:18:26.320 - INFO: 19013435 :  47 - 00046                     	
19-12-30 23:19:02.354 - INFO: 19013435 :  48 - 00047                     	
19-12-30 23:19:38.372 - INFO: 19013435 :  49 - 00048                     	
19-12-30 23:20:14.411 - INFO: 19013435 :  50 - 00049                     	
19-12-30 23:20:50.548 - INFO: 19013435 :  51 - 00050                     	
19-12-30 23:21:26.609 - INFO: 19013435 :  52 - 00051                     	
19-12-30 23:22:02.661 - INFO: 19013435 :  53 - 00052                     	
19-12-30 23:22:38.716 - INFO: 19013435 :  54 - 00053                     	
19-12-30 23:23:14.878 - INFO: 19013435 :  55 - 00054                     	
19-12-30 23:23:50.989 - INFO: 19013435 :  56 - 00055                     	
19-12-30 23:24:27.056 - INFO: 19013435 :  57 - 00056                     	
19-12-30 23:25:03.203 - INFO: 19013435 :  58 - 00057                     	
19-12-30 23:25:39.361 - INFO: 19013435 :  59 - 00058                     	
19-12-30 23:26:15.557 - INFO: 19013435 :  60 - 00059                     	
19-12-30 23:26:51.751 - INFO: 19013435 :  61 - 00060                     	
19-12-30 23:27:27.924 - INFO: 19013435 :  62 - 00061                     	
19-12-30 23:28:04.202 - INFO: 19013435 :  63 - 00062                     	
19-12-30 23:28:40.400 - INFO: 19013435 :  64 - 00063                     	
19-12-30 23:29:16.562 - INFO: 19013435 :  65 - 00064                     	
19-12-30 23:29:52.805 - INFO: 19013435 :  66 - 00065                     	
19-12-30 23:30:29.010 - INFO: 19013435 :  67 - 00066                     	
19-12-30 23:31:05.166 - INFO: 19013435 :  68 - 00067                     	
19-12-30 23:31:41.430 - INFO: 19013435 :  69 - 00068                     	
19-12-30 23:32:17.628 - INFO: 19013435 :  70 - 00069                     	
19-12-30 23:32:53.770 - INFO: 19013435 :  71 - 00070                     	
19-12-30 23:33:30.054 - INFO: 19013435 :  72 - 00071                     	
19-12-30 23:34:06.300 - INFO: 19013435 :  73 - 00072                     	
19-12-30 23:34:42.220 - INFO: 19013435 :  74 - 00073                     	
19-12-30 23:35:19.395 - INFO: 19013435 :  75 - 00074                     	
19-12-30 23:35:55.416 - INFO: 19013435 :  76 - 00075                     	
19-12-30 23:36:31.432 - INFO: 19013435 :  77 - 00076                     	
19-12-30 23:37:07.237 - INFO: 19013435 :  78 - 00077                     	
19-12-30 23:37:43.258 - INFO: 19013435 :  79 - 00078                     	
19-12-30 23:38:19.164 - INFO: 19013435 :  80 - 00079                     	
19-12-30 23:38:55.071 - INFO: 19013435 :  81 - 00080                     	
19-12-30 23:39:31.055 - INFO: 19013435 :  82 - 00081                     	
19-12-30 23:40:06.933 - INFO: 19013435 :  83 - 00082                     	
19-12-30 23:40:42.838 - INFO: 19013435 :  84 - 00083                     	
19-12-30 23:41:18.767 - INFO: 19013435 :  85 - 00084                     	
19-12-30 23:41:54.695 - INFO: 19013435 :  86 - 00085                     	
19-12-30 23:42:30.639 - INFO: 19013435 :  87 - 00086                     	
19-12-30 23:43:06.690 - INFO: 19013435 :  88 - 00087                     	
19-12-30 23:43:42.613 - INFO: 19013435 :  89 - 00088                     	
19-12-30 23:44:18.538 - INFO: 19013435 :  90 - 00089                     	
19-12-30 23:44:54.555 - INFO: 19013435 :  91 - 00090                     	
19-12-30 23:45:30.452 - INFO: 19013435 :  92 - 00091                     	
19-12-30 23:46:06.426 - INFO: 19013435 :  93 - 00092                     	
19-12-30 23:46:42.308 - INFO: 19013435 :  94 - 00093                     	
19-12-30 23:47:18.236 - INFO: 19013435 :  95 - 00094                     	
19-12-30 23:47:54.243 - INFO: 19013435 :  96 - 00095                     	
19-12-30 23:48:30.211 - INFO: 19013435 :  97 - 00096                     	
19-12-30 23:49:06.121 - INFO: 19013435 :  98 - 00097                     	
19-12-30 23:49:42.137 - INFO: 19013435 :  99 - 00098                     	
19-12-30 23:50:18.094 - INFO: 19013435 : 100 - 00099                     	
19-12-30 23:50:18.094 - INFO: Data: sharp_bicubic - /lustre/home/acct-eezy/eezy/4khdr/data/Dataset/test_540p
19-12-30 23:50:18.094 - INFO: Padding mode: new_info
19-12-30 23:50:18.094 - INFO: Model path: /lustre/home/acct-eezy/eezy/4khdr/codes/experiments/train_EDVR_L_Preload_30000_nobug_ssim_10_LR_1e_5_suzhou_remove_baddata/models/latest_G.pth
19-12-30 23:50:18.095 - INFO: Save images: True
19-12-30 23:50:18.095 - INFO: Flip test: False
